[1.236s] Invoking command in '/home/user/ros2_ws/src/movement_pkg': PYTHONPATH=/home/user/ros2_ws/src/movement_pkg/build/movement_pkg/prefix_override:/home/user/ros2_ws/src/movement_pkg/install/movement_pkg/lib/python3.10/site-packages:${PYTHONPATH} _=/usr/bin/env /usr/bin/python3 setup.py egg_info --egg-base build/movement_pkg build --build-base /home/user/ros2_ws/src/movement_pkg/build/movement_pkg/build install --record /home/user/ros2_ws/src/movement_pkg/build/movement_pkg/install.log --single-version-externally-managed
[1.795s] running egg_info
[1.795s] creating build/movement_pkg/movement_pkg.egg-info
[1.795s] writing build/movement_pkg/movement_pkg.egg-info/PKG-INFO
[1.795s] writing dependency_links to build/movement_pkg/movement_pkg.egg-info/dependency_links.txt
[1.796s] writing entry points to build/movement_pkg/movement_pkg.egg-info/entry_points.txt
[1.796s] writing requirements to build/movement_pkg/movement_pkg.egg-info/requires.txt
[1.796s] writing top-level names to build/movement_pkg/movement_pkg.egg-info/top_level.txt
[1.796s] writing manifest file 'build/movement_pkg/movement_pkg.egg-info/SOURCES.txt'
[1.798s] reading manifest file 'build/movement_pkg/movement_pkg.egg-info/SOURCES.txt'
[1.800s] writing manifest file 'build/movement_pkg/movement_pkg.egg-info/SOURCES.txt'
[1.800s] running build
[1.800s] running build_py
[1.800s] creating /home/user/ros2_ws/src/movement_pkg/build/movement_pkg/build
[1.800s] creating /home/user/ros2_ws/src/movement_pkg/build/movement_pkg/build/lib
[1.801s] creating /home/user/ros2_ws/src/movement_pkg/build/movement_pkg/build/lib/movement_pkg
[1.801s] copying movement_pkg/movement_client.py -> /home/user/ros2_ws/src/movement_pkg/build/movement_pkg/build/lib/movement_pkg
[1.801s] copying movement_pkg/movement_server.py -> /home/user/ros2_ws/src/movement_pkg/build/movement_pkg/build/lib/movement_pkg
[1.801s] copying movement_pkg/__init__.py -> /home/user/ros2_ws/src/movement_pkg/build/movement_pkg/build/lib/movement_pkg
[1.801s] running install
[1.802s] running install_lib
[1.803s] creating /home/user/ros2_ws/src/movement_pkg/install/movement_pkg/lib/python3.10/site-packages/movement_pkg
[1.803s] copying /home/user/ros2_ws/src/movement_pkg/build/movement_pkg/build/lib/movement_pkg/movement_client.py -> /home/user/ros2_ws/src/movement_pkg/install/movement_pkg/lib/python3.10/site-packages/movement_pkg
[1.803s] copying /home/user/ros2_ws/src/movement_pkg/build/movement_pkg/build/lib/movement_pkg/movement_server.py -> /home/user/ros2_ws/src/movement_pkg/install/movement_pkg/lib/python3.10/site-packages/movement_pkg
[1.803s] copying /home/user/ros2_ws/src/movement_pkg/build/movement_pkg/build/lib/movement_pkg/__init__.py -> /home/user/ros2_ws/src/movement_pkg/install/movement_pkg/lib/python3.10/site-packages/movement_pkg
[1.804s] byte-compiling /home/user/ros2_ws/src/movement_pkg/install/movement_pkg/lib/python3.10/site-packages/movement_pkg/movement_client.py to movement_client.cpython-310.pyc
[1.806s] byte-compiling /home/user/ros2_ws/src/movement_pkg/install/movement_pkg/lib/python3.10/site-packages/movement_pkg/movement_server.py to movement_server.cpython-310.pyc
[1.806s] byte-compiling /home/user/ros2_ws/src/movement_pkg/install/movement_pkg/lib/python3.10/site-packages/movement_pkg/__init__.py to __init__.cpython-310.pyc
[1.807s] running install_data
[1.808s] creating /home/user/ros2_ws/src/movement_pkg/install/movement_pkg/share/ament_index
[1.808s] creating /home/user/ros2_ws/src/movement_pkg/install/movement_pkg/share/ament_index/resource_index
[1.808s] creating /home/user/ros2_ws/src/movement_pkg/install/movement_pkg/share/ament_index/resource_index/packages
[1.808s] copying resource/movement_pkg -> /home/user/ros2_ws/src/movement_pkg/install/movement_pkg/share/ament_index/resource_index/packages
[1.808s] copying package.xml -> /home/user/ros2_ws/src/movement_pkg/install/movement_pkg/share/movement_pkg
[1.808s] copying launch/movement_server_launch_file.launch.py -> /home/user/ros2_ws/src/movement_pkg/install/movement_pkg/share/movement_pkg
[1.808s] running install_egg_info
[1.815s] Copying build/movement_pkg/movement_pkg.egg-info to /home/user/ros2_ws/src/movement_pkg/install/movement_pkg/lib/python3.10/site-packages/movement_pkg-0.0.0-py3.10.egg-info
[1.815s] running install_scripts
[1.850s] Installing movement_client script to /home/user/ros2_ws/src/movement_pkg/install/movement_pkg/lib/movement_pkg
[1.850s] Installing movement_server script to /home/user/ros2_ws/src/movement_pkg/install/movement_pkg/lib/movement_pkg
[1.850s] writing list of installed files to '/home/user/ros2_ws/src/movement_pkg/build/movement_pkg/install.log'
[1.895s] Invoked command in '/home/user/ros2_ws/src/movement_pkg' returned '0': PYTHONPATH=/home/user/ros2_ws/src/movement_pkg/build/movement_pkg/prefix_override:/home/user/ros2_ws/src/movement_pkg/install/movement_pkg/lib/python3.10/site-packages:${PYTHONPATH} _=/usr/bin/env /usr/bin/python3 setup.py egg_info --egg-base build/movement_pkg build --build-base /home/user/ros2_ws/src/movement_pkg/build/movement_pkg/build install --record /home/user/ros2_ws/src/movement_pkg/build/movement_pkg/install.log --single-version-externally-managed
