[5.432s] Invoking command in '/home/user/ros2_ws/src/example36_pkg': CMAKE_PREFIX_PATH=/home/user/ros2_ws/install/custom_interfaces:/home/simulations/ros2_sims_ws/install/turtlebot3:/home/simulations/ros2_sims_ws/install/turtlebot3_simulations:/home/simulations/ros2_sims_ws/install/turtlebot3_navigation2:/home/simulations/ros2_sims_ws/install/turtlebot3_msgs:/home/simulations/ros2_sims_ws/install/turtlebot3_gazebo:/home/simulations/ros2_sims_ws/install/turtlebot3_bringup:/home/simulations/ros2_sims_ws/install/turtlebot3_description:/home/simulations/ros2_sims_ws/install/turtlebot3_cartographer:/home/simulations/ros2_sims_ws/install/turtlebot3_as:/home/simulations/ros2_sims_ws/install/t3_action_msg:/home/simulations/ros2_sims_ws/install/dynamixel_sdk:/home/user/ros2_ws/install/basics_ros2_multithreading:/home/user/ros2_ws/install/actions_quiz_msg LD_LIBRARY_PATH=/home/user/ros2_ws/install/custom_interfaces/lib:/usr/local/cuda-10.2/lib64:/home/user/.catkin_ws_python3/src/TensorRT-7.0.0.11/lib:/home/simulations/ros2_sims_ws/install/turtlebot3_msgs/lib:/home/simulations/ros2_sims_ws/install/t3_action_msg/lib:/home/simulations/ros2_sims_ws/install/dynamixel_sdk/lib:/home/user/ros2_ws/install/actions_quiz_msg/lib:/opt/ros/humble/opt/rviz_ogre_vendor/lib:/opt/ros/humble/lib/x86_64-linux-gnu:/opt/ros/humble/lib:/usr/local/cuda-10.2/lib64:/home/user/.catkin_ws_python3/src/TensorRT-7.0.0.11/lib:/usr/lib/x86_64-linux-gnu/gazebo-11/plugins:/usr/lib/x86_64-linux-gnu/gazebo-11/plugins:/usr/lib/x86_64-linux-gnu/gazebo-11/plugins PYTHONPATH=/home/user/ros2_ws/build/example36_pkg/prefix_override:/home/user/ros2_ws/install/example36_pkg/lib/python3.10/site-packages:${PYTHONPATH} _=/usr/bin/env /usr/bin/python3 setup.py egg_info --egg-base ../../build/example36_pkg build --build-base /home/user/ros2_ws/build/example36_pkg/build install --record /home/user/ros2_ws/build/example36_pkg/install.log --single-version-externally-managed
[6.802s] running egg_info
[6.802s] writing ../../build/example36_pkg/example36_pkg.egg-info/PKG-INFO
[6.805s] writing dependency_links to ../../build/example36_pkg/example36_pkg.egg-info/dependency_links.txt
[6.805s] writing entry points to ../../build/example36_pkg/example36_pkg.egg-info/entry_points.txt
[6.805s] writing requirements to ../../build/example36_pkg/example36_pkg.egg-info/requires.txt
[6.805s] writing top-level names to ../../build/example36_pkg/example36_pkg.egg-info/top_level.txt
[6.805s] reading manifest file '../../build/example36_pkg/example36_pkg.egg-info/SOURCES.txt'
[6.806s] writing manifest file '../../build/example36_pkg/example36_pkg.egg-info/SOURCES.txt'
[6.806s] running build
[6.806s] running build_py
[6.811s] running install
[6.811s] running install_lib
[6.812s] running install_data
[6.815s] running install_egg_info
[6.817s] removing '/home/user/ros2_ws/install/example36_pkg/lib/python3.10/site-packages/example36_pkg-0.0.0-py3.10.egg-info' (and everything under it)
[6.818s] Copying ../../build/example36_pkg/example36_pkg.egg-info to /home/user/ros2_ws/install/example36_pkg/lib/python3.10/site-packages/example36_pkg-0.0.0-py3.10.egg-info
[6.820s] running install_scripts
[6.916s] Installing example36 script to /home/user/ros2_ws/install/example36_pkg/lib/example36_pkg
[6.917s] writing list of installed files to '/home/user/ros2_ws/build/example36_pkg/install.log'
