[0.494s] Invoking command in '/home/user/ros2_ws/src/build/actions_quiz_msg': CMAKE_PREFIX_PATH=${CMAKE_PREFIX_PATH}:/home/user/ros2_ws/install/logs_test:/home/simulations/ros2_sims_ws/install/services_pkg:/home/simulations/ros2_sims_ws/install/parameter_tests:/home/user/ros2_ws/install/topics_quiz:/home/user/ros2_ws/install/subscriber_pkg:/home/user/ros2_ws/install/publisher_pkg:/home/user/ros2_ws/install/my_package:/home/user/ros2_ws/install/my_action_server:/home/user/ros2_ws/install/my_action_client:/home/user/ros2_ws/install/movement_pkg:/home/user/ros2_ws/install/exercise42_pkg:/home/user/ros2_ws/install/client_pkg:/home/user/ros2_ws/install/actions_quiz:/opt/ros/humble _=/usr/bin/env /usr/bin/cmake --build /home/user/ros2_ws/src/build/actions_quiz_msg -- -j8 -l8
[3.244s] -- Found ament_cmake: 1.3.2 (/opt/ros/humble/share/ament_cmake/cmake)
[3.245s] -- Found rclcpp: 16.0.1 (/opt/ros/humble/share/rclcpp/cmake)
[3.245s] -- Found rosidl_generator_c: 3.1.3 (/opt/ros/humble/share/rosidl_generator_c/cmake)
[3.245s] -- Found rosidl_adapter: 3.1.3 (/opt/ros/humble/share/rosidl_adapter/cmake)
[3.245s] -- Found rosidl_generator_cpp: 3.1.3 (/opt/ros/humble/share/rosidl_generator_cpp/cmake)
[3.245s] -- Using all available rosidl_typesupport_c: rosidl_typesupport_fastrtps_c;rosidl_typesupport_introspection_c
[3.245s] -- Using all available rosidl_typesupport_cpp: rosidl_typesupport_fastrtps_cpp;rosidl_typesupport_introspection_cpp
[3.245s] -- Found rmw_implementation_cmake: 6.1.0 (/opt/ros/humble/share/rmw_implementation_cmake/cmake)
[3.245s] -- Found rmw_fastrtps_cpp: 6.2.1 (/opt/ros/humble/share/rmw_fastrtps_cpp/cmake)
[3.245s] -- Using RMW implementation 'rmw_fastrtps_cpp' as default
[3.245s] -- Found action_msgs: 1.2.0 (/opt/ros/humble/share/action_msgs/cmake)
[3.245s] -- Found rosidl_default_generators: 1.2.0 (/opt/ros/humble/share/rosidl_default_generators/cmake)
[3.246s] -- Found ament_lint_auto: 0.12.4 (/opt/ros/humble/share/ament_lint_auto/cmake)
[3.537s] -- Found ament_cmake_ros: 0.10.0 (/opt/ros/humble/share/ament_cmake_ros/cmake)
[5.037s] -- Using all available rosidl_typesupport_c: rosidl_typesupport_fastrtps_c;rosidl_typesupport_introspection_c
[6.330s] -- Using all available rosidl_typesupport_cpp: rosidl_typesupport_fastrtps_cpp;rosidl_typesupport_introspection_cpp
[6.737s] -- Found python_cmake_module: 0.10.0 (/opt/ros/humble/share/python_cmake_module/cmake)
[6.950s] -- Using PYTHON_EXECUTABLE: /usr/bin/python3
[6.950s] -- Using PYTHON_INCLUDE_DIRS: /usr/include/python3.10
[6.950s] -- Using PYTHON_LIBRARIES: /usr/lib/x86_64-linux-gnu/libpython3.10.so
[7.360s] -- Added test 'flake8' to check Python code syntax and style conventions
[7.433s] -- Added test 'lint_cmake' to check CMake code style
[7.438s] -- Added test 'pep257' to check Python code against some of the docstring style conventions in PEP 257
[7.545s] -- Added test 'xmllint' to check XML markup files
[7.554s] -- Configuring done
[7.829s] -- Generating done
[7.832s] -- Build files have been written to: /home/user/ros2_ws/src/build/actions_quiz_msg
[8.030s] [  2%] [34m[1mGenerating C code for ROS interfaces[0m
[8.142s] [  4%] [34m[1mGenerating C++ code for ROS interfaces[0m
[8.331s] [  4%] Built target ament_cmake_python_copy_custom_interfaces
[11.949s] running egg_info
[12.026s] creating custom_interfaces.egg-info
[12.026s] writing custom_interfaces.egg-info/PKG-INFO
[12.026s] writing dependency_links to custom_interfaces.egg-info/dependency_links.txt
[12.026s] writing top-level names to custom_interfaces.egg-info/top_level.txt
[12.027s] writing manifest file 'custom_interfaces.egg-info/SOURCES.txt'
[12.035s] reading manifest file 'custom_interfaces.egg-info/SOURCES.txt'
[12.036s] writing manifest file 'custom_interfaces.egg-info/SOURCES.txt'
[12.338s] [  4%] Built target ament_cmake_python_build_custom_interfaces_egg
[13.833s] [  6%] [32mBuilding C object CMakeFiles/custom_interfaces__rosidl_generator_c.dir/rosidl_generator_c/custom_interfaces/msg/detail/age__functions.c.o[0m
[13.929s] [  8%] [32mBuilding C object CMakeFiles/custom_interfaces__rosidl_generator_c.dir/rosidl_generator_c/custom_interfaces/srv/detail/my_custom_service_message__functions.c.o[0m
[13.945s] [ 10%] [32mBuilding C object CMakeFiles/custom_interfaces__rosidl_generator_c.dir/rosidl_generator_c/custom_interfaces/action/detail/move__functions.c.o[0m
[14.246s] [ 10%] Built target custom_interfaces__cpp
[14.543s] [ 12%] [34m[1mGenerating C++ type support dispatch for ROS interfaces[0m
[14.543s] [ 14%] [34m[1mGenerating C++ introspection for ROS interfaces[0m
[14.545s] [ 17%] [34m[1mGenerating C++ type support for eProsima Fast-RTPS[0m
[15.741s] [ 19%] [32m[1mLinking C shared library libcustom_interfaces__rosidl_generator_c.so[0m
[16.339s] [ 19%] Built target custom_interfaces__rosidl_generator_c
[16.627s] [ 21%] [34m[1mGenerating C type support for eProsima Fast-RTPS[0m
[16.638s] [ 25%] [34m[1mGenerating C introspection for ROS interfaces[0m
[16.729s] [ 25%] [34m[1mGenerating C type support dispatch for ROS interfaces[0m
[18.330s] [ 27%] [32mBuilding CXX object CMakeFiles/custom_interfaces__rosidl_typesupport_cpp.dir/rosidl_typesupport_cpp/custom_interfaces/msg/age__type_support.cpp.o[0m
[18.438s] [ 29%] [32mBuilding CXX object CMakeFiles/custom_interfaces__rosidl_typesupport_cpp.dir/rosidl_typesupport_cpp/custom_interfaces/srv/my_custom_service_message__type_support.cpp.o[0m
[18.526s] [ 31%] [32mBuilding CXX object CMakeFiles/custom_interfaces__rosidl_typesupport_cpp.dir/rosidl_typesupport_cpp/custom_interfaces/action/move__type_support.cpp.o[0m
[21.138s] [ 34%] [32mBuilding CXX object CMakeFiles/custom_interfaces__rosidl_typesupport_c.dir/rosidl_typesupport_c/custom_interfaces/msg/age__type_support.cpp.o[0m
[21.338s] [ 36%] [32mBuilding CXX object CMakeFiles/custom_interfaces__rosidl_typesupport_introspection_cpp.dir/rosidl_typesupport_introspection_cpp/custom_interfaces/msg/detail/age__type_support.cpp.o[0m
[21.626s] [ 38%] [32mBuilding CXX object CMakeFiles/custom_interfaces__rosidl_typesupport_c.dir/rosidl_typesupport_c/custom_interfaces/srv/my_custom_service_message__type_support.cpp.o[0m
[22.426s] [ 40%] [32mBuilding CXX object CMakeFiles/custom_interfaces__rosidl_typesupport_c.dir/rosidl_typesupport_c/custom_interfaces/action/move__type_support.cpp.o[0m
[22.933s] [ 42%] [32mBuilding CXX object CMakeFiles/custom_interfaces__rosidl_typesupport_introspection_cpp.dir/rosidl_typesupport_introspection_cpp/custom_interfaces/srv/detail/my_custom_service_message__type_support.cpp.o[0m
[23.626s] [ 44%] [32m[1mLinking CXX shared library libcustom_interfaces__rosidl_typesupport_c.so[0m
[23.730s] [ 46%] [32mBuilding C object CMakeFiles/custom_interfaces__rosidl_typesupport_introspection_c.dir/rosidl_typesupport_introspection_c/custom_interfaces/msg/detail/age__type_support.c.o[0m
[24.427s] [ 46%] Built target custom_interfaces__rosidl_typesupport_c
[24.632s] [ 48%] [32mBuilding C object CMakeFiles/custom_interfaces__rosidl_typesupport_introspection_c.dir/rosidl_typesupport_introspection_c/custom_interfaces/srv/detail/my_custom_service_message__type_support.c.o[0m
[24.658s] [ 51%] [32mBuilding C object CMakeFiles/custom_interfaces__rosidl_typesupport_introspection_c.dir/rosidl_typesupport_introspection_c/custom_interfaces/action/detail/move__type_support.c.o[0m
[24.841s] [ 53%] [32mBuilding CXX object CMakeFiles/custom_interfaces__rosidl_typesupport_introspection_cpp.dir/rosidl_typesupport_introspection_cpp/custom_interfaces/action/detail/move__type_support.cpp.o[0m
[24.854s] [ 55%] [32mBuilding CXX object CMakeFiles/custom_interfaces__rosidl_typesupport_fastrtps_cpp.dir/rosidl_typesupport_fastrtps_cpp/custom_interfaces/srv/detail/dds_fastrtps/my_custom_service_message__type_support.cpp.o[0m
[24.856s] [ 57%] [32mBuilding CXX object CMakeFiles/custom_interfaces__rosidl_typesupport_fastrtps_cpp.dir/rosidl_typesupport_fastrtps_cpp/custom_interfaces/msg/detail/dds_fastrtps/age__type_support.cpp.o[0m
[25.229s] [ 59%] [32m[1mLinking CXX shared library libcustom_interfaces__rosidl_typesupport_cpp.so[0m
[25.230s] [ 61%] [32mBuilding CXX object CMakeFiles/custom_interfaces__rosidl_typesupport_fastrtps_cpp.dir/rosidl_typesupport_fastrtps_cpp/custom_interfaces/action/detail/dds_fastrtps/move__type_support.cpp.o[0m
[25.926s] [ 63%] [32m[1mLinking C shared library libcustom_interfaces__rosidl_typesupport_introspection_c.so[0m
[26.242s] [ 63%] Built target custom_interfaces__rosidl_typesupport_cpp
[26.333s] [ 65%] [32mBuilding CXX object CMakeFiles/custom_interfaces__rosidl_typesupport_fastrtps_c.dir/rosidl_typesupport_fastrtps_c/custom_interfaces/msg/detail/age__type_support_c.cpp.o[0m
[26.426s] [ 68%] [32mBuilding CXX object CMakeFiles/custom_interfaces__rosidl_typesupport_fastrtps_c.dir/rosidl_typesupport_fastrtps_c/custom_interfaces/srv/detail/my_custom_service_message__type_support_c.cpp.o[0m
[26.629s] [ 68%] Built target custom_interfaces__rosidl_typesupport_introspection_c
[26.843s] [ 70%] [32mBuilding CXX object CMakeFiles/custom_interfaces__rosidl_typesupport_fastrtps_c.dir/rosidl_typesupport_fastrtps_c/custom_interfaces/action/detail/move__type_support_c.cpp.o[0m
[31.231s] [ 72%] [32m[1mLinking CXX shared library libcustom_interfaces__rosidl_typesupport_fastrtps_cpp.so[0m
[31.330s] [ 74%] [32m[1mLinking CXX shared library libcustom_interfaces__rosidl_typesupport_introspection_cpp.so[0m
[31.641s] [ 74%] Built target custom_interfaces__rosidl_typesupport_fastrtps_cpp
[31.726s] [ 74%] Built target custom_interfaces__rosidl_typesupport_introspection_cpp
[31.764s] [ 76%] [32m[1mLinking CXX shared library libcustom_interfaces__rosidl_typesupport_fastrtps_c.so[0m
[32.028s] [ 76%] Built target custom_interfaces__rosidl_typesupport_fastrtps_c
[32.055s] [ 76%] Built target custom_interfaces
[32.141s] [ 78%] [34m[1mGenerating Python code for ROS interfaces[0m
[34.355s] [ 78%] Built target custom_interfaces__py
[34.442s] [ 80%] [32mBuilding C object CMakeFiles/custom_interfaces__rosidl_generator_py.dir/rosidl_generator_py/custom_interfaces/msg/_age_s.c.o[0m
[34.445s] [ 82%] [32mBuilding C object CMakeFiles/custom_interfaces__rosidl_generator_py.dir/rosidl_generator_py/custom_interfaces/action/_move_s.c.o[0m
[34.445s] [ 85%] [32mBuilding C object CMakeFiles/custom_interfaces__rosidl_generator_py.dir/rosidl_generator_py/custom_interfaces/srv/_my_custom_service_message_s.c.o[0m
[34.927s] [ 87%] [32m[1mLinking C shared library rosidl_generator_py/custom_interfaces/libcustom_interfaces__rosidl_generator_py.so[0m
[35.058s] [ 87%] Built target custom_interfaces__rosidl_generator_py
[35.148s] [ 89%] [32mBuilding C object CMakeFiles/custom_interfaces__rosidl_typesupport_introspection_c__pyext.dir/rosidl_generator_py/custom_interfaces/_custom_interfaces_s.ep.rosidl_typesupport_introspection_c.c.o[0m
[35.153s] [ 91%] [32mBuilding C object CMakeFiles/custom_interfaces__rosidl_typesupport_fastrtps_c__pyext.dir/rosidl_generator_py/custom_interfaces/_custom_interfaces_s.ep.rosidl_typesupport_fastrtps_c.c.o[0m
[35.230s] [ 93%] [32mBuilding C object CMakeFiles/custom_interfaces__rosidl_typesupport_c__pyext.dir/rosidl_generator_py/custom_interfaces/_custom_interfaces_s.ep.rosidl_typesupport_c.c.o[0m
[35.755s] [ 95%] [32m[1mLinking C shared library rosidl_generator_py/custom_interfaces/custom_interfaces_s__rosidl_typesupport_introspection_c.cpython-310-x86_64-linux-gnu.so[0m
[35.839s] [ 97%] [32m[1mLinking C shared library rosidl_generator_py/custom_interfaces/custom_interfaces_s__rosidl_typesupport_c.cpython-310-x86_64-linux-gnu.so[0m
[35.850s] [100%] [32m[1mLinking C shared library rosidl_generator_py/custom_interfaces/custom_interfaces_s__rosidl_typesupport_fastrtps_c.cpython-310-x86_64-linux-gnu.so[0m
[35.865s] [100%] Built target custom_interfaces__rosidl_typesupport_introspection_c__pyext
[35.952s] [100%] Built target custom_interfaces__rosidl_typesupport_c__pyext
[35.955s] [100%] Built target custom_interfaces__rosidl_typesupport_fastrtps_c__pyext
[35.968s] Invoked command in '/home/user/ros2_ws/src/build/actions_quiz_msg' returned '0': CMAKE_PREFIX_PATH=${CMAKE_PREFIX_PATH}:/home/user/ros2_ws/install/logs_test:/home/simulations/ros2_sims_ws/install/services_pkg:/home/simulations/ros2_sims_ws/install/parameter_tests:/home/user/ros2_ws/install/topics_quiz:/home/user/ros2_ws/install/subscriber_pkg:/home/user/ros2_ws/install/publisher_pkg:/home/user/ros2_ws/install/my_package:/home/user/ros2_ws/install/my_action_server:/home/user/ros2_ws/install/my_action_client:/home/user/ros2_ws/install/movement_pkg:/home/user/ros2_ws/install/exercise42_pkg:/home/user/ros2_ws/install/client_pkg:/home/user/ros2_ws/install/actions_quiz:/opt/ros/humble _=/usr/bin/env /usr/bin/cmake --build /home/user/ros2_ws/src/build/actions_quiz_msg -- -j8 -l8
[36.199s] Invoking command in '/home/user/ros2_ws/src/build/actions_quiz_msg': CMAKE_PREFIX_PATH=${CMAKE_PREFIX_PATH}:/home/user/ros2_ws/install/logs_test:/home/simulations/ros2_sims_ws/install/services_pkg:/home/simulations/ros2_sims_ws/install/parameter_tests:/home/user/ros2_ws/install/topics_quiz:/home/user/ros2_ws/install/subscriber_pkg:/home/user/ros2_ws/install/publisher_pkg:/home/user/ros2_ws/install/my_package:/home/user/ros2_ws/install/my_action_server:/home/user/ros2_ws/install/my_action_client:/home/user/ros2_ws/install/movement_pkg:/home/user/ros2_ws/install/exercise42_pkg:/home/user/ros2_ws/install/client_pkg:/home/user/ros2_ws/install/actions_quiz:/opt/ros/humble _=/usr/bin/env /usr/bin/cmake --install /home/user/ros2_ws/src/build/actions_quiz_msg
[36.208s] -- Install configuration: ""
[36.208s] -- Installing: /home/user/ros2_ws/src/install/actions_quiz_msg/share/ament_index/resource_index/rosidl_interfaces/custom_interfaces
[36.208s] -- Installing: /home/user/ros2_ws/src/install/actions_quiz_msg/include/custom_interfaces/custom_interfaces
[36.208s] -- Installing: /home/user/ros2_ws/src/install/actions_quiz_msg/include/custom_interfaces/custom_interfaces/srv
[36.208s] -- Installing: /home/user/ros2_ws/src/install/actions_quiz_msg/include/custom_interfaces/custom_interfaces/srv/detail
[36.208s] -- Installing: /home/user/ros2_ws/src/install/actions_quiz_msg/include/custom_interfaces/custom_interfaces/srv/detail/my_custom_service_message__type_support.h
[36.208s] -- Installing: /home/user/ros2_ws/src/install/actions_quiz_msg/include/custom_interfaces/custom_interfaces/srv/detail/my_custom_service_message__functions.h
[36.209s] -- Installing: /home/user/ros2_ws/src/install/actions_quiz_msg/include/custom_interfaces/custom_interfaces/srv/detail/my_custom_service_message__functions.c
[36.209s] -- Installing: /home/user/ros2_ws/src/install/actions_quiz_msg/include/custom_interfaces/custom_interfaces/srv/detail/my_custom_service_message__struct.h
[36.209s] -- Installing: /home/user/ros2_ws/src/install/actions_quiz_msg/include/custom_interfaces/custom_interfaces/srv/my_custom_service_message.h
[36.213s] -- Installing: /home/user/ros2_ws/src/install/actions_quiz_msg/include/custom_interfaces/custom_interfaces/msg
[36.213s] -- Installing: /home/user/ros2_ws/src/install/actions_quiz_msg/include/custom_interfaces/custom_interfaces/msg/detail
[36.213s] -- Installing: /home/user/ros2_ws/src/install/actions_quiz_msg/include/custom_interfaces/custom_interfaces/msg/detail/age__functions.c
[36.226s] -- Installing: /home/user/ros2_ws/src/install/actions_quiz_msg/include/custom_interfaces/custom_interfaces/msg/detail/age__struct.h
[36.227s] -- Installing: /home/user/ros2_ws/src/install/actions_quiz_msg/include/custom_interfaces/custom_interfaces/msg/detail/age__functions.h
[36.227s] -- Installing: /home/user/ros2_ws/src/install/actions_quiz_msg/include/custom_interfaces/custom_interfaces/msg/detail/age__type_support.h
[36.227s] -- Installing: /home/user/ros2_ws/src/install/actions_quiz_msg/include/custom_interfaces/custom_interfaces/msg/rosidl_generator_c__visibility_control.h
[36.228s] -- Installing: /home/user/ros2_ws/src/install/actions_quiz_msg/include/custom_interfaces/custom_interfaces/msg/age.h
[36.228s] -- Installing: /home/user/ros2_ws/src/install/actions_quiz_msg/include/custom_interfaces/custom_interfaces/action
[36.228s] -- Installing: /home/user/ros2_ws/src/install/actions_quiz_msg/include/custom_interfaces/custom_interfaces/action/detail
[36.229s] -- Installing: /home/user/ros2_ws/src/install/actions_quiz_msg/include/custom_interfaces/custom_interfaces/action/detail/move__functions.h
[36.229s] -- Installing: /home/user/ros2_ws/src/install/actions_quiz_msg/include/custom_interfaces/custom_interfaces/action/detail/move__functions.c
[36.229s] -- Installing: /home/user/ros2_ws/src/install/actions_quiz_msg/include/custom_interfaces/custom_interfaces/action/detail/move__type_support.h
[36.229s] -- Installing: /home/user/ros2_ws/src/install/actions_quiz_msg/include/custom_interfaces/custom_interfaces/action/detail/move__struct.h
[36.229s] -- Installing: /home/user/ros2_ws/src/install/actions_quiz_msg/include/custom_interfaces/custom_interfaces/action/move.h
[36.230s] -- Installing: /home/user/ros2_ws/src/install/actions_quiz_msg/share/custom_interfaces/environment/library_path.sh
[36.230s] -- Installing: /home/user/ros2_ws/src/install/actions_quiz_msg/share/custom_interfaces/environment/library_path.dsv
[36.230s] -- Installing: /home/user/ros2_ws/src/install/actions_quiz_msg/lib/libcustom_interfaces__rosidl_generator_c.so
[36.230s] -- Set runtime path of "/home/user/ros2_ws/src/install/actions_quiz_msg/lib/libcustom_interfaces__rosidl_generator_c.so" to ""
[36.231s] -- Up-to-date: /home/user/ros2_ws/src/install/actions_quiz_msg/include/custom_interfaces/custom_interfaces
[36.231s] -- Up-to-date: /home/user/ros2_ws/src/install/actions_quiz_msg/include/custom_interfaces/custom_interfaces/srv
[36.231s] -- Up-to-date: /home/user/ros2_ws/src/install/actions_quiz_msg/include/custom_interfaces/custom_interfaces/srv/detail
[36.232s] -- Installing: /home/user/ros2_ws/src/install/actions_quiz_msg/include/custom_interfaces/custom_interfaces/srv/detail/my_custom_service_message__rosidl_typesupport_fastrtps_c.h
[36.232s] -- Up-to-date: /home/user/ros2_ws/src/install/actions_quiz_msg/include/custom_interfaces/custom_interfaces/msg
[36.232s] -- Up-to-date: /home/user/ros2_ws/src/install/actions_quiz_msg/include/custom_interfaces/custom_interfaces/msg/detail
[36.232s] -- Installing: /home/user/ros2_ws/src/install/actions_quiz_msg/include/custom_interfaces/custom_interfaces/msg/detail/age__rosidl_typesupport_fastrtps_c.h
[36.233s] -- Installing: /home/user/ros2_ws/src/install/actions_quiz_msg/include/custom_interfaces/custom_interfaces/msg/rosidl_typesupport_fastrtps_c__visibility_control.h
[36.233s] -- Up-to-date: /home/user/ros2_ws/src/install/actions_quiz_msg/include/custom_interfaces/custom_interfaces/action
[36.233s] -- Up-to-date: /home/user/ros2_ws/src/install/actions_quiz_msg/include/custom_interfaces/custom_interfaces/action/detail
[36.233s] -- Installing: /home/user/ros2_ws/src/install/actions_quiz_msg/include/custom_interfaces/custom_interfaces/action/detail/move__rosidl_typesupport_fastrtps_c.h
[36.233s] -- Installing: /home/user/ros2_ws/src/install/actions_quiz_msg/lib/libcustom_interfaces__rosidl_typesupport_fastrtps_c.so
[36.234s] -- Set runtime path of "/home/user/ros2_ws/src/install/actions_quiz_msg/lib/libcustom_interfaces__rosidl_typesupport_fastrtps_c.so" to ""
[36.234s] -- Up-to-date: /home/user/ros2_ws/src/install/actions_quiz_msg/include/custom_interfaces/custom_interfaces
[36.234s] -- Up-to-date: /home/user/ros2_ws/src/install/actions_quiz_msg/include/custom_interfaces/custom_interfaces/srv
[36.234s] -- Up-to-date: /home/user/ros2_ws/src/install/actions_quiz_msg/include/custom_interfaces/custom_interfaces/srv/detail
[36.235s] -- Installing: /home/user/ros2_ws/src/install/actions_quiz_msg/include/custom_interfaces/custom_interfaces/srv/detail/my_custom_service_message__traits.hpp
[36.235s] -- Installing: /home/user/ros2_ws/src/install/actions_quiz_msg/include/custom_interfaces/custom_interfaces/srv/detail/my_custom_service_message__builder.hpp
[36.235s] -- Installing: /home/user/ros2_ws/src/install/actions_quiz_msg/include/custom_interfaces/custom_interfaces/srv/detail/my_custom_service_message__struct.hpp
[36.235s] -- Installing: /home/user/ros2_ws/src/install/actions_quiz_msg/include/custom_interfaces/custom_interfaces/srv/my_custom_service_message.hpp
[36.236s] -- Up-to-date: /home/user/ros2_ws/src/install/actions_quiz_msg/include/custom_interfaces/custom_interfaces/msg
[36.236s] -- Up-to-date: /home/user/ros2_ws/src/install/actions_quiz_msg/include/custom_interfaces/custom_interfaces/msg/detail
[36.236s] -- Installing: /home/user/ros2_ws/src/install/actions_quiz_msg/include/custom_interfaces/custom_interfaces/msg/detail/age__traits.hpp
[36.236s] -- Installing: /home/user/ros2_ws/src/install/actions_quiz_msg/include/custom_interfaces/custom_interfaces/msg/detail/age__struct.hpp
[36.236s] -- Installing: /home/user/ros2_ws/src/install/actions_quiz_msg/include/custom_interfaces/custom_interfaces/msg/detail/age__builder.hpp
[36.237s] -- Installing: /home/user/ros2_ws/src/install/actions_quiz_msg/include/custom_interfaces/custom_interfaces/msg/age.hpp
[36.237s] -- Up-to-date: /home/user/ros2_ws/src/install/actions_quiz_msg/include/custom_interfaces/custom_interfaces/action
[36.237s] -- Up-to-date: /home/user/ros2_ws/src/install/actions_quiz_msg/include/custom_interfaces/custom_interfaces/action/detail
[36.237s] -- Installing: /home/user/ros2_ws/src/install/actions_quiz_msg/include/custom_interfaces/custom_interfaces/action/detail/move__traits.hpp
[36.237s] -- Installing: /home/user/ros2_ws/src/install/actions_quiz_msg/include/custom_interfaces/custom_interfaces/action/detail/move__struct.hpp
[36.237s] -- Installing: /home/user/ros2_ws/src/install/actions_quiz_msg/include/custom_interfaces/custom_interfaces/action/detail/move__builder.hpp
[36.237s] -- Installing: /home/user/ros2_ws/src/install/actions_quiz_msg/include/custom_interfaces/custom_interfaces/action/move.hpp
[36.238s] -- Up-to-date: /home/user/ros2_ws/src/install/actions_quiz_msg/include/custom_interfaces/custom_interfaces
[36.238s] -- Up-to-date: /home/user/ros2_ws/src/install/actions_quiz_msg/include/custom_interfaces/custom_interfaces/srv
[36.238s] -- Up-to-date: /home/user/ros2_ws/src/install/actions_quiz_msg/include/custom_interfaces/custom_interfaces/srv/detail
[36.238s] -- Installing: /home/user/ros2_ws/src/install/actions_quiz_msg/include/custom_interfaces/custom_interfaces/srv/detail/dds_fastrtps
[36.238s] -- Installing: /home/user/ros2_ws/src/install/actions_quiz_msg/include/custom_interfaces/custom_interfaces/srv/detail/my_custom_service_message__rosidl_typesupport_fastrtps_cpp.hpp
[36.239s] -- Up-to-date: /home/user/ros2_ws/src/install/actions_quiz_msg/include/custom_interfaces/custom_interfaces/msg
[36.239s] -- Up-to-date: /home/user/ros2_ws/src/install/actions_quiz_msg/include/custom_interfaces/custom_interfaces/msg/detail
[36.239s] -- Installing: /home/user/ros2_ws/src/install/actions_quiz_msg/include/custom_interfaces/custom_interfaces/msg/detail/age__rosidl_typesupport_fastrtps_cpp.hpp
[36.239s] -- Installing: /home/user/ros2_ws/src/install/actions_quiz_msg/include/custom_interfaces/custom_interfaces/msg/detail/dds_fastrtps
[36.239s] -- Installing: /home/user/ros2_ws/src/install/actions_quiz_msg/include/custom_interfaces/custom_interfaces/msg/rosidl_typesupport_fastrtps_cpp__visibility_control.h
[36.240s] -- Up-to-date: /home/user/ros2_ws/src/install/actions_quiz_msg/include/custom_interfaces/custom_interfaces/action
[36.240s] -- Up-to-date: /home/user/ros2_ws/src/install/actions_quiz_msg/include/custom_interfaces/custom_interfaces/action/detail
[36.240s] -- Installing: /home/user/ros2_ws/src/install/actions_quiz_msg/include/custom_interfaces/custom_interfaces/action/detail/dds_fastrtps
[36.240s] -- Installing: /home/user/ros2_ws/src/install/actions_quiz_msg/include/custom_interfaces/custom_interfaces/action/detail/move__rosidl_typesupport_fastrtps_cpp.hpp
[36.240s] -- Installing: /home/user/ros2_ws/src/install/actions_quiz_msg/lib/libcustom_interfaces__rosidl_typesupport_fastrtps_cpp.so
[36.240s] -- Set runtime path of "/home/user/ros2_ws/src/install/actions_quiz_msg/lib/libcustom_interfaces__rosidl_typesupport_fastrtps_cpp.so" to ""
[36.240s] -- Up-to-date: /home/user/ros2_ws/src/install/actions_quiz_msg/include/custom_interfaces/custom_interfaces
[36.240s] -- Up-to-date: /home/user/ros2_ws/src/install/actions_quiz_msg/include/custom_interfaces/custom_interfaces/srv
[36.241s] -- Up-to-date: /home/user/ros2_ws/src/install/actions_quiz_msg/include/custom_interfaces/custom_interfaces/srv/detail
[36.241s] -- Installing: /home/user/ros2_ws/src/install/actions_quiz_msg/include/custom_interfaces/custom_interfaces/srv/detail/my_custom_service_message__type_support.c
[36.241s] -- Installing: /home/user/ros2_ws/src/install/actions_quiz_msg/include/custom_interfaces/custom_interfaces/srv/detail/my_custom_service_message__rosidl_typesupport_introspection_c.h
[36.241s] -- Up-to-date: /home/user/ros2_ws/src/install/actions_quiz_msg/include/custom_interfaces/custom_interfaces/msg
[36.241s] -- Up-to-date: /home/user/ros2_ws/src/install/actions_quiz_msg/include/custom_interfaces/custom_interfaces/msg/detail
[36.241s] -- Installing: /home/user/ros2_ws/src/install/actions_quiz_msg/include/custom_interfaces/custom_interfaces/msg/detail/age__type_support.c
[36.241s] -- Installing: /home/user/ros2_ws/src/install/actions_quiz_msg/include/custom_interfaces/custom_interfaces/msg/detail/age__rosidl_typesupport_introspection_c.h
[36.241s] -- Installing: /home/user/ros2_ws/src/install/actions_quiz_msg/include/custom_interfaces/custom_interfaces/msg/rosidl_typesupport_introspection_c__visibility_control.h
[36.244s] -- Up-to-date: /home/user/ros2_ws/src/install/actions_quiz_msg/include/custom_interfaces/custom_interfaces/action
[36.244s] -- Up-to-date: /home/user/ros2_ws/src/install/actions_quiz_msg/include/custom_interfaces/custom_interfaces/action/detail
[36.245s] -- Installing: /home/user/ros2_ws/src/install/actions_quiz_msg/include/custom_interfaces/custom_interfaces/action/detail/move__rosidl_typesupport_introspection_c.h
[36.245s] -- Installing: /home/user/ros2_ws/src/install/actions_quiz_msg/include/custom_interfaces/custom_interfaces/action/detail/move__type_support.c
[36.245s] -- Installing: /home/user/ros2_ws/src/install/actions_quiz_msg/lib/libcustom_interfaces__rosidl_typesupport_introspection_c.so
[36.245s] -- Set runtime path of "/home/user/ros2_ws/src/install/actions_quiz_msg/lib/libcustom_interfaces__rosidl_typesupport_introspection_c.so" to ""
[36.245s] -- Installing: /home/user/ros2_ws/src/install/actions_quiz_msg/lib/libcustom_interfaces__rosidl_typesupport_c.so
[36.245s] -- Set runtime path of "/home/user/ros2_ws/src/install/actions_quiz_msg/lib/libcustom_interfaces__rosidl_typesupport_c.so" to ""
[36.245s] -- Up-to-date: /home/user/ros2_ws/src/install/actions_quiz_msg/include/custom_interfaces/custom_interfaces
[36.246s] -- Up-to-date: /home/user/ros2_ws/src/install/actions_quiz_msg/include/custom_interfaces/custom_interfaces/srv
[36.246s] -- Up-to-date: /home/user/ros2_ws/src/install/actions_quiz_msg/include/custom_interfaces/custom_interfaces/srv/detail
[36.246s] -- Installing: /home/user/ros2_ws/src/install/actions_quiz_msg/include/custom_interfaces/custom_interfaces/srv/detail/my_custom_service_message__type_support.cpp
[36.246s] -- Installing: /home/user/ros2_ws/src/install/actions_quiz_msg/include/custom_interfaces/custom_interfaces/srv/detail/my_custom_service_message__rosidl_typesupport_introspection_cpp.hpp
[36.246s] -- Up-to-date: /home/user/ros2_ws/src/install/actions_quiz_msg/include/custom_interfaces/custom_interfaces/msg
[36.246s] -- Up-to-date: /home/user/ros2_ws/src/install/actions_quiz_msg/include/custom_interfaces/custom_interfaces/msg/detail
[36.246s] -- Installing: /home/user/ros2_ws/src/install/actions_quiz_msg/include/custom_interfaces/custom_interfaces/msg/detail/age__rosidl_typesupport_introspection_cpp.hpp
[36.246s] -- Installing: /home/user/ros2_ws/src/install/actions_quiz_msg/include/custom_interfaces/custom_interfaces/msg/detail/age__type_support.cpp
[36.247s] -- Up-to-date: /home/user/ros2_ws/src/install/actions_quiz_msg/include/custom_interfaces/custom_interfaces/action
[36.247s] -- Up-to-date: /home/user/ros2_ws/src/install/actions_quiz_msg/include/custom_interfaces/custom_interfaces/action/detail
[36.247s] -- Installing: /home/user/ros2_ws/src/install/actions_quiz_msg/include/custom_interfaces/custom_interfaces/action/detail/move__rosidl_typesupport_introspection_cpp.hpp
[36.247s] -- Installing: /home/user/ros2_ws/src/install/actions_quiz_msg/include/custom_interfaces/custom_interfaces/action/detail/move__type_support.cpp
[36.247s] -- Installing: /home/user/ros2_ws/src/install/actions_quiz_msg/lib/libcustom_interfaces__rosidl_typesupport_introspection_cpp.so
[36.247s] -- Set runtime path of "/home/user/ros2_ws/src/install/actions_quiz_msg/lib/libcustom_interfaces__rosidl_typesupport_introspection_cpp.so" to ""
[36.247s] -- Installing: /home/user/ros2_ws/src/install/actions_quiz_msg/lib/libcustom_interfaces__rosidl_typesupport_cpp.so
[36.248s] -- Set runtime path of "/home/user/ros2_ws/src/install/actions_quiz_msg/lib/libcustom_interfaces__rosidl_typesupport_cpp.so" to ""
[36.248s] -- Installing: /home/user/ros2_ws/src/install/actions_quiz_msg/share/custom_interfaces/environment/pythonpath.sh
[36.248s] -- Installing: /home/user/ros2_ws/src/install/actions_quiz_msg/share/custom_interfaces/environment/pythonpath.dsv
[36.248s] -- Installing: /home/user/ros2_ws/src/install/actions_quiz_msg/local/lib/python3.10/dist-packages/custom_interfaces-0.0.0-py3.10.egg-info
[36.248s] -- Installing: /home/user/ros2_ws/src/install/actions_quiz_msg/local/lib/python3.10/dist-packages/custom_interfaces-0.0.0-py3.10.egg-info/PKG-INFO
[36.248s] -- Installing: /home/user/ros2_ws/src/install/actions_quiz_msg/local/lib/python3.10/dist-packages/custom_interfaces-0.0.0-py3.10.egg-info/top_level.txt
[36.248s] -- Installing: /home/user/ros2_ws/src/install/actions_quiz_msg/local/lib/python3.10/dist-packages/custom_interfaces-0.0.0-py3.10.egg-info/SOURCES.txt
[36.249s] -- Installing: /home/user/ros2_ws/src/install/actions_quiz_msg/local/lib/python3.10/dist-packages/custom_interfaces-0.0.0-py3.10.egg-info/dependency_links.txt
[36.249s] -- Installing: /home/user/ros2_ws/src/install/actions_quiz_msg/local/lib/python3.10/dist-packages/custom_interfaces
[36.250s] -- Installing: /home/user/ros2_ws/src/install/actions_quiz_msg/local/lib/python3.10/dist-packages/custom_interfaces/srv
[36.250s] -- Installing: /home/user/ros2_ws/src/install/actions_quiz_msg/local/lib/python3.10/dist-packages/custom_interfaces/srv/_my_custom_service_message_s.c
[36.250s] -- Installing: /home/user/ros2_ws/src/install/actions_quiz_msg/local/lib/python3.10/dist-packages/custom_interfaces/srv/__init__.py
[36.250s] -- Installing: /home/user/ros2_ws/src/install/actions_quiz_msg/local/lib/python3.10/dist-packages/custom_interfaces/srv/_my_custom_service_message.py
[36.250s] -- Installing: /home/user/ros2_ws/src/install/actions_quiz_msg/local/lib/python3.10/dist-packages/custom_interfaces/custom_interfaces_s__rosidl_typesupport_introspection_c.cpython-310-x86_64-linux-gnu.so
[36.250s] -- Installing: /home/user/ros2_ws/src/install/actions_quiz_msg/local/lib/python3.10/dist-packages/custom_interfaces/msg
[36.251s] -- Installing: /home/user/ros2_ws/src/install/actions_quiz_msg/local/lib/python3.10/dist-packages/custom_interfaces/msg/_age_s.c
[36.251s] -- Installing: /home/user/ros2_ws/src/install/actions_quiz_msg/local/lib/python3.10/dist-packages/custom_interfaces/msg/_age.py
[36.251s] -- Installing: /home/user/ros2_ws/src/install/actions_quiz_msg/local/lib/python3.10/dist-packages/custom_interfaces/msg/__init__.py
[36.251s] -- Installing: /home/user/ros2_ws/src/install/actions_quiz_msg/local/lib/python3.10/dist-packages/custom_interfaces/_custom_interfaces_s.ep.rosidl_typesupport_introspection_c.c
[36.251s] -- Installing: /home/user/ros2_ws/src/install/actions_quiz_msg/local/lib/python3.10/dist-packages/custom_interfaces/libcustom_interfaces__rosidl_generator_py.so
[36.251s] -- Installing: /home/user/ros2_ws/src/install/actions_quiz_msg/local/lib/python3.10/dist-packages/custom_interfaces/_custom_interfaces_s.ep.rosidl_typesupport_c.c
[36.251s] -- Installing: /home/user/ros2_ws/src/install/actions_quiz_msg/local/lib/python3.10/dist-packages/custom_interfaces/__init__.py
[36.252s] -- Installing: /home/user/ros2_ws/src/install/actions_quiz_msg/local/lib/python3.10/dist-packages/custom_interfaces/custom_interfaces_s__rosidl_typesupport_c.cpython-310-x86_64-linux-gnu.so
[36.252s] -- Installing: /home/user/ros2_ws/src/install/actions_quiz_msg/local/lib/python3.10/dist-packages/custom_interfaces/_custom_interfaces_s.ep.rosidl_typesupport_fastrtps_c.c
[36.254s] -- Installing: /home/user/ros2_ws/src/install/actions_quiz_msg/local/lib/python3.10/dist-packages/custom_interfaces/custom_interfaces_s__rosidl_typesupport_fastrtps_c.cpython-310-x86_64-linux-gnu.so
[36.254s] -- Installing: /home/user/ros2_ws/src/install/actions_quiz_msg/local/lib/python3.10/dist-packages/custom_interfaces/action
[36.254s] -- Installing: /home/user/ros2_ws/src/install/actions_quiz_msg/local/lib/python3.10/dist-packages/custom_interfaces/action/_move.py
[36.255s] -- Installing: /home/user/ros2_ws/src/install/actions_quiz_msg/local/lib/python3.10/dist-packages/custom_interfaces/action/__init__.py
[36.255s] -- Installing: /home/user/ros2_ws/src/install/actions_quiz_msg/local/lib/python3.10/dist-packages/custom_interfaces/action/_move_s.c
[36.305s] Listing '/home/user/ros2_ws/src/install/actions_quiz_msg/local/lib/python3.10/dist-packages/custom_interfaces'...
[36.305s] Compiling '/home/user/ros2_ws/src/install/actions_quiz_msg/local/lib/python3.10/dist-packages/custom_interfaces/__init__.py'...
[36.305s] Listing '/home/user/ros2_ws/src/install/actions_quiz_msg/local/lib/python3.10/dist-packages/custom_interfaces/action'...
[36.305s] Compiling '/home/user/ros2_ws/src/install/actions_quiz_msg/local/lib/python3.10/dist-packages/custom_interfaces/action/__init__.py'...
[36.305s] Compiling '/home/user/ros2_ws/src/install/actions_quiz_msg/local/lib/python3.10/dist-packages/custom_interfaces/action/_move.py'...
[36.305s] Listing '/home/user/ros2_ws/src/install/actions_quiz_msg/local/lib/python3.10/dist-packages/custom_interfaces/msg'...
[36.305s] Compiling '/home/user/ros2_ws/src/install/actions_quiz_msg/local/lib/python3.10/dist-packages/custom_interfaces/msg/__init__.py'...
[36.305s] Compiling '/home/user/ros2_ws/src/install/actions_quiz_msg/local/lib/python3.10/dist-packages/custom_interfaces/msg/_age.py'...
[36.305s] Listing '/home/user/ros2_ws/src/install/actions_quiz_msg/local/lib/python3.10/dist-packages/custom_interfaces/srv'...
[36.306s] Compiling '/home/user/ros2_ws/src/install/actions_quiz_msg/local/lib/python3.10/dist-packages/custom_interfaces/srv/__init__.py'...
[36.306s] Compiling '/home/user/ros2_ws/src/install/actions_quiz_msg/local/lib/python3.10/dist-packages/custom_interfaces/srv/_my_custom_service_message.py'...
[36.310s] -- Installing: /home/user/ros2_ws/src/install/actions_quiz_msg/local/lib/python3.10/dist-packages/custom_interfaces/custom_interfaces_s__rosidl_typesupport_fastrtps_c.cpython-310-x86_64-linux-gnu.so
[36.311s] -- Set runtime path of "/home/user/ros2_ws/src/install/actions_quiz_msg/local/lib/python3.10/dist-packages/custom_interfaces/custom_interfaces_s__rosidl_typesupport_fastrtps_c.cpython-310-x86_64-linux-gnu.so" to ""
[36.311s] -- Installing: /home/user/ros2_ws/src/install/actions_quiz_msg/local/lib/python3.10/dist-packages/custom_interfaces/custom_interfaces_s__rosidl_typesupport_introspection_c.cpython-310-x86_64-linux-gnu.so
[36.311s] -- Set runtime path of "/home/user/ros2_ws/src/install/actions_quiz_msg/local/lib/python3.10/dist-packages/custom_interfaces/custom_interfaces_s__rosidl_typesupport_introspection_c.cpython-310-x86_64-linux-gnu.so" to ""
[36.312s] -- Installing: /home/user/ros2_ws/src/install/actions_quiz_msg/local/lib/python3.10/dist-packages/custom_interfaces/custom_interfaces_s__rosidl_typesupport_c.cpython-310-x86_64-linux-gnu.so
[36.312s] -- Set runtime path of "/home/user/ros2_ws/src/install/actions_quiz_msg/local/lib/python3.10/dist-packages/custom_interfaces/custom_interfaces_s__rosidl_typesupport_c.cpython-310-x86_64-linux-gnu.so" to ""
[36.312s] -- Installing: /home/user/ros2_ws/src/install/actions_quiz_msg/lib/libcustom_interfaces__rosidl_generator_py.so
[36.313s] -- Set runtime path of "/home/user/ros2_ws/src/install/actions_quiz_msg/lib/libcustom_interfaces__rosidl_generator_py.so" to ""
[36.313s] -- Installing: /home/user/ros2_ws/src/install/actions_quiz_msg/share/custom_interfaces/msg/Age.idl
[36.313s] -- Installing: /home/user/ros2_ws/src/install/actions_quiz_msg/share/custom_interfaces/srv/MyCustomServiceMessage.idl
[36.326s] -- Installing: /home/user/ros2_ws/src/install/actions_quiz_msg/share/custom_interfaces/action/Move.idl
[36.326s] -- Installing: /home/user/ros2_ws/src/install/actions_quiz_msg/share/custom_interfaces/msg/Age.msg
[36.326s] -- Installing: /home/user/ros2_ws/src/install/actions_quiz_msg/share/custom_interfaces/srv/MyCustomServiceMessage.srv
[36.326s] -- Installing: /home/user/ros2_ws/src/install/actions_quiz_msg/share/custom_interfaces/srv/MyCustomServiceMessage_Request.msg
[36.326s] -- Installing: /home/user/ros2_ws/src/install/actions_quiz_msg/share/custom_interfaces/srv/MyCustomServiceMessage_Response.msg
[36.327s] -- Installing: /home/user/ros2_ws/src/install/actions_quiz_msg/share/custom_interfaces/action/Move.action
[36.327s] -- Installing: /home/user/ros2_ws/src/install/actions_quiz_msg/share/ament_index/resource_index/package_run_dependencies/custom_interfaces
[36.327s] -- Installing: /home/user/ros2_ws/src/install/actions_quiz_msg/share/ament_index/resource_index/parent_prefix_path/custom_interfaces
[36.327s] -- Installing: /home/user/ros2_ws/src/install/actions_quiz_msg/share/custom_interfaces/environment/ament_prefix_path.sh
[36.327s] -- Installing: /home/user/ros2_ws/src/install/actions_quiz_msg/share/custom_interfaces/environment/ament_prefix_path.dsv
[36.328s] -- Installing: /home/user/ros2_ws/src/install/actions_quiz_msg/share/custom_interfaces/environment/path.sh
[36.328s] -- Installing: /home/user/ros2_ws/src/install/actions_quiz_msg/share/custom_interfaces/environment/path.dsv
[36.328s] -- Installing: /home/user/ros2_ws/src/install/actions_quiz_msg/share/custom_interfaces/local_setup.bash
[36.328s] -- Installing: /home/user/ros2_ws/src/install/actions_quiz_msg/share/custom_interfaces/local_setup.sh
[36.329s] -- Installing: /home/user/ros2_ws/src/install/actions_quiz_msg/share/custom_interfaces/local_setup.zsh
[36.329s] -- Installing: /home/user/ros2_ws/src/install/actions_quiz_msg/share/custom_interfaces/local_setup.dsv
[36.329s] -- Installing: /home/user/ros2_ws/src/install/actions_quiz_msg/share/custom_interfaces/package.dsv
[36.330s] -- Installing: /home/user/ros2_ws/src/install/actions_quiz_msg/share/ament_index/resource_index/packages/custom_interfaces
[36.330s] -- Installing: /home/user/ros2_ws/src/install/actions_quiz_msg/share/custom_interfaces/cmake/export_custom_interfaces__rosidl_generator_cExport.cmake
[36.330s] -- Installing: /home/user/ros2_ws/src/install/actions_quiz_msg/share/custom_interfaces/cmake/export_custom_interfaces__rosidl_generator_cExport-noconfig.cmake
[36.331s] -- Installing: /home/user/ros2_ws/src/install/actions_quiz_msg/share/custom_interfaces/cmake/export_custom_interfaces__rosidl_typesupport_fastrtps_cExport.cmake
[36.331s] -- Installing: /home/user/ros2_ws/src/install/actions_quiz_msg/share/custom_interfaces/cmake/export_custom_interfaces__rosidl_typesupport_fastrtps_cExport-noconfig.cmake
[36.331s] -- Installing: /home/user/ros2_ws/src/install/actions_quiz_msg/share/custom_interfaces/cmake/export_custom_interfaces__rosidl_generator_cppExport.cmake
[36.331s] -- Installing: /home/user/ros2_ws/src/install/actions_quiz_msg/share/custom_interfaces/cmake/export_custom_interfaces__rosidl_typesupport_fastrtps_cppExport.cmake
[36.332s] -- Installing: /home/user/ros2_ws/src/install/actions_quiz_msg/share/custom_interfaces/cmake/export_custom_interfaces__rosidl_typesupport_fastrtps_cppExport-noconfig.cmake
[36.332s] -- Installing: /home/user/ros2_ws/src/install/actions_quiz_msg/share/custom_interfaces/cmake/custom_interfaces__rosidl_typesupport_introspection_cExport.cmake
[36.332s] -- Installing: /home/user/ros2_ws/src/install/actions_quiz_msg/share/custom_interfaces/cmake/custom_interfaces__rosidl_typesupport_introspection_cExport-noconfig.cmake
[36.333s] -- Installing: /home/user/ros2_ws/src/install/actions_quiz_msg/share/custom_interfaces/cmake/custom_interfaces__rosidl_typesupport_cExport.cmake
[36.333s] -- Installing: /home/user/ros2_ws/src/install/actions_quiz_msg/share/custom_interfaces/cmake/custom_interfaces__rosidl_typesupport_cExport-noconfig.cmake
[36.333s] -- Installing: /home/user/ros2_ws/src/install/actions_quiz_msg/share/custom_interfaces/cmake/custom_interfaces__rosidl_typesupport_introspection_cppExport.cmake
[36.333s] -- Installing: /home/user/ros2_ws/src/install/actions_quiz_msg/share/custom_interfaces/cmake/custom_interfaces__rosidl_typesupport_introspection_cppExport-noconfig.cmake
[36.334s] -- Installing: /home/user/ros2_ws/src/install/actions_quiz_msg/share/custom_interfaces/cmake/custom_interfaces__rosidl_typesupport_cppExport.cmake
[36.334s] -- Installing: /home/user/ros2_ws/src/install/actions_quiz_msg/share/custom_interfaces/cmake/custom_interfaces__rosidl_typesupport_cppExport-noconfig.cmake
[36.334s] -- Installing: /home/user/ros2_ws/src/install/actions_quiz_msg/share/custom_interfaces/cmake/export_custom_interfaces__rosidl_generator_pyExport.cmake
[36.334s] -- Installing: /home/user/ros2_ws/src/install/actions_quiz_msg/share/custom_interfaces/cmake/export_custom_interfaces__rosidl_generator_pyExport-noconfig.cmake
[36.335s] -- Installing: /home/user/ros2_ws/src/install/actions_quiz_msg/share/custom_interfaces/cmake/rosidl_cmake-extras.cmake
[36.335s] -- Installing: /home/user/ros2_ws/src/install/actions_quiz_msg/share/custom_interfaces/cmake/ament_cmake_export_dependencies-extras.cmake
[36.335s] -- Installing: /home/user/ros2_ws/src/install/actions_quiz_msg/share/custom_interfaces/cmake/ament_cmake_export_include_directories-extras.cmake
[36.335s] -- Installing: /home/user/ros2_ws/src/install/actions_quiz_msg/share/custom_interfaces/cmake/ament_cmake_export_libraries-extras.cmake
[36.335s] -- Installing: /home/user/ros2_ws/src/install/actions_quiz_msg/share/custom_interfaces/cmake/ament_cmake_export_targets-extras.cmake
[36.336s] -- Installing: /home/user/ros2_ws/src/install/actions_quiz_msg/share/custom_interfaces/cmake/rosidl_cmake_export_typesupport_targets-extras.cmake
[36.336s] -- Installing: /home/user/ros2_ws/src/install/actions_quiz_msg/share/custom_interfaces/cmake/rosidl_cmake_export_typesupport_libraries-extras.cmake
[36.336s] -- Installing: /home/user/ros2_ws/src/install/actions_quiz_msg/share/custom_interfaces/cmake/custom_interfacesConfig.cmake
[36.336s] -- Installing: /home/user/ros2_ws/src/install/actions_quiz_msg/share/custom_interfaces/cmake/custom_interfacesConfig-version.cmake
[36.337s] -- Installing: /home/user/ros2_ws/src/install/actions_quiz_msg/share/custom_interfaces/package.xml
[36.343s] Invoked command in '/home/user/ros2_ws/src/build/actions_quiz_msg' returned '0': CMAKE_PREFIX_PATH=${CMAKE_PREFIX_PATH}:/home/user/ros2_ws/install/logs_test:/home/simulations/ros2_sims_ws/install/services_pkg:/home/simulations/ros2_sims_ws/install/parameter_tests:/home/user/ros2_ws/install/topics_quiz:/home/user/ros2_ws/install/subscriber_pkg:/home/user/ros2_ws/install/publisher_pkg:/home/user/ros2_ws/install/my_package:/home/user/ros2_ws/install/my_action_server:/home/user/ros2_ws/install/my_action_client:/home/user/ros2_ws/install/movement_pkg:/home/user/ros2_ws/install/exercise42_pkg:/home/user/ros2_ws/install/client_pkg:/home/user/ros2_ws/install/actions_quiz:/opt/ros/humble _=/usr/bin/env /usr/bin/cmake --install /home/user/ros2_ws/src/build/actions_quiz_msg
