[0.000000] (-) TimerEvent: {}
[0.001129] (-) JobUnselected: {'identifier': 'basics_ros2_multithreading'}
[0.001208] (-) JobUnselected: {'identifier': 'client_pkg'}
[0.001249] (-) JobUnselected: {'identifier': 'custom_interfaces'}
[0.001286] (-) JobUnselected: {'identifier': 'example36_pkg'}
[0.001320] (-) JobUnselected: {'identifier': 'exercise31_pkg'}
[0.001355] (-) JobUnselected: {'identifier': 'exercise42_pkg'}
[0.001388] (-) JobUnselected: {'identifier': 'movement_pkg'}
[0.001421] (-) JobUnselected: {'identifier': 'my_package'}
[0.001455] (-) JobUnselected: {'identifier': 'publisher_pkg'}
[0.001487] (-) JobUnselected: {'identifier': 'subscriber_pkg'}
[0.001521] (-) JobUnselected: {'identifier': 'topics_quiz'}
[0.001577] (my_action_client) JobQueued: {'identifier': 'my_action_client', 'dependencies': OrderedDict()}
[0.001618] (my_action_client) JobStarted: {'identifier': 'my_action_client'}
[0.098962] (-) TimerEvent: {}
[0.199348] (-) TimerEvent: {}
[0.299747] (-) TimerEvent: {}
[0.400305] (-) TimerEvent: {}
[0.500775] (-) TimerEvent: {}
[0.507900] (my_action_client) StderrLine: {'line': b'Traceback (most recent call last):\n  File "/usr/lib/python3/dist-packages/colcon_core/executor/__init__.py", line 91, in __call__\n    rc = await self.task(*args, **kwargs)\n  File "/usr/lib/python3/dist-packages/colcon_core/task/__init__.py", line 93, in __call__\n    return await task_method(*args, **kwargs)\n  File "/usr/lib/python3/dist-packages/colcon_ros/task/ament_python/build.py", line 51, in build\n    setup_py_data = get_setup_data(self.context.pkg, env)\n  File "/usr/lib/python3/dist-packages/colcon_core/task/python/__init__.py", line 20, in get_setup_data\n    return dict(pkg.metadata[key](env))\n  File "/usr/lib/python3/dist-packages/colcon_ros/package_augmentation/ros_ament_python.py", line 57, in getter\n    return get_setup_information(\n  File "/usr/lib/python3/dist-packages/colcon_python_setup_py/package_identification/python_setup_py.py", line 241, in get_setup_information\n    _setup_information_cache[hashable_env] = _get_setup_information(\n  File "/usr/lib/python3/dist-packages/colcon_python_setup_py/package_identification/python_setup_py.py", line 288, in _get_setup_information\n    result = subprocess.run(\n  File "/usr/lib/python3.10/subprocess.py", line 524, in run\n    raise CalledProcessError(retcode, process.args,\nsubprocess.CalledProcessError: Command \'[\'/usr/bin/python3\', \'-c\', \'import sys;from contextlib import suppress;exec("with suppress(ImportError):    from setuptools.extern.packaging.specifiers    import SpecifierSet");exec("with suppress(ImportError):    from packaging.specifiers import SpecifierSet");from distutils.core import run_setup;dist = run_setup(    \\\'setup.py\\\', script_args=(\\\'--dry-run\\\',), stop_after=\\\'config\\\');skip_keys = (\\\'cmdclass\\\', \\\'distclass\\\', \\\'ext_modules\\\', \\\'metadata\\\');data = {    key: value for key, value in dist.__dict__.items()     if (        not key.startswith(\\\'_\\\') and         not callable(value) and         key not in skip_keys and         key not in dist.display_option_names    )};data[\\\'metadata\\\'] = {    k: v for k, v in dist.metadata.__dict__.items()     if k not in (\\\'license_files\\\', \\\'provides_extras\\\')};sys.stdout.buffer.write(repr(data).encode(\\\'utf-8\\\'))\']\' returned non-zero exit status 1.\n'}
[0.508620] (my_action_client) JobEnded: {'identifier': 'my_action_client', 'rc': 1}
[0.518634] (-) EventReactorShutdown: {}
