[6.284s] Invoking command in '/home/user/ros2_ws/src/my_package': PYTHONPATH=/home/user/ros2_ws/build/my_package/prefix_override:/home/user/ros2_ws/install/my_package/lib/python3.10/site-packages:${PYTHONPATH} _=/usr/bin/env /usr/bin/python3 setup.py egg_info --egg-base ../../build/my_package build --build-base /home/user/ros2_ws/build/my_package/build install --record /home/user/ros2_ws/build/my_package/install.log --single-version-externally-managed
[8.021s] running egg_info
[8.021s] writing ../../build/my_package/my_package.egg-info/PKG-INFO
[8.022s] writing dependency_links to ../../build/my_package/my_package.egg-info/dependency_links.txt
[8.022s] writing entry points to ../../build/my_package/my_package.egg-info/entry_points.txt
[8.022s] writing requirements to ../../build/my_package/my_package.egg-info/requires.txt
[8.022s] writing top-level names to ../../build/my_package/my_package.egg-info/top_level.txt
[8.022s] reading manifest file '../../build/my_package/my_package.egg-info/SOURCES.txt'
[8.027s] writing manifest file '../../build/my_package/my_package.egg-info/SOURCES.txt'
[8.027s] running build
[8.028s] running build_py
[8.028s] running install
[8.029s] running install_lib
[8.029s] running install_data
[8.033s] running install_egg_info
[8.035s] removing '/home/user/ros2_ws/install/my_package/lib/python3.10/site-packages/my_package-0.0.0-py3.10.egg-info' (and everything under it)
[8.042s] Copying ../../build/my_package/my_package.egg-info to /home/user/ros2_ws/install/my_package/lib/python3.10/site-packages/my_package-0.0.0-py3.10.egg-info
[8.043s] running install_scripts
[8.171s] Installing simple_node script to /home/user/ros2_ws/install/my_package/lib/my_package
[8.171s] writing list of installed files to '/home/user/ros2_ws/build/my_package/install.log'
[8.691s] Invoked command in '/home/user/ros2_ws/src/my_package' returned '0': PYTHONPATH=/home/user/ros2_ws/build/my_package/prefix_override:/home/user/ros2_ws/install/my_package/lib/python3.10/site-packages:${PYTHONPATH} _=/usr/bin/env /usr/bin/python3 setup.py egg_info --egg-base ../../build/my_package build --build-base /home/user/ros2_ws/build/my_package/build install --record /home/user/ros2_ws/build/my_package/install.log --single-version-externally-managed
