[3.868s] Invoking command in '/home/user/ros2_ws/src/publisher_pkg': PYTHONPATH=/home/user/ros2_ws/src/build/publisher_pkg/prefix_override:/home/user/ros2_ws/src/install/publisher_pkg/lib/python3.10/site-packages:${PYTHONPATH} _=/usr/bin/env /usr/bin/python3 setup.py egg_info --egg-base ../build/publisher_pkg build --build-base /home/user/ros2_ws/src/build/publisher_pkg/build install --record /home/user/ros2_ws/src/build/publisher_pkg/install.log --single-version-externally-managed
[4.951s] running egg_info
[4.952s] creating ../build/publisher_pkg/publisher_pkg.egg-info
[4.958s] writing ../build/publisher_pkg/publisher_pkg.egg-info/PKG-INFO
[4.958s] writing dependency_links to ../build/publisher_pkg/publisher_pkg.egg-info/dependency_links.txt
[4.959s] writing entry points to ../build/publisher_pkg/publisher_pkg.egg-info/entry_points.txt
[4.959s] writing requirements to ../build/publisher_pkg/publisher_pkg.egg-info/requires.txt
[4.959s] writing top-level names to ../build/publisher_pkg/publisher_pkg.egg-info/top_level.txt
[4.959s] writing manifest file '../build/publisher_pkg/publisher_pkg.egg-info/SOURCES.txt'
[4.963s] reading manifest file '../build/publisher_pkg/publisher_pkg.egg-info/SOURCES.txt'
[4.964s] writing manifest file '../build/publisher_pkg/publisher_pkg.egg-info/SOURCES.txt'
[4.965s] running build
[4.965s] running build_py
[4.965s] creating /home/user/ros2_ws/src/build/publisher_pkg/build
[4.965s] creating /home/user/ros2_ws/src/build/publisher_pkg/build/lib
[4.966s] creating /home/user/ros2_ws/src/build/publisher_pkg/build/lib/publisher_pkg
[4.966s] copying publisher_pkg/__init__.py -> /home/user/ros2_ws/src/build/publisher_pkg/build/lib/publisher_pkg
[4.966s] copying publisher_pkg/simple_publisher.py -> /home/user/ros2_ws/src/build/publisher_pkg/build/lib/publisher_pkg
[4.966s] running install
[4.971s] running install_lib
[4.973s] creating /home/user/ros2_ws/src/install/publisher_pkg/lib/python3.10/site-packages/publisher_pkg
[4.973s] copying /home/user/ros2_ws/src/build/publisher_pkg/build/lib/publisher_pkg/__init__.py -> /home/user/ros2_ws/src/install/publisher_pkg/lib/python3.10/site-packages/publisher_pkg
[4.974s] copying /home/user/ros2_ws/src/build/publisher_pkg/build/lib/publisher_pkg/simple_publisher.py -> /home/user/ros2_ws/src/install/publisher_pkg/lib/python3.10/site-packages/publisher_pkg
[4.976s] byte-compiling /home/user/ros2_ws/src/install/publisher_pkg/lib/python3.10/site-packages/publisher_pkg/__init__.py to __init__.cpython-310.pyc
[4.978s] byte-compiling /home/user/ros2_ws/src/install/publisher_pkg/lib/python3.10/site-packages/publisher_pkg/simple_publisher.py to simple_publisher.cpython-310.pyc
[4.979s] running install_data
[4.980s] creating /home/user/ros2_ws/src/install/publisher_pkg/share/ament_index
[4.980s] creating /home/user/ros2_ws/src/install/publisher_pkg/share/ament_index/resource_index
[4.980s] creating /home/user/ros2_ws/src/install/publisher_pkg/share/ament_index/resource_index/packages
[4.980s] copying resource/publisher_pkg -> /home/user/ros2_ws/src/install/publisher_pkg/share/ament_index/resource_index/packages
[4.981s] copying package.xml -> /home/user/ros2_ws/src/install/publisher_pkg/share/publisher_pkg
[4.981s] copying launch/publisher_pkg_launch_file.launch.py -> /home/user/ros2_ws/src/install/publisher_pkg/share/publisher_pkg
[4.981s] running install_egg_info
[4.984s] Copying ../build/publisher_pkg/publisher_pkg.egg-info to /home/user/ros2_ws/src/install/publisher_pkg/lib/python3.10/site-packages/publisher_pkg-0.0.0-py3.10.egg-info
[4.985s] running install_scripts
[5.075s] Installing simple_publisher script to /home/user/ros2_ws/src/install/publisher_pkg/lib/publisher_pkg
[5.075s] writing list of installed files to '/home/user/ros2_ws/src/build/publisher_pkg/install.log'
[5.172s] Invoked command in '/home/user/ros2_ws/src/publisher_pkg' returned '0': PYTHONPATH=/home/user/ros2_ws/src/build/publisher_pkg/prefix_override:/home/user/ros2_ws/src/install/publisher_pkg/lib/python3.10/site-packages:${PYTHONPATH} _=/usr/bin/env /usr/bin/python3 setup.py egg_info --egg-base ../build/publisher_pkg build --build-base /home/user/ros2_ws/src/build/publisher_pkg/build install --record /home/user/ros2_ws/src/build/publisher_pkg/install.log --single-version-externally-managed
