[0.057s] Invoking command in '/home/user/ros2_ws/build/basics_ros2_multithreading': CMAKE_PREFIX_PATH=${CMAKE_PREFIX_PATH}:/home/simulations/ros2_sims_ws/install/tracetools_test:/home/simulations/ros2_sims_ws/install/tracetools_launch:/home/simulations/ros2_sims_ws/install/ros2trace:/home/simulations/ros2_sims_ws/install/tracetools_trace:/home/simulations/ros2_sims_ws/install/ros2trace_analysis:/home/simulations/ros2_sims_ws/install/tracetools_analysis:/home/simulations/ros2_sims_ws/install/tracetools_read:/home/simulations/ros2_sims_ws/install/test_tracetools_launch:/home/user/ros2_ws/install/topics_quiz:/home/user/ros2_ws/install/subscriber_pkg:/home/user/ros2_ws/install/publisher_pkg:/home/user/ros2_ws/install/my_package:/home/user/ros2_ws/install/movement_pkg:/home/user/ros2_ws/install/exercise42_pkg:/home/user/ros2_ws/install/client_pkg:/opt/ros/humble _=/usr/bin/env /usr/bin/cmake /home/user/ros2_ws/src/basics_ros2_multithreading -DCMAKE_INSTALL_PREFIX=/home/user/ros2_ws/install/basics_ros2_multithreading
[0.432s] -- The C compiler identification is GNU 11.2.0
[0.658s] -- The CXX compiler identification is GNU 11.2.0
[0.684s] -- Detecting C compiler ABI info
[0.834s] -- Detecting C compiler ABI info - done
[0.852s] -- Check for working C compiler: /usr/bin/cc - skipped
[0.854s] -- Detecting C compile features
[0.856s] -- Detecting C compile features - done
[0.864s] -- Detecting CXX compiler ABI info
[1.027s] -- Detecting CXX compiler ABI info - done
[1.054s] -- Check for working CXX compiler: /usr/bin/c++ - skipped
[1.054s] -- Detecting CXX compile features
[1.055s] -- Detecting CXX compile features - done
[1.074s] -- Found ament_cmake: 1.3.2 (/opt/ros/humble/share/ament_cmake/cmake)
[1.478s] -- Found Python3: /usr/bin/python3.10 (found version "3.10.6") found components: Interpreter 
[1.872s] -- Found rclpy: 3.3.10 (/home/simulations/ros2_sims_ws/install/rclpy/share/rclpy/cmake)
[1.889s] -- Found ament_lint_auto: 0.12.4 (/opt/ros/humble/share/ament_lint_auto/cmake)
[2.170s] -- Added test 'flake8' to check Python code syntax and style conventions
[2.173s] -- Added test 'lint_cmake' to check CMake code style
[2.190s] -- Added test 'pep257' to check Python code against some of the docstring style conventions in PEP 257
[2.191s] -- Added test 'xmllint' to check XML markup files
[2.191s] -- Configuring done
[2.192s] -- Generating done
[2.193s] -- Build files have been written to: /home/user/ros2_ws/build/basics_ros2_multithreading
[2.201s] Invoked command in '/home/user/ros2_ws/build/basics_ros2_multithreading' returned '0': CMAKE_PREFIX_PATH=${CMAKE_PREFIX_PATH}:/home/simulations/ros2_sims_ws/install/tracetools_test:/home/simulations/ros2_sims_ws/install/tracetools_launch:/home/simulations/ros2_sims_ws/install/ros2trace:/home/simulations/ros2_sims_ws/install/tracetools_trace:/home/simulations/ros2_sims_ws/install/ros2trace_analysis:/home/simulations/ros2_sims_ws/install/tracetools_analysis:/home/simulations/ros2_sims_ws/install/tracetools_read:/home/simulations/ros2_sims_ws/install/test_tracetools_launch:/home/user/ros2_ws/install/topics_quiz:/home/user/ros2_ws/install/subscriber_pkg:/home/user/ros2_ws/install/publisher_pkg:/home/user/ros2_ws/install/my_package:/home/user/ros2_ws/install/movement_pkg:/home/user/ros2_ws/install/exercise42_pkg:/home/user/ros2_ws/install/client_pkg:/opt/ros/humble _=/usr/bin/env /usr/bin/cmake /home/user/ros2_ws/src/basics_ros2_multithreading -DCMAKE_INSTALL_PREFIX=/home/user/ros2_ws/install/basics_ros2_multithreading
[2.204s] Invoking command in '/home/user/ros2_ws/build/basics_ros2_multithreading': CMAKE_PREFIX_PATH=${CMAKE_PREFIX_PATH}:/home/simulations/ros2_sims_ws/install/tracetools_test:/home/simulations/ros2_sims_ws/install/tracetools_launch:/home/simulations/ros2_sims_ws/install/ros2trace:/home/simulations/ros2_sims_ws/install/tracetools_trace:/home/simulations/ros2_sims_ws/install/ros2trace_analysis:/home/simulations/ros2_sims_ws/install/tracetools_analysis:/home/simulations/ros2_sims_ws/install/tracetools_read:/home/simulations/ros2_sims_ws/install/test_tracetools_launch:/home/user/ros2_ws/install/topics_quiz:/home/user/ros2_ws/install/subscriber_pkg:/home/user/ros2_ws/install/publisher_pkg:/home/user/ros2_ws/install/my_package:/home/user/ros2_ws/install/movement_pkg:/home/user/ros2_ws/install/exercise42_pkg:/home/user/ros2_ws/install/client_pkg:/opt/ros/humble _=/usr/bin/env /usr/bin/cmake --build /home/user/ros2_ws/build/basics_ros2_multithreading -- -j8 -l8
[2.277s] Invoked command in '/home/user/ros2_ws/build/basics_ros2_multithreading' returned '0': CMAKE_PREFIX_PATH=${CMAKE_PREFIX_PATH}:/home/simulations/ros2_sims_ws/install/tracetools_test:/home/simulations/ros2_sims_ws/install/tracetools_launch:/home/simulations/ros2_sims_ws/install/ros2trace:/home/simulations/ros2_sims_ws/install/tracetools_trace:/home/simulations/ros2_sims_ws/install/ros2trace_analysis:/home/simulations/ros2_sims_ws/install/tracetools_analysis:/home/simulations/ros2_sims_ws/install/tracetools_read:/home/simulations/ros2_sims_ws/install/test_tracetools_launch:/home/user/ros2_ws/install/topics_quiz:/home/user/ros2_ws/install/subscriber_pkg:/home/user/ros2_ws/install/publisher_pkg:/home/user/ros2_ws/install/my_package:/home/user/ros2_ws/install/movement_pkg:/home/user/ros2_ws/install/exercise42_pkg:/home/user/ros2_ws/install/client_pkg:/opt/ros/humble _=/usr/bin/env /usr/bin/cmake --build /home/user/ros2_ws/build/basics_ros2_multithreading -- -j8 -l8
[2.363s] Invoking command in '/home/user/ros2_ws/build/basics_ros2_multithreading': CMAKE_PREFIX_PATH=${CMAKE_PREFIX_PATH}:/home/simulations/ros2_sims_ws/install/tracetools_test:/home/simulations/ros2_sims_ws/install/tracetools_launch:/home/simulations/ros2_sims_ws/install/ros2trace:/home/simulations/ros2_sims_ws/install/tracetools_trace:/home/simulations/ros2_sims_ws/install/ros2trace_analysis:/home/simulations/ros2_sims_ws/install/tracetools_analysis:/home/simulations/ros2_sims_ws/install/tracetools_read:/home/simulations/ros2_sims_ws/install/test_tracetools_launch:/home/user/ros2_ws/install/topics_quiz:/home/user/ros2_ws/install/subscriber_pkg:/home/user/ros2_ws/install/publisher_pkg:/home/user/ros2_ws/install/my_package:/home/user/ros2_ws/install/movement_pkg:/home/user/ros2_ws/install/exercise42_pkg:/home/user/ros2_ws/install/client_pkg:/opt/ros/humble _=/usr/bin/env /usr/bin/cmake --install /home/user/ros2_ws/build/basics_ros2_multithreading
[2.379s] -- Install configuration: ""
[2.380s] -- Installing: /home/user/ros2_ws/install/basics_ros2_multithreading/share/basics_ros2_multithreading/scripts
[2.380s] -- Installing: /home/user/ros2_ws/install/basics_ros2_multithreading/share/basics_ros2_multithreading/scripts/haarcascade_frontalface.xml
[2.384s] -- Installing: /home/user/ros2_ws/install/basics_ros2_multithreading/share/basics_ros2_multithreading/scripts/callback_function.py
[2.384s] -- Installing: /home/user/ros2_ws/install/basics_ros2_multithreading/share/basics_ros2_multithreading/scripts/function.py
[2.385s] -- Installing: /home/user/ros2_ws/install/basics_ros2_multithreading/share/basics_ros2_multithreading/scripts/deepbot_movehead.py
[2.385s] -- Installing: /home/user/ros2_ws/install/basics_ros2_multithreading/share/basics_ros2_multithreading/scripts/face_searcher.py
[2.385s] -- Installing: /home/user/ros2_ws/install/basics_ros2_multithreading/share/basics_ros2_multithreading/scripts/callback_spinonce_function.py
[2.386s] -- Installing: /home/user/ros2_ws/install/basics_ros2_multithreading/share/basics_ros2_multithreading/launch
[2.386s] -- Installing: /home/user/ros2_ws/install/basics_ros2_multithreading/share/basics_ros2_multithreading/launch/callback_function.launch.py
[2.386s] -- Installing: /home/user/ros2_ws/install/basics_ros2_multithreading/share/basics_ros2_multithreading/launch/face_searcher.launch.py
[2.386s] -- Installing: /home/user/ros2_ws/install/basics_ros2_multithreading/lib/basics_ros2_multithreading/function.py
[2.386s] -- Installing: /home/user/ros2_ws/install/basics_ros2_multithreading/lib/basics_ros2_multithreading/callback_function.py
[2.387s] -- Installing: /home/user/ros2_ws/install/basics_ros2_multithreading/lib/basics_ros2_multithreading/callback_spinonce_function.py
[2.387s] -- Installing: /home/user/ros2_ws/install/basics_ros2_multithreading/lib/basics_ros2_multithreading/face_searcher.py
[2.387s] -- Installing: /home/user/ros2_ws/install/basics_ros2_multithreading/share/ament_index/resource_index/package_run_dependencies/basics_ros2_multithreading
[2.387s] -- Installing: /home/user/ros2_ws/install/basics_ros2_multithreading/share/ament_index/resource_index/parent_prefix_path/basics_ros2_multithreading
[2.388s] -- Installing: /home/user/ros2_ws/install/basics_ros2_multithreading/share/basics_ros2_multithreading/environment/ament_prefix_path.sh
[2.388s] -- Installing: /home/user/ros2_ws/install/basics_ros2_multithreading/share/basics_ros2_multithreading/environment/ament_prefix_path.dsv
[2.389s] -- Installing: /home/user/ros2_ws/install/basics_ros2_multithreading/share/basics_ros2_multithreading/environment/path.sh
[2.389s] -- Installing: /home/user/ros2_ws/install/basics_ros2_multithreading/share/basics_ros2_multithreading/environment/path.dsv
[2.389s] -- Installing: /home/user/ros2_ws/install/basics_ros2_multithreading/share/basics_ros2_multithreading/local_setup.bash
[2.389s] -- Installing: /home/user/ros2_ws/install/basics_ros2_multithreading/share/basics_ros2_multithreading/local_setup.sh
[2.389s] -- Installing: /home/user/ros2_ws/install/basics_ros2_multithreading/share/basics_ros2_multithreading/local_setup.zsh
[2.389s] -- Installing: /home/user/ros2_ws/install/basics_ros2_multithreading/share/basics_ros2_multithreading/local_setup.dsv
[2.390s] -- Installing: /home/user/ros2_ws/install/basics_ros2_multithreading/share/basics_ros2_multithreading/package.dsv
[2.390s] -- Installing: /home/user/ros2_ws/install/basics_ros2_multithreading/share/ament_index/resource_index/packages/basics_ros2_multithreading
[2.391s] -- Installing: /home/user/ros2_ws/install/basics_ros2_multithreading/share/basics_ros2_multithreading/cmake/basics_ros2_multithreadingConfig.cmake
[2.391s] -- Installing: /home/user/ros2_ws/install/basics_ros2_multithreading/share/basics_ros2_multithreading/cmake/basics_ros2_multithreadingConfig-version.cmake
[2.392s] -- Installing: /home/user/ros2_ws/install/basics_ros2_multithreading/share/basics_ros2_multithreading/package.xml
[2.396s] Invoked command in '/home/user/ros2_ws/build/basics_ros2_multithreading' returned '0': CMAKE_PREFIX_PATH=${CMAKE_PREFIX_PATH}:/home/simulations/ros2_sims_ws/install/tracetools_test:/home/simulations/ros2_sims_ws/install/tracetools_launch:/home/simulations/ros2_sims_ws/install/ros2trace:/home/simulations/ros2_sims_ws/install/tracetools_trace:/home/simulations/ros2_sims_ws/install/ros2trace_analysis:/home/simulations/ros2_sims_ws/install/tracetools_analysis:/home/simulations/ros2_sims_ws/install/tracetools_read:/home/simulations/ros2_sims_ws/install/test_tracetools_launch:/home/user/ros2_ws/install/topics_quiz:/home/user/ros2_ws/install/subscriber_pkg:/home/user/ros2_ws/install/publisher_pkg:/home/user/ros2_ws/install/my_package:/home/user/ros2_ws/install/movement_pkg:/home/user/ros2_ws/install/exercise42_pkg:/home/user/ros2_ws/install/client_pkg:/opt/ros/humble _=/usr/bin/env /usr/bin/cmake --install /home/user/ros2_ws/build/basics_ros2_multithreading
