[0.909s] DEBUG:colcon:Command line arguments: ['/usr/bin/colcon', 'build', '--packages-select', 'actions_quiz_msg']
[0.909s] DEBUG:colcon:Parsed command line arguments: Namespace(log_base=None, log_level=None, verb_name='build', build_base='build', install_base='install', merge_install=False, symlink_install=False, test_result_base=None, continue_on_error=False, executor='parallel', parallel_workers=8, event_handlers=None, ignore_user_meta=False, metas=['./colcon.meta'], base_paths=['.'], packages_ignore=None, packages_ignore_regex=None, paths=None, packages_up_to=None, packages_up_to_regex=None, packages_above=None, packages_above_and_dependencies=None, packages_above_depth=None, packages_select_by_dep=None, packages_skip_by_dep=None, packages_skip_up_to=None, packages_select_build_failed=False, packages_skip_build_finished=False, packages_select_test_failures=False, packages_skip_test_passed=False, packages_select=['actions_quiz_msg'], packages_skip=None, packages_select_regex=None, packages_skip_regex=None, packages_start=None, packages_end=None, allow_overriding=[], cmake_args=None, cmake_target=None, cmake_target_skip_unavailable=False, cmake_clean_cache=False, cmake_clean_first=False, cmake_force_configure=False, meson_args=[], ament_cmake_args=None, catkin_cmake_args=None, catkin_skip_building_tests=False, mixin_files=None, mixin=None, verb_parser=<colcon_alias.argument_parser.alias.AliasArgumentDecorator object at 0x7f14da253af0>, verb_extension=<colcon_core.verb.build.BuildVerb object at 0x7f14db473f70>, main=<bound method BuildVerb.main of <colcon_core.verb.build.BuildVerb object at 0x7f14db473f70>>, mixin_verb=('build',))
[0.947s] Level 1:colcon.colcon_core.package_discovery:discover_packages(colcon_meta) check parameters
[0.948s] Level 1:colcon.colcon_core.package_discovery:discover_packages(recursive) check parameters
[0.948s] Level 1:colcon.colcon_core.package_discovery:discover_packages(ignore) check parameters
[0.948s] Level 1:colcon.colcon_core.package_discovery:discover_packages(path) check parameters
[0.948s] Level 1:colcon.colcon_core.package_discovery:discover_packages(colcon_meta) discover
[0.948s] Level 1:colcon.colcon_core.package_discovery:discover_packages(recursive) discover
[0.948s] INFO:colcon.colcon_core.package_discovery:Crawling recursively for packages in '/home/user/ros2_ws/src'
[0.948s] Level 1:colcon.colcon_core.package_identification:_identify(.) by extensions ['ignore', 'ignore_ament_install']
[0.948s] Level 1:colcon.colcon_core.package_identification:_identify(.) by extension 'ignore'
[0.948s] Level 1:colcon.colcon_core.package_identification:_identify(.) by extension 'ignore_ament_install'
[0.949s] Level 1:colcon.colcon_core.package_identification:_identify(.) by extensions ['colcon_pkg']
[0.949s] Level 1:colcon.colcon_core.package_identification:_identify(.) by extension 'colcon_pkg'
[0.949s] Level 1:colcon.colcon_core.package_identification:_identify(.) by extensions ['colcon_meta']
[0.949s] Level 1:colcon.colcon_core.package_identification:_identify(.) by extension 'colcon_meta'
[0.949s] Level 1:colcon.colcon_core.package_identification:_identify(.) by extensions ['ros']
[0.949s] Level 1:colcon.colcon_core.package_identification:_identify(.) by extension 'ros'
[0.967s] Level 1:colcon.colcon_core.package_identification:_identify(.) by extensions ['cmake', 'meson', 'python']
[0.967s] Level 1:colcon.colcon_core.package_identification:_identify(.) by extension 'cmake'
[0.967s] Level 1:colcon.colcon_core.package_identification:_identify(.) by extension 'meson'
[0.968s] Level 1:colcon.colcon_core.package_identification:_identify(.) by extension 'python'
[0.968s] Level 1:colcon.colcon_core.package_identification:_identify(.) by extensions ['python_setup_py']
[0.968s] Level 1:colcon.colcon_core.package_identification:_identify(.) by extension 'python_setup_py'
[0.968s] Level 1:colcon.colcon_core.package_identification:_identify(actions_quiz) by extensions ['ignore', 'ignore_ament_install']
[0.968s] Level 1:colcon.colcon_core.package_identification:_identify(actions_quiz) by extension 'ignore'
[0.968s] Level 1:colcon.colcon_core.package_identification:_identify(actions_quiz) by extension 'ignore_ament_install'
[0.968s] Level 1:colcon.colcon_core.package_identification:_identify(actions_quiz) by extensions ['colcon_pkg']
[0.968s] Level 1:colcon.colcon_core.package_identification:_identify(actions_quiz) by extension 'colcon_pkg'
[0.968s] Level 1:colcon.colcon_core.package_identification:_identify(actions_quiz) by extensions ['colcon_meta']
[0.968s] Level 1:colcon.colcon_core.package_identification:_identify(actions_quiz) by extension 'colcon_meta'
[0.969s] Level 1:colcon.colcon_core.package_identification:_identify(actions_quiz) by extensions ['ros']
[0.969s] Level 1:colcon.colcon_core.package_identification:_identify(actions_quiz) by extension 'ros'
[0.972s] DEBUG:colcon.colcon_core.package_identification:Package 'actions_quiz' with type 'ros.ament_python' and name 'actions_quiz'
[0.972s] Level 1:colcon.colcon_core.package_identification:_identify(actions_quiz_msg) by extensions ['ignore', 'ignore_ament_install']
[0.973s] Level 1:colcon.colcon_core.package_identification:_identify(actions_quiz_msg) by extension 'ignore'
[0.973s] Level 1:colcon.colcon_core.package_identification:_identify(actions_quiz_msg) by extension 'ignore_ament_install'
[0.973s] Level 1:colcon.colcon_core.package_identification:_identify(actions_quiz_msg) by extensions ['colcon_pkg']
[0.973s] Level 1:colcon.colcon_core.package_identification:_identify(actions_quiz_msg) by extension 'colcon_pkg'
[0.973s] Level 1:colcon.colcon_core.package_identification:_identify(actions_quiz_msg) by extensions ['colcon_meta']
[0.973s] Level 1:colcon.colcon_core.package_identification:_identify(actions_quiz_msg) by extension 'colcon_meta'
[0.973s] Level 1:colcon.colcon_core.package_identification:_identify(actions_quiz_msg) by extensions ['ros']
[0.973s] Level 1:colcon.colcon_core.package_identification:_identify(actions_quiz_msg) by extension 'ros'
[0.974s] DEBUG:colcon.colcon_core.package_identification:Package 'actions_quiz_msg' with type 'ros.ament_cmake' and name 'custom_interfaces'
[0.974s] Level 1:colcon.colcon_core.package_identification:_identify(basics_ros2_multithreading) by extensions ['ignore', 'ignore_ament_install']
[0.974s] Level 1:colcon.colcon_core.package_identification:_identify(basics_ros2_multithreading) by extension 'ignore'
[0.974s] Level 1:colcon.colcon_core.package_identification:_identify(basics_ros2_multithreading) by extension 'ignore_ament_install'
[0.974s] Level 1:colcon.colcon_core.package_identification:_identify(basics_ros2_multithreading) by extensions ['colcon_pkg']
[0.974s] Level 1:colcon.colcon_core.package_identification:_identify(basics_ros2_multithreading) by extension 'colcon_pkg'
[0.974s] Level 1:colcon.colcon_core.package_identification:_identify(basics_ros2_multithreading) by extensions ['colcon_meta']
[0.975s] Level 1:colcon.colcon_core.package_identification:_identify(basics_ros2_multithreading) by extension 'colcon_meta'
[0.975s] Level 1:colcon.colcon_core.package_identification:_identify(basics_ros2_multithreading) by extensions ['ros']
[0.975s] Level 1:colcon.colcon_core.package_identification:_identify(basics_ros2_multithreading) by extension 'ros'
[0.976s] DEBUG:colcon.colcon_core.package_identification:Package 'basics_ros2_multithreading' with type 'ros.ament_cmake' and name 'basics_ros2_multithreading'
[0.976s] Level 1:colcon.colcon_core.package_identification:_identify(build) by extensions ['ignore', 'ignore_ament_install']
[0.976s] Level 1:colcon.colcon_core.package_identification:_identify(build) by extension 'ignore'
[0.976s] Level 1:colcon.colcon_core.package_identification:_identify(build) ignored
[0.976s] Level 1:colcon.colcon_core.package_identification:_identify(client_pkg) by extensions ['ignore', 'ignore_ament_install']
[0.976s] Level 1:colcon.colcon_core.package_identification:_identify(client_pkg) by extension 'ignore'
[0.977s] Level 1:colcon.colcon_core.package_identification:_identify(client_pkg) by extension 'ignore_ament_install'
[0.977s] Level 1:colcon.colcon_core.package_identification:_identify(client_pkg) by extensions ['colcon_pkg']
[0.977s] Level 1:colcon.colcon_core.package_identification:_identify(client_pkg) by extension 'colcon_pkg'
[0.977s] Level 1:colcon.colcon_core.package_identification:_identify(client_pkg) by extensions ['colcon_meta']
[0.977s] Level 1:colcon.colcon_core.package_identification:_identify(client_pkg) by extension 'colcon_meta'
[0.977s] Level 1:colcon.colcon_core.package_identification:_identify(client_pkg) by extensions ['ros']
[0.977s] Level 1:colcon.colcon_core.package_identification:_identify(client_pkg) by extension 'ros'
[0.978s] DEBUG:colcon.colcon_core.package_identification:Package 'client_pkg' with type 'ros.ament_python' and name 'client_pkg'
[0.978s] Level 1:colcon.colcon_core.package_identification:_identify(custom_interfaces) by extensions ['ignore', 'ignore_ament_install']
[0.978s] Level 1:colcon.colcon_core.package_identification:_identify(custom_interfaces) by extension 'ignore'
[0.978s] Level 1:colcon.colcon_core.package_identification:_identify(custom_interfaces) by extension 'ignore_ament_install'
[0.979s] Level 1:colcon.colcon_core.package_identification:_identify(custom_interfaces) by extensions ['colcon_pkg']
[0.979s] Level 1:colcon.colcon_core.package_identification:_identify(custom_interfaces) by extension 'colcon_pkg'
[0.979s] Level 1:colcon.colcon_core.package_identification:_identify(custom_interfaces) by extensions ['colcon_meta']
[0.979s] Level 1:colcon.colcon_core.package_identification:_identify(custom_interfaces) by extension 'colcon_meta'
[0.979s] Level 1:colcon.colcon_core.package_identification:_identify(custom_interfaces) by extensions ['ros']
[0.979s] Level 1:colcon.colcon_core.package_identification:_identify(custom_interfaces) by extension 'ros'
[0.980s] DEBUG:colcon.colcon_core.package_identification:Package 'custom_interfaces' with type 'ros.ament_cmake' and name 'custom_interfaces'
[0.981s] Level 1:colcon.colcon_core.package_identification:_identify(example36_pkg) by extensions ['ignore', 'ignore_ament_install']
[0.981s] Level 1:colcon.colcon_core.package_identification:_identify(example36_pkg) by extension 'ignore'
[0.981s] Level 1:colcon.colcon_core.package_identification:_identify(example36_pkg) by extension 'ignore_ament_install'
[0.981s] Level 1:colcon.colcon_core.package_identification:_identify(example36_pkg) by extensions ['colcon_pkg']
[0.981s] Level 1:colcon.colcon_core.package_identification:_identify(example36_pkg) by extension 'colcon_pkg'
[0.981s] Level 1:colcon.colcon_core.package_identification:_identify(example36_pkg) by extensions ['colcon_meta']
[0.981s] Level 1:colcon.colcon_core.package_identification:_identify(example36_pkg) by extension 'colcon_meta'
[0.981s] Level 1:colcon.colcon_core.package_identification:_identify(example36_pkg) by extensions ['ros']
[0.981s] Level 1:colcon.colcon_core.package_identification:_identify(example36_pkg) by extension 'ros'
[0.983s] DEBUG:colcon.colcon_core.package_identification:Package 'example36_pkg' with type 'ros.ament_python' and name 'example36_pkg'
[0.983s] Level 1:colcon.colcon_core.package_identification:_identify(exercise31_pkg) by extensions ['ignore', 'ignore_ament_install']
[0.983s] Level 1:colcon.colcon_core.package_identification:_identify(exercise31_pkg) by extension 'ignore'
[0.983s] Level 1:colcon.colcon_core.package_identification:_identify(exercise31_pkg) by extension 'ignore_ament_install'
[0.983s] Level 1:colcon.colcon_core.package_identification:_identify(exercise31_pkg) by extensions ['colcon_pkg']
[0.983s] Level 1:colcon.colcon_core.package_identification:_identify(exercise31_pkg) by extension 'colcon_pkg'
[0.983s] Level 1:colcon.colcon_core.package_identification:_identify(exercise31_pkg) by extensions ['colcon_meta']
[0.983s] Level 1:colcon.colcon_core.package_identification:_identify(exercise31_pkg) by extension 'colcon_meta'
[0.984s] Level 1:colcon.colcon_core.package_identification:_identify(exercise31_pkg) by extensions ['ros']
[0.984s] Level 1:colcon.colcon_core.package_identification:_identify(exercise31_pkg) by extension 'ros'
[0.985s] DEBUG:colcon.colcon_core.package_identification:Package 'exercise31_pkg' with type 'ros.ament_python' and name 'exercise31_pkg'
[0.985s] Level 1:colcon.colcon_core.package_identification:_identify(exercise42_pkg) by extensions ['ignore', 'ignore_ament_install']
[0.985s] Level 1:colcon.colcon_core.package_identification:_identify(exercise42_pkg) by extension 'ignore'
[0.985s] Level 1:colcon.colcon_core.package_identification:_identify(exercise42_pkg) by extension 'ignore_ament_install'
[0.986s] Level 1:colcon.colcon_core.package_identification:_identify(exercise42_pkg) by extensions ['colcon_pkg']
[0.986s] Level 1:colcon.colcon_core.package_identification:_identify(exercise42_pkg) by extension 'colcon_pkg'
[0.986s] Level 1:colcon.colcon_core.package_identification:_identify(exercise42_pkg) by extensions ['colcon_meta']
[0.986s] Level 1:colcon.colcon_core.package_identification:_identify(exercise42_pkg) by extension 'colcon_meta'
[0.986s] Level 1:colcon.colcon_core.package_identification:_identify(exercise42_pkg) by extensions ['ros']
[0.986s] Level 1:colcon.colcon_core.package_identification:_identify(exercise42_pkg) by extension 'ros'
[0.987s] DEBUG:colcon.colcon_core.package_identification:Package 'exercise42_pkg' with type 'ros.ament_python' and name 'exercise42_pkg'
[0.988s] Level 1:colcon.colcon_core.package_identification:_identify(install) by extensions ['ignore', 'ignore_ament_install']
[0.988s] Level 1:colcon.colcon_core.package_identification:_identify(install) by extension 'ignore'
[0.988s] Level 1:colcon.colcon_core.package_identification:_identify(install) ignored
[0.988s] Level 1:colcon.colcon_core.package_identification:_identify(log) by extensions ['ignore', 'ignore_ament_install']
[0.988s] Level 1:colcon.colcon_core.package_identification:_identify(log) by extension 'ignore'
[0.988s] Level 1:colcon.colcon_core.package_identification:_identify(log) ignored
[0.988s] Level 1:colcon.colcon_core.package_identification:_identify(movement_pkg) by extensions ['ignore', 'ignore_ament_install']
[0.989s] Level 1:colcon.colcon_core.package_identification:_identify(movement_pkg) by extension 'ignore'
[0.989s] Level 1:colcon.colcon_core.package_identification:_identify(movement_pkg) by extension 'ignore_ament_install'
[0.989s] Level 1:colcon.colcon_core.package_identification:_identify(movement_pkg) by extensions ['colcon_pkg']
[0.989s] Level 1:colcon.colcon_core.package_identification:_identify(movement_pkg) by extension 'colcon_pkg'
[0.989s] Level 1:colcon.colcon_core.package_identification:_identify(movement_pkg) by extensions ['colcon_meta']
[0.989s] Level 1:colcon.colcon_core.package_identification:_identify(movement_pkg) by extension 'colcon_meta'
[0.989s] Level 1:colcon.colcon_core.package_identification:_identify(movement_pkg) by extensions ['ros']
[0.989s] Level 1:colcon.colcon_core.package_identification:_identify(movement_pkg) by extension 'ros'
[0.991s] DEBUG:colcon.colcon_core.package_identification:Package 'movement_pkg' with type 'ros.ament_python' and name 'movement_pkg'
[0.991s] Level 1:colcon.colcon_core.package_identification:_identify(my_action_client) by extensions ['ignore', 'ignore_ament_install']
[0.991s] Level 1:colcon.colcon_core.package_identification:_identify(my_action_client) by extension 'ignore'
[0.991s] Level 1:colcon.colcon_core.package_identification:_identify(my_action_client) by extension 'ignore_ament_install'
[0.991s] Level 1:colcon.colcon_core.package_identification:_identify(my_action_client) by extensions ['colcon_pkg']
[0.991s] Level 1:colcon.colcon_core.package_identification:_identify(my_action_client) by extension 'colcon_pkg'
[0.991s] Level 1:colcon.colcon_core.package_identification:_identify(my_action_client) by extensions ['colcon_meta']
[0.991s] Level 1:colcon.colcon_core.package_identification:_identify(my_action_client) by extension 'colcon_meta'
[0.991s] Level 1:colcon.colcon_core.package_identification:_identify(my_action_client) by extensions ['ros']
[0.992s] Level 1:colcon.colcon_core.package_identification:_identify(my_action_client) by extension 'ros'
[0.993s] DEBUG:colcon.colcon_core.package_identification:Package 'my_action_client' with type 'ros.ament_python' and name 'my_action_client'
[0.993s] Level 1:colcon.colcon_core.package_identification:_identify(my_action_server) by extensions ['ignore', 'ignore_ament_install']
[0.993s] Level 1:colcon.colcon_core.package_identification:_identify(my_action_server) by extension 'ignore'
[0.993s] Level 1:colcon.colcon_core.package_identification:_identify(my_action_server) by extension 'ignore_ament_install'
[0.993s] Level 1:colcon.colcon_core.package_identification:_identify(my_action_server) by extensions ['colcon_pkg']
[0.993s] Level 1:colcon.colcon_core.package_identification:_identify(my_action_server) by extension 'colcon_pkg'
[0.993s] Level 1:colcon.colcon_core.package_identification:_identify(my_action_server) by extensions ['colcon_meta']
[0.993s] Level 1:colcon.colcon_core.package_identification:_identify(my_action_server) by extension 'colcon_meta'
[0.993s] Level 1:colcon.colcon_core.package_identification:_identify(my_action_server) by extensions ['ros']
[0.994s] Level 1:colcon.colcon_core.package_identification:_identify(my_action_server) by extension 'ros'
[0.995s] DEBUG:colcon.colcon_core.package_identification:Package 'my_action_server' with type 'ros.ament_python' and name 'my_action_server'
[0.995s] Level 1:colcon.colcon_core.package_identification:_identify(my_package) by extensions ['ignore', 'ignore_ament_install']
[0.995s] Level 1:colcon.colcon_core.package_identification:_identify(my_package) by extension 'ignore'
[0.995s] Level 1:colcon.colcon_core.package_identification:_identify(my_package) by extension 'ignore_ament_install'
[0.995s] Level 1:colcon.colcon_core.package_identification:_identify(my_package) by extensions ['colcon_pkg']
[0.995s] Level 1:colcon.colcon_core.package_identification:_identify(my_package) by extension 'colcon_pkg'
[0.995s] Level 1:colcon.colcon_core.package_identification:_identify(my_package) by extensions ['colcon_meta']
[0.995s] Level 1:colcon.colcon_core.package_identification:_identify(my_package) by extension 'colcon_meta'
[0.995s] Level 1:colcon.colcon_core.package_identification:_identify(my_package) by extensions ['ros']
[0.996s] Level 1:colcon.colcon_core.package_identification:_identify(my_package) by extension 'ros'
[0.996s] DEBUG:colcon.colcon_core.package_identification:Package 'my_package' with type 'ros.ament_python' and name 'my_package'
[0.997s] Level 1:colcon.colcon_core.package_identification:_identify(publisher_pkg) by extensions ['ignore', 'ignore_ament_install']
[0.997s] Level 1:colcon.colcon_core.package_identification:_identify(publisher_pkg) by extension 'ignore'
[0.997s] Level 1:colcon.colcon_core.package_identification:_identify(publisher_pkg) by extension 'ignore_ament_install'
[0.997s] Level 1:colcon.colcon_core.package_identification:_identify(publisher_pkg) by extensions ['colcon_pkg']
[0.997s] Level 1:colcon.colcon_core.package_identification:_identify(publisher_pkg) by extension 'colcon_pkg'
[0.997s] Level 1:colcon.colcon_core.package_identification:_identify(publisher_pkg) by extensions ['colcon_meta']
[0.997s] Level 1:colcon.colcon_core.package_identification:_identify(publisher_pkg) by extension 'colcon_meta'
[0.997s] Level 1:colcon.colcon_core.package_identification:_identify(publisher_pkg) by extensions ['ros']
[0.997s] Level 1:colcon.colcon_core.package_identification:_identify(publisher_pkg) by extension 'ros'
[0.999s] DEBUG:colcon.colcon_core.package_identification:Package 'publisher_pkg' with type 'ros.ament_python' and name 'publisher_pkg'
[0.999s] Level 1:colcon.colcon_core.package_identification:_identify(src) by extensions ['ignore', 'ignore_ament_install']
[0.999s] Level 1:colcon.colcon_core.package_identification:_identify(src) by extension 'ignore'
[0.999s] Level 1:colcon.colcon_core.package_identification:_identify(src) by extension 'ignore_ament_install'
[0.999s] Level 1:colcon.colcon_core.package_identification:_identify(src) by extensions ['colcon_pkg']
[0.999s] Level 1:colcon.colcon_core.package_identification:_identify(src) by extension 'colcon_pkg'
[0.999s] Level 1:colcon.colcon_core.package_identification:_identify(src) by extensions ['colcon_meta']
[0.999s] Level 1:colcon.colcon_core.package_identification:_identify(src) by extension 'colcon_meta'
[0.999s] Level 1:colcon.colcon_core.package_identification:_identify(src) by extensions ['ros']
[1.000s] Level 1:colcon.colcon_core.package_identification:_identify(src) by extension 'ros'
[1.000s] Level 1:colcon.colcon_core.package_identification:_identify(src) by extensions ['cmake', 'meson', 'python']
[1.000s] Level 1:colcon.colcon_core.package_identification:_identify(src) by extension 'cmake'
[1.000s] Level 1:colcon.colcon_core.package_identification:_identify(src) by extension 'meson'
[1.000s] Level 1:colcon.colcon_core.package_identification:_identify(src) by extension 'python'
[1.000s] Level 1:colcon.colcon_core.package_identification:_identify(src) by extensions ['python_setup_py']
[1.000s] Level 1:colcon.colcon_core.package_identification:_identify(src) by extension 'python_setup_py'
[1.001s] Level 1:colcon.colcon_core.package_identification:_identify(src/bin) by extensions ['ignore', 'ignore_ament_install']
[1.001s] Level 1:colcon.colcon_core.package_identification:_identify(src/bin) by extension 'ignore'
[1.001s] Level 1:colcon.colcon_core.package_identification:_identify(src/bin) by extension 'ignore_ament_install'
[1.001s] Level 1:colcon.colcon_core.package_identification:_identify(src/bin) by extensions ['colcon_pkg']
[1.001s] Level 1:colcon.colcon_core.package_identification:_identify(src/bin) by extension 'colcon_pkg'
[1.002s] Level 1:colcon.colcon_core.package_identification:_identify(src/bin) by extensions ['colcon_meta']
[1.002s] Level 1:colcon.colcon_core.package_identification:_identify(src/bin) by extension 'colcon_meta'
[1.002s] Level 1:colcon.colcon_core.package_identification:_identify(src/bin) by extensions ['ros']
[1.002s] Level 1:colcon.colcon_core.package_identification:_identify(src/bin) by extension 'ros'
[1.002s] Level 1:colcon.colcon_core.package_identification:_identify(src/bin) by extensions ['cmake', 'meson', 'python']
[1.002s] Level 1:colcon.colcon_core.package_identification:_identify(src/bin) by extension 'cmake'
[1.002s] Level 1:colcon.colcon_core.package_identification:_identify(src/bin) by extension 'meson'
[1.002s] Level 1:colcon.colcon_core.package_identification:_identify(src/bin) by extension 'python'
[1.002s] Level 1:colcon.colcon_core.package_identification:_identify(src/bin) by extensions ['python_setup_py']
[1.002s] Level 1:colcon.colcon_core.package_identification:_identify(src/bin) by extension 'python_setup_py'
[1.003s] Level 1:colcon.colcon_core.package_identification:_identify(src/boot) by extensions ['ignore', 'ignore_ament_install']
[1.003s] Level 1:colcon.colcon_core.package_identification:_identify(src/boot) by extension 'ignore'
[1.003s] Level 1:colcon.colcon_core.package_identification:_identify(src/boot) by extension 'ignore_ament_install'
[1.003s] Level 1:colcon.colcon_core.package_identification:_identify(src/boot) by extensions ['colcon_pkg']
[1.003s] Level 1:colcon.colcon_core.package_identification:_identify(src/boot) by extension 'colcon_pkg'
[1.003s] Level 1:colcon.colcon_core.package_identification:_identify(src/boot) by extensions ['colcon_meta']
[1.003s] Level 1:colcon.colcon_core.package_identification:_identify(src/boot) by extension 'colcon_meta'
[1.003s] Level 1:colcon.colcon_core.package_identification:_identify(src/boot) by extensions ['ros']
[1.003s] Level 1:colcon.colcon_core.package_identification:_identify(src/boot) by extension 'ros'
[1.003s] Level 1:colcon.colcon_core.package_identification:_identify(src/boot) by extensions ['cmake', 'meson', 'python']
[1.003s] Level 1:colcon.colcon_core.package_identification:_identify(src/boot) by extension 'cmake'
[1.004s] Level 1:colcon.colcon_core.package_identification:_identify(src/boot) by extension 'meson'
[1.004s] Level 1:colcon.colcon_core.package_identification:_identify(src/boot) by extension 'python'
[1.004s] Level 1:colcon.colcon_core.package_identification:_identify(src/boot) by extensions ['python_setup_py']
[1.004s] Level 1:colcon.colcon_core.package_identification:_identify(src/boot) by extension 'python_setup_py'
[1.004s] Level 1:colcon.colcon_core.package_identification:_identify(src/dev) by extensions ['ignore', 'ignore_ament_install']
[1.004s] Level 1:colcon.colcon_core.package_identification:_identify(src/dev) by extension 'ignore'
[1.004s] Level 1:colcon.colcon_core.package_identification:_identify(src/dev) by extension 'ignore_ament_install'
[1.004s] Level 1:colcon.colcon_core.package_identification:_identify(src/dev) by extensions ['colcon_pkg']
[1.004s] Level 1:colcon.colcon_core.package_identification:_identify(src/dev) by extension 'colcon_pkg'
[1.004s] Level 1:colcon.colcon_core.package_identification:_identify(src/dev) by extensions ['colcon_meta']
[1.004s] Level 1:colcon.colcon_core.package_identification:_identify(src/dev) by extension 'colcon_meta'
[1.005s] Level 1:colcon.colcon_core.package_identification:_identify(src/dev) by extensions ['ros']
[1.005s] Level 1:colcon.colcon_core.package_identification:_identify(src/dev) by extension 'ros'
[1.005s] Level 1:colcon.colcon_core.package_identification:_identify(src/dev) by extensions ['cmake', 'meson', 'python']
[1.005s] Level 1:colcon.colcon_core.package_identification:_identify(src/dev) by extension 'cmake'
[1.005s] Level 1:colcon.colcon_core.package_identification:_identify(src/dev) by extension 'meson'
[1.005s] Level 1:colcon.colcon_core.package_identification:_identify(src/dev) by extension 'python'
[1.005s] Level 1:colcon.colcon_core.package_identification:_identify(src/dev) by extensions ['python_setup_py']
[1.005s] Level 1:colcon.colcon_core.package_identification:_identify(src/dev) by extension 'python_setup_py'
[1.005s] Level 1:colcon.colcon_core.package_identification:_identify(src copy) by extensions ['ignore', 'ignore_ament_install']
[1.005s] Level 1:colcon.colcon_core.package_identification:_identify(src copy) by extension 'ignore'
[1.006s] Level 1:colcon.colcon_core.package_identification:_identify(src copy) by extension 'ignore_ament_install'
[1.006s] Level 1:colcon.colcon_core.package_identification:_identify(src copy) by extensions ['colcon_pkg']
[1.006s] Level 1:colcon.colcon_core.package_identification:_identify(src copy) by extension 'colcon_pkg'
[1.006s] Level 1:colcon.colcon_core.package_identification:_identify(src copy) by extensions ['colcon_meta']
[1.006s] Level 1:colcon.colcon_core.package_identification:_identify(src copy) by extension 'colcon_meta'
[1.006s] Level 1:colcon.colcon_core.package_identification:_identify(src copy) by extensions ['ros']
[1.006s] Level 1:colcon.colcon_core.package_identification:_identify(src copy) by extension 'ros'
[1.006s] Level 1:colcon.colcon_core.package_identification:_identify(src copy) by extensions ['cmake', 'meson', 'python']
[1.006s] Level 1:colcon.colcon_core.package_identification:_identify(src copy) by extension 'cmake'
[1.006s] Level 1:colcon.colcon_core.package_identification:_identify(src copy) by extension 'meson'
[1.006s] Level 1:colcon.colcon_core.package_identification:_identify(src copy) by extension 'python'
[1.006s] Level 1:colcon.colcon_core.package_identification:_identify(src copy) by extensions ['python_setup_py']
[1.006s] Level 1:colcon.colcon_core.package_identification:_identify(src copy) by extension 'python_setup_py'
[1.007s] Level 1:colcon.colcon_core.package_identification:_identify(src copy/bin) by extensions ['ignore', 'ignore_ament_install']
[1.009s] Level 1:colcon.colcon_core.package_identification:_identify(src copy/bin) by extension 'ignore'
[1.009s] Level 1:colcon.colcon_core.package_identification:_identify(src copy/bin) by extension 'ignore_ament_install'
[1.009s] Level 1:colcon.colcon_core.package_identification:_identify(src copy/bin) by extensions ['colcon_pkg']
[1.009s] Level 1:colcon.colcon_core.package_identification:_identify(src copy/bin) by extension 'colcon_pkg'
[1.009s] Level 1:colcon.colcon_core.package_identification:_identify(src copy/bin) by extensions ['colcon_meta']
[1.009s] Level 1:colcon.colcon_core.package_identification:_identify(src copy/bin) by extension 'colcon_meta'
[1.009s] Level 1:colcon.colcon_core.package_identification:_identify(src copy/bin) by extensions ['ros']
[1.010s] Level 1:colcon.colcon_core.package_identification:_identify(src copy/bin) by extension 'ros'
[1.010s] Level 1:colcon.colcon_core.package_identification:_identify(src copy/bin) by extensions ['cmake', 'meson', 'python']
[1.010s] Level 1:colcon.colcon_core.package_identification:_identify(src copy/bin) by extension 'cmake'
[1.010s] Level 1:colcon.colcon_core.package_identification:_identify(src copy/bin) by extension 'meson'
[1.010s] Level 1:colcon.colcon_core.package_identification:_identify(src copy/bin) by extension 'python'
[1.010s] Level 1:colcon.colcon_core.package_identification:_identify(src copy/bin) by extensions ['python_setup_py']
[1.010s] Level 1:colcon.colcon_core.package_identification:_identify(src copy/bin) by extension 'python_setup_py'
[1.010s] Level 1:colcon.colcon_core.package_identification:_identify(src copy/boot) by extensions ['ignore', 'ignore_ament_install']
[1.010s] Level 1:colcon.colcon_core.package_identification:_identify(src copy/boot) by extension 'ignore'
[1.010s] Level 1:colcon.colcon_core.package_identification:_identify(src copy/boot) by extension 'ignore_ament_install'
[1.011s] Level 1:colcon.colcon_core.package_identification:_identify(src copy/boot) by extensions ['colcon_pkg']
[1.011s] Level 1:colcon.colcon_core.package_identification:_identify(src copy/boot) by extension 'colcon_pkg'
[1.011s] Level 1:colcon.colcon_core.package_identification:_identify(src copy/boot) by extensions ['colcon_meta']
[1.011s] Level 1:colcon.colcon_core.package_identification:_identify(src copy/boot) by extension 'colcon_meta'
[1.011s] Level 1:colcon.colcon_core.package_identification:_identify(src copy/boot) by extensions ['ros']
[1.011s] Level 1:colcon.colcon_core.package_identification:_identify(src copy/boot) by extension 'ros'
[1.011s] Level 1:colcon.colcon_core.package_identification:_identify(src copy/boot) by extensions ['cmake', 'meson', 'python']
[1.011s] Level 1:colcon.colcon_core.package_identification:_identify(src copy/boot) by extension 'cmake'
[1.011s] Level 1:colcon.colcon_core.package_identification:_identify(src copy/boot) by extension 'meson'
[1.011s] Level 1:colcon.colcon_core.package_identification:_identify(src copy/boot) by extension 'python'
[1.011s] Level 1:colcon.colcon_core.package_identification:_identify(src copy/boot) by extensions ['python_setup_py']
[1.011s] Level 1:colcon.colcon_core.package_identification:_identify(src copy/boot) by extension 'python_setup_py'
[1.012s] Level 1:colcon.colcon_core.package_identification:_identify(src copy/dev) by extensions ['ignore', 'ignore_ament_install']
[1.012s] Level 1:colcon.colcon_core.package_identification:_identify(src copy/dev) by extension 'ignore'
[1.012s] Level 1:colcon.colcon_core.package_identification:_identify(src copy/dev) by extension 'ignore_ament_install'
[1.012s] Level 1:colcon.colcon_core.package_identification:_identify(src copy/dev) by extensions ['colcon_pkg']
[1.012s] Level 1:colcon.colcon_core.package_identification:_identify(src copy/dev) by extension 'colcon_pkg'
[1.012s] Level 1:colcon.colcon_core.package_identification:_identify(src copy/dev) by extensions ['colcon_meta']
[1.012s] Level 1:colcon.colcon_core.package_identification:_identify(src copy/dev) by extension 'colcon_meta'
[1.012s] Level 1:colcon.colcon_core.package_identification:_identify(src copy/dev) by extensions ['ros']
[1.012s] Level 1:colcon.colcon_core.package_identification:_identify(src copy/dev) by extension 'ros'
[1.012s] Level 1:colcon.colcon_core.package_identification:_identify(src copy/dev) by extensions ['cmake', 'meson', 'python']
[1.012s] Level 1:colcon.colcon_core.package_identification:_identify(src copy/dev) by extension 'cmake'
[1.012s] Level 1:colcon.colcon_core.package_identification:_identify(src copy/dev) by extension 'meson'
[1.013s] Level 1:colcon.colcon_core.package_identification:_identify(src copy/dev) by extension 'python'
[1.013s] Level 1:colcon.colcon_core.package_identification:_identify(src copy/dev) by extensions ['python_setup_py']
[1.013s] Level 1:colcon.colcon_core.package_identification:_identify(src copy/dev) by extension 'python_setup_py'
[1.013s] Level 1:colcon.colcon_core.package_identification:_identify(subscriber_pkg) by extensions ['ignore', 'ignore_ament_install']
[1.013s] Level 1:colcon.colcon_core.package_identification:_identify(subscriber_pkg) by extension 'ignore'
[1.013s] Level 1:colcon.colcon_core.package_identification:_identify(subscriber_pkg) by extension 'ignore_ament_install'
[1.013s] Level 1:colcon.colcon_core.package_identification:_identify(subscriber_pkg) by extensions ['colcon_pkg']
[1.013s] Level 1:colcon.colcon_core.package_identification:_identify(subscriber_pkg) by extension 'colcon_pkg'
[1.013s] Level 1:colcon.colcon_core.package_identification:_identify(subscriber_pkg) by extensions ['colcon_meta']
[1.013s] Level 1:colcon.colcon_core.package_identification:_identify(subscriber_pkg) by extension 'colcon_meta'
[1.013s] Level 1:colcon.colcon_core.package_identification:_identify(subscriber_pkg) by extensions ['ros']
[1.013s] Level 1:colcon.colcon_core.package_identification:_identify(subscriber_pkg) by extension 'ros'
[1.014s] DEBUG:colcon.colcon_core.package_identification:Package 'subscriber_pkg' with type 'ros.ament_python' and name 'subscriber_pkg'
[1.014s] Level 1:colcon.colcon_core.package_identification:_identify(topics_quiz) by extensions ['ignore', 'ignore_ament_install']
[1.015s] Level 1:colcon.colcon_core.package_identification:_identify(topics_quiz) by extension 'ignore'
[1.015s] Level 1:colcon.colcon_core.package_identification:_identify(topics_quiz) by extension 'ignore_ament_install'
[1.015s] Level 1:colcon.colcon_core.package_identification:_identify(topics_quiz) by extensions ['colcon_pkg']
[1.015s] Level 1:colcon.colcon_core.package_identification:_identify(topics_quiz) by extension 'colcon_pkg'
[1.015s] Level 1:colcon.colcon_core.package_identification:_identify(topics_quiz) by extensions ['colcon_meta']
[1.015s] Level 1:colcon.colcon_core.package_identification:_identify(topics_quiz) by extension 'colcon_meta'
[1.015s] Level 1:colcon.colcon_core.package_identification:_identify(topics_quiz) by extensions ['ros']
[1.015s] Level 1:colcon.colcon_core.package_identification:_identify(topics_quiz) by extension 'ros'
[1.016s] DEBUG:colcon.colcon_core.package_identification:Package 'topics_quiz' with type 'ros.ament_python' and name 'topics_quiz'
[1.016s] Level 1:colcon.colcon_core.package_discovery:discover_packages(recursive) using defaults
[1.016s] Level 1:colcon.colcon_core.package_discovery:discover_packages(ignore) discover
[1.016s] Level 1:colcon.colcon_core.package_discovery:discover_packages(ignore) using defaults
[1.016s] Level 1:colcon.colcon_core.package_discovery:discover_packages(path) discover
[1.016s] Level 1:colcon.colcon_core.package_discovery:discover_packages(path) using defaults
[1.018s] WARNING:colcon.colcon_core.package_selection:ignoring unknown package 'actions_quiz_msg' in --packages-select
[1.054s] INFO:colcon.colcon_core.package_selection:Skipping not selected package 'actions_quiz' in 'actions_quiz'
[1.054s] INFO:colcon.colcon_core.package_selection:Skipping not selected package 'basics_ros2_multithreading' in 'basics_ros2_multithreading'
[1.054s] INFO:colcon.colcon_core.package_selection:Skipping not selected package 'client_pkg' in 'client_pkg'
[1.054s] INFO:colcon.colcon_core.package_selection:Skipping not selected package 'custom_interfaces' in 'actions_quiz_msg'
[1.054s] INFO:colcon.colcon_core.package_selection:Skipping not selected package 'custom_interfaces' in 'custom_interfaces'
[1.054s] INFO:colcon.colcon_core.package_selection:Skipping not selected package 'exercise42_pkg' in 'exercise42_pkg'
[1.054s] INFO:colcon.colcon_core.package_selection:Skipping not selected package 'my_action_client' in 'my_action_client'
[1.054s] INFO:colcon.colcon_core.package_selection:Skipping not selected package 'my_action_server' in 'my_action_server'
[1.055s] INFO:colcon.colcon_core.package_selection:Skipping not selected package 'my_package' in 'my_package'
[1.055s] INFO:colcon.colcon_core.package_selection:Skipping not selected package 'publisher_pkg' in 'publisher_pkg'
[1.055s] INFO:colcon.colcon_core.package_selection:Skipping not selected package 'subscriber_pkg' in 'subscriber_pkg'
[1.055s] INFO:colcon.colcon_core.package_selection:Skipping not selected package 'topics_quiz' in 'topics_quiz'
[1.055s] INFO:colcon.colcon_core.package_selection:Skipping not selected package 'example36_pkg' in 'example36_pkg'
[1.055s] INFO:colcon.colcon_core.package_selection:Skipping not selected package 'exercise31_pkg' in 'exercise31_pkg'
[1.055s] INFO:colcon.colcon_core.package_selection:Skipping not selected package 'movement_pkg' in 'movement_pkg'
[1.056s] Level 1:colcon.colcon_core.package_discovery:discover_packages(prefix_path) check parameters
[1.056s] Level 1:colcon.colcon_core.package_discovery:discover_packages(prefix_path) discover
[1.063s] DEBUG:colcon.colcon_installed_package_information.package_discovery:Found 12 installed packages in /home/user/ros2_ws/install
[1.065s] DEBUG:colcon.colcon_installed_package_information.package_discovery:Found 14 installed packages in /home/simulations/ros2_sims_ws/install
[1.070s] DEBUG:colcon.colcon_installed_package_information.package_discovery:Found 417 installed packages in /opt/ros/humble
[1.074s] Level 1:colcon.colcon_core.package_discovery:discover_packages(prefix_path) using defaults
[1.241s] INFO:colcon.colcon_core.executor:Executing jobs using 'parallel' executor
[1.246s] DEBUG:colcon.colcon_parallel_executor.executor.parallel:run_until_complete
[1.246s] DEBUG:colcon.colcon_parallel_executor.executor.parallel:closing loop
[1.247s] DEBUG:colcon.colcon_parallel_executor.executor.parallel:loop closed
[1.248s] DEBUG:colcon.colcon_parallel_executor.executor.parallel:run_until_complete finished with '0'
[1.248s] DEBUG:colcon.colcon_core.event_reactor:joining thread
[1.257s] INFO:colcon.colcon_core.plugin_system:Skipping extension 'colcon_notification.desktop_notification.notify_send': Could not find 'notify-send'
[1.257s] INFO:colcon.colcon_core.plugin_system:Skipping extension 'colcon_notification.desktop_notification.terminal_notifier': Not used on non-Darwin systems
[1.257s] INFO:colcon.colcon_core.plugin_system:Skipping extension 'colcon_notification.desktop_notification.win32': Not used on non-Windows systems
[1.257s] INFO:colcon.colcon_notification.desktop_notification:Sending desktop notification using 'notify2'
[1.261s] DEBUG:colcon.colcon_notification.desktop_notification.notify2:Failed to initialize notify2: org.freedesktop.DBus.Error.Spawn.ExecFailed: /usr/bin/dbus-launch terminated abnormally without any error message
[1.262s] DEBUG:colcon.colcon_core.event_reactor:joined thread
[1.270s] INFO:colcon.colcon_core.plugin_system:Skipping extension 'colcon_core.shell.bat': Not used on non-Windows systems
[1.270s] INFO:colcon.colcon_core.shell:Creating prefix script '/home/user/ros2_ws/src/install/local_setup.ps1'
[1.272s] INFO:colcon.colcon_core.shell:Creating prefix util module '/home/user/ros2_ws/src/install/_local_setup_util_ps1.py'
[1.275s] INFO:colcon.colcon_core.shell:Creating prefix chain script '/home/user/ros2_ws/src/install/setup.ps1'
[1.279s] INFO:colcon.colcon_core.shell:Creating prefix script '/home/user/ros2_ws/src/install/local_setup.sh'
[1.279s] INFO:colcon.colcon_core.shell:Creating prefix util module '/home/user/ros2_ws/src/install/_local_setup_util_sh.py'
[1.280s] INFO:colcon.colcon_core.shell:Creating prefix chain script '/home/user/ros2_ws/src/install/setup.sh'
[1.283s] INFO:colcon.colcon_core.shell:Creating prefix script '/home/user/ros2_ws/src/install/local_setup.bash'
[1.284s] INFO:colcon.colcon_core.shell:Creating prefix chain script '/home/user/ros2_ws/src/install/setup.bash'
[1.286s] INFO:colcon.colcon_core.shell:Creating prefix script '/home/user/ros2_ws/src/install/local_setup.zsh'
[1.287s] INFO:colcon.colcon_core.shell:Creating prefix chain script '/home/user/ros2_ws/src/install/setup.zsh'
