[7.597s] Invoking command in '/home/user/ros2_ws/src/my_package': PYTHONPATH=/home/user/ros2_ws/src/install/my_package/lib/python3.10/site-packages:${PYTHONPATH} _=/usr/bin/env /usr/bin/python3 setup.py egg_info --egg-base ../build/my_package build --build-base /home/user/ros2_ws/src/build/my_package/build install --prefix /home/user/ros2_ws/src/install/my_package --record /home/user/ros2_ws/src/build/my_package/install.log --single-version-externally-managed
[13.982s] running egg_info
[13.983s] writing ../build/my_package/my_package.egg-info/PKG-INFO
[13.984s] writing dependency_links to ../build/my_package/my_package.egg-info/dependency_links.txt
[13.984s] writing entry points to ../build/my_package/my_package.egg-info/entry_points.txt
[13.987s] writing requirements to ../build/my_package/my_package.egg-info/requires.txt
[13.987s] writing top-level names to ../build/my_package/my_package.egg-info/top_level.txt
[14.004s] reading manifest file '../build/my_package/my_package.egg-info/SOURCES.txt'
[14.081s] writing manifest file '../build/my_package/my_package.egg-info/SOURCES.txt'
[14.082s] running build
[14.082s] running build_py
[14.082s] running install
[14.082s] running install_lib
[14.082s] running install_data
[14.082s] running install_egg_info
[14.093s] removing '/home/user/ros2_ws/src/install/my_package/lib/python3.10/site-packages/my_package-0.0.0-py3.10.egg-info' (and everything under it)
[14.095s] Copying ../build/my_package/my_package.egg-info to /home/user/ros2_ws/src/install/my_package/lib/python3.10/site-packages/my_package-0.0.0-py3.10.egg-info
[14.098s] running install_scripts
[14.494s] Installing simple_node script to /home/user/ros2_ws/src/install/my_package/lib/my_package
[14.505s] writing list of installed files to '/home/user/ros2_ws/src/build/my_package/install.log'
[19.398s] Invoked command in '/home/user/ros2_ws/src/my_package' returned '0': PYTHONPATH=/home/user/ros2_ws/src/install/my_package/lib/python3.10/site-packages:${PYTHONPATH} _=/usr/bin/env /usr/bin/python3 setup.py egg_info --egg-base ../build/my_package build --build-base /home/user/ros2_ws/src/build/my_package/build install --prefix /home/user/ros2_ws/src/install/my_package --record /home/user/ros2_ws/src/build/my_package/install.log --single-version-externally-managed
