[0.029s] Invoking command in '/home/user/ros2_ws/build/actions_quiz_msg': CMAKE_PREFIX_PATH=${CMAKE_PREFIX_PATH}:/home/user/ros2_ws/install/my_action_server:/home/user/ros2_ws/install/my_action_client:/home/simulations/ros2_sims_ws/install/turtlebot3_teleop:/home/simulations/ros2_sims_ws/install/turtlebot3_example:/home/simulations/ros2_sims_ws/install/services_pkg:/home/user/ros2_ws/install/topics_quiz:/home/user/ros2_ws/install/subscriber_pkg:/home/user/ros2_ws/install/publisher_pkg:/home/user/ros2_ws/install/my_package:/home/user/ros2_ws/install/movement_pkg:/home/user/ros2_ws/install/exercise42_pkg:/home/user/ros2_ws/install/client_pkg:/opt/ros/humble _=/usr/bin/env /usr/bin/cmake /home/user/ros2_ws/src/actions_quiz_msg -DCMAKE_INSTALL_PREFIX=/home/user/ros2_ws/install/actions_quiz_msg
[0.052s] -- Found ament_cmake: 1.3.2 (/opt/ros/humble/share/ament_cmake/cmake)
[0.320s] -- Found rclpy: 3.3.4 (/opt/ros/humble/share/rclpy/cmake)
[0.355s] [31mCMake Error at CMakeLists.txt:11 (find_package):
[0.356s]   By not providing "Findrclpy.actions.cmake" in CMAKE_MODULE_PATH this
[0.356s]   project has asked CMake to find a package configuration file provided by
[0.356s]   "rclpy.actions", but CMake did not find one.
[0.356s] 
[0.356s]   Could not find a package configuration file provided by "rclpy.actions"
[0.356s]   with any of the following names:
[0.356s] 
[0.356s]     rclpy.actionsConfig.cmake
[0.356s]     rclpy.actions-config.cmake
[0.356s] 
[0.357s]   Add the installation prefix of "rclpy.actions" to CMAKE_PREFIX_PATH or set
[0.357s]   "rclpy.actions_DIR" to a directory containing one of the above files.  If
[0.357s]   "rclpy.actions" provides a separate development package or SDK, be sure it
[0.357s]   has been installed.
[0.357s] 
[0.357s] [0m
[0.357s] -- Configuring incomplete, errors occurred!
[0.357s] See also "/home/user/ros2_ws/build/actions_quiz_msg/CMakeFiles/CMakeOutput.log".
[0.359s] Invoked command in '/home/user/ros2_ws/build/actions_quiz_msg' returned '1': CMAKE_PREFIX_PATH=${CMAKE_PREFIX_PATH}:/home/user/ros2_ws/install/my_action_server:/home/user/ros2_ws/install/my_action_client:/home/simulations/ros2_sims_ws/install/turtlebot3_teleop:/home/simulations/ros2_sims_ws/install/turtlebot3_example:/home/simulations/ros2_sims_ws/install/services_pkg:/home/user/ros2_ws/install/topics_quiz:/home/user/ros2_ws/install/subscriber_pkg:/home/user/ros2_ws/install/publisher_pkg:/home/user/ros2_ws/install/my_package:/home/user/ros2_ws/install/movement_pkg:/home/user/ros2_ws/install/exercise42_pkg:/home/user/ros2_ws/install/client_pkg:/opt/ros/humble _=/usr/bin/env /usr/bin/cmake /home/user/ros2_ws/src/actions_quiz_msg -DCMAKE_INSTALL_PREFIX=/home/user/ros2_ws/install/actions_quiz_msg
