[5.831s] Invoking command in '/home/user/ros2_ws/src/client_pkg': PYTHONPATH=/home/user/ros2_ws/build/client_pkg/prefix_override:/home/user/ros2_ws/install/client_pkg/lib/python3.10/site-packages:${PYTHONPATH} _=/usr/bin/env /usr/bin/python3 setup.py egg_info --egg-base ../../build/client_pkg build --build-base /home/user/ros2_ws/build/client_pkg/build install --record /home/user/ros2_ws/build/client_pkg/install.log --single-version-externally-managed
[7.835s] running egg_info
[7.836s] writing ../../build/client_pkg/client_pkg.egg-info/PKG-INFO
[7.849s] writing dependency_links to ../../build/client_pkg/client_pkg.egg-info/dependency_links.txt
[7.849s] writing entry points to ../../build/client_pkg/client_pkg.egg-info/entry_points.txt
[7.849s] writing requirements to ../../build/client_pkg/client_pkg.egg-info/requires.txt
[7.849s] writing top-level names to ../../build/client_pkg/client_pkg.egg-info/top_level.txt
[7.853s] reading manifest file '../../build/client_pkg/client_pkg.egg-info/SOURCES.txt'
[7.858s] writing manifest file '../../build/client_pkg/client_pkg.egg-info/SOURCES.txt'
[7.859s] running build
[7.859s] running build_py
[7.860s] running install
[7.891s] running install_lib
[7.895s] running install_data
[7.895s] running install_egg_info
[7.898s] removing '/home/user/ros2_ws/install/client_pkg/lib/python3.10/site-packages/client_pkg-0.0.0-py3.10.egg-info' (and everything under it)
[7.899s] Copying ../../build/client_pkg/client_pkg.egg-info to /home/user/ros2_ws/install/client_pkg/lib/python3.10/site-packages/client_pkg-0.0.0-py3.10.egg-info
[7.901s] running install_scripts
[8.008s] Installing service_client script to /home/user/ros2_ws/install/client_pkg/lib/client_pkg
[8.008s] Installing stop_client script to /home/user/ros2_ws/install/client_pkg/lib/client_pkg
[8.008s] writing list of installed files to '/home/user/ros2_ws/build/client_pkg/install.log'
[8.148s] Invoked command in '/home/user/ros2_ws/src/client_pkg' returned '0': PYTHONPATH=/home/user/ros2_ws/build/client_pkg/prefix_override:/home/user/ros2_ws/install/client_pkg/lib/python3.10/site-packages:${PYTHONPATH} _=/usr/bin/env /usr/bin/python3 setup.py egg_info --egg-base ../../build/client_pkg build --build-base /home/user/ros2_ws/build/client_pkg/build install --record /home/user/ros2_ws/build/client_pkg/install.log --single-version-externally-managed
