[1.276s] Invoking command in '/home/user/ros2_ws/src/my_package': PYTHONPATH=/home/user/ros2_ws/build/my_package/prefix_override:/home/user/ros2_ws/install/my_package/lib/python3.10/site-packages:${PYTHONPATH} _=/usr/bin/env /usr/bin/python3 setup.py egg_info --egg-base ../../build/my_package build --build-base /home/user/ros2_ws/build/my_package/build install --record /home/user/ros2_ws/build/my_package/install.log --single-version-externally-managed
[1.726s] running egg_info
[1.726s] creating ../../build/my_package/my_package.egg-info
[1.727s] writing ../../build/my_package/my_package.egg-info/PKG-INFO
[1.727s] writing dependency_links to ../../build/my_package/my_package.egg-info/dependency_links.txt
[1.727s] writing entry points to ../../build/my_package/my_package.egg-info/entry_points.txt
[1.728s] writing requirements to ../../build/my_package/my_package.egg-info/requires.txt
[1.728s] writing top-level names to ../../build/my_package/my_package.egg-info/top_level.txt
[1.728s] writing manifest file '../../build/my_package/my_package.egg-info/SOURCES.txt'
[1.730s] reading manifest file '../../build/my_package/my_package.egg-info/SOURCES.txt'
[1.731s] writing manifest file '../../build/my_package/my_package.egg-info/SOURCES.txt'
[1.731s] running build
[1.731s] running build_py
[1.731s] creating /home/user/ros2_ws/build/my_package/build
[1.732s] creating /home/user/ros2_ws/build/my_package/build/lib
[1.732s] creating /home/user/ros2_ws/build/my_package/build/lib/my_package
[1.732s] copying my_package/__init__.py -> /home/user/ros2_ws/build/my_package/build/lib/my_package
[1.732s] running install
[1.732s] running install_lib
[1.733s] creating /home/user/ros2_ws/install/my_package/lib/python3.10/site-packages/my_package
[1.733s] copying /home/user/ros2_ws/build/my_package/build/lib/my_package/__init__.py -> /home/user/ros2_ws/install/my_package/lib/python3.10/site-packages/my_package
[1.734s] byte-compiling /home/user/ros2_ws/install/my_package/lib/python3.10/site-packages/my_package/__init__.py to __init__.cpython-310.pyc
[1.734s] running install_data
[1.735s] creating /home/user/ros2_ws/install/my_package/share/ament_index
[1.735s] creating /home/user/ros2_ws/install/my_package/share/ament_index/resource_index
[1.735s] creating /home/user/ros2_ws/install/my_package/share/ament_index/resource_index/packages
[1.736s] copying resource/my_package -> /home/user/ros2_ws/install/my_package/share/ament_index/resource_index/packages
[1.736s] copying package.xml -> /home/user/ros2_ws/install/my_package/share/my_package
[1.736s] running install_egg_info
[1.738s] Copying ../../build/my_package/my_package.egg-info to /home/user/ros2_ws/install/my_package/lib/python3.10/site-packages/my_package-0.0.0-py3.10.egg-info
[1.740s] running install_scripts
[1.773s] writing list of installed files to '/home/user/ros2_ws/build/my_package/install.log'
[1.810s] Invoked command in '/home/user/ros2_ws/src/my_package' returned '0': PYTHONPATH=/home/user/ros2_ws/build/my_package/prefix_override:/home/user/ros2_ws/install/my_package/lib/python3.10/site-packages:${PYTHONPATH} _=/usr/bin/env /usr/bin/python3 setup.py egg_info --egg-base ../../build/my_package build --build-base /home/user/ros2_ws/build/my_package/build install --record /home/user/ros2_ws/build/my_package/install.log --single-version-externally-managed
