[2.656s] Invoking command in '/home/user/ros2_ws/src/my_package': PYTHONPATH=/home/user/ros2_ws/build/my_package/prefix_override:/home/user/ros2_ws/install/my_package/lib/python3.10/site-packages:${PYTHONPATH} _=/usr/bin/env /usr/bin/python3 setup.py egg_info --egg-base ../../build/my_package build --build-base /home/user/ros2_ws/build/my_package/build install --record /home/user/ros2_ws/build/my_package/install.log --single-version-externally-managed
[3.536s] running egg_info
[3.537s] writing ../../build/my_package/my_package.egg-info/PKG-INFO
[3.538s] writing dependency_links to ../../build/my_package/my_package.egg-info/dependency_links.txt
[3.538s] writing entry points to ../../build/my_package/my_package.egg-info/entry_points.txt
[3.538s] writing requirements to ../../build/my_package/my_package.egg-info/requires.txt
[3.538s] writing top-level names to ../../build/my_package/my_package.egg-info/top_level.txt
[3.546s] reading manifest file '../../build/my_package/my_package.egg-info/SOURCES.txt'
[3.547s] writing manifest file '../../build/my_package/my_package.egg-info/SOURCES.txt'
[3.547s] running build
[3.547s] running build_py
[3.547s] running install
[3.547s] running install_lib
[3.547s] running install_data
[3.548s] running install_egg_info
[3.555s] removing '/home/user/ros2_ws/install/my_package/lib/python3.10/site-packages/my_package-0.0.0-py3.10.egg-info' (and everything under it)
[3.556s] Copying ../../build/my_package/my_package.egg-info to /home/user/ros2_ws/install/my_package/lib/python3.10/site-packages/my_package-0.0.0-py3.10.egg-info
[3.557s] running install_scripts
[3.614s] Installing simple_node script to /home/user/ros2_ws/install/my_package/lib/my_package
[3.614s] writing list of installed files to '/home/user/ros2_ws/build/my_package/install.log'
[3.673s] Invoked command in '/home/user/ros2_ws/src/my_package' returned '0': PYTHONPATH=/home/user/ros2_ws/build/my_package/prefix_override:/home/user/ros2_ws/install/my_package/lib/python3.10/site-packages:${PYTHONPATH} _=/usr/bin/env /usr/bin/python3 setup.py egg_info --egg-base ../../build/my_package build --build-base /home/user/ros2_ws/build/my_package/build install --record /home/user/ros2_ws/build/my_package/install.log --single-version-externally-managed
