[6.607s] Invoking command in '/home/user/ros2_ws/src/publisher_pkg': PYTHONPATH=/home/user/ros2_ws/build/publisher_pkg/prefix_override:/home/user/ros2_ws/install/publisher_pkg/lib/python3.10/site-packages:${PYTHONPATH} _=/usr/bin/env /usr/bin/python3 setup.py egg_info --egg-base ../../build/publisher_pkg build --build-base /home/user/ros2_ws/build/publisher_pkg/build install --record /home/user/ros2_ws/build/publisher_pkg/install.log --single-version-externally-managed
[8.994s] running egg_info
[8.994s] writing ../../build/publisher_pkg/publisher_pkg.egg-info/PKG-INFO
[9.005s] writing dependency_links to ../../build/publisher_pkg/publisher_pkg.egg-info/dependency_links.txt
[9.005s] writing entry points to ../../build/publisher_pkg/publisher_pkg.egg-info/entry_points.txt
[9.006s] writing requirements to ../../build/publisher_pkg/publisher_pkg.egg-info/requires.txt
[9.006s] writing top-level names to ../../build/publisher_pkg/publisher_pkg.egg-info/top_level.txt
[9.006s] reading manifest file '../../build/publisher_pkg/publisher_pkg.egg-info/SOURCES.txt'
[9.012s] writing manifest file '../../build/publisher_pkg/publisher_pkg.egg-info/SOURCES.txt'
[9.012s] running build
[9.012s] running build_py
[9.012s] running install
[9.012s] running install_lib
[9.014s] running install_data
[9.018s] running install_egg_info
[9.019s] removing '/home/user/ros2_ws/install/publisher_pkg/lib/python3.10/site-packages/publisher_pkg-0.0.0-py3.10.egg-info' (and everything under it)
[9.019s] Copying ../../build/publisher_pkg/publisher_pkg.egg-info to /home/user/ros2_ws/install/publisher_pkg/lib/python3.10/site-packages/publisher_pkg-0.0.0-py3.10.egg-info
[9.022s] running install_scripts
[9.122s] Installing simple_publisher script to /home/user/ros2_ws/install/publisher_pkg/lib/publisher_pkg
[9.122s] writing list of installed files to '/home/user/ros2_ws/build/publisher_pkg/install.log'
[9.904s] Invoked command in '/home/user/ros2_ws/src/publisher_pkg' returned '0': PYTHONPATH=/home/user/ros2_ws/build/publisher_pkg/prefix_override:/home/user/ros2_ws/install/publisher_pkg/lib/python3.10/site-packages:${PYTHONPATH} _=/usr/bin/env /usr/bin/python3 setup.py egg_info --egg-base ../../build/publisher_pkg build --build-base /home/user/ros2_ws/build/publisher_pkg/build install --record /home/user/ros2_ws/build/publisher_pkg/install.log --single-version-externally-managed
