[1.264s] Invoking command in '/home/user/ros2_ws/src/my_action_server': PYTHONPATH=/home/user/ros2_ws/build/my_action_server/prefix_override:/home/user/ros2_ws/install/my_action_server/lib/python3.10/site-packages:${PYTHONPATH} _=/usr/bin/env /usr/bin/python3 setup.py egg_info --egg-base ../../build/my_action_server build --build-base /home/user/ros2_ws/build/my_action_server/build install --record /home/user/ros2_ws/build/my_action_server/install.log --single-version-externally-managed
[1.750s] running egg_info
[1.750s] writing ../../build/my_action_server/my_action_server.egg-info/PKG-INFO
[1.751s] writing dependency_links to ../../build/my_action_server/my_action_server.egg-info/dependency_links.txt
[1.751s] writing entry points to ../../build/my_action_server/my_action_server.egg-info/entry_points.txt
[1.751s] writing requirements to ../../build/my_action_server/my_action_server.egg-info/requires.txt
[1.752s] writing top-level names to ../../build/my_action_server/my_action_server.egg-info/top_level.txt
[1.754s] reading manifest file '../../build/my_action_server/my_action_server.egg-info/SOURCES.txt'
[1.755s] writing manifest file '../../build/my_action_server/my_action_server.egg-info/SOURCES.txt'
[1.755s] running build
[1.756s] running build_py
[1.756s] running install
[1.756s] running install_lib
[1.758s] running install_data
[1.759s] running install_egg_info
[1.762s] removing '/home/user/ros2_ws/install/my_action_server/lib/python3.10/site-packages/my_action_server-0.0.0-py3.10.egg-info' (and everything under it)
[1.762s] Copying ../../build/my_action_server/my_action_server.egg-info to /home/user/ros2_ws/install/my_action_server/lib/python3.10/site-packages/my_action_server-0.0.0-py3.10.egg-info
[1.764s] running install_scripts
[1.799s] Installing example63 script to /home/user/ros2_ws/install/my_action_server/lib/my_action_server
[1.800s] writing list of installed files to '/home/user/ros2_ws/build/my_action_server/install.log'
[1.839s] Invoked command in '/home/user/ros2_ws/src/my_action_server' returned '0': PYTHONPATH=/home/user/ros2_ws/build/my_action_server/prefix_override:/home/user/ros2_ws/install/my_action_server/lib/python3.10/site-packages:${PYTHONPATH} _=/usr/bin/env /usr/bin/python3 setup.py egg_info --egg-base ../../build/my_action_server build --build-base /home/user/ros2_ws/build/my_action_server/build install --record /home/user/ros2_ws/build/my_action_server/install.log --single-version-externally-managed
