[0.033s] Invoking command in '/home/user/ros2_ws/src/build/actions_quiz_msg': CMAKE_PREFIX_PATH=${CMAKE_PREFIX_PATH}:/home/user/ros2_ws/install/my_action_server:/home/user/ros2_ws/install/my_action_client:/home/simulations/ros2_sims_ws/install/turtlebot3_teleop:/home/simulations/ros2_sims_ws/install/turtlebot3_example:/home/simulations/ros2_sims_ws/install/services_pkg:/home/user/ros2_ws/install/topics_quiz:/home/user/ros2_ws/install/subscriber_pkg:/home/user/ros2_ws/install/publisher_pkg:/home/user/ros2_ws/install/my_package:/home/user/ros2_ws/install/movement_pkg:/home/user/ros2_ws/install/exercise42_pkg:/home/user/ros2_ws/install/client_pkg:/opt/ros/humble _=/usr/bin/env /usr/bin/cmake /home/user/ros2_ws/src/custom_interfaces -DCMAKE_INSTALL_PREFIX=/home/user/ros2_ws/src/install/actions_quiz_msg
[0.130s] -- The C compiler identification is GNU 11.2.0
[0.222s] -- The CXX compiler identification is GNU 11.2.0
[0.231s] -- Detecting C compiler ABI info
[0.342s] -- Detecting C compiler ABI info - done
[0.357s] -- Check for working C compiler: /usr/bin/cc - skipped
[0.358s] -- Detecting C compile features
[0.358s] -- Detecting C compile features - done
[0.364s] -- Detecting CXX compiler ABI info
[0.508s] -- Detecting CXX compiler ABI info - done
[0.520s] -- Check for working CXX compiler: /usr/bin/c++ - skipped
[0.521s] -- Detecting CXX compile features
[0.521s] -- Detecting CXX compile features - done
[0.530s] -- Found ament_cmake: 1.3.2 (/opt/ros/humble/share/ament_cmake/cmake)
[0.864s] -- Found Python3: /usr/bin/python3.10 (found version "3.10.6") found components: Interpreter 
[1.126s] -- Found rclcpp: 16.0.1 (/opt/ros/humble/share/rclcpp/cmake)
[1.297s] -- Found rosidl_generator_c: 3.1.3 (/opt/ros/humble/share/rosidl_generator_c/cmake)
[1.318s] -- Found rosidl_adapter: 3.1.3 (/opt/ros/humble/share/rosidl_adapter/cmake)
[1.343s] -- Found rosidl_generator_cpp: 3.1.3 (/opt/ros/humble/share/rosidl_generator_cpp/cmake)
[1.385s] -- Using all available rosidl_typesupport_c: rosidl_typesupport_fastrtps_c;rosidl_typesupport_introspection_c
[1.439s] -- Using all available rosidl_typesupport_cpp: rosidl_typesupport_fastrtps_cpp;rosidl_typesupport_introspection_cpp
[1.622s] -- Found rmw_implementation_cmake: 6.1.0 (/opt/ros/humble/share/rmw_implementation_cmake/cmake)
[1.635s] -- Found rmw_fastrtps_cpp: 6.2.1 (/opt/ros/humble/share/rmw_fastrtps_cpp/cmake)
[1.887s] -- Found OpenSSL: /usr/lib/x86_64-linux-gnu/libcrypto.so (found version "3.0.2")  
[1.956s] -- Found FastRTPS: /opt/ros/humble/include  
[2.077s] -- Using RMW implementation 'rmw_fastrtps_cpp' as default
[2.414s] -- Found action_msgs: 1.2.0 (/opt/ros/humble/share/action_msgs/cmake)
[2.541s] -- Found rosidl_default_generators: 1.2.0 (/opt/ros/humble/share/rosidl_default_generators/cmake)
[2.571s] -- Found ament_lint_auto: 0.12.4 (/opt/ros/humble/share/ament_lint_auto/cmake)
[3.140s] -- Found ament_cmake_ros: 0.10.0 (/opt/ros/humble/share/ament_cmake_ros/cmake)
[3.747s] -- Using all available rosidl_typesupport_c: rosidl_typesupport_fastrtps_c;rosidl_typesupport_introspection_c
[3.972s] -- Using all available rosidl_typesupport_cpp: rosidl_typesupport_fastrtps_cpp;rosidl_typesupport_introspection_cpp
[4.017s] -- Found PythonInterp: /usr/bin/python3 (found suitable version "3.10.6", minimum required is "3.6") 
[4.027s] -- Found python_cmake_module: 0.10.0 (/opt/ros/humble/share/python_cmake_module/cmake)
[4.076s] -- Found PythonLibs: /usr/lib/x86_64-linux-gnu/libpython3.10.so (found suitable version "3.10.6", minimum required is "3.5") 
[4.076s] -- Using PYTHON_EXECUTABLE: /usr/bin/python3
[4.076s] -- Using PYTHON_INCLUDE_DIRS: /usr/include/python3.10
[4.076s] -- Using PYTHON_LIBRARIES: /usr/lib/x86_64-linux-gnu/libpython3.10.so
[4.119s] -- Found PythonExtra: .so  
[4.259s] -- Added test 'flake8' to check Python code syntax and style conventions
[4.267s] -- Added test 'lint_cmake' to check CMake code style
[4.273s] -- Added test 'pep257' to check Python code against some of the docstring style conventions in PEP 257
[4.309s] -- Added test 'xmllint' to check XML markup files
[4.321s] -- Configuring done
[4.396s] -- Generating done
[4.401s] -- Build files have been written to: /home/user/ros2_ws/src/build/actions_quiz_msg
[4.420s] Invoked command in '/home/user/ros2_ws/src/build/actions_quiz_msg' returned '0': CMAKE_PREFIX_PATH=${CMAKE_PREFIX_PATH}:/home/user/ros2_ws/install/my_action_server:/home/user/ros2_ws/install/my_action_client:/home/simulations/ros2_sims_ws/install/turtlebot3_teleop:/home/simulations/ros2_sims_ws/install/turtlebot3_example:/home/simulations/ros2_sims_ws/install/services_pkg:/home/user/ros2_ws/install/topics_quiz:/home/user/ros2_ws/install/subscriber_pkg:/home/user/ros2_ws/install/publisher_pkg:/home/user/ros2_ws/install/my_package:/home/user/ros2_ws/install/movement_pkg:/home/user/ros2_ws/install/exercise42_pkg:/home/user/ros2_ws/install/client_pkg:/opt/ros/humble _=/usr/bin/env /usr/bin/cmake /home/user/ros2_ws/src/custom_interfaces -DCMAKE_INSTALL_PREFIX=/home/user/ros2_ws/src/install/actions_quiz_msg
[4.424s] Invoking command in '/home/user/ros2_ws/src/build/actions_quiz_msg': CMAKE_PREFIX_PATH=${CMAKE_PREFIX_PATH}:/home/user/ros2_ws/install/my_action_server:/home/user/ros2_ws/install/my_action_client:/home/simulations/ros2_sims_ws/install/turtlebot3_teleop:/home/simulations/ros2_sims_ws/install/turtlebot3_example:/home/simulations/ros2_sims_ws/install/services_pkg:/home/user/ros2_ws/install/topics_quiz:/home/user/ros2_ws/install/subscriber_pkg:/home/user/ros2_ws/install/publisher_pkg:/home/user/ros2_ws/install/my_package:/home/user/ros2_ws/install/movement_pkg:/home/user/ros2_ws/install/exercise42_pkg:/home/user/ros2_ws/install/client_pkg:/opt/ros/humble _=/usr/bin/env /usr/bin/cmake --build /home/user/ros2_ws/src/build/actions_quiz_msg -- -j8 -l8
[4.510s] [  2%] [34m[1mGenerating C++ code for ROS interfaces[0m
[5.673s] [  2%] Built target actions_quiz_msg__cpp
[5.726s] [  2%] Built target ament_cmake_python_copy_actions_quiz_msg
[5.743s] [  4%] [34m[1mGenerating C++ introspection for ROS interfaces[0m
[6.606s] [  6%] [32mBuilding CXX object CMakeFiles/actions_quiz_msg__rosidl_typesupport_introspection_cpp.dir/rosidl_typesupport_introspection_cpp/actions_quiz_msg/msg/detail/age__type_support.cpp.o[0m
[7.180s] [  8%] [32mBuilding CXX object CMakeFiles/actions_quiz_msg__rosidl_typesupport_introspection_cpp.dir/rosidl_typesupport_introspection_cpp/actions_quiz_msg/action/detail/move__type_support.cpp.o[0m
[8.088s] [ 10%] [32mBuilding CXX object CMakeFiles/actions_quiz_msg__rosidl_typesupport_introspection_cpp.dir/rosidl_typesupport_introspection_cpp/actions_quiz_msg/srv/detail/my_custom_service_message__type_support.cpp.o[0m
[8.675s] [ 12%] [32m[1mLinking CXX shared library libactions_quiz_msg__rosidl_typesupport_introspection_cpp.so[0m
[8.787s] [ 12%] Built target actions_quiz_msg__rosidl_typesupport_introspection_cpp
[9.255s] running egg_info
[9.256s] creating actions_quiz_msg.egg-info
[9.256s] writing actions_quiz_msg.egg-info/PKG-INFO
[9.257s] writing dependency_links to actions_quiz_msg.egg-info/dependency_links.txt
[9.257s] writing top-level names to actions_quiz_msg.egg-info/top_level.txt
[9.257s] writing manifest file 'actions_quiz_msg.egg-info/SOURCES.txt'
[9.260s] reading manifest file 'actions_quiz_msg.egg-info/SOURCES.txt'
[9.260s] writing manifest file 'actions_quiz_msg.egg-info/SOURCES.txt'
[9.299s] [ 12%] Built target ament_cmake_python_build_actions_quiz_msg_egg
[9.316s] [ 14%] [34m[1mGenerating C++ type support for eProsima Fast-RTPS[0m
[10.235s] [ 17%] [32mBuilding CXX object CMakeFiles/actions_quiz_msg__rosidl_typesupport_fastrtps_cpp.dir/rosidl_typesupport_fastrtps_cpp/actions_quiz_msg/msg/detail/dds_fastrtps/age__type_support.cpp.o[0m
[10.838s] [ 19%] [32mBuilding CXX object CMakeFiles/actions_quiz_msg__rosidl_typesupport_fastrtps_cpp.dir/rosidl_typesupport_fastrtps_cpp/actions_quiz_msg/action/detail/dds_fastrtps/move__type_support.cpp.o[0m
[11.670s] [ 21%] [32mBuilding CXX object CMakeFiles/actions_quiz_msg__rosidl_typesupport_fastrtps_cpp.dir/rosidl_typesupport_fastrtps_cpp/actions_quiz_msg/srv/detail/dds_fastrtps/my_custom_service_message__type_support.cpp.o[0m
[12.270s] [ 23%] [32m[1mLinking CXX shared library libactions_quiz_msg__rosidl_typesupport_fastrtps_cpp.so[0m
[12.399s] [ 23%] Built target actions_quiz_msg__rosidl_typesupport_fastrtps_cpp
[12.415s] [ 25%] [34m[1mGenerating C++ type support dispatch for ROS interfaces[0m
[13.060s] [ 27%] [32mBuilding CXX object CMakeFiles/actions_quiz_msg__rosidl_typesupport_cpp.dir/rosidl_typesupport_cpp/actions_quiz_msg/msg/age__type_support.cpp.o[0m
[13.473s] [ 29%] [32mBuilding CXX object CMakeFiles/actions_quiz_msg__rosidl_typesupport_cpp.dir/rosidl_typesupport_cpp/actions_quiz_msg/action/move__type_support.cpp.o[0m
[14.122s] [ 31%] [32mBuilding CXX object CMakeFiles/actions_quiz_msg__rosidl_typesupport_cpp.dir/rosidl_typesupport_cpp/actions_quiz_msg/srv/my_custom_service_message__type_support.cpp.o[0m
[14.527s] [ 34%] [32m[1mLinking CXX shared library libactions_quiz_msg__rosidl_typesupport_cpp.so[0m
[14.602s] [ 34%] Built target actions_quiz_msg__rosidl_typesupport_cpp
[14.620s] [ 36%] [34m[1mGenerating C code for ROS interfaces[0m
[15.820s] [ 38%] [32mBuilding C object CMakeFiles/actions_quiz_msg__rosidl_generator_c.dir/rosidl_generator_c/actions_quiz_msg/msg/detail/age__functions.c.o[0m
[15.894s] [ 40%] [32mBuilding C object CMakeFiles/actions_quiz_msg__rosidl_generator_c.dir/rosidl_generator_c/actions_quiz_msg/action/detail/move__functions.c.o[0m
[16.098s] [ 42%] [32mBuilding C object CMakeFiles/actions_quiz_msg__rosidl_generator_c.dir/rosidl_generator_c/actions_quiz_msg/srv/detail/my_custom_service_message__functions.c.o[0m
[16.187s] [ 44%] [32m[1mLinking C shared library libactions_quiz_msg__rosidl_generator_c.so[0m
[16.242s] [ 44%] Built target actions_quiz_msg__rosidl_generator_c
[16.257s] [ 46%] [34m[1mGenerating C type support for eProsima Fast-RTPS[0m
[17.168s] [ 48%] [32mBuilding CXX object CMakeFiles/actions_quiz_msg__rosidl_typesupport_fastrtps_c.dir/rosidl_typesupport_fastrtps_c/actions_quiz_msg/msg/detail/age__type_support_c.cpp.o[0m
[17.672s] [ 51%] [32mBuilding CXX object CMakeFiles/actions_quiz_msg__rosidl_typesupport_fastrtps_c.dir/rosidl_typesupport_fastrtps_c/actions_quiz_msg/action/detail/move__type_support_c.cpp.o[0m
[18.257s] [ 53%] [32mBuilding CXX object CMakeFiles/actions_quiz_msg__rosidl_typesupport_fastrtps_c.dir/rosidl_typesupport_fastrtps_c/actions_quiz_msg/srv/detail/my_custom_service_message__type_support_c.cpp.o[0m
[18.781s] [ 55%] [32m[1mLinking CXX shared library libactions_quiz_msg__rosidl_typesupport_fastrtps_c.so[0m
[18.895s] [ 55%] Built target actions_quiz_msg__rosidl_typesupport_fastrtps_c
[18.915s] [ 57%] [34m[1mGenerating C type support dispatch for ROS interfaces[0m
[19.526s] [ 59%] [32mBuilding CXX object CMakeFiles/actions_quiz_msg__rosidl_typesupport_c.dir/rosidl_typesupport_c/actions_quiz_msg/msg/age__type_support.cpp.o[0m
[19.586s] [ 61%] [32mBuilding CXX object CMakeFiles/actions_quiz_msg__rosidl_typesupport_c.dir/rosidl_typesupport_c/actions_quiz_msg/action/move__type_support.cpp.o[0m
[19.657s] [ 63%] [32mBuilding CXX object CMakeFiles/actions_quiz_msg__rosidl_typesupport_c.dir/rosidl_typesupport_c/actions_quiz_msg/srv/my_custom_service_message__type_support.cpp.o[0m
[19.707s] [ 65%] [32m[1mLinking CXX shared library libactions_quiz_msg__rosidl_typesupport_c.so[0m
[19.790s] [ 65%] Built target actions_quiz_msg__rosidl_typesupport_c
[19.805s] [ 68%] [34m[1mGenerating C introspection for ROS interfaces[0m
[20.679s] [ 70%] [32mBuilding C object CMakeFiles/actions_quiz_msg__rosidl_typesupport_introspection_c.dir/rosidl_typesupport_introspection_c/actions_quiz_msg/msg/detail/age__type_support.c.o[0m
[20.730s] [ 72%] [32mBuilding C object CMakeFiles/actions_quiz_msg__rosidl_typesupport_introspection_c.dir/rosidl_typesupport_introspection_c/actions_quiz_msg/action/detail/move__type_support.c.o[0m
[20.805s] [ 74%] [32mBuilding C object CMakeFiles/actions_quiz_msg__rosidl_typesupport_introspection_c.dir/rosidl_typesupport_introspection_c/actions_quiz_msg/srv/detail/my_custom_service_message__type_support.c.o[0m
[20.859s] [ 76%] [32m[1mLinking C shared library libactions_quiz_msg__rosidl_typesupport_introspection_c.so[0m
[20.913s] [ 76%] Built target actions_quiz_msg__rosidl_typesupport_introspection_c
[20.946s] [ 76%] Built target actions_quiz_msg
[20.981s] [ 78%] [34m[1mGenerating Python code for ROS interfaces[0m
[22.936s] [ 78%] Built target actions_quiz_msg__py
[22.973s] [ 80%] [32mBuilding C object CMakeFiles/actions_quiz_msg__rosidl_generator_py.dir/rosidl_generator_py/actions_quiz_msg/msg/_age_s.c.o[0m
[23.150s] [ 82%] [32mBuilding C object CMakeFiles/actions_quiz_msg__rosidl_generator_py.dir/rosidl_generator_py/actions_quiz_msg/action/_move_s.c.o[0m
[23.410s] [ 85%] [32mBuilding C object CMakeFiles/actions_quiz_msg__rosidl_generator_py.dir/rosidl_generator_py/actions_quiz_msg/srv/_my_custom_service_message_s.c.o[0m
[23.598s] [ 87%] [32m[1mLinking C shared library rosidl_generator_py/actions_quiz_msg/libactions_quiz_msg__rosidl_generator_py.so[0m
[23.665s] [ 87%] Built target actions_quiz_msg__rosidl_generator_py
[23.699s] [ 89%] [32mBuilding C object CMakeFiles/actions_quiz_msg__rosidl_typesupport_fastrtps_c__pyext.dir/rosidl_generator_py/actions_quiz_msg/_actions_quiz_msg_s.ep.rosidl_typesupport_fastrtps_c.c.o[0m
[23.932s] [ 91%] [32m[1mLinking C shared library rosidl_generator_py/actions_quiz_msg/actions_quiz_msg_s__rosidl_typesupport_fastrtps_c.cpython-310-x86_64-linux-gnu.so[0m
[24.008s] [ 91%] Built target actions_quiz_msg__rosidl_typesupport_fastrtps_c__pyext
[24.042s] [ 93%] [32mBuilding C object CMakeFiles/actions_quiz_msg__rosidl_typesupport_c__pyext.dir/rosidl_generator_py/actions_quiz_msg/_actions_quiz_msg_s.ep.rosidl_typesupport_c.c.o[0m
[24.291s] [ 95%] [32m[1mLinking C shared library rosidl_generator_py/actions_quiz_msg/actions_quiz_msg_s__rosidl_typesupport_c.cpython-310-x86_64-linux-gnu.so[0m
[24.356s] [ 95%] Built target actions_quiz_msg__rosidl_typesupport_c__pyext
[24.399s] [ 97%] [32mBuilding C object CMakeFiles/actions_quiz_msg__rosidl_typesupport_introspection_c__pyext.dir/rosidl_generator_py/actions_quiz_msg/_actions_quiz_msg_s.ep.rosidl_typesupport_introspection_c.c.o[0m
[24.650s] [100%] [32m[1mLinking C shared library rosidl_generator_py/actions_quiz_msg/actions_quiz_msg_s__rosidl_typesupport_introspection_c.cpython-310-x86_64-linux-gnu.so[0m
[24.720s] [100%] Built target actions_quiz_msg__rosidl_typesupport_introspection_c__pyext
[24.740s] Invoked command in '/home/user/ros2_ws/src/build/actions_quiz_msg' returned '0': CMAKE_PREFIX_PATH=${CMAKE_PREFIX_PATH}:/home/user/ros2_ws/install/my_action_server:/home/user/ros2_ws/install/my_action_client:/home/simulations/ros2_sims_ws/install/turtlebot3_teleop:/home/simulations/ros2_sims_ws/install/turtlebot3_example:/home/simulations/ros2_sims_ws/install/services_pkg:/home/user/ros2_ws/install/topics_quiz:/home/user/ros2_ws/install/subscriber_pkg:/home/user/ros2_ws/install/publisher_pkg:/home/user/ros2_ws/install/my_package:/home/user/ros2_ws/install/movement_pkg:/home/user/ros2_ws/install/exercise42_pkg:/home/user/ros2_ws/install/client_pkg:/opt/ros/humble _=/usr/bin/env /usr/bin/cmake --build /home/user/ros2_ws/src/build/actions_quiz_msg -- -j8 -l8
[25.069s] Invoking command in '/home/user/ros2_ws/src/build/actions_quiz_msg': CMAKE_PREFIX_PATH=${CMAKE_PREFIX_PATH}:/home/user/ros2_ws/install/my_action_server:/home/user/ros2_ws/install/my_action_client:/home/simulations/ros2_sims_ws/install/turtlebot3_teleop:/home/simulations/ros2_sims_ws/install/turtlebot3_example:/home/simulations/ros2_sims_ws/install/services_pkg:/home/user/ros2_ws/install/topics_quiz:/home/user/ros2_ws/install/subscriber_pkg:/home/user/ros2_ws/install/publisher_pkg:/home/user/ros2_ws/install/my_package:/home/user/ros2_ws/install/movement_pkg:/home/user/ros2_ws/install/exercise42_pkg:/home/user/ros2_ws/install/client_pkg:/opt/ros/humble _=/usr/bin/env /usr/bin/cmake --install /home/user/ros2_ws/src/build/actions_quiz_msg
[25.080s] -- Install configuration: ""
[25.081s] -- Installing: /home/user/ros2_ws/src/install/actions_quiz_msg/share/ament_index/resource_index/rosidl_interfaces/actions_quiz_msg
[25.081s] -- Installing: /home/user/ros2_ws/src/install/actions_quiz_msg/include/actions_quiz_msg/actions_quiz_msg
[25.081s] -- Installing: /home/user/ros2_ws/src/install/actions_quiz_msg/include/actions_quiz_msg/actions_quiz_msg/srv
[25.081s] -- Installing: /home/user/ros2_ws/src/install/actions_quiz_msg/include/actions_quiz_msg/actions_quiz_msg/srv/detail
[25.082s] -- Installing: /home/user/ros2_ws/src/install/actions_quiz_msg/include/actions_quiz_msg/actions_quiz_msg/srv/detail/my_custom_service_message__type_support.h
[25.082s] -- Installing: /home/user/ros2_ws/src/install/actions_quiz_msg/include/actions_quiz_msg/actions_quiz_msg/srv/detail/my_custom_service_message__functions.h
[25.082s] -- Installing: /home/user/ros2_ws/src/install/actions_quiz_msg/include/actions_quiz_msg/actions_quiz_msg/srv/detail/my_custom_service_message__functions.c
[25.082s] -- Installing: /home/user/ros2_ws/src/install/actions_quiz_msg/include/actions_quiz_msg/actions_quiz_msg/srv/detail/my_custom_service_message__struct.h
[25.082s] -- Installing: /home/user/ros2_ws/src/install/actions_quiz_msg/include/actions_quiz_msg/actions_quiz_msg/srv/my_custom_service_message.h
[25.082s] -- Installing: /home/user/ros2_ws/src/install/actions_quiz_msg/include/actions_quiz_msg/actions_quiz_msg/msg
[25.083s] -- Installing: /home/user/ros2_ws/src/install/actions_quiz_msg/include/actions_quiz_msg/actions_quiz_msg/msg/detail
[25.083s] -- Installing: /home/user/ros2_ws/src/install/actions_quiz_msg/include/actions_quiz_msg/actions_quiz_msg/msg/detail/age__functions.c
[25.083s] -- Installing: /home/user/ros2_ws/src/install/actions_quiz_msg/include/actions_quiz_msg/actions_quiz_msg/msg/detail/age__struct.h
[25.083s] -- Installing: /home/user/ros2_ws/src/install/actions_quiz_msg/include/actions_quiz_msg/actions_quiz_msg/msg/detail/age__functions.h
[25.084s] -- Installing: /home/user/ros2_ws/src/install/actions_quiz_msg/include/actions_quiz_msg/actions_quiz_msg/msg/detail/age__type_support.h
[25.084s] -- Installing: /home/user/ros2_ws/src/install/actions_quiz_msg/include/actions_quiz_msg/actions_quiz_msg/msg/rosidl_generator_c__visibility_control.h
[25.084s] -- Installing: /home/user/ros2_ws/src/install/actions_quiz_msg/include/actions_quiz_msg/actions_quiz_msg/msg/age.h
[25.084s] -- Installing: /home/user/ros2_ws/src/install/actions_quiz_msg/include/actions_quiz_msg/actions_quiz_msg/action
[25.085s] -- Installing: /home/user/ros2_ws/src/install/actions_quiz_msg/include/actions_quiz_msg/actions_quiz_msg/action/detail
[25.086s] -- Installing: /home/user/ros2_ws/src/install/actions_quiz_msg/include/actions_quiz_msg/actions_quiz_msg/action/detail/move__functions.h
[25.086s] -- Installing: /home/user/ros2_ws/src/install/actions_quiz_msg/include/actions_quiz_msg/actions_quiz_msg/action/detail/move__functions.c
[25.086s] -- Installing: /home/user/ros2_ws/src/install/actions_quiz_msg/include/actions_quiz_msg/actions_quiz_msg/action/detail/move__type_support.h
[25.086s] -- Installing: /home/user/ros2_ws/src/install/actions_quiz_msg/include/actions_quiz_msg/actions_quiz_msg/action/detail/move__struct.h
[25.086s] -- Installing: /home/user/ros2_ws/src/install/actions_quiz_msg/include/actions_quiz_msg/actions_quiz_msg/action/move.h
[25.094s] -- Installing: /home/user/ros2_ws/src/install/actions_quiz_msg/share/actions_quiz_msg/environment/library_path.sh
[25.094s] -- Installing: /home/user/ros2_ws/src/install/actions_quiz_msg/share/actions_quiz_msg/environment/library_path.dsv
[25.095s] -- Installing: /home/user/ros2_ws/src/install/actions_quiz_msg/lib/libactions_quiz_msg__rosidl_generator_c.so
[25.095s] -- Set runtime path of "/home/user/ros2_ws/src/install/actions_quiz_msg/lib/libactions_quiz_msg__rosidl_generator_c.so" to ""
[25.095s] -- Up-to-date: /home/user/ros2_ws/src/install/actions_quiz_msg/include/actions_quiz_msg/actions_quiz_msg
[25.095s] -- Up-to-date: /home/user/ros2_ws/src/install/actions_quiz_msg/include/actions_quiz_msg/actions_quiz_msg/srv
[25.095s] -- Up-to-date: /home/user/ros2_ws/src/install/actions_quiz_msg/include/actions_quiz_msg/actions_quiz_msg/srv/detail
[25.095s] -- Installing: /home/user/ros2_ws/src/install/actions_quiz_msg/include/actions_quiz_msg/actions_quiz_msg/srv/detail/my_custom_service_message__rosidl_typesupport_fastrtps_c.h
[25.095s] -- Up-to-date: /home/user/ros2_ws/src/install/actions_quiz_msg/include/actions_quiz_msg/actions_quiz_msg/msg
[25.095s] -- Up-to-date: /home/user/ros2_ws/src/install/actions_quiz_msg/include/actions_quiz_msg/actions_quiz_msg/msg/detail
[25.095s] -- Installing: /home/user/ros2_ws/src/install/actions_quiz_msg/include/actions_quiz_msg/actions_quiz_msg/msg/detail/age__rosidl_typesupport_fastrtps_c.h
[25.096s] -- Installing: /home/user/ros2_ws/src/install/actions_quiz_msg/include/actions_quiz_msg/actions_quiz_msg/msg/rosidl_typesupport_fastrtps_c__visibility_control.h
[25.096s] -- Up-to-date: /home/user/ros2_ws/src/install/actions_quiz_msg/include/actions_quiz_msg/actions_quiz_msg/action
[25.096s] -- Up-to-date: /home/user/ros2_ws/src/install/actions_quiz_msg/include/actions_quiz_msg/actions_quiz_msg/action/detail
[25.096s] -- Installing: /home/user/ros2_ws/src/install/actions_quiz_msg/include/actions_quiz_msg/actions_quiz_msg/action/detail/move__rosidl_typesupport_fastrtps_c.h
[25.096s] -- Installing: /home/user/ros2_ws/src/install/actions_quiz_msg/lib/libactions_quiz_msg__rosidl_typesupport_fastrtps_c.so
[25.096s] -- Set runtime path of "/home/user/ros2_ws/src/install/actions_quiz_msg/lib/libactions_quiz_msg__rosidl_typesupport_fastrtps_c.so" to ""
[25.097s] -- Up-to-date: /home/user/ros2_ws/src/install/actions_quiz_msg/include/actions_quiz_msg/actions_quiz_msg
[25.097s] -- Up-to-date: /home/user/ros2_ws/src/install/actions_quiz_msg/include/actions_quiz_msg/actions_quiz_msg/srv
[25.097s] -- Up-to-date: /home/user/ros2_ws/src/install/actions_quiz_msg/include/actions_quiz_msg/actions_quiz_msg/srv/detail
[25.097s] -- Installing: /home/user/ros2_ws/src/install/actions_quiz_msg/include/actions_quiz_msg/actions_quiz_msg/srv/detail/my_custom_service_message__traits.hpp
[25.097s] -- Installing: /home/user/ros2_ws/src/install/actions_quiz_msg/include/actions_quiz_msg/actions_quiz_msg/srv/detail/my_custom_service_message__builder.hpp
[25.097s] -- Installing: /home/user/ros2_ws/src/install/actions_quiz_msg/include/actions_quiz_msg/actions_quiz_msg/srv/detail/my_custom_service_message__struct.hpp
[25.097s] -- Installing: /home/user/ros2_ws/src/install/actions_quiz_msg/include/actions_quiz_msg/actions_quiz_msg/srv/my_custom_service_message.hpp
[25.099s] -- Up-to-date: /home/user/ros2_ws/src/install/actions_quiz_msg/include/actions_quiz_msg/actions_quiz_msg/msg
[25.101s] -- Up-to-date: /home/user/ros2_ws/src/install/actions_quiz_msg/include/actions_quiz_msg/actions_quiz_msg/msg/detail
[25.101s] -- Installing: /home/user/ros2_ws/src/install/actions_quiz_msg/include/actions_quiz_msg/actions_quiz_msg/msg/detail/age__traits.hpp
[25.101s] -- Installing: /home/user/ros2_ws/src/install/actions_quiz_msg/include/actions_quiz_msg/actions_quiz_msg/msg/detail/age__struct.hpp
[25.102s] -- Installing: /home/user/ros2_ws/src/install/actions_quiz_msg/include/actions_quiz_msg/actions_quiz_msg/msg/detail/age__builder.hpp
[25.102s] -- Installing: /home/user/ros2_ws/src/install/actions_quiz_msg/include/actions_quiz_msg/actions_quiz_msg/msg/age.hpp
[25.102s] -- Up-to-date: /home/user/ros2_ws/src/install/actions_quiz_msg/include/actions_quiz_msg/actions_quiz_msg/action
[25.102s] -- Up-to-date: /home/user/ros2_ws/src/install/actions_quiz_msg/include/actions_quiz_msg/actions_quiz_msg/action/detail
[25.103s] -- Installing: /home/user/ros2_ws/src/install/actions_quiz_msg/include/actions_quiz_msg/actions_quiz_msg/action/detail/move__traits.hpp
[25.103s] -- Installing: /home/user/ros2_ws/src/install/actions_quiz_msg/include/actions_quiz_msg/actions_quiz_msg/action/detail/move__struct.hpp
[25.103s] -- Installing: /home/user/ros2_ws/src/install/actions_quiz_msg/include/actions_quiz_msg/actions_quiz_msg/action/detail/move__builder.hpp
[25.103s] -- Installing: /home/user/ros2_ws/src/install/actions_quiz_msg/include/actions_quiz_msg/actions_quiz_msg/action/move.hpp
[25.103s] -- Up-to-date: /home/user/ros2_ws/src/install/actions_quiz_msg/include/actions_quiz_msg/actions_quiz_msg
[25.103s] -- Up-to-date: /home/user/ros2_ws/src/install/actions_quiz_msg/include/actions_quiz_msg/actions_quiz_msg/srv
[25.104s] -- Up-to-date: /home/user/ros2_ws/src/install/actions_quiz_msg/include/actions_quiz_msg/actions_quiz_msg/srv/detail
[25.105s] -- Installing: /home/user/ros2_ws/src/install/actions_quiz_msg/include/actions_quiz_msg/actions_quiz_msg/srv/detail/dds_fastrtps
[25.105s] -- Installing: /home/user/ros2_ws/src/install/actions_quiz_msg/include/actions_quiz_msg/actions_quiz_msg/srv/detail/my_custom_service_message__rosidl_typesupport_fastrtps_cpp.hpp
[25.105s] -- Up-to-date: /home/user/ros2_ws/src/install/actions_quiz_msg/include/actions_quiz_msg/actions_quiz_msg/msg
[25.106s] -- Up-to-date: /home/user/ros2_ws/src/install/actions_quiz_msg/include/actions_quiz_msg/actions_quiz_msg/msg/detail
[25.106s] -- Installing: /home/user/ros2_ws/src/install/actions_quiz_msg/include/actions_quiz_msg/actions_quiz_msg/msg/detail/age__rosidl_typesupport_fastrtps_cpp.hpp
[25.106s] -- Installing: /home/user/ros2_ws/src/install/actions_quiz_msg/include/actions_quiz_msg/actions_quiz_msg/msg/detail/dds_fastrtps
[25.107s] -- Installing: /home/user/ros2_ws/src/install/actions_quiz_msg/include/actions_quiz_msg/actions_quiz_msg/msg/rosidl_typesupport_fastrtps_cpp__visibility_control.h
[25.107s] -- Up-to-date: /home/user/ros2_ws/src/install/actions_quiz_msg/include/actions_quiz_msg/actions_quiz_msg/action
[25.107s] -- Up-to-date: /home/user/ros2_ws/src/install/actions_quiz_msg/include/actions_quiz_msg/actions_quiz_msg/action/detail
[25.107s] -- Installing: /home/user/ros2_ws/src/install/actions_quiz_msg/include/actions_quiz_msg/actions_quiz_msg/action/detail/dds_fastrtps
[25.107s] -- Installing: /home/user/ros2_ws/src/install/actions_quiz_msg/include/actions_quiz_msg/actions_quiz_msg/action/detail/move__rosidl_typesupport_fastrtps_cpp.hpp
[25.108s] -- Installing: /home/user/ros2_ws/src/install/actions_quiz_msg/lib/libactions_quiz_msg__rosidl_typesupport_fastrtps_cpp.so
[25.108s] -- Set runtime path of "/home/user/ros2_ws/src/install/actions_quiz_msg/lib/libactions_quiz_msg__rosidl_typesupport_fastrtps_cpp.so" to ""
[25.108s] -- Up-to-date: /home/user/ros2_ws/src/install/actions_quiz_msg/include/actions_quiz_msg/actions_quiz_msg
[25.108s] -- Up-to-date: /home/user/ros2_ws/src/install/actions_quiz_msg/include/actions_quiz_msg/actions_quiz_msg/srv
[25.108s] -- Up-to-date: /home/user/ros2_ws/src/install/actions_quiz_msg/include/actions_quiz_msg/actions_quiz_msg/srv/detail
[25.108s] -- Installing: /home/user/ros2_ws/src/install/actions_quiz_msg/include/actions_quiz_msg/actions_quiz_msg/srv/detail/my_custom_service_message__type_support.c
[25.109s] -- Installing: /home/user/ros2_ws/src/install/actions_quiz_msg/include/actions_quiz_msg/actions_quiz_msg/srv/detail/my_custom_service_message__rosidl_typesupport_introspection_c.h
[25.109s] -- Up-to-date: /home/user/ros2_ws/src/install/actions_quiz_msg/include/actions_quiz_msg/actions_quiz_msg/msg
[25.109s] -- Up-to-date: /home/user/ros2_ws/src/install/actions_quiz_msg/include/actions_quiz_msg/actions_quiz_msg/msg/detail
[25.109s] -- Installing: /home/user/ros2_ws/src/install/actions_quiz_msg/include/actions_quiz_msg/actions_quiz_msg/msg/detail/age__type_support.c
[25.109s] -- Installing: /home/user/ros2_ws/src/install/actions_quiz_msg/include/actions_quiz_msg/actions_quiz_msg/msg/detail/age__rosidl_typesupport_introspection_c.h
[25.110s] -- Installing: /home/user/ros2_ws/src/install/actions_quiz_msg/include/actions_quiz_msg/actions_quiz_msg/msg/rosidl_typesupport_introspection_c__visibility_control.h
[25.110s] -- Up-to-date: /home/user/ros2_ws/src/install/actions_quiz_msg/include/actions_quiz_msg/actions_quiz_msg/action
[25.110s] -- Up-to-date: /home/user/ros2_ws/src/install/actions_quiz_msg/include/actions_quiz_msg/actions_quiz_msg/action/detail
[25.110s] -- Installing: /home/user/ros2_ws/src/install/actions_quiz_msg/include/actions_quiz_msg/actions_quiz_msg/action/detail/move__rosidl_typesupport_introspection_c.h
[25.110s] -- Installing: /home/user/ros2_ws/src/install/actions_quiz_msg/include/actions_quiz_msg/actions_quiz_msg/action/detail/move__type_support.c
[25.110s] -- Installing: /home/user/ros2_ws/src/install/actions_quiz_msg/lib/libactions_quiz_msg__rosidl_typesupport_introspection_c.so
[25.111s] -- Set runtime path of "/home/user/ros2_ws/src/install/actions_quiz_msg/lib/libactions_quiz_msg__rosidl_typesupport_introspection_c.so" to ""
[25.111s] -- Installing: /home/user/ros2_ws/src/install/actions_quiz_msg/lib/libactions_quiz_msg__rosidl_typesupport_c.so
[25.111s] -- Set runtime path of "/home/user/ros2_ws/src/install/actions_quiz_msg/lib/libactions_quiz_msg__rosidl_typesupport_c.so" to ""
[25.111s] -- Up-to-date: /home/user/ros2_ws/src/install/actions_quiz_msg/include/actions_quiz_msg/actions_quiz_msg
[25.111s] -- Up-to-date: /home/user/ros2_ws/src/install/actions_quiz_msg/include/actions_quiz_msg/actions_quiz_msg/srv
[25.111s] -- Up-to-date: /home/user/ros2_ws/src/install/actions_quiz_msg/include/actions_quiz_msg/actions_quiz_msg/srv/detail
[25.111s] -- Installing: /home/user/ros2_ws/src/install/actions_quiz_msg/include/actions_quiz_msg/actions_quiz_msg/srv/detail/my_custom_service_message__type_support.cpp
[25.112s] -- Installing: /home/user/ros2_ws/src/install/actions_quiz_msg/include/actions_quiz_msg/actions_quiz_msg/srv/detail/my_custom_service_message__rosidl_typesupport_introspection_cpp.hpp
[25.112s] -- Up-to-date: /home/user/ros2_ws/src/install/actions_quiz_msg/include/actions_quiz_msg/actions_quiz_msg/msg
[25.112s] -- Up-to-date: /home/user/ros2_ws/src/install/actions_quiz_msg/include/actions_quiz_msg/actions_quiz_msg/msg/detail
[25.112s] -- Installing: /home/user/ros2_ws/src/install/actions_quiz_msg/include/actions_quiz_msg/actions_quiz_msg/msg/detail/age__rosidl_typesupport_introspection_cpp.hpp
[25.112s] -- Installing: /home/user/ros2_ws/src/install/actions_quiz_msg/include/actions_quiz_msg/actions_quiz_msg/msg/detail/age__type_support.cpp
[25.112s] -- Up-to-date: /home/user/ros2_ws/src/install/actions_quiz_msg/include/actions_quiz_msg/actions_quiz_msg/action
[25.112s] -- Up-to-date: /home/user/ros2_ws/src/install/actions_quiz_msg/include/actions_quiz_msg/actions_quiz_msg/action/detail
[25.112s] -- Installing: /home/user/ros2_ws/src/install/actions_quiz_msg/include/actions_quiz_msg/actions_quiz_msg/action/detail/move__rosidl_typesupport_introspection_cpp.hpp
[25.112s] -- Installing: /home/user/ros2_ws/src/install/actions_quiz_msg/include/actions_quiz_msg/actions_quiz_msg/action/detail/move__type_support.cpp
[25.113s] -- Installing: /home/user/ros2_ws/src/install/actions_quiz_msg/lib/libactions_quiz_msg__rosidl_typesupport_introspection_cpp.so
[25.113s] -- Set runtime path of "/home/user/ros2_ws/src/install/actions_quiz_msg/lib/libactions_quiz_msg__rosidl_typesupport_introspection_cpp.so" to ""
[25.113s] -- Installing: /home/user/ros2_ws/src/install/actions_quiz_msg/lib/libactions_quiz_msg__rosidl_typesupport_cpp.so
[25.113s] -- Set runtime path of "/home/user/ros2_ws/src/install/actions_quiz_msg/lib/libactions_quiz_msg__rosidl_typesupport_cpp.so" to ""
[25.113s] -- Installing: /home/user/ros2_ws/src/install/actions_quiz_msg/share/actions_quiz_msg/environment/pythonpath.sh
[25.113s] -- Installing: /home/user/ros2_ws/src/install/actions_quiz_msg/share/actions_quiz_msg/environment/pythonpath.dsv
[25.113s] -- Installing: /home/user/ros2_ws/src/install/actions_quiz_msg/local/lib/python3.10/dist-packages/actions_quiz_msg-0.0.0-py3.10.egg-info
[25.113s] -- Installing: /home/user/ros2_ws/src/install/actions_quiz_msg/local/lib/python3.10/dist-packages/actions_quiz_msg-0.0.0-py3.10.egg-info/PKG-INFO
[25.113s] -- Installing: /home/user/ros2_ws/src/install/actions_quiz_msg/local/lib/python3.10/dist-packages/actions_quiz_msg-0.0.0-py3.10.egg-info/top_level.txt
[25.115s] -- Installing: /home/user/ros2_ws/src/install/actions_quiz_msg/local/lib/python3.10/dist-packages/actions_quiz_msg-0.0.0-py3.10.egg-info/SOURCES.txt
[25.115s] -- Installing: /home/user/ros2_ws/src/install/actions_quiz_msg/local/lib/python3.10/dist-packages/actions_quiz_msg-0.0.0-py3.10.egg-info/dependency_links.txt
[25.116s] -- Installing: /home/user/ros2_ws/src/install/actions_quiz_msg/local/lib/python3.10/dist-packages/actions_quiz_msg
[25.116s] -- Installing: /home/user/ros2_ws/src/install/actions_quiz_msg/local/lib/python3.10/dist-packages/actions_quiz_msg/actions_quiz_msg_s__rosidl_typesupport_fastrtps_c.cpython-310-x86_64-linux-gnu.so
[25.116s] -- Installing: /home/user/ros2_ws/src/install/actions_quiz_msg/local/lib/python3.10/dist-packages/actions_quiz_msg/actions_quiz_msg_s__rosidl_typesupport_c.cpython-310-x86_64-linux-gnu.so
[25.116s] -- Installing: /home/user/ros2_ws/src/install/actions_quiz_msg/local/lib/python3.10/dist-packages/actions_quiz_msg/_actions_quiz_msg_s.ep.rosidl_typesupport_introspection_c.c
[25.116s] -- Installing: /home/user/ros2_ws/src/install/actions_quiz_msg/local/lib/python3.10/dist-packages/actions_quiz_msg/srv
[25.116s] -- Installing: /home/user/ros2_ws/src/install/actions_quiz_msg/local/lib/python3.10/dist-packages/actions_quiz_msg/srv/_my_custom_service_message_s.c
[25.116s] -- Installing: /home/user/ros2_ws/src/install/actions_quiz_msg/local/lib/python3.10/dist-packages/actions_quiz_msg/srv/__init__.py
[25.116s] -- Installing: /home/user/ros2_ws/src/install/actions_quiz_msg/local/lib/python3.10/dist-packages/actions_quiz_msg/srv/_my_custom_service_message.py
[25.117s] -- Installing: /home/user/ros2_ws/src/install/actions_quiz_msg/local/lib/python3.10/dist-packages/actions_quiz_msg/libactions_quiz_msg__rosidl_generator_py.so
[25.117s] -- Installing: /home/user/ros2_ws/src/install/actions_quiz_msg/local/lib/python3.10/dist-packages/actions_quiz_msg/actions_quiz_msg_s__rosidl_typesupport_introspection_c.cpython-310-x86_64-linux-gnu.so
[25.117s] -- Installing: /home/user/ros2_ws/src/install/actions_quiz_msg/local/lib/python3.10/dist-packages/actions_quiz_msg/msg
[25.117s] -- Installing: /home/user/ros2_ws/src/install/actions_quiz_msg/local/lib/python3.10/dist-packages/actions_quiz_msg/msg/_age_s.c
[25.117s] -- Installing: /home/user/ros2_ws/src/install/actions_quiz_msg/local/lib/python3.10/dist-packages/actions_quiz_msg/msg/_age.py
[25.117s] -- Installing: /home/user/ros2_ws/src/install/actions_quiz_msg/local/lib/python3.10/dist-packages/actions_quiz_msg/msg/__init__.py
[25.117s] -- Installing: /home/user/ros2_ws/src/install/actions_quiz_msg/local/lib/python3.10/dist-packages/actions_quiz_msg/__init__.py
[25.117s] -- Installing: /home/user/ros2_ws/src/install/actions_quiz_msg/local/lib/python3.10/dist-packages/actions_quiz_msg/_actions_quiz_msg_s.ep.rosidl_typesupport_fastrtps_c.c
[25.118s] -- Installing: /home/user/ros2_ws/src/install/actions_quiz_msg/local/lib/python3.10/dist-packages/actions_quiz_msg/_actions_quiz_msg_s.ep.rosidl_typesupport_c.c
[25.118s] -- Installing: /home/user/ros2_ws/src/install/actions_quiz_msg/local/lib/python3.10/dist-packages/actions_quiz_msg/action
[25.118s] -- Installing: /home/user/ros2_ws/src/install/actions_quiz_msg/local/lib/python3.10/dist-packages/actions_quiz_msg/action/_move.py
[25.118s] -- Installing: /home/user/ros2_ws/src/install/actions_quiz_msg/local/lib/python3.10/dist-packages/actions_quiz_msg/action/__init__.py
[25.118s] -- Installing: /home/user/ros2_ws/src/install/actions_quiz_msg/local/lib/python3.10/dist-packages/actions_quiz_msg/action/_move_s.c
[25.201s] Listing '/home/user/ros2_ws/src/install/actions_quiz_msg/local/lib/python3.10/dist-packages/actions_quiz_msg'...
[25.201s] Compiling '/home/user/ros2_ws/src/install/actions_quiz_msg/local/lib/python3.10/dist-packages/actions_quiz_msg/__init__.py'...
[25.201s] Listing '/home/user/ros2_ws/src/install/actions_quiz_msg/local/lib/python3.10/dist-packages/actions_quiz_msg/action'...
[25.201s] Compiling '/home/user/ros2_ws/src/install/actions_quiz_msg/local/lib/python3.10/dist-packages/actions_quiz_msg/action/__init__.py'...
[25.201s] Compiling '/home/user/ros2_ws/src/install/actions_quiz_msg/local/lib/python3.10/dist-packages/actions_quiz_msg/action/_move.py'...
[25.202s] Listing '/home/user/ros2_ws/src/install/actions_quiz_msg/local/lib/python3.10/dist-packages/actions_quiz_msg/msg'...
[25.202s] Compiling '/home/user/ros2_ws/src/install/actions_quiz_msg/local/lib/python3.10/dist-packages/actions_quiz_msg/msg/__init__.py'...
[25.202s] Compiling '/home/user/ros2_ws/src/install/actions_quiz_msg/local/lib/python3.10/dist-packages/actions_quiz_msg/msg/_age.py'...
[25.202s] Listing '/home/user/ros2_ws/src/install/actions_quiz_msg/local/lib/python3.10/dist-packages/actions_quiz_msg/srv'...
[25.202s] Compiling '/home/user/ros2_ws/src/install/actions_quiz_msg/local/lib/python3.10/dist-packages/actions_quiz_msg/srv/__init__.py'...
[25.202s] Compiling '/home/user/ros2_ws/src/install/actions_quiz_msg/local/lib/python3.10/dist-packages/actions_quiz_msg/srv/_my_custom_service_message.py'...
[25.211s] -- Installing: /home/user/ros2_ws/src/install/actions_quiz_msg/local/lib/python3.10/dist-packages/actions_quiz_msg/actions_quiz_msg_s__rosidl_typesupport_fastrtps_c.cpython-310-x86_64-linux-gnu.so
[25.211s] -- Set runtime path of "/home/user/ros2_ws/src/install/actions_quiz_msg/local/lib/python3.10/dist-packages/actions_quiz_msg/actions_quiz_msg_s__rosidl_typesupport_fastrtps_c.cpython-310-x86_64-linux-gnu.so" to ""
[25.211s] -- Installing: /home/user/ros2_ws/src/install/actions_quiz_msg/local/lib/python3.10/dist-packages/actions_quiz_msg/actions_quiz_msg_s__rosidl_typesupport_introspection_c.cpython-310-x86_64-linux-gnu.so
[25.211s] -- Set runtime path of "/home/user/ros2_ws/src/install/actions_quiz_msg/local/lib/python3.10/dist-packages/actions_quiz_msg/actions_quiz_msg_s__rosidl_typesupport_introspection_c.cpython-310-x86_64-linux-gnu.so" to ""
[25.211s] -- Installing: /home/user/ros2_ws/src/install/actions_quiz_msg/local/lib/python3.10/dist-packages/actions_quiz_msg/actions_quiz_msg_s__rosidl_typesupport_c.cpython-310-x86_64-linux-gnu.so
[25.212s] -- Set runtime path of "/home/user/ros2_ws/src/install/actions_quiz_msg/local/lib/python3.10/dist-packages/actions_quiz_msg/actions_quiz_msg_s__rosidl_typesupport_c.cpython-310-x86_64-linux-gnu.so" to ""
[25.212s] -- Installing: /home/user/ros2_ws/src/install/actions_quiz_msg/lib/libactions_quiz_msg__rosidl_generator_py.so
[25.212s] -- Set runtime path of "/home/user/ros2_ws/src/install/actions_quiz_msg/lib/libactions_quiz_msg__rosidl_generator_py.so" to ""
[25.212s] -- Installing: /home/user/ros2_ws/src/install/actions_quiz_msg/share/actions_quiz_msg/msg/Age.idl
[25.213s] -- Installing: /home/user/ros2_ws/src/install/actions_quiz_msg/share/actions_quiz_msg/srv/MyCustomServiceMessage.idl
[25.213s] -- Installing: /home/user/ros2_ws/src/install/actions_quiz_msg/share/actions_quiz_msg/action/Move.idl
[25.213s] -- Installing: /home/user/ros2_ws/src/install/actions_quiz_msg/share/actions_quiz_msg/msg/Age.msg
[25.213s] -- Installing: /home/user/ros2_ws/src/install/actions_quiz_msg/share/actions_quiz_msg/srv/MyCustomServiceMessage.srv
[25.214s] -- Installing: /home/user/ros2_ws/src/install/actions_quiz_msg/share/actions_quiz_msg/srv/MyCustomServiceMessage_Request.msg
[25.214s] -- Installing: /home/user/ros2_ws/src/install/actions_quiz_msg/share/actions_quiz_msg/srv/MyCustomServiceMessage_Response.msg
[25.214s] -- Installing: /home/user/ros2_ws/src/install/actions_quiz_msg/share/actions_quiz_msg/action/Move.action
[25.215s] -- Installing: /home/user/ros2_ws/src/install/actions_quiz_msg/share/ament_index/resource_index/package_run_dependencies/actions_quiz_msg
[25.215s] -- Installing: /home/user/ros2_ws/src/install/actions_quiz_msg/share/ament_index/resource_index/parent_prefix_path/actions_quiz_msg
[25.215s] -- Installing: /home/user/ros2_ws/src/install/actions_quiz_msg/share/actions_quiz_msg/environment/ament_prefix_path.sh
[25.215s] -- Installing: /home/user/ros2_ws/src/install/actions_quiz_msg/share/actions_quiz_msg/environment/ament_prefix_path.dsv
[25.217s] -- Installing: /home/user/ros2_ws/src/install/actions_quiz_msg/share/actions_quiz_msg/environment/path.sh
[25.217s] -- Installing: /home/user/ros2_ws/src/install/actions_quiz_msg/share/actions_quiz_msg/environment/path.dsv
[25.217s] -- Installing: /home/user/ros2_ws/src/install/actions_quiz_msg/share/actions_quiz_msg/local_setup.bash
[25.217s] -- Installing: /home/user/ros2_ws/src/install/actions_quiz_msg/share/actions_quiz_msg/local_setup.sh
[25.218s] -- Installing: /home/user/ros2_ws/src/install/actions_quiz_msg/share/actions_quiz_msg/local_setup.zsh
[25.218s] -- Installing: /home/user/ros2_ws/src/install/actions_quiz_msg/share/actions_quiz_msg/local_setup.dsv
[25.218s] -- Installing: /home/user/ros2_ws/src/install/actions_quiz_msg/share/actions_quiz_msg/package.dsv
[25.218s] -- Installing: /home/user/ros2_ws/src/install/actions_quiz_msg/share/ament_index/resource_index/packages/actions_quiz_msg
[25.219s] -- Installing: /home/user/ros2_ws/src/install/actions_quiz_msg/share/actions_quiz_msg/cmake/export_actions_quiz_msg__rosidl_generator_cExport.cmake
[25.219s] -- Installing: /home/user/ros2_ws/src/install/actions_quiz_msg/share/actions_quiz_msg/cmake/export_actions_quiz_msg__rosidl_generator_cExport-noconfig.cmake
[25.219s] -- Installing: /home/user/ros2_ws/src/install/actions_quiz_msg/share/actions_quiz_msg/cmake/export_actions_quiz_msg__rosidl_typesupport_fastrtps_cExport.cmake
[25.220s] -- Installing: /home/user/ros2_ws/src/install/actions_quiz_msg/share/actions_quiz_msg/cmake/export_actions_quiz_msg__rosidl_typesupport_fastrtps_cExport-noconfig.cmake
[25.220s] -- Installing: /home/user/ros2_ws/src/install/actions_quiz_msg/share/actions_quiz_msg/cmake/export_actions_quiz_msg__rosidl_generator_cppExport.cmake
[25.221s] -- Installing: /home/user/ros2_ws/src/install/actions_quiz_msg/share/actions_quiz_msg/cmake/export_actions_quiz_msg__rosidl_typesupport_fastrtps_cppExport.cmake
[25.221s] -- Installing: /home/user/ros2_ws/src/install/actions_quiz_msg/share/actions_quiz_msg/cmake/export_actions_quiz_msg__rosidl_typesupport_fastrtps_cppExport-noconfig.cmake
[25.221s] -- Installing: /home/user/ros2_ws/src/install/actions_quiz_msg/share/actions_quiz_msg/cmake/actions_quiz_msg__rosidl_typesupport_introspection_cExport.cmake
[25.221s] -- Installing: /home/user/ros2_ws/src/install/actions_quiz_msg/share/actions_quiz_msg/cmake/actions_quiz_msg__rosidl_typesupport_introspection_cExport-noconfig.cmake
[25.221s] -- Installing: /home/user/ros2_ws/src/install/actions_quiz_msg/share/actions_quiz_msg/cmake/actions_quiz_msg__rosidl_typesupport_cExport.cmake
[25.222s] -- Installing: /home/user/ros2_ws/src/install/actions_quiz_msg/share/actions_quiz_msg/cmake/actions_quiz_msg__rosidl_typesupport_cExport-noconfig.cmake
[25.222s] -- Installing: /home/user/ros2_ws/src/install/actions_quiz_msg/share/actions_quiz_msg/cmake/actions_quiz_msg__rosidl_typesupport_introspection_cppExport.cmake
[25.223s] -- Installing: /home/user/ros2_ws/src/install/actions_quiz_msg/share/actions_quiz_msg/cmake/actions_quiz_msg__rosidl_typesupport_introspection_cppExport-noconfig.cmake
[25.223s] -- Installing: /home/user/ros2_ws/src/install/actions_quiz_msg/share/actions_quiz_msg/cmake/actions_quiz_msg__rosidl_typesupport_cppExport.cmake
[25.223s] -- Installing: /home/user/ros2_ws/src/install/actions_quiz_msg/share/actions_quiz_msg/cmake/actions_quiz_msg__rosidl_typesupport_cppExport-noconfig.cmake
[25.223s] -- Installing: /home/user/ros2_ws/src/install/actions_quiz_msg/share/actions_quiz_msg/cmake/export_actions_quiz_msg__rosidl_generator_pyExport.cmake
[25.223s] -- Installing: /home/user/ros2_ws/src/install/actions_quiz_msg/share/actions_quiz_msg/cmake/export_actions_quiz_msg__rosidl_generator_pyExport-noconfig.cmake
[25.224s] -- Installing: /home/user/ros2_ws/src/install/actions_quiz_msg/share/actions_quiz_msg/cmake/rosidl_cmake-extras.cmake
[25.224s] -- Installing: /home/user/ros2_ws/src/install/actions_quiz_msg/share/actions_quiz_msg/cmake/ament_cmake_export_dependencies-extras.cmake
[25.224s] -- Installing: /home/user/ros2_ws/src/install/actions_quiz_msg/share/actions_quiz_msg/cmake/ament_cmake_export_include_directories-extras.cmake
[25.224s] -- Installing: /home/user/ros2_ws/src/install/actions_quiz_msg/share/actions_quiz_msg/cmake/ament_cmake_export_libraries-extras.cmake
[25.224s] -- Installing: /home/user/ros2_ws/src/install/actions_quiz_msg/share/actions_quiz_msg/cmake/ament_cmake_export_targets-extras.cmake
[25.225s] -- Installing: /home/user/ros2_ws/src/install/actions_quiz_msg/share/actions_quiz_msg/cmake/rosidl_cmake_export_typesupport_targets-extras.cmake
[25.225s] -- Installing: /home/user/ros2_ws/src/install/actions_quiz_msg/share/actions_quiz_msg/cmake/rosidl_cmake_export_typesupport_libraries-extras.cmake
[25.225s] -- Installing: /home/user/ros2_ws/src/install/actions_quiz_msg/share/actions_quiz_msg/cmake/actions_quiz_msgConfig.cmake
[25.225s] -- Installing: /home/user/ros2_ws/src/install/actions_quiz_msg/share/actions_quiz_msg/cmake/actions_quiz_msgConfig-version.cmake
[25.225s] -- Installing: /home/user/ros2_ws/src/install/actions_quiz_msg/share/actions_quiz_msg/package.xml
[25.230s] Invoked command in '/home/user/ros2_ws/src/build/actions_quiz_msg' returned '0': CMAKE_PREFIX_PATH=${CMAKE_PREFIX_PATH}:/home/user/ros2_ws/install/my_action_server:/home/user/ros2_ws/install/my_action_client:/home/simulations/ros2_sims_ws/install/turtlebot3_teleop:/home/simulations/ros2_sims_ws/install/turtlebot3_example:/home/simulations/ros2_sims_ws/install/services_pkg:/home/user/ros2_ws/install/topics_quiz:/home/user/ros2_ws/install/subscriber_pkg:/home/user/ros2_ws/install/publisher_pkg:/home/user/ros2_ws/install/my_package:/home/user/ros2_ws/install/movement_pkg:/home/user/ros2_ws/install/exercise42_pkg:/home/user/ros2_ws/install/client_pkg:/opt/ros/humble _=/usr/bin/env /usr/bin/cmake --install /home/user/ros2_ws/src/build/actions_quiz_msg
