[0.174s] Invoking command in '/home/user/ros2_ws/build/basics_ros2_multithreading': CMAKE_PREFIX_PATH=${CMAKE_PREFIX_PATH}:/home/user/ros2_ws/install/my_action_client:/home/simulations/ros2_sims_ws/install/turtlebot3_teleop:/home/simulations/ros2_sims_ws/install/turtlebot3_example:/home/simulations/ros2_sims_ws/install/services_pkg:/home/user/ros2_ws/install/topics_quiz:/home/user/ros2_ws/install/subscriber_pkg:/home/user/ros2_ws/install/publisher_pkg:/home/user/ros2_ws/install/my_package:/home/user/ros2_ws/install/movement_pkg:/home/user/ros2_ws/install/exercise42_pkg:/home/user/ros2_ws/install/client_pkg:/opt/ros/humble _=/usr/bin/env /usr/bin/cmake --build /home/user/ros2_ws/build/basics_ros2_multithreading -- -j8 -l8
[3.295s] -- Found ament_cmake: 1.3.2 (/opt/ros/humble/share/ament_cmake/cmake)
[3.295s] -- Found rclpy: 3.3.4 (/opt/ros/humble/share/rclpy/cmake)
[3.295s] -- Found ament_lint_auto: 0.12.4 (/opt/ros/humble/share/ament_lint_auto/cmake)
[3.295s] -- Added test 'flake8' to check Python code syntax and style conventions
[3.295s] -- Added test 'lint_cmake' to check CMake code style
[3.296s] -- Added test 'pep257' to check Python code against some of the docstring style conventions in PEP 257
[3.296s] -- Added test 'xmllint' to check XML markup files
[3.296s] -- Configuring done
[3.296s] -- Generating done
[3.296s] -- Build files have been written to: /home/user/ros2_ws/build/basics_ros2_multithreading
[3.831s] Invoked command in '/home/user/ros2_ws/build/basics_ros2_multithreading' returned '0': CMAKE_PREFIX_PATH=${CMAKE_PREFIX_PATH}:/home/user/ros2_ws/install/my_action_client:/home/simulations/ros2_sims_ws/install/turtlebot3_teleop:/home/simulations/ros2_sims_ws/install/turtlebot3_example:/home/simulations/ros2_sims_ws/install/services_pkg:/home/user/ros2_ws/install/topics_quiz:/home/user/ros2_ws/install/subscriber_pkg:/home/user/ros2_ws/install/publisher_pkg:/home/user/ros2_ws/install/my_package:/home/user/ros2_ws/install/movement_pkg:/home/user/ros2_ws/install/exercise42_pkg:/home/user/ros2_ws/install/client_pkg:/opt/ros/humble _=/usr/bin/env /usr/bin/cmake --build /home/user/ros2_ws/build/basics_ros2_multithreading -- -j8 -l8
[4.039s] Invoking command in '/home/user/ros2_ws/build/basics_ros2_multithreading': CMAKE_PREFIX_PATH=${CMAKE_PREFIX_PATH}:/home/user/ros2_ws/install/my_action_client:/home/simulations/ros2_sims_ws/install/turtlebot3_teleop:/home/simulations/ros2_sims_ws/install/turtlebot3_example:/home/simulations/ros2_sims_ws/install/services_pkg:/home/user/ros2_ws/install/topics_quiz:/home/user/ros2_ws/install/subscriber_pkg:/home/user/ros2_ws/install/publisher_pkg:/home/user/ros2_ws/install/my_package:/home/user/ros2_ws/install/movement_pkg:/home/user/ros2_ws/install/exercise42_pkg:/home/user/ros2_ws/install/client_pkg:/opt/ros/humble _=/usr/bin/env /usr/bin/cmake --install /home/user/ros2_ws/build/basics_ros2_multithreading
[4.109s] -- Install configuration: ""
[4.110s] -- Up-to-date: /home/user/ros2_ws/install/basics_ros2_multithreading/share/basics_ros2_multithreading/scripts
[4.110s] -- Up-to-date: /home/user/ros2_ws/install/basics_ros2_multithreading/share/basics_ros2_multithreading/scripts/haarcascade_frontalface.xml
[4.110s] -- Up-to-date: /home/user/ros2_ws/install/basics_ros2_multithreading/share/basics_ros2_multithreading/scripts/callback_function.py
[4.110s] -- Up-to-date: /home/user/ros2_ws/install/basics_ros2_multithreading/share/basics_ros2_multithreading/scripts/face_searcher_multithreading_callbackgroups.py
[4.111s] -- Up-to-date: /home/user/ros2_ws/install/basics_ros2_multithreading/share/basics_ros2_multithreading/scripts/function.py
[4.111s] -- Up-to-date: /home/user/ros2_ws/install/basics_ros2_multithreading/share/basics_ros2_multithreading/scripts/deepbot_movehead.py
[4.111s] -- Up-to-date: /home/user/ros2_ws/install/basics_ros2_multithreading/share/basics_ros2_multithreading/scripts/yello_tshirt_detector.py
[4.111s] -- Up-to-date: /home/user/ros2_ws/install/basics_ros2_multithreading/share/basics_ros2_multithreading/scripts/face_searcher_multithreading.py
[4.111s] -- Up-to-date: /home/user/ros2_ws/install/basics_ros2_multithreading/share/basics_ros2_multithreading/scripts/face_searcher.py
[4.111s] -- Up-to-date: /home/user/ros2_ws/install/basics_ros2_multithreading/share/basics_ros2_multithreading/scripts/callback_spinonce_function.py
[4.112s] -- Up-to-date: /home/user/ros2_ws/install/basics_ros2_multithreading/share/basics_ros2_multithreading/launch
[4.112s] -- Up-to-date: /home/user/ros2_ws/install/basics_ros2_multithreading/share/basics_ros2_multithreading/launch/callback_function.launch.py
[4.112s] -- Up-to-date: /home/user/ros2_ws/install/basics_ros2_multithreading/share/basics_ros2_multithreading/launch/face_searcher.launch.py
[4.112s] -- Up-to-date: /home/user/ros2_ws/install/basics_ros2_multithreading/share/basics_ros2_multithreading/launch/face_searcher_multithreading.launch.py
[4.112s] -- Up-to-date: /home/user/ros2_ws/install/basics_ros2_multithreading/share/basics_ros2_multithreading/launch/face_searcher_multithreading_callbackgroups.launch.py
[4.112s] -- Up-to-date: /home/user/ros2_ws/install/basics_ros2_multithreading/share/basics_ros2_multithreading/launch/yello_tshirt_detector.launch.py
[4.112s] -- Up-to-date: /home/user/ros2_ws/install/basics_ros2_multithreading/lib/basics_ros2_multithreading/function.py
[4.112s] -- Up-to-date: /home/user/ros2_ws/install/basics_ros2_multithreading/lib/basics_ros2_multithreading/callback_function.py
[4.112s] -- Up-to-date: /home/user/ros2_ws/install/basics_ros2_multithreading/lib/basics_ros2_multithreading/callback_spinonce_function.py
[4.113s] -- Up-to-date: /home/user/ros2_ws/install/basics_ros2_multithreading/lib/basics_ros2_multithreading/face_searcher.py
[4.113s] -- Up-to-date: /home/user/ros2_ws/install/basics_ros2_multithreading/lib/basics_ros2_multithreading/face_searcher_multithreading.py
[4.113s] -- Up-to-date: /home/user/ros2_ws/install/basics_ros2_multithreading/lib/basics_ros2_multithreading/face_searcher_multithreading_callbackgroups.py
[4.113s] -- Up-to-date: /home/user/ros2_ws/install/basics_ros2_multithreading/lib/basics_ros2_multithreading/yello_tshirt_detector.py
[4.113s] -- Up-to-date: /home/user/ros2_ws/install/basics_ros2_multithreading/share/ament_index/resource_index/package_run_dependencies/basics_ros2_multithreading
[4.113s] -- Installing: /home/user/ros2_ws/install/basics_ros2_multithreading/share/ament_index/resource_index/parent_prefix_path/basics_ros2_multithreading
[4.113s] -- Up-to-date: /home/user/ros2_ws/install/basics_ros2_multithreading/share/basics_ros2_multithreading/environment/ament_prefix_path.sh
[4.115s] -- Installing: /home/user/ros2_ws/install/basics_ros2_multithreading/share/basics_ros2_multithreading/environment/ament_prefix_path.dsv
[4.117s] -- Up-to-date: /home/user/ros2_ws/install/basics_ros2_multithreading/share/basics_ros2_multithreading/environment/path.sh
[4.119s] -- Installing: /home/user/ros2_ws/install/basics_ros2_multithreading/share/basics_ros2_multithreading/environment/path.dsv
[4.120s] -- Up-to-date: /home/user/ros2_ws/install/basics_ros2_multithreading/share/basics_ros2_multithreading/local_setup.bash
[4.123s] -- Up-to-date: /home/user/ros2_ws/install/basics_ros2_multithreading/share/basics_ros2_multithreading/local_setup.sh
[4.126s] -- Up-to-date: /home/user/ros2_ws/install/basics_ros2_multithreading/share/basics_ros2_multithreading/local_setup.zsh
[4.127s] -- Installing: /home/user/ros2_ws/install/basics_ros2_multithreading/share/basics_ros2_multithreading/local_setup.dsv
[4.129s] -- Installing: /home/user/ros2_ws/install/basics_ros2_multithreading/share/basics_ros2_multithreading/package.dsv
[4.130s] -- Up-to-date: /home/user/ros2_ws/install/basics_ros2_multithreading/share/ament_index/resource_index/packages/basics_ros2_multithreading
[4.133s] -- Up-to-date: /home/user/ros2_ws/install/basics_ros2_multithreading/share/basics_ros2_multithreading/cmake/basics_ros2_multithreadingConfig.cmake
[4.134s] -- Up-to-date: /home/user/ros2_ws/install/basics_ros2_multithreading/share/basics_ros2_multithreading/cmake/basics_ros2_multithreadingConfig-version.cmake
[4.135s] -- Up-to-date: /home/user/ros2_ws/install/basics_ros2_multithreading/share/basics_ros2_multithreading/package.xml
[4.152s] Invoked command in '/home/user/ros2_ws/build/basics_ros2_multithreading' returned '0': CMAKE_PREFIX_PATH=${CMAKE_PREFIX_PATH}:/home/user/ros2_ws/install/my_action_client:/home/simulations/ros2_sims_ws/install/turtlebot3_teleop:/home/simulations/ros2_sims_ws/install/turtlebot3_example:/home/simulations/ros2_sims_ws/install/services_pkg:/home/user/ros2_ws/install/topics_quiz:/home/user/ros2_ws/install/subscriber_pkg:/home/user/ros2_ws/install/publisher_pkg:/home/user/ros2_ws/install/my_package:/home/user/ros2_ws/install/movement_pkg:/home/user/ros2_ws/install/exercise42_pkg:/home/user/ros2_ws/install/client_pkg:/opt/ros/humble _=/usr/bin/env /usr/bin/cmake --install /home/user/ros2_ws/build/basics_ros2_multithreading
