[1.847s] Invoking command in '/home/user/ros2_ws/src/my_action_client': PYTHONPATH=/home/user/ros2_ws/build/my_action_client/prefix_override:/home/user/ros2_ws/install/my_action_client/lib/python3.10/site-packages:${PYTHONPATH} _=/usr/bin/env /usr/bin/python3 setup.py egg_info --egg-base ../../build/my_action_client build --build-base /home/user/ros2_ws/build/my_action_client/build install --record /home/user/ros2_ws/build/my_action_client/install.log --single-version-externally-managed
[2.381s] running egg_info
[2.381s] writing ../../build/my_action_client/my_action_client.egg-info/PKG-INFO
[2.382s] writing dependency_links to ../../build/my_action_client/my_action_client.egg-info/dependency_links.txt
[2.382s] writing entry points to ../../build/my_action_client/my_action_client.egg-info/entry_points.txt
[2.382s] writing requirements to ../../build/my_action_client/my_action_client.egg-info/requires.txt
[2.383s] writing top-level names to ../../build/my_action_client/my_action_client.egg-info/top_level.txt
[2.387s] reading manifest file '../../build/my_action_client/my_action_client.egg-info/SOURCES.txt'
[2.388s] writing manifest file '../../build/my_action_client/my_action_client.egg-info/SOURCES.txt'
[2.388s] running build
[2.389s] running build_py
[2.389s] copying my_action_client/action_client.py -> /home/user/ros2_ws/build/my_action_client/build/lib/my_action_client
[2.389s] running install
[2.389s] running install_lib
[2.391s] copying /home/user/ros2_ws/build/my_action_client/build/lib/my_action_client/action_client.py -> /home/user/ros2_ws/install/my_action_client/lib/python3.10/site-packages/my_action_client
[2.391s] byte-compiling /home/user/ros2_ws/install/my_action_client/lib/python3.10/site-packages/my_action_client/action_client.py to action_client.cpython-310.pyc
[2.392s] running install_data
[2.393s] running install_egg_info
[2.396s] removing '/home/user/ros2_ws/install/my_action_client/lib/python3.10/site-packages/my_action_client-0.0.0-py3.10.egg-info' (and everything under it)
[2.396s] Copying ../../build/my_action_client/my_action_client.egg-info to /home/user/ros2_ws/install/my_action_client/lib/python3.10/site-packages/my_action_client-0.0.0-py3.10.egg-info
[2.398s] running install_scripts
[2.440s] Installing example62 script to /home/user/ros2_ws/install/my_action_client/lib/my_action_client
[2.441s] writing list of installed files to '/home/user/ros2_ws/build/my_action_client/install.log'
[2.476s] Invoked command in '/home/user/ros2_ws/src/my_action_client' returned '0': PYTHONPATH=/home/user/ros2_ws/build/my_action_client/prefix_override:/home/user/ros2_ws/install/my_action_client/lib/python3.10/site-packages:${PYTHONPATH} _=/usr/bin/env /usr/bin/python3 setup.py egg_info --egg-base ../../build/my_action_client build --build-base /home/user/ros2_ws/build/my_action_client/build install --record /home/user/ros2_ws/build/my_action_client/install.log --single-version-externally-managed
