[6.637s] Invoking command in '/home/user/ros2_ws/src/my_action_server': PYTHONPATH=/home/user/ros2_ws/build/my_action_server/prefix_override:/home/user/ros2_ws/install/my_action_server/lib/python3.10/site-packages:${PYTHONPATH} _=/usr/bin/env /usr/bin/python3 setup.py egg_info --egg-base ../../build/my_action_server build --build-base /home/user/ros2_ws/build/my_action_server/build install --record /home/user/ros2_ws/build/my_action_server/install.log --single-version-externally-managed
[8.947s] running egg_info
[8.947s] writing ../../build/my_action_server/my_action_server.egg-info/PKG-INFO
[8.947s] writing dependency_links to ../../build/my_action_server/my_action_server.egg-info/dependency_links.txt
[8.947s] writing entry points to ../../build/my_action_server/my_action_server.egg-info/entry_points.txt
[8.947s] writing requirements to ../../build/my_action_server/my_action_server.egg-info/requires.txt
[8.948s] writing top-level names to ../../build/my_action_server/my_action_server.egg-info/top_level.txt
[8.952s] reading manifest file '../../build/my_action_server/my_action_server.egg-info/SOURCES.txt'
[8.952s] writing manifest file '../../build/my_action_server/my_action_server.egg-info/SOURCES.txt'
[8.953s] running build
[8.953s] running build_py
[8.953s] running install
[8.953s] running install_lib
[8.962s] running install_data
[8.963s] running install_egg_info
[8.972s] removing '/home/user/ros2_ws/install/my_action_server/lib/python3.10/site-packages/my_action_server-0.0.0-py3.10.egg-info' (and everything under it)
[8.973s] Copying ../../build/my_action_server/my_action_server.egg-info to /home/user/ros2_ws/install/my_action_server/lib/python3.10/site-packages/my_action_server-0.0.0-py3.10.egg-info
[8.973s] running install_scripts
[9.125s] Installing example63 script to /home/user/ros2_ws/install/my_action_server/lib/my_action_server
[9.125s] writing list of installed files to '/home/user/ros2_ws/build/my_action_server/install.log'
[9.897s] Invoked command in '/home/user/ros2_ws/src/my_action_server' returned '0': PYTHONPATH=/home/user/ros2_ws/build/my_action_server/prefix_override:/home/user/ros2_ws/install/my_action_server/lib/python3.10/site-packages:${PYTHONPATH} _=/usr/bin/env /usr/bin/python3 setup.py egg_info --egg-base ../../build/my_action_server build --build-base /home/user/ros2_ws/build/my_action_server/build install --record /home/user/ros2_ws/build/my_action_server/install.log --single-version-externally-managed
