[1.231s] Invoking command in '/home/user/ros2_ws/src/my_action_client': PYTHONPATH=/home/user/ros2_ws/build/my_action_client/prefix_override:/home/user/ros2_ws/install/my_action_client/lib/python3.10/site-packages:${PYTHONPATH} _=/usr/bin/env /usr/bin/python3 setup.py egg_info --egg-base ../../build/my_action_client build --build-base /home/user/ros2_ws/build/my_action_client/build install --record /home/user/ros2_ws/build/my_action_client/install.log --single-version-externally-managed
[1.716s] running egg_info
[1.717s] writing ../../build/my_action_client/my_action_client.egg-info/PKG-INFO
[1.717s] writing dependency_links to ../../build/my_action_client/my_action_client.egg-info/dependency_links.txt
[1.717s] writing entry points to ../../build/my_action_client/my_action_client.egg-info/entry_points.txt
[1.718s] writing requirements to ../../build/my_action_client/my_action_client.egg-info/requires.txt
[1.718s] writing top-level names to ../../build/my_action_client/my_action_client.egg-info/top_level.txt
[1.721s] reading manifest file '../../build/my_action_client/my_action_client.egg-info/SOURCES.txt'
[1.722s] writing manifest file '../../build/my_action_client/my_action_client.egg-info/SOURCES.txt'
[1.722s] running build
[1.723s] running build_py
[1.723s] running install
[1.724s] running install_lib
[1.726s] running install_data
[1.727s] running install_egg_info
[1.730s] removing '/home/user/ros2_ws/install/my_action_client/lib/python3.10/site-packages/my_action_client-0.0.0-py3.10.egg-info' (and everything under it)
[1.731s] Copying ../../build/my_action_client/my_action_client.egg-info to /home/user/ros2_ws/install/my_action_client/lib/python3.10/site-packages/my_action_client-0.0.0-py3.10.egg-info
[1.733s] running install_scripts
[1.768s] Installing example62 script to /home/user/ros2_ws/install/my_action_client/lib/my_action_client
[1.769s] writing list of installed files to '/home/user/ros2_ws/build/my_action_client/install.log'
[1.807s] Invoked command in '/home/user/ros2_ws/src/my_action_client' returned '0': PYTHONPATH=/home/user/ros2_ws/build/my_action_client/prefix_override:/home/user/ros2_ws/install/my_action_client/lib/python3.10/site-packages:${PYTHONPATH} _=/usr/bin/env /usr/bin/python3 setup.py egg_info --egg-base ../../build/my_action_client build --build-base /home/user/ros2_ws/build/my_action_client/build install --record /home/user/ros2_ws/build/my_action_client/install.log --single-version-externally-managed
