[1.186s] Invoking command in '/home/user/ros2_ws/src/my_package': PYTHONPATH=/home/user/ros2_ws/build/my_package/prefix_override:/home/user/ros2_ws/install/my_package/lib/python3.10/site-packages:${PYTHONPATH} _=/usr/bin/env /usr/bin/python3 setup.py egg_info --egg-base ../../build/my_package build --build-base /home/user/ros2_ws/build/my_package/build install --record /home/user/ros2_ws/build/my_package/install.log --single-version-externally-managed
[1.651s] running egg_info
[1.652s] writing ../../build/my_package/my_package.egg-info/PKG-INFO
[1.652s] writing dependency_links to ../../build/my_package/my_package.egg-info/dependency_links.txt
[1.652s] writing entry points to ../../build/my_package/my_package.egg-info/entry_points.txt
[1.657s] writing requirements to ../../build/my_package/my_package.egg-info/requires.txt
[1.657s] writing top-level names to ../../build/my_package/my_package.egg-info/top_level.txt
[1.657s] reading manifest file '../../build/my_package/my_package.egg-info/SOURCES.txt'
[1.657s] writing manifest file '../../build/my_package/my_package.egg-info/SOURCES.txt'
[1.657s] running build
[1.657s] running build_py
[1.657s] copying my_package/simple.py -> /home/user/ros2_ws/build/my_package/build/lib/my_package
[1.658s] running install
[1.658s] running install_lib
[1.659s] copying /home/user/ros2_ws/build/my_package/build/lib/my_package/simple.py -> /home/user/ros2_ws/install/my_package/lib/python3.10/site-packages/my_package
[1.660s] byte-compiling /home/user/ros2_ws/install/my_package/lib/python3.10/site-packages/my_package/simple.py to simple.cpython-310.pyc
[1.660s] running install_data
[1.661s] running install_egg_info
[1.664s] removing '/home/user/ros2_ws/install/my_package/lib/python3.10/site-packages/my_package-0.0.0-py3.10.egg-info' (and everything under it)
[1.664s] Copying ../../build/my_package/my_package.egg-info to /home/user/ros2_ws/install/my_package/lib/python3.10/site-packages/my_package-0.0.0-py3.10.egg-info
[1.666s] running install_scripts
[1.696s] writing list of installed files to '/home/user/ros2_ws/build/my_package/install.log'
[1.739s] Invoked command in '/home/user/ros2_ws/src/my_package' returned '0': PYTHONPATH=/home/user/ros2_ws/build/my_package/prefix_override:/home/user/ros2_ws/install/my_package/lib/python3.10/site-packages:${PYTHONPATH} _=/usr/bin/env /usr/bin/python3 setup.py egg_info --egg-base ../../build/my_package build --build-base /home/user/ros2_ws/build/my_package/build install --record /home/user/ros2_ws/build/my_package/install.log --single-version-externally-managed
