[1.978s] Invoking command in '/home/user/ros2_ws/src/example36_pkg': AMENT_PREFIX_PATH=/home/user/ros2_ws/src/install/custom_interfaces:${AMENT_PREFIX_PATH} CMAKE_PREFIX_PATH=/home/user/ros2_ws/src/install/custom_interfaces:${CMAKE_PREFIX_PATH} LD_LIBRARY_PATH=/home/user/ros2_ws/src/install/custom_interfaces/lib:/usr/local/cuda-10.2/lib64:/home/user/.catkin_ws_python3/src/TensorRT-7.0.0.11/lib:/home/simulations/ros2_sims_ws/install/t3_action_msg/lib:/home/user/ros2_ws/install/custom_interfaces/lib:/home/user/ros2_ws/install/actions_quiz_msg/lib:/opt/ros/humble/opt/rviz_ogre_vendor/lib:/opt/ros/humble/lib/x86_64-linux-gnu:/opt/ros/humble/lib:/usr/local/cuda-10.2/lib64:/home/user/.catkin_ws_python3/src/TensorRT-7.0.0.11/lib:/usr/lib/x86_64-linux-gnu/gazebo-11/plugins:/usr/lib/x86_64-linux-gnu/gazebo-11/plugins:/usr/lib/x86_64-linux-gnu/gazebo-11/plugins PYTHONPATH=/home/user/ros2_ws/src/install/example36_pkg/lib/python3.10/site-packages:/home/user/ros2_ws/src/install/custom_interfaces/local/lib/python3.10/dist-packages:${PYTHONPATH} _=/usr/bin/env /usr/bin/python3 setup.py egg_info --egg-base ../build/example36_pkg build --build-base /home/user/ros2_ws/src/build/example36_pkg/build install --prefix /home/user/ros2_ws/src/install/example36_pkg --record /home/user/ros2_ws/src/build/example36_pkg/install.log --single-version-externally-managed
[2.480s] running egg_info
[2.480s] writing ../build/example36_pkg/example36_pkg.egg-info/PKG-INFO
[2.481s] writing dependency_links to ../build/example36_pkg/example36_pkg.egg-info/dependency_links.txt
[2.481s] writing entry points to ../build/example36_pkg/example36_pkg.egg-info/entry_points.txt
[2.481s] writing requirements to ../build/example36_pkg/example36_pkg.egg-info/requires.txt
[2.481s] writing top-level names to ../build/example36_pkg/example36_pkg.egg-info/top_level.txt
[2.484s] reading manifest file '../build/example36_pkg/example36_pkg.egg-info/SOURCES.txt'
[2.485s] writing manifest file '../build/example36_pkg/example36_pkg.egg-info/SOURCES.txt'
[2.485s] running build
[2.485s] running build_py
[2.522s] running install
[2.522s] running install_lib
[2.523s] running install_data
[2.523s] running install_egg_info
[2.523s] removing '/home/user/ros2_ws/src/install/example36_pkg/lib/python3.10/site-packages/example36_pkg-0.0.0-py3.10.egg-info' (and everything under it)
[2.523s] Copying ../build/example36_pkg/example36_pkg.egg-info to /home/user/ros2_ws/src/install/example36_pkg/lib/python3.10/site-packages/example36_pkg-0.0.0-py3.10.egg-info
[2.524s] running install_scripts
[2.548s] Installing example36 script to /home/user/ros2_ws/src/install/example36_pkg/lib/example36_pkg
[2.549s] writing list of installed files to '/home/user/ros2_ws/src/build/example36_pkg/install.log'
[2.581s] Invoked command in '/home/user/ros2_ws/src/example36_pkg' returned '0': AMENT_PREFIX_PATH=/home/user/ros2_ws/src/install/custom_interfaces:${AMENT_PREFIX_PATH} CMAKE_PREFIX_PATH=/home/user/ros2_ws/src/install/custom_interfaces:${CMAKE_PREFIX_PATH} LD_LIBRARY_PATH=/home/user/ros2_ws/src/install/custom_interfaces/lib:/usr/local/cuda-10.2/lib64:/home/user/.catkin_ws_python3/src/TensorRT-7.0.0.11/lib:/home/simulations/ros2_sims_ws/install/t3_action_msg/lib:/home/user/ros2_ws/install/custom_interfaces/lib:/home/user/ros2_ws/install/actions_quiz_msg/lib:/opt/ros/humble/opt/rviz_ogre_vendor/lib:/opt/ros/humble/lib/x86_64-linux-gnu:/opt/ros/humble/lib:/usr/local/cuda-10.2/lib64:/home/user/.catkin_ws_python3/src/TensorRT-7.0.0.11/lib:/usr/lib/x86_64-linux-gnu/gazebo-11/plugins:/usr/lib/x86_64-linux-gnu/gazebo-11/plugins:/usr/lib/x86_64-linux-gnu/gazebo-11/plugins PYTHONPATH=/home/user/ros2_ws/src/install/example36_pkg/lib/python3.10/site-packages:/home/user/ros2_ws/src/install/custom_interfaces/local/lib/python3.10/dist-packages:${PYTHONPATH} _=/usr/bin/env /usr/bin/python3 setup.py egg_info --egg-base ../build/example36_pkg build --build-base /home/user/ros2_ws/src/build/example36_pkg/build install --prefix /home/user/ros2_ws/src/install/example36_pkg --record /home/user/ros2_ws/src/build/example36_pkg/install.log --single-version-externally-managed
