[3.692s] Invoking command in '/home/user/ros2_ws/src/my_package': PYTHONPATH=/home/user/ros2_ws/build/my_package/prefix_override:/home/user/ros2_ws/install/my_package/lib/python3.10/site-packages:${PYTHONPATH} _=/usr/bin/env /usr/bin/python3 setup.py egg_info --egg-base ../../build/my_package build --build-base /home/user/ros2_ws/build/my_package/build install --record /home/user/ros2_ws/build/my_package/install.log --single-version-externally-managed
[4.757s] running egg_info
[4.759s] writing ../../build/my_package/my_package.egg-info/PKG-INFO
[4.760s] writing dependency_links to ../../build/my_package/my_package.egg-info/dependency_links.txt
[4.761s] writing entry points to ../../build/my_package/my_package.egg-info/entry_points.txt
[4.763s] writing requirements to ../../build/my_package/my_package.egg-info/requires.txt
[4.764s] writing top-level names to ../../build/my_package/my_package.egg-info/top_level.txt
[4.768s] reading manifest file '../../build/my_package/my_package.egg-info/SOURCES.txt'
[4.771s] writing manifest file '../../build/my_package/my_package.egg-info/SOURCES.txt'
[4.772s] running build
[4.772s] running build_py
[4.772s] running install
[4.773s] running install_lib
[4.778s] running install_data
[4.780s] running install_egg_info
[4.783s] removing '/home/user/ros2_ws/install/my_package/lib/python3.10/site-packages/my_package-0.0.0-py3.10.egg-info' (and everything under it)
[4.787s] Copying ../../build/my_package/my_package.egg-info to /home/user/ros2_ws/install/my_package/lib/python3.10/site-packages/my_package-0.0.0-py3.10.egg-info
[4.790s] running install_scripts
[4.856s] Installing simple_node script to /home/user/ros2_ws/install/my_package/lib/my_package
[4.861s] writing list of installed files to '/home/user/ros2_ws/build/my_package/install.log'
[4.937s] Invoked command in '/home/user/ros2_ws/src/my_package' returned '0': PYTHONPATH=/home/user/ros2_ws/build/my_package/prefix_override:/home/user/ros2_ws/install/my_package/lib/python3.10/site-packages:${PYTHONPATH} _=/usr/bin/env /usr/bin/python3 setup.py egg_info --egg-base ../../build/my_package build --build-base /home/user/ros2_ws/build/my_package/build install --record /home/user/ros2_ws/build/my_package/install.log --single-version-externally-managed
