[0.035s] Invoking command in '/home/user/ros2_ws/build/custom_interfaces': CMAKE_PREFIX_PATH=${CMAKE_PREFIX_PATH}:/home/user/ros2_ws/install/my_action_server:/home/user/ros2_ws/install/my_action_client:/home/simulations/ros2_sims_ws/install/turtlebot3_teleop:/home/simulations/ros2_sims_ws/install/turtlebot3_example:/home/simulations/ros2_sims_ws/install/services_pkg:/home/user/ros2_ws/install/topics_quiz:/home/user/ros2_ws/install/subscriber_pkg:/home/user/ros2_ws/install/publisher_pkg:/home/user/ros2_ws/install/my_package:/home/user/ros2_ws/install/movement_pkg:/home/user/ros2_ws/install/exercise42_pkg:/home/user/ros2_ws/install/client_pkg:/opt/ros/humble _=/usr/bin/env /usr/bin/cmake --build /home/user/ros2_ws/build/custom_interfaces -- -j8 -l8
[0.088s] -- Found ament_cmake: 1.3.2 (/opt/ros/humble/share/ament_cmake/cmake)
[0.371s] -- Found rclcpp: 16.0.1 (/opt/ros/humble/share/rclcpp/cmake)
[0.503s] -- Found rosidl_generator_c: 3.1.3 (/opt/ros/humble/share/rosidl_generator_c/cmake)
[0.512s] -- Found rosidl_adapter: 3.1.3 (/opt/ros/humble/share/rosidl_adapter/cmake)
[0.539s] -- Found rosidl_generator_cpp: 3.1.3 (/opt/ros/humble/share/rosidl_generator_cpp/cmake)
[0.583s] -- Using all available rosidl_typesupport_c: rosidl_typesupport_fastrtps_c;rosidl_typesupport_introspection_c
[0.635s] -- Using all available rosidl_typesupport_cpp: rosidl_typesupport_fastrtps_cpp;rosidl_typesupport_introspection_cpp
[0.806s] -- Found rmw_implementation_cmake: 6.1.0 (/opt/ros/humble/share/rmw_implementation_cmake/cmake)
[0.813s] -- Found rmw_fastrtps_cpp: 6.2.1 (/opt/ros/humble/share/rmw_fastrtps_cpp/cmake)
[1.186s] -- Using RMW implementation 'rmw_fastrtps_cpp' as default
[1.561s] -- Found action_msgs: 1.2.0 (/opt/ros/humble/share/action_msgs/cmake)
[1.730s] -- Found rosidl_default_generators: 1.2.0 (/opt/ros/humble/share/rosidl_default_generators/cmake)
[1.758s] -- Found ament_lint_auto: 0.12.4 (/opt/ros/humble/share/ament_lint_auto/cmake)
[2.337s] -- Found ament_cmake_ros: 0.10.0 (/opt/ros/humble/share/ament_cmake_ros/cmake)
[2.964s] -- Using all available rosidl_typesupport_c: rosidl_typesupport_fastrtps_c;rosidl_typesupport_introspection_c
[3.201s] -- Using all available rosidl_typesupport_cpp: rosidl_typesupport_fastrtps_cpp;rosidl_typesupport_introspection_cpp
[3.248s] -- Found python_cmake_module: 0.10.0 (/opt/ros/humble/share/python_cmake_module/cmake)
[3.298s] -- Using PYTHON_EXECUTABLE: /usr/bin/python3
[3.299s] -- Using PYTHON_INCLUDE_DIRS: /usr/include/python3.10
[3.299s] -- Using PYTHON_LIBRARIES: /usr/lib/x86_64-linux-gnu/libpython3.10.so
[3.409s] -- Added test 'flake8' to check Python code syntax and style conventions
[3.417s] -- Added test 'lint_cmake' to check CMake code style
[3.422s] -- Added test 'pep257' to check Python code against some of the docstring style conventions in PEP 257
[3.457s] -- Added test 'xmllint' to check XML markup files
[3.481s] -- Configuring done
[3.569s] -- Generating done
[3.577s] -- Build files have been written to: /home/user/ros2_ws/build/custom_interfaces
[3.651s] [  2%] [34m[1mGenerating C++ code for ROS interfaces[0m
[4.877s] [  2%] Built target custom_interfaces__cpp
[4.929s] [  2%] Built target ament_cmake_python_copy_custom_interfaces
[4.948s] [  4%] [34m[1mGenerating C++ introspection for ROS interfaces[0m
[5.813s] [35m[1mConsolidate compiler generated dependencies of target custom_interfaces__rosidl_typesupport_introspection_cpp[0m
[5.833s] [  6%] [32mBuilding CXX object CMakeFiles/custom_interfaces__rosidl_typesupport_introspection_cpp.dir/rosidl_typesupport_introspection_cpp/custom_interfaces/msg/detail/age__type_support.cpp.o[0m
[6.786s] [  8%] [32mBuilding CXX object CMakeFiles/custom_interfaces__rosidl_typesupport_introspection_cpp.dir/rosidl_typesupport_introspection_cpp/custom_interfaces/action/detail/move__type_support.cpp.o[0m
[7.782s] [ 10%] [32mBuilding CXX object CMakeFiles/custom_interfaces__rosidl_typesupport_introspection_cpp.dir/rosidl_typesupport_introspection_cpp/custom_interfaces/srv/detail/my_custom_service_message__type_support.cpp.o[0m
[8.377s] [ 12%] [32m[1mLinking CXX shared library libcustom_interfaces__rosidl_typesupport_introspection_cpp.so[0m
[8.544s] [ 12%] Built target custom_interfaces__rosidl_typesupport_introspection_cpp
[9.050s] running egg_info
[9.051s] writing custom_interfaces.egg-info/PKG-INFO
[9.051s] writing dependency_links to custom_interfaces.egg-info/dependency_links.txt
[9.051s] writing top-level names to custom_interfaces.egg-info/top_level.txt
[9.055s] reading manifest file 'custom_interfaces.egg-info/SOURCES.txt'
[9.056s] writing manifest file 'custom_interfaces.egg-info/SOURCES.txt'
[9.096s] [ 12%] Built target ament_cmake_python_build_custom_interfaces_egg
[9.115s] [ 14%] [34m[1mGenerating C++ type support for eProsima Fast-RTPS[0m
[10.083s] [35m[1mConsolidate compiler generated dependencies of target custom_interfaces__rosidl_typesupport_fastrtps_cpp[0m
[10.109s] [ 17%] [32mBuilding CXX object CMakeFiles/custom_interfaces__rosidl_typesupport_fastrtps_cpp.dir/rosidl_typesupport_fastrtps_cpp/custom_interfaces/msg/detail/dds_fastrtps/age__type_support.cpp.o[0m
[10.775s] [ 19%] [32mBuilding CXX object CMakeFiles/custom_interfaces__rosidl_typesupport_fastrtps_cpp.dir/rosidl_typesupport_fastrtps_cpp/custom_interfaces/action/detail/dds_fastrtps/move__type_support.cpp.o[0m
[11.715s] [ 21%] [32mBuilding CXX object CMakeFiles/custom_interfaces__rosidl_typesupport_fastrtps_cpp.dir/rosidl_typesupport_fastrtps_cpp/custom_interfaces/srv/detail/dds_fastrtps/my_custom_service_message__type_support.cpp.o[0m
[12.361s] [ 23%] [32m[1mLinking CXX shared library libcustom_interfaces__rosidl_typesupport_fastrtps_cpp.so[0m
[12.478s] [ 23%] Built target custom_interfaces__rosidl_typesupport_fastrtps_cpp
[12.495s] [ 25%] [34m[1mGenerating C++ type support dispatch for ROS interfaces[0m
[13.179s] [35m[1mConsolidate compiler generated dependencies of target custom_interfaces__rosidl_typesupport_cpp[0m
[13.203s] [ 27%] [32mBuilding CXX object CMakeFiles/custom_interfaces__rosidl_typesupport_cpp.dir/rosidl_typesupport_cpp/custom_interfaces/msg/age__type_support.cpp.o[0m
[13.634s] [ 29%] [32mBuilding CXX object CMakeFiles/custom_interfaces__rosidl_typesupport_cpp.dir/rosidl_typesupport_cpp/custom_interfaces/action/move__type_support.cpp.o[0m
[14.337s] [ 31%] [32mBuilding CXX object CMakeFiles/custom_interfaces__rosidl_typesupport_cpp.dir/rosidl_typesupport_cpp/custom_interfaces/srv/my_custom_service_message__type_support.cpp.o[0m
[14.772s] [ 34%] [32m[1mLinking CXX shared library libcustom_interfaces__rosidl_typesupport_cpp.so[0m
[14.848s] [ 34%] Built target custom_interfaces__rosidl_typesupport_cpp
[14.866s] [ 36%] [34m[1mGenerating C code for ROS interfaces[0m
[16.154s] [35m[1mConsolidate compiler generated dependencies of target custom_interfaces__rosidl_generator_c[0m
[16.175s] [ 38%] [32mBuilding C object CMakeFiles/custom_interfaces__rosidl_generator_c.dir/rosidl_generator_c/custom_interfaces/msg/detail/age__functions.c.o[0m
[16.379s] [ 40%] [32mBuilding C object CMakeFiles/custom_interfaces__rosidl_generator_c.dir/rosidl_generator_c/custom_interfaces/action/detail/move__functions.c.o[0m
[16.613s] [ 42%] [32mBuilding C object CMakeFiles/custom_interfaces__rosidl_generator_c.dir/rosidl_generator_c/custom_interfaces/srv/detail/my_custom_service_message__functions.c.o[0m
[16.711s] [ 44%] [32m[1mLinking C shared library libcustom_interfaces__rosidl_generator_c.so[0m
[16.779s] [ 44%] Built target custom_interfaces__rosidl_generator_c
[16.798s] [ 46%] [34m[1mGenerating C type support for eProsima Fast-RTPS[0m
[17.703s] [35m[1mConsolidate compiler generated dependencies of target custom_interfaces__rosidl_typesupport_fastrtps_c[0m
[17.731s] [ 48%] [32mBuilding CXX object CMakeFiles/custom_interfaces__rosidl_typesupport_fastrtps_c.dir/rosidl_typesupport_fastrtps_c/custom_interfaces/msg/detail/age__type_support_c.cpp.o[0m
[18.254s] [ 51%] [32mBuilding CXX object CMakeFiles/custom_interfaces__rosidl_typesupport_fastrtps_c.dir/rosidl_typesupport_fastrtps_c/custom_interfaces/action/detail/move__type_support_c.cpp.o[0m
[18.884s] [ 53%] [32mBuilding CXX object CMakeFiles/custom_interfaces__rosidl_typesupport_fastrtps_c.dir/rosidl_typesupport_fastrtps_c/custom_interfaces/srv/detail/my_custom_service_message__type_support_c.cpp.o[0m
[19.424s] [ 55%] [32m[1mLinking CXX shared library libcustom_interfaces__rosidl_typesupport_fastrtps_c.so[0m
[19.547s] [ 55%] Built target custom_interfaces__rosidl_typesupport_fastrtps_c
[19.563s] [ 57%] [34m[1mGenerating C type support dispatch for ROS interfaces[0m
[20.220s] [35m[1mConsolidate compiler generated dependencies of target custom_interfaces__rosidl_typesupport_c[0m
[20.239s] [ 59%] [32mBuilding CXX object CMakeFiles/custom_interfaces__rosidl_typesupport_c.dir/rosidl_typesupport_c/custom_interfaces/msg/age__type_support.cpp.o[0m
[20.293s] [ 61%] [32mBuilding CXX object CMakeFiles/custom_interfaces__rosidl_typesupport_c.dir/rosidl_typesupport_c/custom_interfaces/action/move__type_support.cpp.o[0m
[20.397s] [ 63%] [32mBuilding CXX object CMakeFiles/custom_interfaces__rosidl_typesupport_c.dir/rosidl_typesupport_c/custom_interfaces/srv/my_custom_service_message__type_support.cpp.o[0m
[20.456s] [ 65%] [32m[1mLinking CXX shared library libcustom_interfaces__rosidl_typesupport_c.so[0m
[20.530s] [ 65%] Built target custom_interfaces__rosidl_typesupport_c
[20.549s] [ 68%] [34m[1mGenerating C introspection for ROS interfaces[0m
[21.463s] [35m[1mConsolidate compiler generated dependencies of target custom_interfaces__rosidl_typesupport_introspection_c[0m
[21.482s] [ 70%] [32mBuilding C object CMakeFiles/custom_interfaces__rosidl_typesupport_introspection_c.dir/rosidl_typesupport_introspection_c/custom_interfaces/msg/detail/age__type_support.c.o[0m
[21.547s] [ 72%] [32mBuilding C object CMakeFiles/custom_interfaces__rosidl_typesupport_introspection_c.dir/rosidl_typesupport_introspection_c/custom_interfaces/action/detail/move__type_support.c.o[0m
[21.634s] [ 74%] [32mBuilding C object CMakeFiles/custom_interfaces__rosidl_typesupport_introspection_c.dir/rosidl_typesupport_introspection_c/custom_interfaces/srv/detail/my_custom_service_message__type_support.c.o[0m
[21.695s] [ 76%] [32m[1mLinking C shared library libcustom_interfaces__rosidl_typesupport_introspection_c.so[0m
[21.749s] [ 76%] Built target custom_interfaces__rosidl_typesupport_introspection_c
[21.783s] [ 76%] Built target custom_interfaces
[21.818s] [ 78%] [34m[1mGenerating Python code for ROS interfaces[0m
[23.883s] [ 78%] Built target custom_interfaces__py
[23.912s] [35m[1mConsolidate compiler generated dependencies of target custom_interfaces__rosidl_generator_py[0m
[23.940s] [ 80%] [32mBuilding C object CMakeFiles/custom_interfaces__rosidl_generator_py.dir/rosidl_generator_py/custom_interfaces/msg/_age_s.c.o[0m
[24.256s] [ 82%] [32mBuilding C object CMakeFiles/custom_interfaces__rosidl_generator_py.dir/rosidl_generator_py/custom_interfaces/action/_move_s.c.o[0m
[24.512s] [ 85%] [32mBuilding C object CMakeFiles/custom_interfaces__rosidl_generator_py.dir/rosidl_generator_py/custom_interfaces/srv/_my_custom_service_message_s.c.o[0m
[24.697s] [ 87%] [32m[1mLinking C shared library rosidl_generator_py/custom_interfaces/libcustom_interfaces__rosidl_generator_py.so[0m
[24.769s] [ 87%] Built target custom_interfaces__rosidl_generator_py
[24.786s] [35m[1mConsolidate compiler generated dependencies of target custom_interfaces__rosidl_typesupport_fastrtps_c__pyext[0m
[24.807s] [ 89%] [32mBuilding C object CMakeFiles/custom_interfaces__rosidl_typesupport_fastrtps_c__pyext.dir/rosidl_generator_py/custom_interfaces/_custom_interfaces_s.ep.rosidl_typesupport_fastrtps_c.c.o[0m
[25.047s] [ 91%] [32m[1mLinking C shared library rosidl_generator_py/custom_interfaces/custom_interfaces_s__rosidl_typesupport_fastrtps_c.cpython-310-x86_64-linux-gnu.so[0m
[25.119s] [ 91%] Built target custom_interfaces__rosidl_typesupport_fastrtps_c__pyext
[25.142s] [35m[1mConsolidate compiler generated dependencies of target custom_interfaces__rosidl_typesupport_c__pyext[0m
[25.169s] [ 93%] [32mBuilding C object CMakeFiles/custom_interfaces__rosidl_typesupport_c__pyext.dir/rosidl_generator_py/custom_interfaces/_custom_interfaces_s.ep.rosidl_typesupport_c.c.o[0m
[25.411s] [ 95%] [32m[1mLinking C shared library rosidl_generator_py/custom_interfaces/custom_interfaces_s__rosidl_typesupport_c.cpython-310-x86_64-linux-gnu.so[0m
[25.483s] [ 95%] Built target custom_interfaces__rosidl_typesupport_c__pyext
[25.511s] [35m[1mConsolidate compiler generated dependencies of target custom_interfaces__rosidl_typesupport_introspection_c__pyext[0m
[25.539s] [ 97%] [32mBuilding C object CMakeFiles/custom_interfaces__rosidl_typesupport_introspection_c__pyext.dir/rosidl_generator_py/custom_interfaces/_custom_interfaces_s.ep.rosidl_typesupport_introspection_c.c.o[0m
[25.771s] [100%] [32m[1mLinking C shared library rosidl_generator_py/custom_interfaces/custom_interfaces_s__rosidl_typesupport_introspection_c.cpython-310-x86_64-linux-gnu.so[0m
[25.837s] [100%] Built target custom_interfaces__rosidl_typesupport_introspection_c__pyext
[25.856s] Invoked command in '/home/user/ros2_ws/build/custom_interfaces' returned '0': CMAKE_PREFIX_PATH=${CMAKE_PREFIX_PATH}:/home/user/ros2_ws/install/my_action_server:/home/user/ros2_ws/install/my_action_client:/home/simulations/ros2_sims_ws/install/turtlebot3_teleop:/home/simulations/ros2_sims_ws/install/turtlebot3_example:/home/simulations/ros2_sims_ws/install/services_pkg:/home/user/ros2_ws/install/topics_quiz:/home/user/ros2_ws/install/subscriber_pkg:/home/user/ros2_ws/install/publisher_pkg:/home/user/ros2_ws/install/my_package:/home/user/ros2_ws/install/movement_pkg:/home/user/ros2_ws/install/exercise42_pkg:/home/user/ros2_ws/install/client_pkg:/opt/ros/humble _=/usr/bin/env /usr/bin/cmake --build /home/user/ros2_ws/build/custom_interfaces -- -j8 -l8
[26.206s] Invoking command in '/home/user/ros2_ws/build/custom_interfaces': CMAKE_PREFIX_PATH=${CMAKE_PREFIX_PATH}:/home/user/ros2_ws/install/my_action_server:/home/user/ros2_ws/install/my_action_client:/home/simulations/ros2_sims_ws/install/turtlebot3_teleop:/home/simulations/ros2_sims_ws/install/turtlebot3_example:/home/simulations/ros2_sims_ws/install/services_pkg:/home/user/ros2_ws/install/topics_quiz:/home/user/ros2_ws/install/subscriber_pkg:/home/user/ros2_ws/install/publisher_pkg:/home/user/ros2_ws/install/my_package:/home/user/ros2_ws/install/movement_pkg:/home/user/ros2_ws/install/exercise42_pkg:/home/user/ros2_ws/install/client_pkg:/opt/ros/humble _=/usr/bin/env /usr/bin/cmake --install /home/user/ros2_ws/build/custom_interfaces
[26.220s] -- Install configuration: ""
[26.220s] -- Installing: /home/user/ros2_ws/install/custom_interfaces/share/ament_index/resource_index/rosidl_interfaces/custom_interfaces
[26.220s] -- Up-to-date: /home/user/ros2_ws/install/custom_interfaces/include/custom_interfaces/custom_interfaces
[26.220s] -- Up-to-date: /home/user/ros2_ws/install/custom_interfaces/include/custom_interfaces/custom_interfaces/srv
[26.221s] -- Up-to-date: /home/user/ros2_ws/install/custom_interfaces/include/custom_interfaces/custom_interfaces/srv/detail
[26.221s] -- Installing: /home/user/ros2_ws/install/custom_interfaces/include/custom_interfaces/custom_interfaces/srv/detail/my_custom_service_message__type_support.h
[26.221s] -- Installing: /home/user/ros2_ws/install/custom_interfaces/include/custom_interfaces/custom_interfaces/srv/detail/my_custom_service_message__functions.h
[26.221s] -- Installing: /home/user/ros2_ws/install/custom_interfaces/include/custom_interfaces/custom_interfaces/srv/detail/my_custom_service_message__functions.c
[26.221s] -- Installing: /home/user/ros2_ws/install/custom_interfaces/include/custom_interfaces/custom_interfaces/srv/detail/my_custom_service_message__struct.h
[26.222s] -- Installing: /home/user/ros2_ws/install/custom_interfaces/include/custom_interfaces/custom_interfaces/srv/my_custom_service_message.h
[26.222s] -- Up-to-date: /home/user/ros2_ws/install/custom_interfaces/include/custom_interfaces/custom_interfaces/msg
[26.222s] -- Up-to-date: /home/user/ros2_ws/install/custom_interfaces/include/custom_interfaces/custom_interfaces/msg/detail
[26.222s] -- Installing: /home/user/ros2_ws/install/custom_interfaces/include/custom_interfaces/custom_interfaces/msg/detail/age__functions.c
[26.223s] -- Installing: /home/user/ros2_ws/install/custom_interfaces/include/custom_interfaces/custom_interfaces/msg/detail/age__struct.h
[26.223s] -- Installing: /home/user/ros2_ws/install/custom_interfaces/include/custom_interfaces/custom_interfaces/msg/detail/age__functions.h
[26.223s] -- Installing: /home/user/ros2_ws/install/custom_interfaces/include/custom_interfaces/custom_interfaces/msg/detail/age__type_support.h
[26.223s] -- Up-to-date: /home/user/ros2_ws/install/custom_interfaces/include/custom_interfaces/custom_interfaces/msg/rosidl_generator_c__visibility_control.h
[26.224s] -- Installing: /home/user/ros2_ws/install/custom_interfaces/include/custom_interfaces/custom_interfaces/msg/age.h
[26.224s] -- Installing: /home/user/ros2_ws/install/custom_interfaces/include/custom_interfaces/custom_interfaces/action
[26.224s] -- Installing: /home/user/ros2_ws/install/custom_interfaces/include/custom_interfaces/custom_interfaces/action/detail
[26.225s] -- Installing: /home/user/ros2_ws/install/custom_interfaces/include/custom_interfaces/custom_interfaces/action/detail/move__functions.h
[26.225s] -- Installing: /home/user/ros2_ws/install/custom_interfaces/include/custom_interfaces/custom_interfaces/action/detail/move__functions.c
[26.225s] -- Installing: /home/user/ros2_ws/install/custom_interfaces/include/custom_interfaces/custom_interfaces/action/detail/move__type_support.h
[26.225s] -- Installing: /home/user/ros2_ws/install/custom_interfaces/include/custom_interfaces/custom_interfaces/action/detail/move__struct.h
[26.226s] -- Installing: /home/user/ros2_ws/install/custom_interfaces/include/custom_interfaces/custom_interfaces/action/move.h
[26.226s] -- Up-to-date: /home/user/ros2_ws/install/custom_interfaces/share/custom_interfaces/environment/library_path.sh
[26.226s] -- Installing: /home/user/ros2_ws/install/custom_interfaces/share/custom_interfaces/environment/library_path.dsv
[26.227s] -- Installing: /home/user/ros2_ws/install/custom_interfaces/lib/libcustom_interfaces__rosidl_generator_c.so
[26.228s] -- Set runtime path of "/home/user/ros2_ws/install/custom_interfaces/lib/libcustom_interfaces__rosidl_generator_c.so" to ""
[26.228s] -- Up-to-date: /home/user/ros2_ws/install/custom_interfaces/include/custom_interfaces/custom_interfaces
[26.229s] -- Up-to-date: /home/user/ros2_ws/install/custom_interfaces/include/custom_interfaces/custom_interfaces/srv
[26.229s] -- Up-to-date: /home/user/ros2_ws/install/custom_interfaces/include/custom_interfaces/custom_interfaces/srv/detail
[26.229s] -- Installing: /home/user/ros2_ws/install/custom_interfaces/include/custom_interfaces/custom_interfaces/srv/detail/my_custom_service_message__rosidl_typesupport_fastrtps_c.h
[26.229s] -- Up-to-date: /home/user/ros2_ws/install/custom_interfaces/include/custom_interfaces/custom_interfaces/msg
[26.229s] -- Up-to-date: /home/user/ros2_ws/install/custom_interfaces/include/custom_interfaces/custom_interfaces/msg/detail
[26.230s] -- Installing: /home/user/ros2_ws/install/custom_interfaces/include/custom_interfaces/custom_interfaces/msg/detail/age__rosidl_typesupport_fastrtps_c.h
[26.230s] -- Up-to-date: /home/user/ros2_ws/install/custom_interfaces/include/custom_interfaces/custom_interfaces/msg/rosidl_typesupport_fastrtps_c__visibility_control.h
[26.230s] -- Up-to-date: /home/user/ros2_ws/install/custom_interfaces/include/custom_interfaces/custom_interfaces/action
[26.230s] -- Up-to-date: /home/user/ros2_ws/install/custom_interfaces/include/custom_interfaces/custom_interfaces/action/detail
[26.230s] -- Installing: /home/user/ros2_ws/install/custom_interfaces/include/custom_interfaces/custom_interfaces/action/detail/move__rosidl_typesupport_fastrtps_c.h
[26.234s] -- Installing: /home/user/ros2_ws/install/custom_interfaces/lib/libcustom_interfaces__rosidl_typesupport_fastrtps_c.so
[26.235s] -- Set runtime path of "/home/user/ros2_ws/install/custom_interfaces/lib/libcustom_interfaces__rosidl_typesupport_fastrtps_c.so" to ""
[26.235s] -- Up-to-date: /home/user/ros2_ws/install/custom_interfaces/include/custom_interfaces/custom_interfaces
[26.235s] -- Up-to-date: /home/user/ros2_ws/install/custom_interfaces/include/custom_interfaces/custom_interfaces/srv
[26.236s] -- Up-to-date: /home/user/ros2_ws/install/custom_interfaces/include/custom_interfaces/custom_interfaces/srv/detail
[26.236s] -- Installing: /home/user/ros2_ws/install/custom_interfaces/include/custom_interfaces/custom_interfaces/srv/detail/my_custom_service_message__traits.hpp
[26.236s] -- Installing: /home/user/ros2_ws/install/custom_interfaces/include/custom_interfaces/custom_interfaces/srv/detail/my_custom_service_message__builder.hpp
[26.236s] -- Installing: /home/user/ros2_ws/install/custom_interfaces/include/custom_interfaces/custom_interfaces/srv/detail/my_custom_service_message__struct.hpp
[26.236s] -- Installing: /home/user/ros2_ws/install/custom_interfaces/include/custom_interfaces/custom_interfaces/srv/my_custom_service_message.hpp
[26.236s] -- Up-to-date: /home/user/ros2_ws/install/custom_interfaces/include/custom_interfaces/custom_interfaces/msg
[26.237s] -- Up-to-date: /home/user/ros2_ws/install/custom_interfaces/include/custom_interfaces/custom_interfaces/msg/detail
[26.237s] -- Installing: /home/user/ros2_ws/install/custom_interfaces/include/custom_interfaces/custom_interfaces/msg/detail/age__traits.hpp
[26.237s] -- Installing: /home/user/ros2_ws/install/custom_interfaces/include/custom_interfaces/custom_interfaces/msg/detail/age__struct.hpp
[26.237s] -- Installing: /home/user/ros2_ws/install/custom_interfaces/include/custom_interfaces/custom_interfaces/msg/detail/age__builder.hpp
[26.237s] -- Installing: /home/user/ros2_ws/install/custom_interfaces/include/custom_interfaces/custom_interfaces/msg/age.hpp
[26.237s] -- Up-to-date: /home/user/ros2_ws/install/custom_interfaces/include/custom_interfaces/custom_interfaces/action
[26.237s] -- Up-to-date: /home/user/ros2_ws/install/custom_interfaces/include/custom_interfaces/custom_interfaces/action/detail
[26.239s] -- Installing: /home/user/ros2_ws/install/custom_interfaces/include/custom_interfaces/custom_interfaces/action/detail/move__traits.hpp
[26.239s] -- Installing: /home/user/ros2_ws/install/custom_interfaces/include/custom_interfaces/custom_interfaces/action/detail/move__struct.hpp
[26.240s] -- Installing: /home/user/ros2_ws/install/custom_interfaces/include/custom_interfaces/custom_interfaces/action/detail/move__builder.hpp
[26.240s] -- Installing: /home/user/ros2_ws/install/custom_interfaces/include/custom_interfaces/custom_interfaces/action/move.hpp
[26.240s] -- Up-to-date: /home/user/ros2_ws/install/custom_interfaces/include/custom_interfaces/custom_interfaces
[26.240s] -- Up-to-date: /home/user/ros2_ws/install/custom_interfaces/include/custom_interfaces/custom_interfaces/srv
[26.240s] -- Up-to-date: /home/user/ros2_ws/install/custom_interfaces/include/custom_interfaces/custom_interfaces/srv/detail
[26.240s] -- Up-to-date: /home/user/ros2_ws/install/custom_interfaces/include/custom_interfaces/custom_interfaces/srv/detail/dds_fastrtps
[26.240s] -- Installing: /home/user/ros2_ws/install/custom_interfaces/include/custom_interfaces/custom_interfaces/srv/detail/my_custom_service_message__rosidl_typesupport_fastrtps_cpp.hpp
[26.241s] -- Up-to-date: /home/user/ros2_ws/install/custom_interfaces/include/custom_interfaces/custom_interfaces/msg
[26.241s] -- Up-to-date: /home/user/ros2_ws/install/custom_interfaces/include/custom_interfaces/custom_interfaces/msg/detail
[26.241s] -- Installing: /home/user/ros2_ws/install/custom_interfaces/include/custom_interfaces/custom_interfaces/msg/detail/age__rosidl_typesupport_fastrtps_cpp.hpp
[26.242s] -- Up-to-date: /home/user/ros2_ws/install/custom_interfaces/include/custom_interfaces/custom_interfaces/msg/detail/dds_fastrtps
[26.242s] -- Up-to-date: /home/user/ros2_ws/install/custom_interfaces/include/custom_interfaces/custom_interfaces/msg/rosidl_typesupport_fastrtps_cpp__visibility_control.h
[26.242s] -- Up-to-date: /home/user/ros2_ws/install/custom_interfaces/include/custom_interfaces/custom_interfaces/action
[26.243s] -- Up-to-date: /home/user/ros2_ws/install/custom_interfaces/include/custom_interfaces/custom_interfaces/action/detail
[26.243s] -- Installing: /home/user/ros2_ws/install/custom_interfaces/include/custom_interfaces/custom_interfaces/action/detail/dds_fastrtps
[26.243s] -- Installing: /home/user/ros2_ws/install/custom_interfaces/include/custom_interfaces/custom_interfaces/action/detail/move__rosidl_typesupport_fastrtps_cpp.hpp
[26.243s] -- Installing: /home/user/ros2_ws/install/custom_interfaces/lib/libcustom_interfaces__rosidl_typesupport_fastrtps_cpp.so
[26.243s] -- Set runtime path of "/home/user/ros2_ws/install/custom_interfaces/lib/libcustom_interfaces__rosidl_typesupport_fastrtps_cpp.so" to ""
[26.243s] -- Up-to-date: /home/user/ros2_ws/install/custom_interfaces/include/custom_interfaces/custom_interfaces
[26.243s] -- Up-to-date: /home/user/ros2_ws/install/custom_interfaces/include/custom_interfaces/custom_interfaces/srv
[26.244s] -- Up-to-date: /home/user/ros2_ws/install/custom_interfaces/include/custom_interfaces/custom_interfaces/srv/detail
[26.244s] -- Installing: /home/user/ros2_ws/install/custom_interfaces/include/custom_interfaces/custom_interfaces/srv/detail/my_custom_service_message__type_support.c
[26.244s] -- Installing: /home/user/ros2_ws/install/custom_interfaces/include/custom_interfaces/custom_interfaces/srv/detail/my_custom_service_message__rosidl_typesupport_introspection_c.h
[26.244s] -- Up-to-date: /home/user/ros2_ws/install/custom_interfaces/include/custom_interfaces/custom_interfaces/msg
[26.244s] -- Up-to-date: /home/user/ros2_ws/install/custom_interfaces/include/custom_interfaces/custom_interfaces/msg/detail
[26.244s] -- Installing: /home/user/ros2_ws/install/custom_interfaces/include/custom_interfaces/custom_interfaces/msg/detail/age__type_support.c
[26.244s] -- Installing: /home/user/ros2_ws/install/custom_interfaces/include/custom_interfaces/custom_interfaces/msg/detail/age__rosidl_typesupport_introspection_c.h
[26.244s] -- Up-to-date: /home/user/ros2_ws/install/custom_interfaces/include/custom_interfaces/custom_interfaces/msg/rosidl_typesupport_introspection_c__visibility_control.h
[26.244s] -- Up-to-date: /home/user/ros2_ws/install/custom_interfaces/include/custom_interfaces/custom_interfaces/action
[26.244s] -- Up-to-date: /home/user/ros2_ws/install/custom_interfaces/include/custom_interfaces/custom_interfaces/action/detail
[26.245s] -- Installing: /home/user/ros2_ws/install/custom_interfaces/include/custom_interfaces/custom_interfaces/action/detail/move__rosidl_typesupport_introspection_c.h
[26.245s] -- Installing: /home/user/ros2_ws/install/custom_interfaces/include/custom_interfaces/custom_interfaces/action/detail/move__type_support.c
[26.245s] -- Installing: /home/user/ros2_ws/install/custom_interfaces/lib/libcustom_interfaces__rosidl_typesupport_introspection_c.so
[26.245s] -- Set runtime path of "/home/user/ros2_ws/install/custom_interfaces/lib/libcustom_interfaces__rosidl_typesupport_introspection_c.so" to ""
[26.245s] -- Installing: /home/user/ros2_ws/install/custom_interfaces/lib/libcustom_interfaces__rosidl_typesupport_c.so
[26.245s] -- Set runtime path of "/home/user/ros2_ws/install/custom_interfaces/lib/libcustom_interfaces__rosidl_typesupport_c.so" to ""
[26.245s] -- Up-to-date: /home/user/ros2_ws/install/custom_interfaces/include/custom_interfaces/custom_interfaces
[26.245s] -- Up-to-date: /home/user/ros2_ws/install/custom_interfaces/include/custom_interfaces/custom_interfaces/srv
[26.245s] -- Up-to-date: /home/user/ros2_ws/install/custom_interfaces/include/custom_interfaces/custom_interfaces/srv/detail
[26.245s] -- Installing: /home/user/ros2_ws/install/custom_interfaces/include/custom_interfaces/custom_interfaces/srv/detail/my_custom_service_message__type_support.cpp
[26.246s] -- Installing: /home/user/ros2_ws/install/custom_interfaces/include/custom_interfaces/custom_interfaces/srv/detail/my_custom_service_message__rosidl_typesupport_introspection_cpp.hpp
[26.246s] -- Up-to-date: /home/user/ros2_ws/install/custom_interfaces/include/custom_interfaces/custom_interfaces/msg
[26.246s] -- Up-to-date: /home/user/ros2_ws/install/custom_interfaces/include/custom_interfaces/custom_interfaces/msg/detail
[26.246s] -- Installing: /home/user/ros2_ws/install/custom_interfaces/include/custom_interfaces/custom_interfaces/msg/detail/age__rosidl_typesupport_introspection_cpp.hpp
[26.246s] -- Installing: /home/user/ros2_ws/install/custom_interfaces/include/custom_interfaces/custom_interfaces/msg/detail/age__type_support.cpp
[26.248s] -- Up-to-date: /home/user/ros2_ws/install/custom_interfaces/include/custom_interfaces/custom_interfaces/action
[26.250s] -- Up-to-date: /home/user/ros2_ws/install/custom_interfaces/include/custom_interfaces/custom_interfaces/action/detail
[26.252s] -- Installing: /home/user/ros2_ws/install/custom_interfaces/include/custom_interfaces/custom_interfaces/action/detail/move__rosidl_typesupport_introspection_cpp.hpp
[26.252s] -- Installing: /home/user/ros2_ws/install/custom_interfaces/include/custom_interfaces/custom_interfaces/action/detail/move__type_support.cpp
[26.253s] -- Installing: /home/user/ros2_ws/install/custom_interfaces/lib/libcustom_interfaces__rosidl_typesupport_introspection_cpp.so
[26.253s] -- Set runtime path of "/home/user/ros2_ws/install/custom_interfaces/lib/libcustom_interfaces__rosidl_typesupport_introspection_cpp.so" to ""
[26.253s] -- Installing: /home/user/ros2_ws/install/custom_interfaces/lib/libcustom_interfaces__rosidl_typesupport_cpp.so
[26.253s] -- Set runtime path of "/home/user/ros2_ws/install/custom_interfaces/lib/libcustom_interfaces__rosidl_typesupport_cpp.so" to ""
[26.253s] -- Up-to-date: /home/user/ros2_ws/install/custom_interfaces/share/custom_interfaces/environment/pythonpath.sh
[26.253s] -- Installing: /home/user/ros2_ws/install/custom_interfaces/share/custom_interfaces/environment/pythonpath.dsv
[26.253s] -- Up-to-date: /home/user/ros2_ws/install/custom_interfaces/local/lib/python3.10/dist-packages/custom_interfaces-0.0.0-py3.10.egg-info
[26.254s] -- Installing: /home/user/ros2_ws/install/custom_interfaces/local/lib/python3.10/dist-packages/custom_interfaces-0.0.0-py3.10.egg-info/PKG-INFO
[26.254s] -- Installing: /home/user/ros2_ws/install/custom_interfaces/local/lib/python3.10/dist-packages/custom_interfaces-0.0.0-py3.10.egg-info/top_level.txt
[26.254s] -- Installing: /home/user/ros2_ws/install/custom_interfaces/local/lib/python3.10/dist-packages/custom_interfaces-0.0.0-py3.10.egg-info/SOURCES.txt
[26.254s] -- Installing: /home/user/ros2_ws/install/custom_interfaces/local/lib/python3.10/dist-packages/custom_interfaces-0.0.0-py3.10.egg-info/dependency_links.txt
[26.254s] -- Up-to-date: /home/user/ros2_ws/install/custom_interfaces/local/lib/python3.10/dist-packages/custom_interfaces
[26.254s] -- Up-to-date: /home/user/ros2_ws/install/custom_interfaces/local/lib/python3.10/dist-packages/custom_interfaces/srv
[26.254s] -- Installing: /home/user/ros2_ws/install/custom_interfaces/local/lib/python3.10/dist-packages/custom_interfaces/srv/_my_custom_service_message_s.c
[26.254s] -- Installing: /home/user/ros2_ws/install/custom_interfaces/local/lib/python3.10/dist-packages/custom_interfaces/srv/__init__.py
[26.255s] -- Installing: /home/user/ros2_ws/install/custom_interfaces/local/lib/python3.10/dist-packages/custom_interfaces/srv/_my_custom_service_message.py
[26.255s] -- Installing: /home/user/ros2_ws/install/custom_interfaces/local/lib/python3.10/dist-packages/custom_interfaces/custom_interfaces_s__rosidl_typesupport_introspection_c.cpython-310-x86_64-linux-gnu.so
[26.255s] -- Up-to-date: /home/user/ros2_ws/install/custom_interfaces/local/lib/python3.10/dist-packages/custom_interfaces/msg
[26.255s] -- Installing: /home/user/ros2_ws/install/custom_interfaces/local/lib/python3.10/dist-packages/custom_interfaces/msg/_age_s.c
[26.255s] -- Installing: /home/user/ros2_ws/install/custom_interfaces/local/lib/python3.10/dist-packages/custom_interfaces/msg/_age.py
[26.255s] -- Installing: /home/user/ros2_ws/install/custom_interfaces/local/lib/python3.10/dist-packages/custom_interfaces/msg/__init__.py
[26.255s] -- Installing: /home/user/ros2_ws/install/custom_interfaces/local/lib/python3.10/dist-packages/custom_interfaces/_custom_interfaces_s.ep.rosidl_typesupport_introspection_c.c
[26.256s] -- Installing: /home/user/ros2_ws/install/custom_interfaces/local/lib/python3.10/dist-packages/custom_interfaces/libcustom_interfaces__rosidl_generator_py.so
[26.256s] -- Installing: /home/user/ros2_ws/install/custom_interfaces/local/lib/python3.10/dist-packages/custom_interfaces/_custom_interfaces_s.ep.rosidl_typesupport_c.c
[26.256s] -- Installing: /home/user/ros2_ws/install/custom_interfaces/local/lib/python3.10/dist-packages/custom_interfaces/__init__.py
[26.256s] -- Installing: /home/user/ros2_ws/install/custom_interfaces/local/lib/python3.10/dist-packages/custom_interfaces/custom_interfaces_s__rosidl_typesupport_c.cpython-310-x86_64-linux-gnu.so
[26.256s] -- Installing: /home/user/ros2_ws/install/custom_interfaces/local/lib/python3.10/dist-packages/custom_interfaces/_custom_interfaces_s.ep.rosidl_typesupport_fastrtps_c.c
[26.256s] -- Installing: /home/user/ros2_ws/install/custom_interfaces/local/lib/python3.10/dist-packages/custom_interfaces/custom_interfaces_s__rosidl_typesupport_fastrtps_c.cpython-310-x86_64-linux-gnu.so
[26.256s] -- Installing: /home/user/ros2_ws/install/custom_interfaces/local/lib/python3.10/dist-packages/custom_interfaces/action
[26.256s] -- Installing: /home/user/ros2_ws/install/custom_interfaces/local/lib/python3.10/dist-packages/custom_interfaces/action/_move.py
[26.257s] -- Installing: /home/user/ros2_ws/install/custom_interfaces/local/lib/python3.10/dist-packages/custom_interfaces/action/__init__.py
[26.257s] -- Installing: /home/user/ros2_ws/install/custom_interfaces/local/lib/python3.10/dist-packages/custom_interfaces/action/_move_s.c
[26.348s] Listing '/home/user/ros2_ws/install/custom_interfaces/local/lib/python3.10/dist-packages/custom_interfaces'...
[26.348s] Compiling '/home/user/ros2_ws/install/custom_interfaces/local/lib/python3.10/dist-packages/custom_interfaces/__init__.py'...
[26.348s] Listing '/home/user/ros2_ws/install/custom_interfaces/local/lib/python3.10/dist-packages/custom_interfaces/action'...
[26.348s] Compiling '/home/user/ros2_ws/install/custom_interfaces/local/lib/python3.10/dist-packages/custom_interfaces/action/__init__.py'...
[26.349s] Compiling '/home/user/ros2_ws/install/custom_interfaces/local/lib/python3.10/dist-packages/custom_interfaces/action/_move.py'...
[26.349s] Listing '/home/user/ros2_ws/install/custom_interfaces/local/lib/python3.10/dist-packages/custom_interfaces/msg'...
[26.349s] Compiling '/home/user/ros2_ws/install/custom_interfaces/local/lib/python3.10/dist-packages/custom_interfaces/msg/__init__.py'...
[26.349s] Compiling '/home/user/ros2_ws/install/custom_interfaces/local/lib/python3.10/dist-packages/custom_interfaces/msg/_age.py'...
[26.349s] Listing '/home/user/ros2_ws/install/custom_interfaces/local/lib/python3.10/dist-packages/custom_interfaces/srv'...
[26.349s] Compiling '/home/user/ros2_ws/install/custom_interfaces/local/lib/python3.10/dist-packages/custom_interfaces/srv/__init__.py'...
[26.349s] Compiling '/home/user/ros2_ws/install/custom_interfaces/local/lib/python3.10/dist-packages/custom_interfaces/srv/_my_custom_service_message.py'...
[26.357s] -- Installing: /home/user/ros2_ws/install/custom_interfaces/local/lib/python3.10/dist-packages/custom_interfaces/custom_interfaces_s__rosidl_typesupport_fastrtps_c.cpython-310-x86_64-linux-gnu.so
[26.358s] -- Set runtime path of "/home/user/ros2_ws/install/custom_interfaces/local/lib/python3.10/dist-packages/custom_interfaces/custom_interfaces_s__rosidl_typesupport_fastrtps_c.cpython-310-x86_64-linux-gnu.so" to ""
[26.358s] -- Installing: /home/user/ros2_ws/install/custom_interfaces/local/lib/python3.10/dist-packages/custom_interfaces/custom_interfaces_s__rosidl_typesupport_introspection_c.cpython-310-x86_64-linux-gnu.so
[26.360s] -- Set runtime path of "/home/user/ros2_ws/install/custom_interfaces/local/lib/python3.10/dist-packages/custom_interfaces/custom_interfaces_s__rosidl_typesupport_introspection_c.cpython-310-x86_64-linux-gnu.so" to ""
[26.360s] -- Installing: /home/user/ros2_ws/install/custom_interfaces/local/lib/python3.10/dist-packages/custom_interfaces/custom_interfaces_s__rosidl_typesupport_c.cpython-310-x86_64-linux-gnu.so
[26.360s] -- Set runtime path of "/home/user/ros2_ws/install/custom_interfaces/local/lib/python3.10/dist-packages/custom_interfaces/custom_interfaces_s__rosidl_typesupport_c.cpython-310-x86_64-linux-gnu.so" to ""
[26.360s] -- Installing: /home/user/ros2_ws/install/custom_interfaces/lib/libcustom_interfaces__rosidl_generator_py.so
[26.361s] -- Set runtime path of "/home/user/ros2_ws/install/custom_interfaces/lib/libcustom_interfaces__rosidl_generator_py.so" to ""
[26.361s] -- Up-to-date: /home/user/ros2_ws/install/custom_interfaces/share/custom_interfaces/msg/Age.idl
[26.361s] -- Up-to-date: /home/user/ros2_ws/install/custom_interfaces/share/custom_interfaces/srv/MyCustomServiceMessage.idl
[26.362s] -- Installing: /home/user/ros2_ws/install/custom_interfaces/share/custom_interfaces/action/Move.idl
[26.362s] -- Up-to-date: /home/user/ros2_ws/install/custom_interfaces/share/custom_interfaces/msg/Age.msg
[26.362s] -- Up-to-date: /home/user/ros2_ws/install/custom_interfaces/share/custom_interfaces/srv/MyCustomServiceMessage.srv
[26.362s] -- Up-to-date: /home/user/ros2_ws/install/custom_interfaces/share/custom_interfaces/srv/MyCustomServiceMessage_Request.msg
[26.362s] -- Up-to-date: /home/user/ros2_ws/install/custom_interfaces/share/custom_interfaces/srv/MyCustomServiceMessage_Response.msg
[26.363s] -- Installing: /home/user/ros2_ws/install/custom_interfaces/share/custom_interfaces/action/Move.action
[26.363s] -- Installing: /home/user/ros2_ws/install/custom_interfaces/share/ament_index/resource_index/package_run_dependencies/custom_interfaces
[26.363s] -- Installing: /home/user/ros2_ws/install/custom_interfaces/share/ament_index/resource_index/parent_prefix_path/custom_interfaces
[26.364s] -- Up-to-date: /home/user/ros2_ws/install/custom_interfaces/share/custom_interfaces/environment/ament_prefix_path.sh
[26.364s] -- Installing: /home/user/ros2_ws/install/custom_interfaces/share/custom_interfaces/environment/ament_prefix_path.dsv
[26.364s] -- Up-to-date: /home/user/ros2_ws/install/custom_interfaces/share/custom_interfaces/environment/path.sh
[26.364s] -- Installing: /home/user/ros2_ws/install/custom_interfaces/share/custom_interfaces/environment/path.dsv
[26.365s] -- Up-to-date: /home/user/ros2_ws/install/custom_interfaces/share/custom_interfaces/local_setup.bash
[26.365s] -- Up-to-date: /home/user/ros2_ws/install/custom_interfaces/share/custom_interfaces/local_setup.sh
[26.365s] -- Up-to-date: /home/user/ros2_ws/install/custom_interfaces/share/custom_interfaces/local_setup.zsh
[26.366s] -- Installing: /home/user/ros2_ws/install/custom_interfaces/share/custom_interfaces/local_setup.dsv
[26.366s] -- Installing: /home/user/ros2_ws/install/custom_interfaces/share/custom_interfaces/package.dsv
[26.367s] -- Up-to-date: /home/user/ros2_ws/install/custom_interfaces/share/ament_index/resource_index/packages/custom_interfaces
[26.367s] -- Old export file "/home/user/ros2_ws/install/custom_interfaces/share/custom_interfaces/cmake/export_custom_interfaces__rosidl_generator_cExport.cmake" will be replaced.  Removing files [/home/user/ros2_ws/install/custom_interfaces/share/custom_interfaces/cmake/export_custom_interfaces__rosidl_generator_cExport-noconfig.cmake].
[26.368s] -- Installing: /home/user/ros2_ws/install/custom_interfaces/share/custom_interfaces/cmake/export_custom_interfaces__rosidl_generator_cExport.cmake
[26.368s] -- Installing: /home/user/ros2_ws/install/custom_interfaces/share/custom_interfaces/cmake/export_custom_interfaces__rosidl_generator_cExport-noconfig.cmake
[26.369s] -- Old export file "/home/user/ros2_ws/install/custom_interfaces/share/custom_interfaces/cmake/export_custom_interfaces__rosidl_typesupport_fastrtps_cExport.cmake" will be replaced.  Removing files [/home/user/ros2_ws/install/custom_interfaces/share/custom_interfaces/cmake/export_custom_interfaces__rosidl_typesupport_fastrtps_cExport-noconfig.cmake].
[26.369s] -- Installing: /home/user/ros2_ws/install/custom_interfaces/share/custom_interfaces/cmake/export_custom_interfaces__rosidl_typesupport_fastrtps_cExport.cmake
[26.370s] -- Installing: /home/user/ros2_ws/install/custom_interfaces/share/custom_interfaces/cmake/export_custom_interfaces__rosidl_typesupport_fastrtps_cExport-noconfig.cmake
[26.371s] -- Installing: /home/user/ros2_ws/install/custom_interfaces/share/custom_interfaces/cmake/export_custom_interfaces__rosidl_generator_cppExport.cmake
[26.371s] -- Old export file "/home/user/ros2_ws/install/custom_interfaces/share/custom_interfaces/cmake/export_custom_interfaces__rosidl_typesupport_fastrtps_cppExport.cmake" will be replaced.  Removing files [/home/user/ros2_ws/install/custom_interfaces/share/custom_interfaces/cmake/export_custom_interfaces__rosidl_typesupport_fastrtps_cppExport-noconfig.cmake].
[26.372s] -- Installing: /home/user/ros2_ws/install/custom_interfaces/share/custom_interfaces/cmake/export_custom_interfaces__rosidl_typesupport_fastrtps_cppExport.cmake
[26.372s] -- Installing: /home/user/ros2_ws/install/custom_interfaces/share/custom_interfaces/cmake/export_custom_interfaces__rosidl_typesupport_fastrtps_cppExport-noconfig.cmake
[26.373s] -- Old export file "/home/user/ros2_ws/install/custom_interfaces/share/custom_interfaces/cmake/custom_interfaces__rosidl_typesupport_introspection_cExport.cmake" will be replaced.  Removing files [/home/user/ros2_ws/install/custom_interfaces/share/custom_interfaces/cmake/custom_interfaces__rosidl_typesupport_introspection_cExport-noconfig.cmake].
[26.374s] -- Installing: /home/user/ros2_ws/install/custom_interfaces/share/custom_interfaces/cmake/custom_interfaces__rosidl_typesupport_introspection_cExport.cmake
[26.374s] -- Installing: /home/user/ros2_ws/install/custom_interfaces/share/custom_interfaces/cmake/custom_interfaces__rosidl_typesupport_introspection_cExport-noconfig.cmake
[26.374s] -- Old export file "/home/user/ros2_ws/install/custom_interfaces/share/custom_interfaces/cmake/custom_interfaces__rosidl_typesupport_cExport.cmake" will be replaced.  Removing files [/home/user/ros2_ws/install/custom_interfaces/share/custom_interfaces/cmake/custom_interfaces__rosidl_typesupport_cExport-noconfig.cmake].
[26.374s] -- Installing: /home/user/ros2_ws/install/custom_interfaces/share/custom_interfaces/cmake/custom_interfaces__rosidl_typesupport_cExport.cmake
[26.374s] -- Installing: /home/user/ros2_ws/install/custom_interfaces/share/custom_interfaces/cmake/custom_interfaces__rosidl_typesupport_cExport-noconfig.cmake
[26.375s] -- Old export file "/home/user/ros2_ws/install/custom_interfaces/share/custom_interfaces/cmake/custom_interfaces__rosidl_typesupport_introspection_cppExport.cmake" will be replaced.  Removing files [/home/user/ros2_ws/install/custom_interfaces/share/custom_interfaces/cmake/custom_interfaces__rosidl_typesupport_introspection_cppExport-noconfig.cmake].
[26.375s] -- Installing: /home/user/ros2_ws/install/custom_interfaces/share/custom_interfaces/cmake/custom_interfaces__rosidl_typesupport_introspection_cppExport.cmake
[26.375s] -- Installing: /home/user/ros2_ws/install/custom_interfaces/share/custom_interfaces/cmake/custom_interfaces__rosidl_typesupport_introspection_cppExport-noconfig.cmake
[26.376s] -- Old export file "/home/user/ros2_ws/install/custom_interfaces/share/custom_interfaces/cmake/custom_interfaces__rosidl_typesupport_cppExport.cmake" will be replaced.  Removing files [/home/user/ros2_ws/install/custom_interfaces/share/custom_interfaces/cmake/custom_interfaces__rosidl_typesupport_cppExport-noconfig.cmake].
[26.376s] -- Installing: /home/user/ros2_ws/install/custom_interfaces/share/custom_interfaces/cmake/custom_interfaces__rosidl_typesupport_cppExport.cmake
[26.376s] -- Installing: /home/user/ros2_ws/install/custom_interfaces/share/custom_interfaces/cmake/custom_interfaces__rosidl_typesupport_cppExport-noconfig.cmake
[26.377s] -- Old export file "/home/user/ros2_ws/install/custom_interfaces/share/custom_interfaces/cmake/export_custom_interfaces__rosidl_generator_pyExport.cmake" will be replaced.  Removing files [/home/user/ros2_ws/install/custom_interfaces/share/custom_interfaces/cmake/export_custom_interfaces__rosidl_generator_pyExport-noconfig.cmake].
[26.377s] -- Installing: /home/user/ros2_ws/install/custom_interfaces/share/custom_interfaces/cmake/export_custom_interfaces__rosidl_generator_pyExport.cmake
[26.377s] -- Installing: /home/user/ros2_ws/install/custom_interfaces/share/custom_interfaces/cmake/export_custom_interfaces__rosidl_generator_pyExport-noconfig.cmake
[26.377s] -- Installing: /home/user/ros2_ws/install/custom_interfaces/share/custom_interfaces/cmake/rosidl_cmake-extras.cmake
[26.377s] -- Installing: /home/user/ros2_ws/install/custom_interfaces/share/custom_interfaces/cmake/ament_cmake_export_dependencies-extras.cmake
[26.378s] -- Up-to-date: /home/user/ros2_ws/install/custom_interfaces/share/custom_interfaces/cmake/ament_cmake_export_include_directories-extras.cmake
[26.378s] -- Up-to-date: /home/user/ros2_ws/install/custom_interfaces/share/custom_interfaces/cmake/ament_cmake_export_libraries-extras.cmake
[26.378s] -- Up-to-date: /home/user/ros2_ws/install/custom_interfaces/share/custom_interfaces/cmake/ament_cmake_export_targets-extras.cmake
[26.378s] -- Up-to-date: /home/user/ros2_ws/install/custom_interfaces/share/custom_interfaces/cmake/rosidl_cmake_export_typesupport_targets-extras.cmake
[26.379s] -- Up-to-date: /home/user/ros2_ws/install/custom_interfaces/share/custom_interfaces/cmake/rosidl_cmake_export_typesupport_libraries-extras.cmake
[26.379s] -- Installing: /home/user/ros2_ws/install/custom_interfaces/share/custom_interfaces/cmake/custom_interfacesConfig.cmake
[26.379s] -- Up-to-date: /home/user/ros2_ws/install/custom_interfaces/share/custom_interfaces/cmake/custom_interfacesConfig-version.cmake
[26.379s] -- Installing: /home/user/ros2_ws/install/custom_interfaces/share/custom_interfaces/package.xml
[26.383s] Invoked command in '/home/user/ros2_ws/build/custom_interfaces' returned '0': CMAKE_PREFIX_PATH=${CMAKE_PREFIX_PATH}:/home/user/ros2_ws/install/my_action_server:/home/user/ros2_ws/install/my_action_client:/home/simulations/ros2_sims_ws/install/turtlebot3_teleop:/home/simulations/ros2_sims_ws/install/turtlebot3_example:/home/simulations/ros2_sims_ws/install/services_pkg:/home/user/ros2_ws/install/topics_quiz:/home/user/ros2_ws/install/subscriber_pkg:/home/user/ros2_ws/install/publisher_pkg:/home/user/ros2_ws/install/my_package:/home/user/ros2_ws/install/movement_pkg:/home/user/ros2_ws/install/exercise42_pkg:/home/user/ros2_ws/install/client_pkg:/opt/ros/humble _=/usr/bin/env /usr/bin/cmake --install /home/user/ros2_ws/build/custom_interfaces
