[0.888s] DEBUG:colcon:Command line arguments: ['/usr/bin/colcon', 'build', '--packages-select', 'actions_quiz_msg']
[0.888s] DEBUG:colcon:Parsed command line arguments: Namespace(log_base=None, log_level=None, verb_name='build', build_base='build', install_base='install', merge_install=False, symlink_install=False, test_result_base=None, continue_on_error=False, executor='parallel', parallel_workers=8, event_handlers=None, ignore_user_meta=False, metas=['./colcon.meta'], base_paths=['.'], packages_ignore=None, packages_ignore_regex=None, paths=None, packages_up_to=None, packages_up_to_regex=None, packages_above=None, packages_above_and_dependencies=None, packages_above_depth=None, packages_select_by_dep=None, packages_skip_by_dep=None, packages_skip_up_to=None, packages_select_build_failed=False, packages_skip_build_finished=False, packages_select_test_failures=False, packages_skip_test_passed=False, packages_select=['actions_quiz_msg'], packages_skip=None, packages_select_regex=None, packages_skip_regex=None, packages_start=None, packages_end=None, allow_overriding=[], cmake_args=None, cmake_target=None, cmake_target_skip_unavailable=False, cmake_clean_cache=False, cmake_clean_first=False, cmake_force_configure=False, meson_args=[], ament_cmake_args=None, catkin_cmake_args=None, catkin_skip_building_tests=False, mixin_files=None, mixin=None, verb_parser=<colcon_alias.argument_parser.alias.AliasArgumentDecorator object at 0x7f068910bd90>, verb_extension=<colcon_core.verb.build.BuildVerb object at 0x7f068a3275b0>, main=<bound method BuildVerb.main of <colcon_core.verb.build.BuildVerb object at 0x7f068a3275b0>>, mixin_verb=('build',))
[0.927s] Level 1:colcon.colcon_core.package_discovery:discover_packages(colcon_meta) check parameters
[0.928s] Level 1:colcon.colcon_core.package_discovery:discover_packages(recursive) check parameters
[0.928s] Level 1:colcon.colcon_core.package_discovery:discover_packages(ignore) check parameters
[0.928s] Level 1:colcon.colcon_core.package_discovery:discover_packages(path) check parameters
[0.928s] Level 1:colcon.colcon_core.package_discovery:discover_packages(colcon_meta) discover
[0.928s] Level 1:colcon.colcon_core.package_discovery:discover_packages(recursive) discover
[0.928s] INFO:colcon.colcon_core.package_discovery:Crawling recursively for packages in '/home/user/ros2_ws/src'
[0.928s] Level 1:colcon.colcon_core.package_identification:_identify(.) by extensions ['ignore', 'ignore_ament_install']
[0.928s] Level 1:colcon.colcon_core.package_identification:_identify(.) by extension 'ignore'
[0.928s] Level 1:colcon.colcon_core.package_identification:_identify(.) by extension 'ignore_ament_install'
[0.929s] Level 1:colcon.colcon_core.package_identification:_identify(.) by extensions ['colcon_pkg']
[0.929s] Level 1:colcon.colcon_core.package_identification:_identify(.) by extension 'colcon_pkg'
[0.929s] Level 1:colcon.colcon_core.package_identification:_identify(.) by extensions ['colcon_meta']
[0.929s] Level 1:colcon.colcon_core.package_identification:_identify(.) by extension 'colcon_meta'
[0.929s] Level 1:colcon.colcon_core.package_identification:_identify(.) by extensions ['ros']
[0.929s] Level 1:colcon.colcon_core.package_identification:_identify(.) by extension 'ros'
[0.948s] Level 1:colcon.colcon_core.package_identification:_identify(.) by extensions ['cmake', 'meson', 'python']
[0.948s] Level 1:colcon.colcon_core.package_identification:_identify(.) by extension 'cmake'
[0.948s] Level 1:colcon.colcon_core.package_identification:_identify(.) by extension 'meson'
[0.948s] Level 1:colcon.colcon_core.package_identification:_identify(.) by extension 'python'
[0.949s] Level 1:colcon.colcon_core.package_identification:_identify(.) by extensions ['python_setup_py']
[0.949s] Level 1:colcon.colcon_core.package_identification:_identify(.) by extension 'python_setup_py'
[0.949s] Level 1:colcon.colcon_core.package_identification:_identify(actions_quiz) by extensions ['ignore', 'ignore_ament_install']
[0.949s] Level 1:colcon.colcon_core.package_identification:_identify(actions_quiz) by extension 'ignore'
[0.949s] Level 1:colcon.colcon_core.package_identification:_identify(actions_quiz) by extension 'ignore_ament_install'
[0.949s] Level 1:colcon.colcon_core.package_identification:_identify(actions_quiz) by extensions ['colcon_pkg']
[0.949s] Level 1:colcon.colcon_core.package_identification:_identify(actions_quiz) by extension 'colcon_pkg'
[0.949s] Level 1:colcon.colcon_core.package_identification:_identify(actions_quiz) by extensions ['colcon_meta']
[0.949s] Level 1:colcon.colcon_core.package_identification:_identify(actions_quiz) by extension 'colcon_meta'
[0.949s] Level 1:colcon.colcon_core.package_identification:_identify(actions_quiz) by extensions ['ros']
[0.950s] Level 1:colcon.colcon_core.package_identification:_identify(actions_quiz) by extension 'ros'
[0.954s] DEBUG:colcon.colcon_core.package_identification:Package 'actions_quiz' with type 'ros.ament_python' and name 'actions_quiz'
[0.954s] Level 1:colcon.colcon_core.package_identification:_identify(actions_quiz_msg) by extensions ['ignore', 'ignore_ament_install']
[0.954s] Level 1:colcon.colcon_core.package_identification:_identify(actions_quiz_msg) by extension 'ignore'
[0.955s] Level 1:colcon.colcon_core.package_identification:_identify(actions_quiz_msg) by extension 'ignore_ament_install'
[0.955s] Level 1:colcon.colcon_core.package_identification:_identify(actions_quiz_msg) by extensions ['colcon_pkg']
[0.955s] Level 1:colcon.colcon_core.package_identification:_identify(actions_quiz_msg) by extension 'colcon_pkg'
[0.955s] Level 1:colcon.colcon_core.package_identification:_identify(actions_quiz_msg) by extensions ['colcon_meta']
[0.955s] Level 1:colcon.colcon_core.package_identification:_identify(actions_quiz_msg) by extension 'colcon_meta'
[0.955s] Level 1:colcon.colcon_core.package_identification:_identify(actions_quiz_msg) by extensions ['ros']
[0.955s] Level 1:colcon.colcon_core.package_identification:_identify(actions_quiz_msg) by extension 'ros'
[0.956s] DEBUG:colcon.colcon_core.package_identification:Package 'actions_quiz_msg' with type 'ros.ament_cmake' and name 'custom_interfaces'
[0.956s] Level 1:colcon.colcon_core.package_identification:_identify(basics_ros2_multithreading) by extensions ['ignore', 'ignore_ament_install']
[0.957s] Level 1:colcon.colcon_core.package_identification:_identify(basics_ros2_multithreading) by extension 'ignore'
[0.957s] Level 1:colcon.colcon_core.package_identification:_identify(basics_ros2_multithreading) by extension 'ignore_ament_install'
[0.957s] Level 1:colcon.colcon_core.package_identification:_identify(basics_ros2_multithreading) by extensions ['colcon_pkg']
[0.957s] Level 1:colcon.colcon_core.package_identification:_identify(basics_ros2_multithreading) by extension 'colcon_pkg'
[0.957s] Level 1:colcon.colcon_core.package_identification:_identify(basics_ros2_multithreading) by extensions ['colcon_meta']
[0.957s] Level 1:colcon.colcon_core.package_identification:_identify(basics_ros2_multithreading) by extension 'colcon_meta'
[0.957s] Level 1:colcon.colcon_core.package_identification:_identify(basics_ros2_multithreading) by extensions ['ros']
[0.957s] Level 1:colcon.colcon_core.package_identification:_identify(basics_ros2_multithreading) by extension 'ros'
[0.958s] DEBUG:colcon.colcon_core.package_identification:Package 'basics_ros2_multithreading' with type 'ros.ament_cmake' and name 'basics_ros2_multithreading'
[0.958s] Level 1:colcon.colcon_core.package_identification:_identify(build) by extensions ['ignore', 'ignore_ament_install']
[0.958s] Level 1:colcon.colcon_core.package_identification:_identify(build) by extension 'ignore'
[0.959s] Level 1:colcon.colcon_core.package_identification:_identify(build) ignored
[0.959s] Level 1:colcon.colcon_core.package_identification:_identify(client_pkg) by extensions ['ignore', 'ignore_ament_install']
[0.959s] Level 1:colcon.colcon_core.package_identification:_identify(client_pkg) by extension 'ignore'
[0.959s] Level 1:colcon.colcon_core.package_identification:_identify(client_pkg) by extension 'ignore_ament_install'
[0.959s] Level 1:colcon.colcon_core.package_identification:_identify(client_pkg) by extensions ['colcon_pkg']
[0.959s] Level 1:colcon.colcon_core.package_identification:_identify(client_pkg) by extension 'colcon_pkg'
[0.959s] Level 1:colcon.colcon_core.package_identification:_identify(client_pkg) by extensions ['colcon_meta']
[0.959s] Level 1:colcon.colcon_core.package_identification:_identify(client_pkg) by extension 'colcon_meta'
[0.959s] Level 1:colcon.colcon_core.package_identification:_identify(client_pkg) by extensions ['ros']
[0.959s] Level 1:colcon.colcon_core.package_identification:_identify(client_pkg) by extension 'ros'
[0.960s] DEBUG:colcon.colcon_core.package_identification:Package 'client_pkg' with type 'ros.ament_python' and name 'client_pkg'
[0.961s] Level 1:colcon.colcon_core.package_identification:_identify(custom_interfaces) by extensions ['ignore', 'ignore_ament_install']
[0.961s] Level 1:colcon.colcon_core.package_identification:_identify(custom_interfaces) by extension 'ignore'
[0.961s] Level 1:colcon.colcon_core.package_identification:_identify(custom_interfaces) by extension 'ignore_ament_install'
[0.961s] Level 1:colcon.colcon_core.package_identification:_identify(custom_interfaces) by extensions ['colcon_pkg']
[0.961s] Level 1:colcon.colcon_core.package_identification:_identify(custom_interfaces) by extension 'colcon_pkg'
[0.961s] Level 1:colcon.colcon_core.package_identification:_identify(custom_interfaces) by extensions ['colcon_meta']
[0.961s] Level 1:colcon.colcon_core.package_identification:_identify(custom_interfaces) by extension 'colcon_meta'
[0.961s] Level 1:colcon.colcon_core.package_identification:_identify(custom_interfaces) by extensions ['ros']
[0.961s] Level 1:colcon.colcon_core.package_identification:_identify(custom_interfaces) by extension 'ros'
[0.963s] DEBUG:colcon.colcon_core.package_identification:Package 'custom_interfaces' with type 'ros.ament_cmake' and name 'actions_quiz_msg'
[0.963s] Level 1:colcon.colcon_core.package_identification:_identify(example36_pkg) by extensions ['ignore', 'ignore_ament_install']
[0.963s] Level 1:colcon.colcon_core.package_identification:_identify(example36_pkg) by extension 'ignore'
[0.963s] Level 1:colcon.colcon_core.package_identification:_identify(example36_pkg) by extension 'ignore_ament_install'
[0.963s] Level 1:colcon.colcon_core.package_identification:_identify(example36_pkg) by extensions ['colcon_pkg']
[0.963s] Level 1:colcon.colcon_core.package_identification:_identify(example36_pkg) by extension 'colcon_pkg'
[0.963s] Level 1:colcon.colcon_core.package_identification:_identify(example36_pkg) by extensions ['colcon_meta']
[0.963s] Level 1:colcon.colcon_core.package_identification:_identify(example36_pkg) by extension 'colcon_meta'
[0.964s] Level 1:colcon.colcon_core.package_identification:_identify(example36_pkg) by extensions ['ros']
[0.964s] Level 1:colcon.colcon_core.package_identification:_identify(example36_pkg) by extension 'ros'
[0.965s] DEBUG:colcon.colcon_core.package_identification:Package 'example36_pkg' with type 'ros.ament_python' and name 'example36_pkg'
[0.965s] Level 1:colcon.colcon_core.package_identification:_identify(exercise31_pkg) by extensions ['ignore', 'ignore_ament_install']
[0.965s] Level 1:colcon.colcon_core.package_identification:_identify(exercise31_pkg) by extension 'ignore'
[0.965s] Level 1:colcon.colcon_core.package_identification:_identify(exercise31_pkg) by extension 'ignore_ament_install'
[0.965s] Level 1:colcon.colcon_core.package_identification:_identify(exercise31_pkg) by extensions ['colcon_pkg']
[0.965s] Level 1:colcon.colcon_core.package_identification:_identify(exercise31_pkg) by extension 'colcon_pkg'
[0.965s] Level 1:colcon.colcon_core.package_identification:_identify(exercise31_pkg) by extensions ['colcon_meta']
[0.965s] Level 1:colcon.colcon_core.package_identification:_identify(exercise31_pkg) by extension 'colcon_meta'
[0.966s] Level 1:colcon.colcon_core.package_identification:_identify(exercise31_pkg) by extensions ['ros']
[0.966s] Level 1:colcon.colcon_core.package_identification:_identify(exercise31_pkg) by extension 'ros'
[0.967s] DEBUG:colcon.colcon_core.package_identification:Package 'exercise31_pkg' with type 'ros.ament_python' and name 'exercise31_pkg'
[0.967s] Level 1:colcon.colcon_core.package_identification:_identify(exercise42_pkg) by extensions ['ignore', 'ignore_ament_install']
[0.967s] Level 1:colcon.colcon_core.package_identification:_identify(exercise42_pkg) by extension 'ignore'
[0.967s] Level 1:colcon.colcon_core.package_identification:_identify(exercise42_pkg) by extension 'ignore_ament_install'
[0.967s] Level 1:colcon.colcon_core.package_identification:_identify(exercise42_pkg) by extensions ['colcon_pkg']
[0.967s] Level 1:colcon.colcon_core.package_identification:_identify(exercise42_pkg) by extension 'colcon_pkg'
[0.967s] Level 1:colcon.colcon_core.package_identification:_identify(exercise42_pkg) by extensions ['colcon_meta']
[0.967s] Level 1:colcon.colcon_core.package_identification:_identify(exercise42_pkg) by extension 'colcon_meta'
[0.967s] Level 1:colcon.colcon_core.package_identification:_identify(exercise42_pkg) by extensions ['ros']
[0.967s] Level 1:colcon.colcon_core.package_identification:_identify(exercise42_pkg) by extension 'ros'
[0.969s] DEBUG:colcon.colcon_core.package_identification:Package 'exercise42_pkg' with type 'ros.ament_python' and name 'exercise42_pkg'
[0.969s] Level 1:colcon.colcon_core.package_identification:_identify(install) by extensions ['ignore', 'ignore_ament_install']
[0.969s] Level 1:colcon.colcon_core.package_identification:_identify(install) by extension 'ignore'
[0.969s] Level 1:colcon.colcon_core.package_identification:_identify(install) ignored
[0.969s] Level 1:colcon.colcon_core.package_identification:_identify(log) by extensions ['ignore', 'ignore_ament_install']
[0.969s] Level 1:colcon.colcon_core.package_identification:_identify(log) by extension 'ignore'
[0.969s] Level 1:colcon.colcon_core.package_identification:_identify(log) ignored
[0.969s] Level 1:colcon.colcon_core.package_identification:_identify(movement_pkg) by extensions ['ignore', 'ignore_ament_install']
[0.970s] Level 1:colcon.colcon_core.package_identification:_identify(movement_pkg) by extension 'ignore'
[0.970s] Level 1:colcon.colcon_core.package_identification:_identify(movement_pkg) by extension 'ignore_ament_install'
[0.970s] Level 1:colcon.colcon_core.package_identification:_identify(movement_pkg) by extensions ['colcon_pkg']
[0.970s] Level 1:colcon.colcon_core.package_identification:_identify(movement_pkg) by extension 'colcon_pkg'
[0.970s] Level 1:colcon.colcon_core.package_identification:_identify(movement_pkg) by extensions ['colcon_meta']
[0.970s] Level 1:colcon.colcon_core.package_identification:_identify(movement_pkg) by extension 'colcon_meta'
[0.970s] Level 1:colcon.colcon_core.package_identification:_identify(movement_pkg) by extensions ['ros']
[0.970s] Level 1:colcon.colcon_core.package_identification:_identify(movement_pkg) by extension 'ros'
[0.972s] DEBUG:colcon.colcon_core.package_identification:Package 'movement_pkg' with type 'ros.ament_python' and name 'movement_pkg'
[0.972s] Level 1:colcon.colcon_core.package_identification:_identify(my_action_client) by extensions ['ignore', 'ignore_ament_install']
[0.972s] Level 1:colcon.colcon_core.package_identification:_identify(my_action_client) by extension 'ignore'
[0.972s] Level 1:colcon.colcon_core.package_identification:_identify(my_action_client) by extension 'ignore_ament_install'
[0.972s] Level 1:colcon.colcon_core.package_identification:_identify(my_action_client) by extensions ['colcon_pkg']
[0.972s] Level 1:colcon.colcon_core.package_identification:_identify(my_action_client) by extension 'colcon_pkg'
[0.972s] Level 1:colcon.colcon_core.package_identification:_identify(my_action_client) by extensions ['colcon_meta']
[0.972s] Level 1:colcon.colcon_core.package_identification:_identify(my_action_client) by extension 'colcon_meta'
[0.972s] Level 1:colcon.colcon_core.package_identification:_identify(my_action_client) by extensions ['ros']
[0.972s] Level 1:colcon.colcon_core.package_identification:_identify(my_action_client) by extension 'ros'
[0.973s] DEBUG:colcon.colcon_core.package_identification:Package 'my_action_client' with type 'ros.ament_python' and name 'my_action_client'
[0.974s] Level 1:colcon.colcon_core.package_identification:_identify(my_action_server) by extensions ['ignore', 'ignore_ament_install']
[0.974s] Level 1:colcon.colcon_core.package_identification:_identify(my_action_server) by extension 'ignore'
[0.974s] Level 1:colcon.colcon_core.package_identification:_identify(my_action_server) by extension 'ignore_ament_install'
[0.974s] Level 1:colcon.colcon_core.package_identification:_identify(my_action_server) by extensions ['colcon_pkg']
[0.974s] Level 1:colcon.colcon_core.package_identification:_identify(my_action_server) by extension 'colcon_pkg'
[0.974s] Level 1:colcon.colcon_core.package_identification:_identify(my_action_server) by extensions ['colcon_meta']
[0.974s] Level 1:colcon.colcon_core.package_identification:_identify(my_action_server) by extension 'colcon_meta'
[0.974s] Level 1:colcon.colcon_core.package_identification:_identify(my_action_server) by extensions ['ros']
[0.974s] Level 1:colcon.colcon_core.package_identification:_identify(my_action_server) by extension 'ros'
[0.975s] DEBUG:colcon.colcon_core.package_identification:Package 'my_action_server' with type 'ros.ament_python' and name 'my_action_server'
[0.975s] Level 1:colcon.colcon_core.package_identification:_identify(my_package) by extensions ['ignore', 'ignore_ament_install']
[0.975s] Level 1:colcon.colcon_core.package_identification:_identify(my_package) by extension 'ignore'
[0.976s] Level 1:colcon.colcon_core.package_identification:_identify(my_package) by extension 'ignore_ament_install'
[0.976s] Level 1:colcon.colcon_core.package_identification:_identify(my_package) by extensions ['colcon_pkg']
[0.976s] Level 1:colcon.colcon_core.package_identification:_identify(my_package) by extension 'colcon_pkg'
[0.976s] Level 1:colcon.colcon_core.package_identification:_identify(my_package) by extensions ['colcon_meta']
[0.976s] Level 1:colcon.colcon_core.package_identification:_identify(my_package) by extension 'colcon_meta'
[0.976s] Level 1:colcon.colcon_core.package_identification:_identify(my_package) by extensions ['ros']
[0.976s] Level 1:colcon.colcon_core.package_identification:_identify(my_package) by extension 'ros'
[0.977s] DEBUG:colcon.colcon_core.package_identification:Package 'my_package' with type 'ros.ament_python' and name 'my_package'
[0.977s] Level 1:colcon.colcon_core.package_identification:_identify(publisher_pkg) by extensions ['ignore', 'ignore_ament_install']
[0.977s] Level 1:colcon.colcon_core.package_identification:_identify(publisher_pkg) by extension 'ignore'
[0.977s] Level 1:colcon.colcon_core.package_identification:_identify(publisher_pkg) by extension 'ignore_ament_install'
[0.977s] Level 1:colcon.colcon_core.package_identification:_identify(publisher_pkg) by extensions ['colcon_pkg']
[0.977s] Level 1:colcon.colcon_core.package_identification:_identify(publisher_pkg) by extension 'colcon_pkg'
[0.977s] Level 1:colcon.colcon_core.package_identification:_identify(publisher_pkg) by extensions ['colcon_meta']
[0.977s] Level 1:colcon.colcon_core.package_identification:_identify(publisher_pkg) by extension 'colcon_meta'
[0.977s] Level 1:colcon.colcon_core.package_identification:_identify(publisher_pkg) by extensions ['ros']
[0.977s] Level 1:colcon.colcon_core.package_identification:_identify(publisher_pkg) by extension 'ros'
[0.978s] DEBUG:colcon.colcon_core.package_identification:Package 'publisher_pkg' with type 'ros.ament_python' and name 'publisher_pkg'
[0.978s] Level 1:colcon.colcon_core.package_identification:_identify(src) by extensions ['ignore', 'ignore_ament_install']
[0.978s] Level 1:colcon.colcon_core.package_identification:_identify(src) by extension 'ignore'
[0.978s] Level 1:colcon.colcon_core.package_identification:_identify(src) by extension 'ignore_ament_install'
[0.979s] Level 1:colcon.colcon_core.package_identification:_identify(src) by extensions ['colcon_pkg']
[0.979s] Level 1:colcon.colcon_core.package_identification:_identify(src) by extension 'colcon_pkg'
[0.979s] Level 1:colcon.colcon_core.package_identification:_identify(src) by extensions ['colcon_meta']
[0.979s] Level 1:colcon.colcon_core.package_identification:_identify(src) by extension 'colcon_meta'
[0.979s] Level 1:colcon.colcon_core.package_identification:_identify(src) by extensions ['ros']
[0.979s] Level 1:colcon.colcon_core.package_identification:_identify(src) by extension 'ros'
[0.979s] Level 1:colcon.colcon_core.package_identification:_identify(src) by extensions ['cmake', 'meson', 'python']
[0.979s] Level 1:colcon.colcon_core.package_identification:_identify(src) by extension 'cmake'
[0.979s] Level 1:colcon.colcon_core.package_identification:_identify(src) by extension 'meson'
[0.979s] Level 1:colcon.colcon_core.package_identification:_identify(src) by extension 'python'
[0.979s] Level 1:colcon.colcon_core.package_identification:_identify(src) by extensions ['python_setup_py']
[0.979s] Level 1:colcon.colcon_core.package_identification:_identify(src) by extension 'python_setup_py'
[0.980s] Level 1:colcon.colcon_core.package_identification:_identify(src/bin) by extensions ['ignore', 'ignore_ament_install']
[0.980s] Level 1:colcon.colcon_core.package_identification:_identify(src/bin) by extension 'ignore'
[0.980s] Level 1:colcon.colcon_core.package_identification:_identify(src/bin) by extension 'ignore_ament_install'
[0.980s] Level 1:colcon.colcon_core.package_identification:_identify(src/bin) by extensions ['colcon_pkg']
[0.980s] Level 1:colcon.colcon_core.package_identification:_identify(src/bin) by extension 'colcon_pkg'
[0.980s] Level 1:colcon.colcon_core.package_identification:_identify(src/bin) by extensions ['colcon_meta']
[0.980s] Level 1:colcon.colcon_core.package_identification:_identify(src/bin) by extension 'colcon_meta'
[0.980s] Level 1:colcon.colcon_core.package_identification:_identify(src/bin) by extensions ['ros']
[0.980s] Level 1:colcon.colcon_core.package_identification:_identify(src/bin) by extension 'ros'
[0.980s] Level 1:colcon.colcon_core.package_identification:_identify(src/bin) by extensions ['cmake', 'meson', 'python']
[0.981s] Level 1:colcon.colcon_core.package_identification:_identify(src/bin) by extension 'cmake'
[0.981s] Level 1:colcon.colcon_core.package_identification:_identify(src/bin) by extension 'meson'
[0.981s] Level 1:colcon.colcon_core.package_identification:_identify(src/bin) by extension 'python'
[0.981s] Level 1:colcon.colcon_core.package_identification:_identify(src/bin) by extensions ['python_setup_py']
[0.981s] Level 1:colcon.colcon_core.package_identification:_identify(src/bin) by extension 'python_setup_py'
[0.981s] Level 1:colcon.colcon_core.package_identification:_identify(src/boot) by extensions ['ignore', 'ignore_ament_install']
[0.981s] Level 1:colcon.colcon_core.package_identification:_identify(src/boot) by extension 'ignore'
[0.981s] Level 1:colcon.colcon_core.package_identification:_identify(src/boot) by extension 'ignore_ament_install'
[0.981s] Level 1:colcon.colcon_core.package_identification:_identify(src/boot) by extensions ['colcon_pkg']
[0.981s] Level 1:colcon.colcon_core.package_identification:_identify(src/boot) by extension 'colcon_pkg'
[0.981s] Level 1:colcon.colcon_core.package_identification:_identify(src/boot) by extensions ['colcon_meta']
[0.981s] Level 1:colcon.colcon_core.package_identification:_identify(src/boot) by extension 'colcon_meta'
[0.981s] Level 1:colcon.colcon_core.package_identification:_identify(src/boot) by extensions ['ros']
[0.981s] Level 1:colcon.colcon_core.package_identification:_identify(src/boot) by extension 'ros'
[0.981s] Level 1:colcon.colcon_core.package_identification:_identify(src/boot) by extensions ['cmake', 'meson', 'python']
[0.981s] Level 1:colcon.colcon_core.package_identification:_identify(src/boot) by extension 'cmake'
[0.982s] Level 1:colcon.colcon_core.package_identification:_identify(src/boot) by extension 'meson'
[0.982s] Level 1:colcon.colcon_core.package_identification:_identify(src/boot) by extension 'python'
[0.982s] Level 1:colcon.colcon_core.package_identification:_identify(src/boot) by extensions ['python_setup_py']
[0.982s] Level 1:colcon.colcon_core.package_identification:_identify(src/boot) by extension 'python_setup_py'
[0.982s] Level 1:colcon.colcon_core.package_identification:_identify(src/dev) by extensions ['ignore', 'ignore_ament_install']
[0.982s] Level 1:colcon.colcon_core.package_identification:_identify(src/dev) by extension 'ignore'
[0.982s] Level 1:colcon.colcon_core.package_identification:_identify(src/dev) by extension 'ignore_ament_install'
[0.982s] Level 1:colcon.colcon_core.package_identification:_identify(src/dev) by extensions ['colcon_pkg']
[0.982s] Level 1:colcon.colcon_core.package_identification:_identify(src/dev) by extension 'colcon_pkg'
[0.982s] Level 1:colcon.colcon_core.package_identification:_identify(src/dev) by extensions ['colcon_meta']
[0.982s] Level 1:colcon.colcon_core.package_identification:_identify(src/dev) by extension 'colcon_meta'
[0.982s] Level 1:colcon.colcon_core.package_identification:_identify(src/dev) by extensions ['ros']
[0.982s] Level 1:colcon.colcon_core.package_identification:_identify(src/dev) by extension 'ros'
[0.982s] Level 1:colcon.colcon_core.package_identification:_identify(src/dev) by extensions ['cmake', 'meson', 'python']
[0.983s] Level 1:colcon.colcon_core.package_identification:_identify(src/dev) by extension 'cmake'
[0.983s] Level 1:colcon.colcon_core.package_identification:_identify(src/dev) by extension 'meson'
[0.983s] Level 1:colcon.colcon_core.package_identification:_identify(src/dev) by extension 'python'
[0.983s] Level 1:colcon.colcon_core.package_identification:_identify(src/dev) by extensions ['python_setup_py']
[0.983s] Level 1:colcon.colcon_core.package_identification:_identify(src/dev) by extension 'python_setup_py'
[0.983s] Level 1:colcon.colcon_core.package_identification:_identify(src copy) by extensions ['ignore', 'ignore_ament_install']
[0.983s] Level 1:colcon.colcon_core.package_identification:_identify(src copy) by extension 'ignore'
[0.983s] Level 1:colcon.colcon_core.package_identification:_identify(src copy) by extension 'ignore_ament_install'
[0.983s] Level 1:colcon.colcon_core.package_identification:_identify(src copy) by extensions ['colcon_pkg']
[0.983s] Level 1:colcon.colcon_core.package_identification:_identify(src copy) by extension 'colcon_pkg'
[0.983s] Level 1:colcon.colcon_core.package_identification:_identify(src copy) by extensions ['colcon_meta']
[0.983s] Level 1:colcon.colcon_core.package_identification:_identify(src copy) by extension 'colcon_meta'
[0.983s] Level 1:colcon.colcon_core.package_identification:_identify(src copy) by extensions ['ros']
[0.983s] Level 1:colcon.colcon_core.package_identification:_identify(src copy) by extension 'ros'
[0.984s] Level 1:colcon.colcon_core.package_identification:_identify(src copy) by extensions ['cmake', 'meson', 'python']
[0.984s] Level 1:colcon.colcon_core.package_identification:_identify(src copy) by extension 'cmake'
[0.984s] Level 1:colcon.colcon_core.package_identification:_identify(src copy) by extension 'meson'
[0.984s] Level 1:colcon.colcon_core.package_identification:_identify(src copy) by extension 'python'
[0.984s] Level 1:colcon.colcon_core.package_identification:_identify(src copy) by extensions ['python_setup_py']
[0.984s] Level 1:colcon.colcon_core.package_identification:_identify(src copy) by extension 'python_setup_py'
[0.984s] Level 1:colcon.colcon_core.package_identification:_identify(src copy/bin) by extensions ['ignore', 'ignore_ament_install']
[0.986s] Level 1:colcon.colcon_core.package_identification:_identify(src copy/bin) by extension 'ignore'
[0.986s] Level 1:colcon.colcon_core.package_identification:_identify(src copy/bin) by extension 'ignore_ament_install'
[0.986s] Level 1:colcon.colcon_core.package_identification:_identify(src copy/bin) by extensions ['colcon_pkg']
[0.986s] Level 1:colcon.colcon_core.package_identification:_identify(src copy/bin) by extension 'colcon_pkg'
[0.986s] Level 1:colcon.colcon_core.package_identification:_identify(src copy/bin) by extensions ['colcon_meta']
[0.986s] Level 1:colcon.colcon_core.package_identification:_identify(src copy/bin) by extension 'colcon_meta'
[0.986s] Level 1:colcon.colcon_core.package_identification:_identify(src copy/bin) by extensions ['ros']
[0.986s] Level 1:colcon.colcon_core.package_identification:_identify(src copy/bin) by extension 'ros'
[0.986s] Level 1:colcon.colcon_core.package_identification:_identify(src copy/bin) by extensions ['cmake', 'meson', 'python']
[0.986s] Level 1:colcon.colcon_core.package_identification:_identify(src copy/bin) by extension 'cmake'
[0.986s] Level 1:colcon.colcon_core.package_identification:_identify(src copy/bin) by extension 'meson'
[0.986s] Level 1:colcon.colcon_core.package_identification:_identify(src copy/bin) by extension 'python'
[0.987s] Level 1:colcon.colcon_core.package_identification:_identify(src copy/bin) by extensions ['python_setup_py']
[0.987s] Level 1:colcon.colcon_core.package_identification:_identify(src copy/bin) by extension 'python_setup_py'
[0.987s] Level 1:colcon.colcon_core.package_identification:_identify(src copy/boot) by extensions ['ignore', 'ignore_ament_install']
[0.987s] Level 1:colcon.colcon_core.package_identification:_identify(src copy/boot) by extension 'ignore'
[0.987s] Level 1:colcon.colcon_core.package_identification:_identify(src copy/boot) by extension 'ignore_ament_install'
[0.987s] Level 1:colcon.colcon_core.package_identification:_identify(src copy/boot) by extensions ['colcon_pkg']
[0.987s] Level 1:colcon.colcon_core.package_identification:_identify(src copy/boot) by extension 'colcon_pkg'
[0.987s] Level 1:colcon.colcon_core.package_identification:_identify(src copy/boot) by extensions ['colcon_meta']
[0.987s] Level 1:colcon.colcon_core.package_identification:_identify(src copy/boot) by extension 'colcon_meta'
[0.987s] Level 1:colcon.colcon_core.package_identification:_identify(src copy/boot) by extensions ['ros']
[0.987s] Level 1:colcon.colcon_core.package_identification:_identify(src copy/boot) by extension 'ros'
[0.987s] Level 1:colcon.colcon_core.package_identification:_identify(src copy/boot) by extensions ['cmake', 'meson', 'python']
[0.987s] Level 1:colcon.colcon_core.package_identification:_identify(src copy/boot) by extension 'cmake'
[0.987s] Level 1:colcon.colcon_core.package_identification:_identify(src copy/boot) by extension 'meson'
[0.988s] Level 1:colcon.colcon_core.package_identification:_identify(src copy/boot) by extension 'python'
[0.988s] Level 1:colcon.colcon_core.package_identification:_identify(src copy/boot) by extensions ['python_setup_py']
[0.988s] Level 1:colcon.colcon_core.package_identification:_identify(src copy/boot) by extension 'python_setup_py'
[0.988s] Level 1:colcon.colcon_core.package_identification:_identify(src copy/dev) by extensions ['ignore', 'ignore_ament_install']
[0.988s] Level 1:colcon.colcon_core.package_identification:_identify(src copy/dev) by extension 'ignore'
[0.988s] Level 1:colcon.colcon_core.package_identification:_identify(src copy/dev) by extension 'ignore_ament_install'
[0.988s] Level 1:colcon.colcon_core.package_identification:_identify(src copy/dev) by extensions ['colcon_pkg']
[0.988s] Level 1:colcon.colcon_core.package_identification:_identify(src copy/dev) by extension 'colcon_pkg'
[0.988s] Level 1:colcon.colcon_core.package_identification:_identify(src copy/dev) by extensions ['colcon_meta']
[0.988s] Level 1:colcon.colcon_core.package_identification:_identify(src copy/dev) by extension 'colcon_meta'
[0.988s] Level 1:colcon.colcon_core.package_identification:_identify(src copy/dev) by extensions ['ros']
[0.988s] Level 1:colcon.colcon_core.package_identification:_identify(src copy/dev) by extension 'ros'
[0.988s] Level 1:colcon.colcon_core.package_identification:_identify(src copy/dev) by extensions ['cmake', 'meson', 'python']
[0.989s] Level 1:colcon.colcon_core.package_identification:_identify(src copy/dev) by extension 'cmake'
[0.989s] Level 1:colcon.colcon_core.package_identification:_identify(src copy/dev) by extension 'meson'
[0.989s] Level 1:colcon.colcon_core.package_identification:_identify(src copy/dev) by extension 'python'
[0.989s] Level 1:colcon.colcon_core.package_identification:_identify(src copy/dev) by extensions ['python_setup_py']
[0.989s] Level 1:colcon.colcon_core.package_identification:_identify(src copy/dev) by extension 'python_setup_py'
[0.989s] Level 1:colcon.colcon_core.package_identification:_identify(subscriber_pkg) by extensions ['ignore', 'ignore_ament_install']
[0.989s] Level 1:colcon.colcon_core.package_identification:_identify(subscriber_pkg) by extension 'ignore'
[0.989s] Level 1:colcon.colcon_core.package_identification:_identify(subscriber_pkg) by extension 'ignore_ament_install'
[0.989s] Level 1:colcon.colcon_core.package_identification:_identify(subscriber_pkg) by extensions ['colcon_pkg']
[0.989s] Level 1:colcon.colcon_core.package_identification:_identify(subscriber_pkg) by extension 'colcon_pkg'
[0.989s] Level 1:colcon.colcon_core.package_identification:_identify(subscriber_pkg) by extensions ['colcon_meta']
[0.989s] Level 1:colcon.colcon_core.package_identification:_identify(subscriber_pkg) by extension 'colcon_meta'
[0.989s] Level 1:colcon.colcon_core.package_identification:_identify(subscriber_pkg) by extensions ['ros']
[0.989s] Level 1:colcon.colcon_core.package_identification:_identify(subscriber_pkg) by extension 'ros'
[0.990s] DEBUG:colcon.colcon_core.package_identification:Package 'subscriber_pkg' with type 'ros.ament_python' and name 'subscriber_pkg'
[0.990s] Level 1:colcon.colcon_core.package_identification:_identify(topics_quiz) by extensions ['ignore', 'ignore_ament_install']
[0.990s] Level 1:colcon.colcon_core.package_identification:_identify(topics_quiz) by extension 'ignore'
[0.990s] Level 1:colcon.colcon_core.package_identification:_identify(topics_quiz) by extension 'ignore_ament_install'
[0.991s] Level 1:colcon.colcon_core.package_identification:_identify(topics_quiz) by extensions ['colcon_pkg']
[0.991s] Level 1:colcon.colcon_core.package_identification:_identify(topics_quiz) by extension 'colcon_pkg'
[0.991s] Level 1:colcon.colcon_core.package_identification:_identify(topics_quiz) by extensions ['colcon_meta']
[0.991s] Level 1:colcon.colcon_core.package_identification:_identify(topics_quiz) by extension 'colcon_meta'
[0.991s] Level 1:colcon.colcon_core.package_identification:_identify(topics_quiz) by extensions ['ros']
[0.991s] Level 1:colcon.colcon_core.package_identification:_identify(topics_quiz) by extension 'ros'
[0.992s] DEBUG:colcon.colcon_core.package_identification:Package 'topics_quiz' with type 'ros.ament_python' and name 'topics_quiz'
[0.992s] Level 1:colcon.colcon_core.package_discovery:discover_packages(recursive) using defaults
[0.992s] Level 1:colcon.colcon_core.package_discovery:discover_packages(ignore) discover
[0.992s] Level 1:colcon.colcon_core.package_discovery:discover_packages(ignore) using defaults
[0.992s] Level 1:colcon.colcon_core.package_discovery:discover_packages(path) discover
[0.992s] Level 1:colcon.colcon_core.package_discovery:discover_packages(path) using defaults
[1.030s] INFO:colcon.colcon_core.package_selection:Skipping not selected package 'actions_quiz' in 'actions_quiz'
[1.030s] INFO:colcon.colcon_core.package_selection:Skipping not selected package 'basics_ros2_multithreading' in 'basics_ros2_multithreading'
[1.030s] INFO:colcon.colcon_core.package_selection:Skipping not selected package 'client_pkg' in 'client_pkg'
[1.030s] INFO:colcon.colcon_core.package_selection:Skipping not selected package 'custom_interfaces' in 'actions_quiz_msg'
[1.030s] INFO:colcon.colcon_core.package_selection:Skipping not selected package 'exercise42_pkg' in 'exercise42_pkg'
[1.030s] INFO:colcon.colcon_core.package_selection:Skipping not selected package 'my_action_client' in 'my_action_client'
[1.030s] INFO:colcon.colcon_core.package_selection:Skipping not selected package 'my_action_server' in 'my_action_server'
[1.030s] INFO:colcon.colcon_core.package_selection:Skipping not selected package 'my_package' in 'my_package'
[1.030s] INFO:colcon.colcon_core.package_selection:Skipping not selected package 'publisher_pkg' in 'publisher_pkg'
[1.030s] INFO:colcon.colcon_core.package_selection:Skipping not selected package 'subscriber_pkg' in 'subscriber_pkg'
[1.030s] INFO:colcon.colcon_core.package_selection:Skipping not selected package 'topics_quiz' in 'topics_quiz'
[1.030s] INFO:colcon.colcon_core.package_selection:Skipping not selected package 'example36_pkg' in 'example36_pkg'
[1.030s] INFO:colcon.colcon_core.package_selection:Skipping not selected package 'exercise31_pkg' in 'exercise31_pkg'
[1.030s] INFO:colcon.colcon_core.package_selection:Skipping not selected package 'movement_pkg' in 'movement_pkg'
[1.032s] Level 1:colcon.colcon_core.package_discovery:discover_packages(prefix_path) check parameters
[1.032s] Level 1:colcon.colcon_core.package_discovery:discover_packages(prefix_path) discover
[1.039s] DEBUG:colcon.colcon_installed_package_information.package_discovery:Found 12 installed packages in /home/user/ros2_ws/install
[1.041s] DEBUG:colcon.colcon_installed_package_information.package_discovery:Found 14 installed packages in /home/simulations/ros2_sims_ws/install
[1.046s] DEBUG:colcon.colcon_installed_package_information.package_discovery:Found 417 installed packages in /opt/ros/humble
[1.050s] Level 1:colcon.colcon_core.package_discovery:discover_packages(prefix_path) using defaults
[1.227s] Level 5:colcon.colcon_core.verb:set package 'actions_quiz_msg' build argument 'cmake_args' from command line to 'None'
[1.227s] Level 5:colcon.colcon_core.verb:set package 'actions_quiz_msg' build argument 'cmake_target' from command line to 'None'
[1.227s] Level 5:colcon.colcon_core.verb:set package 'actions_quiz_msg' build argument 'cmake_target_skip_unavailable' from command line to 'False'
[1.227s] Level 5:colcon.colcon_core.verb:set package 'actions_quiz_msg' build argument 'cmake_clean_cache' from command line to 'False'
[1.227s] Level 5:colcon.colcon_core.verb:set package 'actions_quiz_msg' build argument 'cmake_clean_first' from command line to 'False'
[1.227s] Level 5:colcon.colcon_core.verb:set package 'actions_quiz_msg' build argument 'cmake_force_configure' from command line to 'False'
[1.227s] Level 5:colcon.colcon_core.verb:set package 'actions_quiz_msg' build argument 'meson_args' from command line to '[]'
[1.227s] Level 5:colcon.colcon_core.verb:set package 'actions_quiz_msg' build argument 'ament_cmake_args' from command line to 'None'
[1.227s] Level 5:colcon.colcon_core.verb:set package 'actions_quiz_msg' build argument 'catkin_cmake_args' from command line to 'None'
[1.227s] Level 5:colcon.colcon_core.verb:set package 'actions_quiz_msg' build argument 'catkin_skip_building_tests' from command line to 'False'
[1.227s] DEBUG:colcon.colcon_core.verb:Building package 'actions_quiz_msg' with the following arguments: {'ament_cmake_args': None, 'build_base': '/home/user/ros2_ws/src/build/actions_quiz_msg', 'catkin_cmake_args': None, 'catkin_skip_building_tests': False, 'cmake_args': None, 'cmake_clean_cache': False, 'cmake_clean_first': False, 'cmake_force_configure': False, 'cmake_target': None, 'cmake_target_skip_unavailable': False, 'install_base': '/home/user/ros2_ws/src/install/actions_quiz_msg', 'merge_install': False, 'meson_args': [], 'path': '/home/user/ros2_ws/src/custom_interfaces', 'symlink_install': False, 'test_result_base': None}
[1.229s] INFO:colcon.colcon_core.executor:Executing jobs using 'parallel' executor
[1.234s] DEBUG:colcon.colcon_parallel_executor.executor.parallel:run_until_complete
[1.234s] INFO:colcon.colcon_ros.task.ament_cmake.build:Building ROS package in '/home/user/ros2_ws/src/custom_interfaces' with build type 'ament_cmake'
[1.235s] INFO:colcon.colcon_cmake.task.cmake.build:Building CMake package in '/home/user/ros2_ws/src/custom_interfaces'
[1.241s] INFO:colcon.colcon_core.plugin_system:Skipping extension 'colcon_core.shell.bat': Not used on non-Windows systems
[1.241s] INFO:colcon.colcon_core.shell:Skip shell extension 'powershell' for command environment: Not usable outside of PowerShell
[1.242s] DEBUG:colcon.colcon_core.shell:Skip shell extension 'dsv' for command environment
[1.268s] DEBUG:colcon.colcon_core.event_handler.log_command:Invoking command in '/home/user/ros2_ws/src/build/actions_quiz_msg': CMAKE_PREFIX_PATH=${CMAKE_PREFIX_PATH}:/home/user/ros2_ws/install/my_action_server:/home/user/ros2_ws/install/my_action_client:/home/simulations/ros2_sims_ws/install/turtlebot3_teleop:/home/simulations/ros2_sims_ws/install/turtlebot3_example:/home/simulations/ros2_sims_ws/install/services_pkg:/home/user/ros2_ws/install/topics_quiz:/home/user/ros2_ws/install/subscriber_pkg:/home/user/ros2_ws/install/publisher_pkg:/home/user/ros2_ws/install/my_package:/home/user/ros2_ws/install/movement_pkg:/home/user/ros2_ws/install/exercise42_pkg:/home/user/ros2_ws/install/client_pkg:/opt/ros/humble _=/usr/bin/env /usr/bin/cmake /home/user/ros2_ws/src/custom_interfaces -DCMAKE_INSTALL_PREFIX=/home/user/ros2_ws/src/install/actions_quiz_msg
[5.655s] DEBUG:colcon.colcon_core.event_handler.log_command:Invoked command in '/home/user/ros2_ws/src/build/actions_quiz_msg' returned '0': CMAKE_PREFIX_PATH=${CMAKE_PREFIX_PATH}:/home/user/ros2_ws/install/my_action_server:/home/user/ros2_ws/install/my_action_client:/home/simulations/ros2_sims_ws/install/turtlebot3_teleop:/home/simulations/ros2_sims_ws/install/turtlebot3_example:/home/simulations/ros2_sims_ws/install/services_pkg:/home/user/ros2_ws/install/topics_quiz:/home/user/ros2_ws/install/subscriber_pkg:/home/user/ros2_ws/install/publisher_pkg:/home/user/ros2_ws/install/my_package:/home/user/ros2_ws/install/movement_pkg:/home/user/ros2_ws/install/exercise42_pkg:/home/user/ros2_ws/install/client_pkg:/opt/ros/humble _=/usr/bin/env /usr/bin/cmake /home/user/ros2_ws/src/custom_interfaces -DCMAKE_INSTALL_PREFIX=/home/user/ros2_ws/src/install/actions_quiz_msg
[5.659s] DEBUG:colcon.colcon_core.event_handler.log_command:Invoking command in '/home/user/ros2_ws/src/build/actions_quiz_msg': CMAKE_PREFIX_PATH=${CMAKE_PREFIX_PATH}:/home/user/ros2_ws/install/my_action_server:/home/user/ros2_ws/install/my_action_client:/home/simulations/ros2_sims_ws/install/turtlebot3_teleop:/home/simulations/ros2_sims_ws/install/turtlebot3_example:/home/simulations/ros2_sims_ws/install/services_pkg:/home/user/ros2_ws/install/topics_quiz:/home/user/ros2_ws/install/subscriber_pkg:/home/user/ros2_ws/install/publisher_pkg:/home/user/ros2_ws/install/my_package:/home/user/ros2_ws/install/movement_pkg:/home/user/ros2_ws/install/exercise42_pkg:/home/user/ros2_ws/install/client_pkg:/opt/ros/humble _=/usr/bin/env /usr/bin/cmake --build /home/user/ros2_ws/src/build/actions_quiz_msg -- -j8 -l8
[25.976s] DEBUG:colcon.colcon_core.event_handler.log_command:Invoked command in '/home/user/ros2_ws/src/build/actions_quiz_msg' returned '0': CMAKE_PREFIX_PATH=${CMAKE_PREFIX_PATH}:/home/user/ros2_ws/install/my_action_server:/home/user/ros2_ws/install/my_action_client:/home/simulations/ros2_sims_ws/install/turtlebot3_teleop:/home/simulations/ros2_sims_ws/install/turtlebot3_example:/home/simulations/ros2_sims_ws/install/services_pkg:/home/user/ros2_ws/install/topics_quiz:/home/user/ros2_ws/install/subscriber_pkg:/home/user/ros2_ws/install/publisher_pkg:/home/user/ros2_ws/install/my_package:/home/user/ros2_ws/install/movement_pkg:/home/user/ros2_ws/install/exercise42_pkg:/home/user/ros2_ws/install/client_pkg:/opt/ros/humble _=/usr/bin/env /usr/bin/cmake --build /home/user/ros2_ws/src/build/actions_quiz_msg -- -j8 -l8
[26.304s] DEBUG:colcon.colcon_core.event_handler.log_command:Invoking command in '/home/user/ros2_ws/src/build/actions_quiz_msg': CMAKE_PREFIX_PATH=${CMAKE_PREFIX_PATH}:/home/user/ros2_ws/install/my_action_server:/home/user/ros2_ws/install/my_action_client:/home/simulations/ros2_sims_ws/install/turtlebot3_teleop:/home/simulations/ros2_sims_ws/install/turtlebot3_example:/home/simulations/ros2_sims_ws/install/services_pkg:/home/user/ros2_ws/install/topics_quiz:/home/user/ros2_ws/install/subscriber_pkg:/home/user/ros2_ws/install/publisher_pkg:/home/user/ros2_ws/install/my_package:/home/user/ros2_ws/install/movement_pkg:/home/user/ros2_ws/install/exercise42_pkg:/home/user/ros2_ws/install/client_pkg:/opt/ros/humble _=/usr/bin/env /usr/bin/cmake --install /home/user/ros2_ws/src/build/actions_quiz_msg
[26.463s] Level 1:colcon.colcon_core.environment:create_environment_scripts_only(actions_quiz_msg)
[26.465s] DEBUG:colcon.colcon_core.event_handler.log_command:Invoked command in '/home/user/ros2_ws/src/build/actions_quiz_msg' returned '0': CMAKE_PREFIX_PATH=${CMAKE_PREFIX_PATH}:/home/user/ros2_ws/install/my_action_server:/home/user/ros2_ws/install/my_action_client:/home/simulations/ros2_sims_ws/install/turtlebot3_teleop:/home/simulations/ros2_sims_ws/install/turtlebot3_example:/home/simulations/ros2_sims_ws/install/services_pkg:/home/user/ros2_ws/install/topics_quiz:/home/user/ros2_ws/install/subscriber_pkg:/home/user/ros2_ws/install/publisher_pkg:/home/user/ros2_ws/install/my_package:/home/user/ros2_ws/install/movement_pkg:/home/user/ros2_ws/install/exercise42_pkg:/home/user/ros2_ws/install/client_pkg:/opt/ros/humble _=/usr/bin/env /usr/bin/cmake --install /home/user/ros2_ws/src/build/actions_quiz_msg
[26.475s] Level 1:colcon.colcon_core.environment:checking '/home/user/ros2_ws/src/install/actions_quiz_msg' for CMake module files
[26.476s] Level 1:colcon.colcon_core.environment:checking '/home/user/ros2_ws/src/install/actions_quiz_msg' for CMake config files
[26.478s] Level 1:colcon.colcon_core.shell:create_environment_hook('actions_quiz_msg', 'cmake_prefix_path')
[26.481s] INFO:colcon.colcon_core.shell:Creating environment hook '/home/user/ros2_ws/src/install/actions_quiz_msg/share/actions_quiz_msg/hook/cmake_prefix_path.ps1'
[26.482s] INFO:colcon.colcon_core.shell:Creating environment descriptor '/home/user/ros2_ws/src/install/actions_quiz_msg/share/actions_quiz_msg/hook/cmake_prefix_path.dsv'
[26.482s] INFO:colcon.colcon_core.shell:Creating environment hook '/home/user/ros2_ws/src/install/actions_quiz_msg/share/actions_quiz_msg/hook/cmake_prefix_path.sh'
[26.484s] Level 1:colcon.colcon_core.environment:checking '/home/user/ros2_ws/src/install/actions_quiz_msg/lib'
[26.484s] Level 1:colcon.colcon_core.shell:create_environment_hook('actions_quiz_msg', 'ld_library_path_lib')
[26.487s] INFO:colcon.colcon_core.shell:Creating environment hook '/home/user/ros2_ws/src/install/actions_quiz_msg/share/actions_quiz_msg/hook/ld_library_path_lib.ps1'
[26.488s] INFO:colcon.colcon_core.shell:Creating environment descriptor '/home/user/ros2_ws/src/install/actions_quiz_msg/share/actions_quiz_msg/hook/ld_library_path_lib.dsv'
[26.488s] INFO:colcon.colcon_core.shell:Creating environment hook '/home/user/ros2_ws/src/install/actions_quiz_msg/share/actions_quiz_msg/hook/ld_library_path_lib.sh'
[26.489s] Level 1:colcon.colcon_core.environment:checking '/home/user/ros2_ws/src/install/actions_quiz_msg/bin'
[26.489s] Level 1:colcon.colcon_core.environment:checking '/home/user/ros2_ws/src/install/actions_quiz_msg/lib/pkgconfig/actions_quiz_msg.pc'
[26.489s] Level 1:colcon.colcon_core.environment:checking '/home/user/ros2_ws/src/install/actions_quiz_msg/lib/python3.10/site-packages'
[26.489s] Level 1:colcon.colcon_core.environment:checking '/home/user/ros2_ws/src/install/actions_quiz_msg/bin'
[26.491s] INFO:colcon.colcon_core.shell:Creating package script '/home/user/ros2_ws/src/install/actions_quiz_msg/share/actions_quiz_msg/package.ps1'
[26.493s] INFO:colcon.colcon_core.shell:Creating package descriptor '/home/user/ros2_ws/src/install/actions_quiz_msg/share/actions_quiz_msg/package.dsv'
[26.493s] INFO:colcon.colcon_core.shell:Creating package script '/home/user/ros2_ws/src/install/actions_quiz_msg/share/actions_quiz_msg/package.sh'
[26.494s] INFO:colcon.colcon_core.shell:Creating package script '/home/user/ros2_ws/src/install/actions_quiz_msg/share/actions_quiz_msg/package.bash'
[26.495s] INFO:colcon.colcon_core.shell:Creating package script '/home/user/ros2_ws/src/install/actions_quiz_msg/share/actions_quiz_msg/package.zsh'
[26.496s] Level 1:colcon.colcon_core.environment:create_file_with_runtime_dependencies(/home/user/ros2_ws/src/install/actions_quiz_msg/share/colcon-core/packages/actions_quiz_msg)
[26.823s] Level 1:colcon.colcon_core.environment:create_environment_scripts_only(actions_quiz_msg)
[26.827s] Level 1:colcon.colcon_core.environment:checking '/home/user/ros2_ws/src/install/actions_quiz_msg' for CMake module files
[26.828s] Level 1:colcon.colcon_core.environment:checking '/home/user/ros2_ws/src/install/actions_quiz_msg' for CMake config files
[26.829s] Level 1:colcon.colcon_core.shell:create_environment_hook('actions_quiz_msg', 'cmake_prefix_path')
[26.832s] INFO:colcon.colcon_core.shell:Creating environment hook '/home/user/ros2_ws/src/install/actions_quiz_msg/share/actions_quiz_msg/hook/cmake_prefix_path.ps1'
[26.832s] INFO:colcon.colcon_core.shell:Creating environment descriptor '/home/user/ros2_ws/src/install/actions_quiz_msg/share/actions_quiz_msg/hook/cmake_prefix_path.dsv'
[26.833s] INFO:colcon.colcon_core.shell:Creating environment hook '/home/user/ros2_ws/src/install/actions_quiz_msg/share/actions_quiz_msg/hook/cmake_prefix_path.sh'
[26.834s] Level 1:colcon.colcon_core.environment:checking '/home/user/ros2_ws/src/install/actions_quiz_msg/lib'
[26.834s] Level 1:colcon.colcon_core.shell:create_environment_hook('actions_quiz_msg', 'ld_library_path_lib')
[26.836s] INFO:colcon.colcon_core.shell:Creating environment hook '/home/user/ros2_ws/src/install/actions_quiz_msg/share/actions_quiz_msg/hook/ld_library_path_lib.ps1'
[26.838s] INFO:colcon.colcon_core.shell:Creating environment descriptor '/home/user/ros2_ws/src/install/actions_quiz_msg/share/actions_quiz_msg/hook/ld_library_path_lib.dsv'
[26.839s] INFO:colcon.colcon_core.shell:Creating environment hook '/home/user/ros2_ws/src/install/actions_quiz_msg/share/actions_quiz_msg/hook/ld_library_path_lib.sh'
[26.840s] Level 1:colcon.colcon_core.environment:checking '/home/user/ros2_ws/src/install/actions_quiz_msg/bin'
[26.840s] Level 1:colcon.colcon_core.environment:checking '/home/user/ros2_ws/src/install/actions_quiz_msg/lib/pkgconfig/actions_quiz_msg.pc'
[26.841s] Level 1:colcon.colcon_core.environment:checking '/home/user/ros2_ws/src/install/actions_quiz_msg/lib/python3.10/site-packages'
[26.841s] Level 1:colcon.colcon_core.environment:checking '/home/user/ros2_ws/src/install/actions_quiz_msg/bin'
[26.844s] INFO:colcon.colcon_core.shell:Creating package script '/home/user/ros2_ws/src/install/actions_quiz_msg/share/actions_quiz_msg/package.ps1'
[26.844s] INFO:colcon.colcon_core.shell:Creating package descriptor '/home/user/ros2_ws/src/install/actions_quiz_msg/share/actions_quiz_msg/package.dsv'
[26.845s] INFO:colcon.colcon_core.shell:Creating package script '/home/user/ros2_ws/src/install/actions_quiz_msg/share/actions_quiz_msg/package.sh'
[26.846s] INFO:colcon.colcon_core.shell:Creating package script '/home/user/ros2_ws/src/install/actions_quiz_msg/share/actions_quiz_msg/package.bash'
[26.847s] INFO:colcon.colcon_core.shell:Creating package script '/home/user/ros2_ws/src/install/actions_quiz_msg/share/actions_quiz_msg/package.zsh'
[26.847s] Level 1:colcon.colcon_core.environment:create_file_with_runtime_dependencies(/home/user/ros2_ws/src/install/actions_quiz_msg/share/colcon-core/packages/actions_quiz_msg)
[26.848s] DEBUG:colcon.colcon_parallel_executor.executor.parallel:closing loop
[26.848s] DEBUG:colcon.colcon_parallel_executor.executor.parallel:loop closed
[26.849s] DEBUG:colcon.colcon_parallel_executor.executor.parallel:run_until_complete finished with '0'
[26.849s] DEBUG:colcon.colcon_core.event_reactor:joining thread
[26.859s] INFO:colcon.colcon_core.plugin_system:Skipping extension 'colcon_notification.desktop_notification.notify_send': Could not find 'notify-send'
[26.859s] INFO:colcon.colcon_core.plugin_system:Skipping extension 'colcon_notification.desktop_notification.terminal_notifier': Not used on non-Darwin systems
[26.860s] INFO:colcon.colcon_core.plugin_system:Skipping extension 'colcon_notification.desktop_notification.win32': Not used on non-Windows systems
[26.860s] INFO:colcon.colcon_notification.desktop_notification:Sending desktop notification using 'notify2'
[26.863s] DEBUG:colcon.colcon_notification.desktop_notification.notify2:Failed to initialize notify2: org.freedesktop.DBus.Error.Spawn.ExecFailed: /usr/bin/dbus-launch terminated abnormally without any error message
[26.863s] DEBUG:colcon.colcon_core.event_reactor:joined thread
[26.866s] INFO:colcon.colcon_core.shell:Creating prefix script '/home/user/ros2_ws/src/install/local_setup.ps1'
[26.868s] INFO:colcon.colcon_core.shell:Creating prefix util module '/home/user/ros2_ws/src/install/_local_setup_util_ps1.py'
[26.871s] INFO:colcon.colcon_core.shell:Creating prefix chain script '/home/user/ros2_ws/src/install/setup.ps1'
[26.875s] INFO:colcon.colcon_core.shell:Creating prefix script '/home/user/ros2_ws/src/install/local_setup.sh'
[26.876s] INFO:colcon.colcon_core.shell:Creating prefix util module '/home/user/ros2_ws/src/install/_local_setup_util_sh.py'
[26.877s] INFO:colcon.colcon_core.shell:Creating prefix chain script '/home/user/ros2_ws/src/install/setup.sh'
[26.883s] INFO:colcon.colcon_core.shell:Creating prefix script '/home/user/ros2_ws/src/install/local_setup.bash'
[26.883s] INFO:colcon.colcon_core.shell:Creating prefix chain script '/home/user/ros2_ws/src/install/setup.bash'
[26.887s] INFO:colcon.colcon_core.shell:Creating prefix script '/home/user/ros2_ws/src/install/local_setup.zsh'
[26.888s] INFO:colcon.colcon_core.shell:Creating prefix chain script '/home/user/ros2_ws/src/install/setup.zsh'
