[0.832s] DEBUG:colcon:Command line arguments: ['/usr/bin/colcon', 'build', '--packages-select', 'basics_ros2_multithreading']
[0.832s] DEBUG:colcon:Parsed command line arguments: Namespace(log_base=None, log_level=None, verb_name='build', build_base='build', install_base='install', merge_install=False, symlink_install=False, test_result_base=None, continue_on_error=False, executor='parallel', parallel_workers=8, event_handlers=None, ignore_user_meta=False, metas=['./colcon.meta'], base_paths=['.'], packages_ignore=None, packages_ignore_regex=None, paths=None, packages_up_to=None, packages_up_to_regex=None, packages_above=None, packages_above_and_dependencies=None, packages_above_depth=None, packages_select_by_dep=None, packages_skip_by_dep=None, packages_skip_up_to=None, packages_select_build_failed=False, packages_skip_build_finished=False, packages_select_test_failures=False, packages_skip_test_passed=False, packages_select=['basics_ros2_multithreading'], packages_skip=None, packages_select_regex=None, packages_skip_regex=None, packages_start=None, packages_end=None, cmake_args=None, cmake_target=None, cmake_target_skip_unavailable=False, cmake_clean_cache=False, cmake_clean_first=False, cmake_force_configure=False, ament_cmake_args=None, catkin_cmake_args=None, catkin_skip_building_tests=False, mixin_files=None, mixin=None, verb_parser=<colcon_mixin.mixin.mixin_argument.MixinArgumentDecorator object at 0x7ff306bbe980>, verb_extension=<colcon_core.verb.build.BuildVerb object at 0x7ff307512c20>, main=<bound method BuildVerb.main of <colcon_core.verb.build.BuildVerb object at 0x7ff307512c20>>, mixin_verb=('build',))
[0.926s] Level 1:colcon.colcon_core.package_discovery:discover_packages(colcon_meta) check parameters
[0.926s] Level 1:colcon.colcon_core.package_discovery:discover_packages(recursive) check parameters
[0.927s] Level 1:colcon.colcon_core.package_discovery:discover_packages(ignore) check parameters
[0.927s] Level 1:colcon.colcon_core.package_discovery:discover_packages(path) check parameters
[0.927s] Level 1:colcon.colcon_core.package_discovery:discover_packages(colcon_meta) discover
[0.927s] Level 1:colcon.colcon_core.package_discovery:discover_packages(recursive) discover
[0.927s] INFO:colcon.colcon_core.package_discovery:Crawling recursively for packages in '/home/user/ros2_ws'
[0.927s] Level 1:colcon.colcon_core.package_identification:_identify(.) by extensions ['ignore', 'ignore_ament_install']
[0.927s] Level 1:colcon.colcon_core.package_identification:_identify(.) by extension 'ignore'
[0.927s] Level 1:colcon.colcon_core.package_identification:_identify(.) by extension 'ignore_ament_install'
[0.927s] Level 1:colcon.colcon_core.package_identification:_identify(.) by extensions ['colcon_pkg']
[0.928s] Level 1:colcon.colcon_core.package_identification:_identify(.) by extension 'colcon_pkg'
[0.928s] Level 1:colcon.colcon_core.package_identification:_identify(.) by extensions ['colcon_meta']
[0.928s] Level 1:colcon.colcon_core.package_identification:_identify(.) by extension 'colcon_meta'
[0.928s] Level 1:colcon.colcon_core.package_identification:_identify(.) by extensions ['ros']
[0.928s] Level 1:colcon.colcon_core.package_identification:_identify(.) by extension 'ros'
[0.964s] Level 1:colcon.colcon_core.package_identification:_identify(.) by extensions ['cmake', 'python']
[0.965s] Level 1:colcon.colcon_core.package_identification:_identify(.) by extension 'cmake'
[0.965s] Level 1:colcon.colcon_core.package_identification:_identify(.) by extension 'python'
[0.965s] Level 1:colcon.colcon_core.package_identification:_identify(.) by extensions ['python_setup_py']
[0.965s] Level 1:colcon.colcon_core.package_identification:_identify(.) by extension 'python_setup_py'
[0.966s] Level 1:colcon.colcon_core.package_identification:_identify(build) by extensions ['ignore', 'ignore_ament_install']
[0.966s] Level 1:colcon.colcon_core.package_identification:_identify(build) by extension 'ignore'
[0.966s] Level 1:colcon.colcon_core.package_identification:_identify(build) ignored
[0.966s] Level 1:colcon.colcon_core.package_identification:_identify(install) by extensions ['ignore', 'ignore_ament_install']
[0.966s] Level 1:colcon.colcon_core.package_identification:_identify(install) by extension 'ignore'
[0.966s] Level 1:colcon.colcon_core.package_identification:_identify(install) ignored
[0.967s] Level 1:colcon.colcon_core.package_identification:_identify(log) by extensions ['ignore', 'ignore_ament_install']
[0.967s] Level 1:colcon.colcon_core.package_identification:_identify(log) by extension 'ignore'
[0.967s] Level 1:colcon.colcon_core.package_identification:_identify(log) ignored
[0.967s] Level 1:colcon.colcon_core.package_identification:_identify(src) by extensions ['ignore', 'ignore_ament_install']
[0.967s] Level 1:colcon.colcon_core.package_identification:_identify(src) by extension 'ignore'
[0.967s] Level 1:colcon.colcon_core.package_identification:_identify(src) by extension 'ignore_ament_install'
[0.967s] Level 1:colcon.colcon_core.package_identification:_identify(src) by extensions ['colcon_pkg']
[0.967s] Level 1:colcon.colcon_core.package_identification:_identify(src) by extension 'colcon_pkg'
[0.967s] Level 1:colcon.colcon_core.package_identification:_identify(src) by extensions ['colcon_meta']
[0.967s] Level 1:colcon.colcon_core.package_identification:_identify(src) by extension 'colcon_meta'
[0.968s] Level 1:colcon.colcon_core.package_identification:_identify(src) by extensions ['ros']
[0.968s] Level 1:colcon.colcon_core.package_identification:_identify(src) by extension 'ros'
[0.968s] Level 1:colcon.colcon_core.package_identification:_identify(src) by extensions ['cmake', 'python']
[0.968s] Level 1:colcon.colcon_core.package_identification:_identify(src) by extension 'cmake'
[0.968s] Level 1:colcon.colcon_core.package_identification:_identify(src) by extension 'python'
[0.968s] Level 1:colcon.colcon_core.package_identification:_identify(src) by extensions ['python_setup_py']
[0.968s] Level 1:colcon.colcon_core.package_identification:_identify(src) by extension 'python_setup_py'
[0.968s] Level 1:colcon.colcon_core.package_identification:_identify(src/basics_ros2_multithreading) by extensions ['ignore', 'ignore_ament_install']
[0.968s] Level 1:colcon.colcon_core.package_identification:_identify(src/basics_ros2_multithreading) by extension 'ignore'
[0.969s] Level 1:colcon.colcon_core.package_identification:_identify(src/basics_ros2_multithreading) by extension 'ignore_ament_install'
[0.969s] Level 1:colcon.colcon_core.package_identification:_identify(src/basics_ros2_multithreading) by extensions ['colcon_pkg']
[0.969s] Level 1:colcon.colcon_core.package_identification:_identify(src/basics_ros2_multithreading) by extension 'colcon_pkg'
[0.969s] Level 1:colcon.colcon_core.package_identification:_identify(src/basics_ros2_multithreading) by extensions ['colcon_meta']
[0.969s] Level 1:colcon.colcon_core.package_identification:_identify(src/basics_ros2_multithreading) by extension 'colcon_meta'
[0.969s] Level 1:colcon.colcon_core.package_identification:_identify(src/basics_ros2_multithreading) by extensions ['ros']
[0.969s] Level 1:colcon.colcon_core.package_identification:_identify(src/basics_ros2_multithreading) by extension 'ros'
[0.974s] DEBUG:colcon.colcon_core.package_identification:Package 'src/basics_ros2_multithreading' with type 'ros.ament_cmake' and name 'basics_ros2_multithreading'
[0.974s] Level 1:colcon.colcon_core.package_identification:_identify(src/build) by extensions ['ignore', 'ignore_ament_install']
[0.974s] Level 1:colcon.colcon_core.package_identification:_identify(src/build) by extension 'ignore'
[0.974s] Level 1:colcon.colcon_core.package_identification:_identify(src/build) ignored
[0.974s] Level 1:colcon.colcon_core.package_identification:_identify(src/client_pkg) by extensions ['ignore', 'ignore_ament_install']
[0.974s] Level 1:colcon.colcon_core.package_identification:_identify(src/client_pkg) by extension 'ignore'
[0.975s] Level 1:colcon.colcon_core.package_identification:_identify(src/client_pkg) by extension 'ignore_ament_install'
[0.975s] Level 1:colcon.colcon_core.package_identification:_identify(src/client_pkg) by extensions ['colcon_pkg']
[0.975s] Level 1:colcon.colcon_core.package_identification:_identify(src/client_pkg) by extension 'colcon_pkg'
[0.975s] Level 1:colcon.colcon_core.package_identification:_identify(src/client_pkg) by extensions ['colcon_meta']
[0.975s] Level 1:colcon.colcon_core.package_identification:_identify(src/client_pkg) by extension 'colcon_meta'
[0.976s] Level 1:colcon.colcon_core.package_identification:_identify(src/client_pkg) by extensions ['ros']
[0.976s] Level 1:colcon.colcon_core.package_identification:_identify(src/client_pkg) by extension 'ros'
[0.977s] DEBUG:colcon.colcon_core.package_identification:Package 'src/client_pkg' with type 'ros.ament_python' and name 'client_pkg'
[0.977s] Level 1:colcon.colcon_core.package_identification:_identify(src/custom_interfaces) by extensions ['ignore', 'ignore_ament_install']
[0.977s] Level 1:colcon.colcon_core.package_identification:_identify(src/custom_interfaces) by extension 'ignore'
[0.977s] Level 1:colcon.colcon_core.package_identification:_identify(src/custom_interfaces) by extension 'ignore_ament_install'
[0.977s] Level 1:colcon.colcon_core.package_identification:_identify(src/custom_interfaces) by extensions ['colcon_pkg']
[0.977s] Level 1:colcon.colcon_core.package_identification:_identify(src/custom_interfaces) by extension 'colcon_pkg'
[0.978s] Level 1:colcon.colcon_core.package_identification:_identify(src/custom_interfaces) by extensions ['colcon_meta']
[0.978s] Level 1:colcon.colcon_core.package_identification:_identify(src/custom_interfaces) by extension 'colcon_meta'
[0.978s] Level 1:colcon.colcon_core.package_identification:_identify(src/custom_interfaces) by extensions ['ros']
[0.978s] Level 1:colcon.colcon_core.package_identification:_identify(src/custom_interfaces) by extension 'ros'
[0.979s] DEBUG:colcon.colcon_core.package_identification:Package 'src/custom_interfaces' with type 'ros.ament_cmake' and name 'custom_interfaces'
[0.979s] Level 1:colcon.colcon_core.package_identification:_identify(src/example36_pkg) by extensions ['ignore', 'ignore_ament_install']
[0.979s] Level 1:colcon.colcon_core.package_identification:_identify(src/example36_pkg) by extension 'ignore'
[0.979s] Level 1:colcon.colcon_core.package_identification:_identify(src/example36_pkg) by extension 'ignore_ament_install'
[0.980s] Level 1:colcon.colcon_core.package_identification:_identify(src/example36_pkg) by extensions ['colcon_pkg']
[0.980s] Level 1:colcon.colcon_core.package_identification:_identify(src/example36_pkg) by extension 'colcon_pkg'
[0.980s] Level 1:colcon.colcon_core.package_identification:_identify(src/example36_pkg) by extensions ['colcon_meta']
[0.980s] Level 1:colcon.colcon_core.package_identification:_identify(src/example36_pkg) by extension 'colcon_meta'
[0.980s] Level 1:colcon.colcon_core.package_identification:_identify(src/example36_pkg) by extensions ['ros']
[0.980s] Level 1:colcon.colcon_core.package_identification:_identify(src/example36_pkg) by extension 'ros'
[0.982s] DEBUG:colcon.colcon_core.package_identification:Package 'src/example36_pkg' with type 'ros.ament_python' and name 'example36_pkg'
[0.982s] Level 1:colcon.colcon_core.package_identification:_identify(src/exercise31_pkg) by extensions ['ignore', 'ignore_ament_install']
[0.982s] Level 1:colcon.colcon_core.package_identification:_identify(src/exercise31_pkg) by extension 'ignore'
[0.982s] Level 1:colcon.colcon_core.package_identification:_identify(src/exercise31_pkg) by extension 'ignore_ament_install'
[0.982s] Level 1:colcon.colcon_core.package_identification:_identify(src/exercise31_pkg) by extensions ['colcon_pkg']
[0.982s] Level 1:colcon.colcon_core.package_identification:_identify(src/exercise31_pkg) by extension 'colcon_pkg'
[0.982s] Level 1:colcon.colcon_core.package_identification:_identify(src/exercise31_pkg) by extensions ['colcon_meta']
[0.982s] Level 1:colcon.colcon_core.package_identification:_identify(src/exercise31_pkg) by extension 'colcon_meta'
[0.982s] Level 1:colcon.colcon_core.package_identification:_identify(src/exercise31_pkg) by extensions ['ros']
[0.983s] Level 1:colcon.colcon_core.package_identification:_identify(src/exercise31_pkg) by extension 'ros'
[0.984s] DEBUG:colcon.colcon_core.package_identification:Package 'src/exercise31_pkg' with type 'ros.ament_python' and name 'exercise31_pkg'
[0.984s] Level 1:colcon.colcon_core.package_identification:_identify(src/exercise42_pkg) by extensions ['ignore', 'ignore_ament_install']
[0.984s] Level 1:colcon.colcon_core.package_identification:_identify(src/exercise42_pkg) by extension 'ignore'
[0.985s] Level 1:colcon.colcon_core.package_identification:_identify(src/exercise42_pkg) by extension 'ignore_ament_install'
[0.985s] Level 1:colcon.colcon_core.package_identification:_identify(src/exercise42_pkg) by extensions ['colcon_pkg']
[0.985s] Level 1:colcon.colcon_core.package_identification:_identify(src/exercise42_pkg) by extension 'colcon_pkg'
[0.985s] Level 1:colcon.colcon_core.package_identification:_identify(src/exercise42_pkg) by extensions ['colcon_meta']
[0.985s] Level 1:colcon.colcon_core.package_identification:_identify(src/exercise42_pkg) by extension 'colcon_meta'
[0.985s] Level 1:colcon.colcon_core.package_identification:_identify(src/exercise42_pkg) by extensions ['ros']
[0.985s] Level 1:colcon.colcon_core.package_identification:_identify(src/exercise42_pkg) by extension 'ros'
[0.987s] DEBUG:colcon.colcon_core.package_identification:Package 'src/exercise42_pkg' with type 'ros.ament_python' and name 'exercise42_pkg'
[0.987s] Level 1:colcon.colcon_core.package_identification:_identify(src/install) by extensions ['ignore', 'ignore_ament_install']
[0.987s] Level 1:colcon.colcon_core.package_identification:_identify(src/install) by extension 'ignore'
[0.987s] Level 1:colcon.colcon_core.package_identification:_identify(src/install) ignored
[0.987s] Level 1:colcon.colcon_core.package_identification:_identify(src/log) by extensions ['ignore', 'ignore_ament_install']
[0.987s] Level 1:colcon.colcon_core.package_identification:_identify(src/log) by extension 'ignore'
[0.987s] Level 1:colcon.colcon_core.package_identification:_identify(src/log) ignored
[0.988s] Level 1:colcon.colcon_core.package_identification:_identify(src/movement_pkg) by extensions ['ignore', 'ignore_ament_install']
[0.988s] Level 1:colcon.colcon_core.package_identification:_identify(src/movement_pkg) by extension 'ignore'
[0.988s] Level 1:colcon.colcon_core.package_identification:_identify(src/movement_pkg) by extension 'ignore_ament_install'
[0.988s] Level 1:colcon.colcon_core.package_identification:_identify(src/movement_pkg) by extensions ['colcon_pkg']
[0.988s] Level 1:colcon.colcon_core.package_identification:_identify(src/movement_pkg) by extension 'colcon_pkg'
[0.988s] Level 1:colcon.colcon_core.package_identification:_identify(src/movement_pkg) by extensions ['colcon_meta']
[0.988s] Level 1:colcon.colcon_core.package_identification:_identify(src/movement_pkg) by extension 'colcon_meta'
[0.988s] Level 1:colcon.colcon_core.package_identification:_identify(src/movement_pkg) by extensions ['ros']
[0.988s] Level 1:colcon.colcon_core.package_identification:_identify(src/movement_pkg) by extension 'ros'
[0.990s] DEBUG:colcon.colcon_core.package_identification:Package 'src/movement_pkg' with type 'ros.ament_python' and name 'movement_pkg'
[0.990s] Level 1:colcon.colcon_core.package_identification:_identify(src/my_package) by extensions ['ignore', 'ignore_ament_install']
[0.990s] Level 1:colcon.colcon_core.package_identification:_identify(src/my_package) by extension 'ignore'
[0.990s] Level 1:colcon.colcon_core.package_identification:_identify(src/my_package) by extension 'ignore_ament_install'
[0.990s] Level 1:colcon.colcon_core.package_identification:_identify(src/my_package) by extensions ['colcon_pkg']
[0.990s] Level 1:colcon.colcon_core.package_identification:_identify(src/my_package) by extension 'colcon_pkg'
[0.991s] Level 1:colcon.colcon_core.package_identification:_identify(src/my_package) by extensions ['colcon_meta']
[0.991s] Level 1:colcon.colcon_core.package_identification:_identify(src/my_package) by extension 'colcon_meta'
[0.991s] Level 1:colcon.colcon_core.package_identification:_identify(src/my_package) by extensions ['ros']
[0.991s] Level 1:colcon.colcon_core.package_identification:_identify(src/my_package) by extension 'ros'
[0.992s] DEBUG:colcon.colcon_core.package_identification:Package 'src/my_package' with type 'ros.ament_python' and name 'my_package'
[0.992s] Level 1:colcon.colcon_core.package_identification:_identify(src/publisher_pkg) by extensions ['ignore', 'ignore_ament_install']
[0.992s] Level 1:colcon.colcon_core.package_identification:_identify(src/publisher_pkg) by extension 'ignore'
[0.992s] Level 1:colcon.colcon_core.package_identification:_identify(src/publisher_pkg) by extension 'ignore_ament_install'
[0.992s] Level 1:colcon.colcon_core.package_identification:_identify(src/publisher_pkg) by extensions ['colcon_pkg']
[0.992s] Level 1:colcon.colcon_core.package_identification:_identify(src/publisher_pkg) by extension 'colcon_pkg'
[0.992s] Level 1:colcon.colcon_core.package_identification:_identify(src/publisher_pkg) by extensions ['colcon_meta']
[0.992s] Level 1:colcon.colcon_core.package_identification:_identify(src/publisher_pkg) by extension 'colcon_meta'
[0.993s] Level 1:colcon.colcon_core.package_identification:_identify(src/publisher_pkg) by extensions ['ros']
[0.993s] Level 1:colcon.colcon_core.package_identification:_identify(src/publisher_pkg) by extension 'ros'
[0.994s] DEBUG:colcon.colcon_core.package_identification:Package 'src/publisher_pkg' with type 'ros.ament_python' and name 'publisher_pkg'
[0.994s] Level 1:colcon.colcon_core.package_identification:_identify(src/subscriber_pkg) by extensions ['ignore', 'ignore_ament_install']
[0.994s] Level 1:colcon.colcon_core.package_identification:_identify(src/subscriber_pkg) by extension 'ignore'
[0.994s] Level 1:colcon.colcon_core.package_identification:_identify(src/subscriber_pkg) by extension 'ignore_ament_install'
[0.994s] Level 1:colcon.colcon_core.package_identification:_identify(src/subscriber_pkg) by extensions ['colcon_pkg']
[0.994s] Level 1:colcon.colcon_core.package_identification:_identify(src/subscriber_pkg) by extension 'colcon_pkg'
[0.994s] Level 1:colcon.colcon_core.package_identification:_identify(src/subscriber_pkg) by extensions ['colcon_meta']
[0.995s] Level 1:colcon.colcon_core.package_identification:_identify(src/subscriber_pkg) by extension 'colcon_meta'
[0.995s] Level 1:colcon.colcon_core.package_identification:_identify(src/subscriber_pkg) by extensions ['ros']
[0.995s] Level 1:colcon.colcon_core.package_identification:_identify(src/subscriber_pkg) by extension 'ros'
[0.996s] DEBUG:colcon.colcon_core.package_identification:Package 'src/subscriber_pkg' with type 'ros.ament_python' and name 'subscriber_pkg'
[0.996s] Level 1:colcon.colcon_core.package_identification:_identify(src/topics_quiz) by extensions ['ignore', 'ignore_ament_install']
[0.996s] Level 1:colcon.colcon_core.package_identification:_identify(src/topics_quiz) by extension 'ignore'
[0.996s] Level 1:colcon.colcon_core.package_identification:_identify(src/topics_quiz) by extension 'ignore_ament_install'
[0.996s] Level 1:colcon.colcon_core.package_identification:_identify(src/topics_quiz) by extensions ['colcon_pkg']
[0.996s] Level 1:colcon.colcon_core.package_identification:_identify(src/topics_quiz) by extension 'colcon_pkg'
[0.997s] Level 1:colcon.colcon_core.package_identification:_identify(src/topics_quiz) by extensions ['colcon_meta']
[0.997s] Level 1:colcon.colcon_core.package_identification:_identify(src/topics_quiz) by extension 'colcon_meta'
[0.997s] Level 1:colcon.colcon_core.package_identification:_identify(src/topics_quiz) by extensions ['ros']
[0.997s] Level 1:colcon.colcon_core.package_identification:_identify(src/topics_quiz) by extension 'ros'
[0.998s] DEBUG:colcon.colcon_core.package_identification:Package 'src/topics_quiz' with type 'ros.ament_python' and name 'topics_quiz'
[0.999s] Level 1:colcon.colcon_core.package_discovery:discover_packages(recursive) using defaults
[0.999s] Level 1:colcon.colcon_core.package_discovery:discover_packages(ignore) discover
[0.999s] Level 1:colcon.colcon_core.package_discovery:discover_packages(ignore) using defaults
[0.999s] Level 1:colcon.colcon_core.package_discovery:discover_packages(path) discover
[0.999s] Level 1:colcon.colcon_core.package_discovery:discover_packages(path) using defaults
[1.066s] INFO:colcon.colcon_core.package_selection:Skipping not selected package 'client_pkg' in 'src/client_pkg'
[1.066s] INFO:colcon.colcon_core.package_selection:Skipping not selected package 'custom_interfaces' in 'src/custom_interfaces'
[1.066s] INFO:colcon.colcon_core.package_selection:Skipping not selected package 'exercise42_pkg' in 'src/exercise42_pkg'
[1.067s] INFO:colcon.colcon_core.package_selection:Skipping not selected package 'my_package' in 'src/my_package'
[1.067s] INFO:colcon.colcon_core.package_selection:Skipping not selected package 'publisher_pkg' in 'src/publisher_pkg'
[1.067s] INFO:colcon.colcon_core.package_selection:Skipping not selected package 'subscriber_pkg' in 'src/subscriber_pkg'
[1.067s] INFO:colcon.colcon_core.package_selection:Skipping not selected package 'topics_quiz' in 'src/topics_quiz'
[1.067s] INFO:colcon.colcon_core.package_selection:Skipping not selected package 'example36_pkg' in 'src/example36_pkg'
[1.067s] INFO:colcon.colcon_core.package_selection:Skipping not selected package 'exercise31_pkg' in 'src/exercise31_pkg'
[1.067s] INFO:colcon.colcon_core.package_selection:Skipping not selected package 'movement_pkg' in 'src/movement_pkg'
[1.069s] Level 5:colcon.colcon_core.verb:set package 'basics_ros2_multithreading' build argument 'cmake_args' from command line to 'None'
[1.069s] Level 5:colcon.colcon_core.verb:set package 'basics_ros2_multithreading' build argument 'cmake_target' from command line to 'None'
[1.069s] Level 5:colcon.colcon_core.verb:set package 'basics_ros2_multithreading' build argument 'cmake_target_skip_unavailable' from command line to 'False'
[1.069s] Level 5:colcon.colcon_core.verb:set package 'basics_ros2_multithreading' build argument 'cmake_clean_cache' from command line to 'False'
[1.070s] Level 5:colcon.colcon_core.verb:set package 'basics_ros2_multithreading' build argument 'cmake_clean_first' from command line to 'False'
[1.070s] Level 5:colcon.colcon_core.verb:set package 'basics_ros2_multithreading' build argument 'cmake_force_configure' from command line to 'False'
[1.070s] Level 5:colcon.colcon_core.verb:set package 'basics_ros2_multithreading' build argument 'ament_cmake_args' from command line to 'None'
[1.070s] Level 5:colcon.colcon_core.verb:set package 'basics_ros2_multithreading' build argument 'catkin_cmake_args' from command line to 'None'
[1.070s] Level 5:colcon.colcon_core.verb:set package 'basics_ros2_multithreading' build argument 'catkin_skip_building_tests' from command line to 'False'
[1.070s] DEBUG:colcon.colcon_core.verb:Building package 'basics_ros2_multithreading' with the following arguments: {'ament_cmake_args': None, 'build_base': '/home/user/ros2_ws/build/basics_ros2_multithreading', 'catkin_cmake_args': None, 'catkin_skip_building_tests': False, 'cmake_args': None, 'cmake_clean_cache': False, 'cmake_clean_first': False, 'cmake_force_configure': False, 'cmake_target': None, 'cmake_target_skip_unavailable': False, 'install_base': '/home/user/ros2_ws/install/basics_ros2_multithreading', 'merge_install': False, 'path': '/home/user/ros2_ws/src/basics_ros2_multithreading', 'symlink_install': False, 'test_result_base': None}
[1.072s] INFO:colcon.colcon_core.executor:Executing jobs using 'parallel' executor
[1.083s] DEBUG:colcon.colcon_parallel_executor.executor.parallel:run_until_complete
[1.083s] INFO:colcon.colcon_ros.task.ament_cmake.build:Building ROS package in '/home/user/ros2_ws/src/basics_ros2_multithreading' with build type 'ament_cmake'
[1.083s] INFO:colcon.colcon_cmake.task.cmake.build:Building CMake package in '/home/user/ros2_ws/src/basics_ros2_multithreading'
[1.100s] INFO:colcon.colcon_core.plugin_system:Skipping extension 'colcon_core.shell.bat': Not used on non-Windows systems
[1.101s] INFO:colcon.colcon_core.shell:Skip shell extension 'powershell' for command environment: Not usable outside of PowerShell
[1.101s] DEBUG:colcon.colcon_core.shell:Skip shell extension 'dsv' for command environment
[1.139s] DEBUG:colcon.colcon_core.event_handler.log_command:Invoking command in '/home/user/ros2_ws/build/basics_ros2_multithreading': CMAKE_PREFIX_PATH=${CMAKE_PREFIX_PATH}:/home/simulations/ros2_sims_ws/install/tracetools_test:/home/simulations/ros2_sims_ws/install/tracetools_launch:/home/simulations/ros2_sims_ws/install/ros2trace:/home/simulations/ros2_sims_ws/install/tracetools_trace:/home/simulations/ros2_sims_ws/install/ros2trace_analysis:/home/simulations/ros2_sims_ws/install/tracetools_analysis:/home/simulations/ros2_sims_ws/install/tracetools_read:/home/simulations/ros2_sims_ws/install/test_tracetools_launch:/home/user/ros2_ws/install/topics_quiz:/home/user/ros2_ws/install/subscriber_pkg:/home/user/ros2_ws/install/publisher_pkg:/home/user/ros2_ws/install/my_package:/home/user/ros2_ws/install/movement_pkg:/home/user/ros2_ws/install/exercise42_pkg:/home/user/ros2_ws/install/client_pkg:/opt/ros/humble _=/usr/bin/env /usr/bin/cmake --build /home/user/ros2_ws/build/basics_ros2_multithreading -- -j8 -l8
[1.226s] DEBUG:colcon.colcon_core.event_handler.log_command:Invoked command in '/home/user/ros2_ws/build/basics_ros2_multithreading' returned '0': CMAKE_PREFIX_PATH=${CMAKE_PREFIX_PATH}:/home/simulations/ros2_sims_ws/install/tracetools_test:/home/simulations/ros2_sims_ws/install/tracetools_launch:/home/simulations/ros2_sims_ws/install/ros2trace:/home/simulations/ros2_sims_ws/install/tracetools_trace:/home/simulations/ros2_sims_ws/install/ros2trace_analysis:/home/simulations/ros2_sims_ws/install/tracetools_analysis:/home/simulations/ros2_sims_ws/install/tracetools_read:/home/simulations/ros2_sims_ws/install/test_tracetools_launch:/home/user/ros2_ws/install/topics_quiz:/home/user/ros2_ws/install/subscriber_pkg:/home/user/ros2_ws/install/publisher_pkg:/home/user/ros2_ws/install/my_package:/home/user/ros2_ws/install/movement_pkg:/home/user/ros2_ws/install/exercise42_pkg:/home/user/ros2_ws/install/client_pkg:/opt/ros/humble _=/usr/bin/env /usr/bin/cmake --build /home/user/ros2_ws/build/basics_ros2_multithreading -- -j8 -l8
[1.316s] DEBUG:colcon.colcon_core.event_handler.log_command:Invoking command in '/home/user/ros2_ws/build/basics_ros2_multithreading': CMAKE_PREFIX_PATH=${CMAKE_PREFIX_PATH}:/home/simulations/ros2_sims_ws/install/tracetools_test:/home/simulations/ros2_sims_ws/install/tracetools_launch:/home/simulations/ros2_sims_ws/install/ros2trace:/home/simulations/ros2_sims_ws/install/tracetools_trace:/home/simulations/ros2_sims_ws/install/ros2trace_analysis:/home/simulations/ros2_sims_ws/install/tracetools_analysis:/home/simulations/ros2_sims_ws/install/tracetools_read:/home/simulations/ros2_sims_ws/install/test_tracetools_launch:/home/user/ros2_ws/install/topics_quiz:/home/user/ros2_ws/install/subscriber_pkg:/home/user/ros2_ws/install/publisher_pkg:/home/user/ros2_ws/install/my_package:/home/user/ros2_ws/install/movement_pkg:/home/user/ros2_ws/install/exercise42_pkg:/home/user/ros2_ws/install/client_pkg:/opt/ros/humble _=/usr/bin/env /usr/bin/cmake --install /home/user/ros2_ws/build/basics_ros2_multithreading
[1.359s] Level 1:colcon.colcon_core.environment:create_environment_scripts_only(basics_ros2_multithreading)
[1.370s] DEBUG:colcon.colcon_core.event_handler.log_command:Invoked command in '/home/user/ros2_ws/build/basics_ros2_multithreading' returned '0': CMAKE_PREFIX_PATH=${CMAKE_PREFIX_PATH}:/home/simulations/ros2_sims_ws/install/tracetools_test:/home/simulations/ros2_sims_ws/install/tracetools_launch:/home/simulations/ros2_sims_ws/install/ros2trace:/home/simulations/ros2_sims_ws/install/tracetools_trace:/home/simulations/ros2_sims_ws/install/ros2trace_analysis:/home/simulations/ros2_sims_ws/install/tracetools_analysis:/home/simulations/ros2_sims_ws/install/tracetools_read:/home/simulations/ros2_sims_ws/install/test_tracetools_launch:/home/user/ros2_ws/install/topics_quiz:/home/user/ros2_ws/install/subscriber_pkg:/home/user/ros2_ws/install/publisher_pkg:/home/user/ros2_ws/install/my_package:/home/user/ros2_ws/install/movement_pkg:/home/user/ros2_ws/install/exercise42_pkg:/home/user/ros2_ws/install/client_pkg:/opt/ros/humble _=/usr/bin/env /usr/bin/cmake --install /home/user/ros2_ws/build/basics_ros2_multithreading
[1.372s] Level 1:colcon.colcon_core.environment:checking '/home/user/ros2_ws/install/basics_ros2_multithreading' for CMake module files
[1.373s] Level 1:colcon.colcon_core.environment:checking '/home/user/ros2_ws/install/basics_ros2_multithreading' for CMake config files
[1.373s] Level 1:colcon.colcon_core.shell:create_environment_hook('basics_ros2_multithreading', 'cmake_prefix_path')
[1.377s] INFO:colcon.colcon_core.shell:Creating environment hook '/home/user/ros2_ws/install/basics_ros2_multithreading/share/basics_ros2_multithreading/hook/cmake_prefix_path.ps1'
[1.378s] INFO:colcon.colcon_core.shell:Creating environment descriptor '/home/user/ros2_ws/install/basics_ros2_multithreading/share/basics_ros2_multithreading/hook/cmake_prefix_path.dsv'
[1.378s] INFO:colcon.colcon_core.shell:Creating environment hook '/home/user/ros2_ws/install/basics_ros2_multithreading/share/basics_ros2_multithreading/hook/cmake_prefix_path.sh'
[1.380s] Level 1:colcon.colcon_core.environment:checking '/home/user/ros2_ws/install/basics_ros2_multithreading/lib'
[1.382s] Level 1:colcon.colcon_core.environment:checking '/home/user/ros2_ws/install/basics_ros2_multithreading/bin'
[1.382s] Level 1:colcon.colcon_core.environment:checking '/home/user/ros2_ws/install/basics_ros2_multithreading/lib/pkgconfig/basics_ros2_multithreading.pc'
[1.385s] Level 1:colcon.colcon_core.environment:checking '/home/user/ros2_ws/install/basics_ros2_multithreading/lib/python3.10/site-packages'
[1.386s] Level 1:colcon.colcon_core.environment:checking '/home/user/ros2_ws/install/basics_ros2_multithreading/bin'
[1.389s] INFO:colcon.colcon_core.shell:Creating package script '/home/user/ros2_ws/install/basics_ros2_multithreading/share/basics_ros2_multithreading/package.ps1'
[1.390s] INFO:colcon.colcon_core.shell:Creating package descriptor '/home/user/ros2_ws/install/basics_ros2_multithreading/share/basics_ros2_multithreading/package.dsv'
[1.391s] INFO:colcon.colcon_core.shell:Creating package script '/home/user/ros2_ws/install/basics_ros2_multithreading/share/basics_ros2_multithreading/package.sh'
[1.393s] INFO:colcon.colcon_core.shell:Creating package script '/home/user/ros2_ws/install/basics_ros2_multithreading/share/basics_ros2_multithreading/package.bash'
[1.395s] INFO:colcon.colcon_core.shell:Creating package script '/home/user/ros2_ws/install/basics_ros2_multithreading/share/basics_ros2_multithreading/package.zsh'
[1.396s] Level 1:colcon.colcon_core.environment:create_file_with_runtime_dependencies(/home/user/ros2_ws/install/basics_ros2_multithreading/share/colcon-core/packages/basics_ros2_multithreading)
[1.471s] Level 1:colcon.colcon_core.environment:create_environment_scripts_only(basics_ros2_multithreading)
[1.475s] Level 1:colcon.colcon_core.environment:checking '/home/user/ros2_ws/install/basics_ros2_multithreading' for CMake module files
[1.476s] Level 1:colcon.colcon_core.environment:checking '/home/user/ros2_ws/install/basics_ros2_multithreading' for CMake config files
[1.477s] Level 1:colcon.colcon_core.shell:create_environment_hook('basics_ros2_multithreading', 'cmake_prefix_path')
[1.480s] INFO:colcon.colcon_core.shell:Creating environment hook '/home/user/ros2_ws/install/basics_ros2_multithreading/share/basics_ros2_multithreading/hook/cmake_prefix_path.ps1'
[1.481s] INFO:colcon.colcon_core.shell:Creating environment descriptor '/home/user/ros2_ws/install/basics_ros2_multithreading/share/basics_ros2_multithreading/hook/cmake_prefix_path.dsv'
[1.482s] INFO:colcon.colcon_core.shell:Creating environment hook '/home/user/ros2_ws/install/basics_ros2_multithreading/share/basics_ros2_multithreading/hook/cmake_prefix_path.sh'
[1.484s] Level 1:colcon.colcon_core.environment:checking '/home/user/ros2_ws/install/basics_ros2_multithreading/lib'
[1.484s] Level 1:colcon.colcon_core.environment:checking '/home/user/ros2_ws/install/basics_ros2_multithreading/bin'
[1.484s] Level 1:colcon.colcon_core.environment:checking '/home/user/ros2_ws/install/basics_ros2_multithreading/lib/pkgconfig/basics_ros2_multithreading.pc'
[1.484s] Level 1:colcon.colcon_core.environment:checking '/home/user/ros2_ws/install/basics_ros2_multithreading/lib/python3.10/site-packages'
[1.486s] Level 1:colcon.colcon_core.environment:checking '/home/user/ros2_ws/install/basics_ros2_multithreading/bin'
[1.490s] INFO:colcon.colcon_core.shell:Creating package script '/home/user/ros2_ws/install/basics_ros2_multithreading/share/basics_ros2_multithreading/package.ps1'
[1.491s] INFO:colcon.colcon_core.shell:Creating package descriptor '/home/user/ros2_ws/install/basics_ros2_multithreading/share/basics_ros2_multithreading/package.dsv'
[1.492s] INFO:colcon.colcon_core.shell:Creating package script '/home/user/ros2_ws/install/basics_ros2_multithreading/share/basics_ros2_multithreading/package.sh'
[1.493s] INFO:colcon.colcon_core.shell:Creating package script '/home/user/ros2_ws/install/basics_ros2_multithreading/share/basics_ros2_multithreading/package.bash'
[1.494s] INFO:colcon.colcon_core.shell:Creating package script '/home/user/ros2_ws/install/basics_ros2_multithreading/share/basics_ros2_multithreading/package.zsh'
[1.495s] Level 1:colcon.colcon_core.environment:create_file_with_runtime_dependencies(/home/user/ros2_ws/install/basics_ros2_multithreading/share/colcon-core/packages/basics_ros2_multithreading)
[1.496s] DEBUG:colcon.colcon_parallel_executor.executor.parallel:closing loop
[1.498s] DEBUG:colcon.colcon_parallel_executor.executor.parallel:loop closed
[1.498s] DEBUG:colcon.colcon_parallel_executor.executor.parallel:run_until_complete finished with '0'
[1.498s] DEBUG:colcon.colcon_core.event_reactor:joining thread
[1.512s] INFO:colcon.colcon_core.plugin_system:Skipping extension 'colcon_notification.desktop_notification.notify_send': Could not find 'notify-send'
[1.513s] INFO:colcon.colcon_core.plugin_system:Skipping extension 'colcon_notification.desktop_notification.terminal_notifier': Not used on non-Darwin systems
[1.513s] INFO:colcon.colcon_core.plugin_system:Skipping extension 'colcon_notification.desktop_notification.win32': Not used on non-Windows systems
[1.513s] INFO:colcon.colcon_notification.desktop_notification:Sending desktop notification using 'notify2'
[1.517s] DEBUG:colcon.colcon_notification.desktop_notification.notify2:Failed to initialize notify2: org.freedesktop.DBus.Error.Spawn.ExecFailed: /usr/bin/dbus-launch terminated abnormally without any error message
[1.517s] DEBUG:colcon.colcon_core.event_reactor:joined thread
[1.522s] INFO:colcon.colcon_core.shell:Creating prefix script '/home/user/ros2_ws/install/local_setup.ps1'
[1.524s] INFO:colcon.colcon_core.shell:Creating prefix util module '/home/user/ros2_ws/install/_local_setup_util_ps1.py'
[1.527s] INFO:colcon.colcon_core.shell:Creating prefix chain script '/home/user/ros2_ws/install/setup.ps1'
[1.531s] INFO:colcon.colcon_core.shell:Creating prefix script '/home/user/ros2_ws/install/local_setup.sh'
[1.532s] INFO:colcon.colcon_core.shell:Creating prefix util module '/home/user/ros2_ws/install/_local_setup_util_sh.py'
[1.533s] INFO:colcon.colcon_core.shell:Creating prefix chain script '/home/user/ros2_ws/install/setup.sh'
[1.537s] INFO:colcon.colcon_core.shell:Creating prefix script '/home/user/ros2_ws/install/local_setup.bash'
[1.538s] INFO:colcon.colcon_core.shell:Creating prefix chain script '/home/user/ros2_ws/install/setup.bash'
[1.542s] INFO:colcon.colcon_core.shell:Creating prefix script '/home/user/ros2_ws/install/local_setup.zsh'
[1.543s] INFO:colcon.colcon_core.shell:Creating prefix chain script '/home/user/ros2_ws/install/setup.zsh'
