[6.501s] Invoking command in '/home/user/ros2_ws/src/topics_quiz': PYTHONPATH=/home/user/ros2_ws/build/topics_quiz/prefix_override:/home/user/ros2_ws/install/topics_quiz/lib/python3.10/site-packages:${PYTHONPATH} _=/usr/bin/env /usr/bin/python3 setup.py egg_info --egg-base ../../build/topics_quiz build --build-base /home/user/ros2_ws/build/topics_quiz/build install --record /home/user/ros2_ws/build/topics_quiz/install.log --install-scripts $base/lib/topics_quiz --single-version-externally-managed
[7.787s] /usr/local/lib/python3.10/dist-packages/setuptools/dist.py:717: UserWarning: Usage of dash-separated 'script-dir' will not be supported in future versions. Please use the underscore name 'script_dir' instead
[7.787s]   warnings.warn(
[7.982s] running egg_info
[7.983s] writing ../../build/topics_quiz/topics_quiz.egg-info/PKG-INFO
[7.983s] writing dependency_links to ../../build/topics_quiz/topics_quiz.egg-info/dependency_links.txt
[7.984s] writing entry points to ../../build/topics_quiz/topics_quiz.egg-info/entry_points.txt
[7.984s] writing requirements to ../../build/topics_quiz/topics_quiz.egg-info/requires.txt
[7.984s] writing top-level names to ../../build/topics_quiz/topics_quiz.egg-info/top_level.txt
[7.996s] reading manifest file '../../build/topics_quiz/topics_quiz.egg-info/SOURCES.txt'
[7.998s] writing manifest file '../../build/topics_quiz/topics_quiz.egg-info/SOURCES.txt'
[7.998s] running build
[7.998s] running build_py
[8.001s] running install
[8.001s] running install_lib
[8.001s] running install_data
[8.006s] running install_egg_info
[8.006s] removing '/home/user/ros2_ws/install/topics_quiz/lib/python3.10/site-packages/topics_quiz-0.0.0-py3.10.egg-info' (and everything under it)
[8.006s] Copying ../../build/topics_quiz/topics_quiz.egg-info to /home/user/ros2_ws/install/topics_quiz/lib/python3.10/site-packages/topics_quiz-0.0.0-py3.10.egg-info
[8.008s] running install_scripts
[8.114s] Installing topics_quiz_node script to /home/user/ros2_ws/install/topics_quiz/lib/topics_quiz
[8.115s] writing list of installed files to '/home/user/ros2_ws/build/topics_quiz/install.log'
[9.250s] Invoked command in '/home/user/ros2_ws/src/topics_quiz' returned '0': PYTHONPATH=/home/user/ros2_ws/build/topics_quiz/prefix_override:/home/user/ros2_ws/install/topics_quiz/lib/python3.10/site-packages:${PYTHONPATH} _=/usr/bin/env /usr/bin/python3 setup.py egg_info --egg-base ../../build/topics_quiz build --build-base /home/user/ros2_ws/build/topics_quiz/build install --record /home/user/ros2_ws/build/topics_quiz/install.log --install-scripts $base/lib/topics_quiz --single-version-externally-managed
