running egg_info
writing ../../build/my_action_server/my_action_server.egg-info/PKG-INFO
writing dependency_links to ../../build/my_action_server/my_action_server.egg-info/dependency_links.txt
writing entry points to ../../build/my_action_server/my_action_server.egg-info/entry_points.txt
writing requirements to ../../build/my_action_server/my_action_server.egg-info/requires.txt
writing top-level names to ../../build/my_action_server/my_action_server.egg-info/top_level.txt
reading manifest file '../../build/my_action_server/my_action_server.egg-info/SOURCES.txt'
writing manifest file '../../build/my_action_server/my_action_server.egg-info/SOURCES.txt'
running build
running build_py
copying my_action_server/action_server.py -> /home/user/ros2_ws/build/my_action_server/build/lib/my_action_server
running install
running install_lib
copying /home/user/ros2_ws/build/my_action_server/build/lib/my_action_server/action_server.py -> /home/user/ros2_ws/install/my_action_server/lib/python3.10/site-packages/my_action_server
byte-compiling /home/user/ros2_ws/install/my_action_server/lib/python3.10/site-packages/my_action_server/action_server.py to action_server.cpython-310.pyc
running install_data
running install_egg_info
removing '/home/user/ros2_ws/install/my_action_server/lib/python3.10/site-packages/my_action_server-0.0.0-py3.10.egg-info' (and everything under it)
Copying ../../build/my_action_server/my_action_server.egg-info to /home/user/ros2_ws/install/my_action_server/lib/python3.10/site-packages/my_action_server-0.0.0-py3.10.egg-info
running install_scripts
Installing example63 script to /home/user/ros2_ws/install/my_action_server/lib/my_action_server
writing list of installed files to '/home/user/ros2_ws/build/my_action_server/install.log'
