[0.054s] Invoking command in '/home/user/ros2_ws/build/basics_ros2_multithreading': CMAKE_PREFIX_PATH=${CMAKE_PREFIX_PATH}:/home/simulations/ros2_sims_ws/install/tracetools_test:/home/simulations/ros2_sims_ws/install/tracetools_launch:/home/simulations/ros2_sims_ws/install/ros2trace:/home/simulations/ros2_sims_ws/install/tracetools_trace:/home/simulations/ros2_sims_ws/install/ros2trace_analysis:/home/simulations/ros2_sims_ws/install/tracetools_analysis:/home/simulations/ros2_sims_ws/install/tracetools_read:/home/simulations/ros2_sims_ws/install/test_tracetools_launch:/home/user/ros2_ws/install/topics_quiz:/home/user/ros2_ws/install/subscriber_pkg:/home/user/ros2_ws/install/publisher_pkg:/home/user/ros2_ws/install/my_package:/home/user/ros2_ws/install/movement_pkg:/home/user/ros2_ws/install/exercise42_pkg:/home/user/ros2_ws/install/client_pkg:/opt/ros/humble _=/usr/bin/env /usr/bin/cmake --build /home/user/ros2_ws/build/basics_ros2_multithreading -- -j8 -l8
[0.141s] Invoked command in '/home/user/ros2_ws/build/basics_ros2_multithreading' returned '0': CMAKE_PREFIX_PATH=${CMAKE_PREFIX_PATH}:/home/simulations/ros2_sims_ws/install/tracetools_test:/home/simulations/ros2_sims_ws/install/tracetools_launch:/home/simulations/ros2_sims_ws/install/ros2trace:/home/simulations/ros2_sims_ws/install/tracetools_trace:/home/simulations/ros2_sims_ws/install/ros2trace_analysis:/home/simulations/ros2_sims_ws/install/tracetools_analysis:/home/simulations/ros2_sims_ws/install/tracetools_read:/home/simulations/ros2_sims_ws/install/test_tracetools_launch:/home/user/ros2_ws/install/topics_quiz:/home/user/ros2_ws/install/subscriber_pkg:/home/user/ros2_ws/install/publisher_pkg:/home/user/ros2_ws/install/my_package:/home/user/ros2_ws/install/movement_pkg:/home/user/ros2_ws/install/exercise42_pkg:/home/user/ros2_ws/install/client_pkg:/opt/ros/humble _=/usr/bin/env /usr/bin/cmake --build /home/user/ros2_ws/build/basics_ros2_multithreading -- -j8 -l8
[0.230s] Invoking command in '/home/user/ros2_ws/build/basics_ros2_multithreading': CMAKE_PREFIX_PATH=${CMAKE_PREFIX_PATH}:/home/simulations/ros2_sims_ws/install/tracetools_test:/home/simulations/ros2_sims_ws/install/tracetools_launch:/home/simulations/ros2_sims_ws/install/ros2trace:/home/simulations/ros2_sims_ws/install/tracetools_trace:/home/simulations/ros2_sims_ws/install/ros2trace_analysis:/home/simulations/ros2_sims_ws/install/tracetools_analysis:/home/simulations/ros2_sims_ws/install/tracetools_read:/home/simulations/ros2_sims_ws/install/test_tracetools_launch:/home/user/ros2_ws/install/topics_quiz:/home/user/ros2_ws/install/subscriber_pkg:/home/user/ros2_ws/install/publisher_pkg:/home/user/ros2_ws/install/my_package:/home/user/ros2_ws/install/movement_pkg:/home/user/ros2_ws/install/exercise42_pkg:/home/user/ros2_ws/install/client_pkg:/opt/ros/humble _=/usr/bin/env /usr/bin/cmake --install /home/user/ros2_ws/build/basics_ros2_multithreading
[0.253s] -- Install configuration: ""
[0.254s] -- Up-to-date: /home/user/ros2_ws/install/basics_ros2_multithreading/share/basics_ros2_multithreading/scripts
[0.254s] -- Up-to-date: /home/user/ros2_ws/install/basics_ros2_multithreading/share/basics_ros2_multithreading/scripts/haarcascade_frontalface.xml
[0.255s] -- Up-to-date: /home/user/ros2_ws/install/basics_ros2_multithreading/share/basics_ros2_multithreading/scripts/callback_function.py
[0.255s] -- Installing: /home/user/ros2_ws/install/basics_ros2_multithreading/share/basics_ros2_multithreading/scripts/function.py
[0.256s] -- Up-to-date: /home/user/ros2_ws/install/basics_ros2_multithreading/share/basics_ros2_multithreading/scripts/deepbot_movehead.py
[0.256s] -- Up-to-date: /home/user/ros2_ws/install/basics_ros2_multithreading/share/basics_ros2_multithreading/scripts/face_searcher.py
[0.256s] -- Up-to-date: /home/user/ros2_ws/install/basics_ros2_multithreading/share/basics_ros2_multithreading/scripts/callback_spinonce_function.py
[0.257s] -- Up-to-date: /home/user/ros2_ws/install/basics_ros2_multithreading/share/basics_ros2_multithreading/launch
[0.257s] -- Up-to-date: /home/user/ros2_ws/install/basics_ros2_multithreading/share/basics_ros2_multithreading/launch/callback_function.launch.py
[0.258s] -- Up-to-date: /home/user/ros2_ws/install/basics_ros2_multithreading/share/basics_ros2_multithreading/launch/face_searcher.launch.py
[0.258s] -- Installing: /home/user/ros2_ws/install/basics_ros2_multithreading/lib/basics_ros2_multithreading/function.py
[0.259s] -- Up-to-date: /home/user/ros2_ws/install/basics_ros2_multithreading/lib/basics_ros2_multithreading/callback_function.py
[0.259s] -- Up-to-date: /home/user/ros2_ws/install/basics_ros2_multithreading/lib/basics_ros2_multithreading/callback_spinonce_function.py
[0.259s] -- Up-to-date: /home/user/ros2_ws/install/basics_ros2_multithreading/lib/basics_ros2_multithreading/face_searcher.py
[0.260s] -- Up-to-date: /home/user/ros2_ws/install/basics_ros2_multithreading/share/ament_index/resource_index/package_run_dependencies/basics_ros2_multithreading
[0.263s] -- Up-to-date: /home/user/ros2_ws/install/basics_ros2_multithreading/share/ament_index/resource_index/parent_prefix_path/basics_ros2_multithreading
[0.264s] -- Up-to-date: /home/user/ros2_ws/install/basics_ros2_multithreading/share/basics_ros2_multithreading/environment/ament_prefix_path.sh
[0.265s] -- Up-to-date: /home/user/ros2_ws/install/basics_ros2_multithreading/share/basics_ros2_multithreading/environment/ament_prefix_path.dsv
[0.265s] -- Up-to-date: /home/user/ros2_ws/install/basics_ros2_multithreading/share/basics_ros2_multithreading/environment/path.sh
[0.266s] -- Up-to-date: /home/user/ros2_ws/install/basics_ros2_multithreading/share/basics_ros2_multithreading/environment/path.dsv
[0.266s] -- Up-to-date: /home/user/ros2_ws/install/basics_ros2_multithreading/share/basics_ros2_multithreading/local_setup.bash
[0.266s] -- Up-to-date: /home/user/ros2_ws/install/basics_ros2_multithreading/share/basics_ros2_multithreading/local_setup.sh
[0.267s] -- Up-to-date: /home/user/ros2_ws/install/basics_ros2_multithreading/share/basics_ros2_multithreading/local_setup.zsh
[0.267s] -- Up-to-date: /home/user/ros2_ws/install/basics_ros2_multithreading/share/basics_ros2_multithreading/local_setup.dsv
[0.268s] -- Up-to-date: /home/user/ros2_ws/install/basics_ros2_multithreading/share/basics_ros2_multithreading/package.dsv
[0.268s] -- Up-to-date: /home/user/ros2_ws/install/basics_ros2_multithreading/share/ament_index/resource_index/packages/basics_ros2_multithreading
[0.268s] -- Up-to-date: /home/user/ros2_ws/install/basics_ros2_multithreading/share/basics_ros2_multithreading/cmake/basics_ros2_multithreadingConfig.cmake
[0.269s] -- Up-to-date: /home/user/ros2_ws/install/basics_ros2_multithreading/share/basics_ros2_multithreading/cmake/basics_ros2_multithreadingConfig-version.cmake
[0.271s] -- Up-to-date: /home/user/ros2_ws/install/basics_ros2_multithreading/share/basics_ros2_multithreading/package.xml
[0.285s] Invoked command in '/home/user/ros2_ws/build/basics_ros2_multithreading' returned '0': CMAKE_PREFIX_PATH=${CMAKE_PREFIX_PATH}:/home/simulations/ros2_sims_ws/install/tracetools_test:/home/simulations/ros2_sims_ws/install/tracetools_launch:/home/simulations/ros2_sims_ws/install/ros2trace:/home/simulations/ros2_sims_ws/install/tracetools_trace:/home/simulations/ros2_sims_ws/install/ros2trace_analysis:/home/simulations/ros2_sims_ws/install/tracetools_analysis:/home/simulations/ros2_sims_ws/install/tracetools_read:/home/simulations/ros2_sims_ws/install/test_tracetools_launch:/home/user/ros2_ws/install/topics_quiz:/home/user/ros2_ws/install/subscriber_pkg:/home/user/ros2_ws/install/publisher_pkg:/home/user/ros2_ws/install/my_package:/home/user/ros2_ws/install/movement_pkg:/home/user/ros2_ws/install/exercise42_pkg:/home/user/ros2_ws/install/client_pkg:/opt/ros/humble _=/usr/bin/env /usr/bin/cmake --install /home/user/ros2_ws/build/basics_ros2_multithreading
