[0.044s] Invoking command in '/home/user/ros2_ws/build/actions_quiz_msg': CMAKE_PREFIX_PATH=${CMAKE_PREFIX_PATH}:/home/user/ros2_ws/install/actions_quiz:/home/simulations/ros2_sims_ws/install/turtlebot3_teleop:/home/simulations/ros2_sims_ws/install/turtlebot3_example:/home/simulations/ros2_sims_ws/install/services_pkg:/home/user/ros2_ws/install/topics_quiz:/home/user/ros2_ws/install/subscriber_pkg:/home/user/ros2_ws/install/publisher_pkg:/home/user/ros2_ws/install/my_package:/home/user/ros2_ws/install/my_action_server:/home/user/ros2_ws/install/my_action_client:/home/user/ros2_ws/install/movement_pkg:/home/user/ros2_ws/install/exercise42_pkg:/home/user/ros2_ws/install/client_pkg:/opt/ros/humble _=/usr/bin/env /usr/bin/cmake --build /home/user/ros2_ws/build/actions_quiz_msg -- -j8 -l8
[0.105s] -- Found ament_cmake: 1.3.2 (/opt/ros/humble/share/ament_cmake/cmake)
[0.400s] -- Found rclcpp: 16.0.1 (/opt/ros/humble/share/rclcpp/cmake)
[0.460s] -- Found rosidl_generator_c: 3.1.3 (/opt/ros/humble/share/rosidl_generator_c/cmake)
[0.465s] -- Found rosidl_adapter: 3.1.3 (/opt/ros/humble/share/rosidl_adapter/cmake)
[0.475s] -- Found rosidl_generator_cpp: 3.1.3 (/opt/ros/humble/share/rosidl_generator_cpp/cmake)
[0.499s] -- Using all available rosidl_typesupport_c: rosidl_typesupport_fastrtps_c;rosidl_typesupport_introspection_c
[0.530s] -- Using all available rosidl_typesupport_cpp: rosidl_typesupport_fastrtps_cpp;rosidl_typesupport_introspection_cpp
[0.648s] -- Found rmw_implementation_cmake: 6.1.0 (/opt/ros/humble/share/rmw_implementation_cmake/cmake)
[0.651s] -- Found rmw_fastrtps_cpp: 6.2.1 (/opt/ros/humble/share/rmw_fastrtps_cpp/cmake)
[0.963s] -- Using RMW implementation 'rmw_fastrtps_cpp' as default
[1.274s] -- Found action_msgs: 1.2.0 (/opt/ros/humble/share/action_msgs/cmake)
[1.391s] -- Found rosidl_default_generators: 1.2.0 (/opt/ros/humble/share/rosidl_default_generators/cmake)
[1.411s] -- Found ament_lint_auto: 0.12.4 (/opt/ros/humble/share/ament_lint_auto/cmake)
[1.998s] -- Found ament_cmake_ros: 0.10.0 (/opt/ros/humble/share/ament_cmake_ros/cmake)
[2.733s] -- Using all available rosidl_typesupport_c: rosidl_typesupport_fastrtps_c;rosidl_typesupport_introspection_c
[2.991s] -- Using all available rosidl_typesupport_cpp: rosidl_typesupport_fastrtps_cpp;rosidl_typesupport_introspection_cpp
[3.041s] -- Found python_cmake_module: 0.10.0 (/opt/ros/humble/share/python_cmake_module/cmake)
[3.093s] -- Using PYTHON_EXECUTABLE: /usr/bin/python3
[3.094s] -- Using PYTHON_INCLUDE_DIRS: /usr/include/python3.10
[3.094s] -- Using PYTHON_LIBRARIES: /usr/lib/x86_64-linux-gnu/libpython3.10.so
[3.193s] -- Added test 'flake8' to check Python code syntax and style conventions
[3.201s] -- Added test 'lint_cmake' to check CMake code style
[3.205s] -- Added test 'pep257' to check Python code against some of the docstring style conventions in PEP 257
[3.239s] -- Added test 'xmllint' to check XML markup files
[3.247s] -- Configuring done
[3.313s] -- Generating done
[3.319s] -- Build files have been written to: /home/user/ros2_ws/build/actions_quiz_msg
[3.401s] [  2%] [34m[1mGenerating C++ code for ROS interfaces[0m
[4.542s] [  2%] Built target custom_interfaces__cpp
[4.592s] [  2%] Built target ament_cmake_python_copy_custom_interfaces
[4.614s] [  4%] [34m[1mGenerating C++ introspection for ROS interfaces[0m
[5.500s] [  6%] [32mBuilding CXX object CMakeFiles/custom_interfaces__rosidl_typesupport_introspection_cpp.dir/rosidl_typesupport_introspection_cpp/custom_interfaces/msg/detail/age__type_support.cpp.o[0m
[6.079s] [  8%] [32mBuilding CXX object CMakeFiles/custom_interfaces__rosidl_typesupport_introspection_cpp.dir/rosidl_typesupport_introspection_cpp/custom_interfaces/action/detail/move__type_support.cpp.o[0m
[7.002s] [ 10%] [32mBuilding CXX object CMakeFiles/custom_interfaces__rosidl_typesupport_introspection_cpp.dir/rosidl_typesupport_introspection_cpp/custom_interfaces/srv/detail/my_custom_service_message__type_support.cpp.o[0m
[7.578s] [ 12%] [32m[1mLinking CXX shared library libcustom_interfaces__rosidl_typesupport_introspection_cpp.so[0m
[7.699s] [ 12%] Built target custom_interfaces__rosidl_typesupport_introspection_cpp
[8.217s] running egg_info
[8.218s] creating custom_interfaces.egg-info
[8.218s] writing custom_interfaces.egg-info/PKG-INFO
[8.218s] writing dependency_links to custom_interfaces.egg-info/dependency_links.txt
[8.218s] writing top-level names to custom_interfaces.egg-info/top_level.txt
[8.219s] writing manifest file 'custom_interfaces.egg-info/SOURCES.txt'
[8.222s] reading manifest file 'custom_interfaces.egg-info/SOURCES.txt'
[8.222s] writing manifest file 'custom_interfaces.egg-info/SOURCES.txt'
[8.263s] [ 12%] Built target ament_cmake_python_build_custom_interfaces_egg
[8.280s] [ 14%] [34m[1mGenerating C++ type support for eProsima Fast-RTPS[0m
[9.251s] [ 17%] [32mBuilding CXX object CMakeFiles/custom_interfaces__rosidl_typesupport_fastrtps_cpp.dir/rosidl_typesupport_fastrtps_cpp/custom_interfaces/msg/detail/dds_fastrtps/age__type_support.cpp.o[0m
[9.852s] [ 19%] [32mBuilding CXX object CMakeFiles/custom_interfaces__rosidl_typesupport_fastrtps_cpp.dir/rosidl_typesupport_fastrtps_cpp/custom_interfaces/action/detail/dds_fastrtps/move__type_support.cpp.o[0m
[10.726s] [ 21%] [32mBuilding CXX object CMakeFiles/custom_interfaces__rosidl_typesupport_fastrtps_cpp.dir/rosidl_typesupport_fastrtps_cpp/custom_interfaces/srv/detail/dds_fastrtps/my_custom_service_message__type_support.cpp.o[0m
[11.340s] [ 23%] [32m[1mLinking CXX shared library libcustom_interfaces__rosidl_typesupport_fastrtps_cpp.so[0m
[11.456s] [ 23%] Built target custom_interfaces__rosidl_typesupport_fastrtps_cpp
[11.474s] [ 25%] [34m[1mGenerating C++ type support dispatch for ROS interfaces[0m
[12.144s] [ 27%] [32mBuilding CXX object CMakeFiles/custom_interfaces__rosidl_typesupport_cpp.dir/rosidl_typesupport_cpp/custom_interfaces/msg/age__type_support.cpp.o[0m
[12.556s] [ 29%] [32mBuilding CXX object CMakeFiles/custom_interfaces__rosidl_typesupport_cpp.dir/rosidl_typesupport_cpp/custom_interfaces/action/move__type_support.cpp.o[0m
[13.235s] [ 31%] [32mBuilding CXX object CMakeFiles/custom_interfaces__rosidl_typesupport_cpp.dir/rosidl_typesupport_cpp/custom_interfaces/srv/my_custom_service_message__type_support.cpp.o[0m
[13.644s] [ 34%] [32m[1mLinking CXX shared library libcustom_interfaces__rosidl_typesupport_cpp.so[0m
[13.719s] [ 34%] Built target custom_interfaces__rosidl_typesupport_cpp
[13.737s] [ 36%] [34m[1mGenerating C code for ROS interfaces[0m
[14.952s] [ 38%] [32mBuilding C object CMakeFiles/custom_interfaces__rosidl_generator_c.dir/rosidl_generator_c/custom_interfaces/msg/detail/age__functions.c.o[0m
[15.030s] [ 40%] [32mBuilding C object CMakeFiles/custom_interfaces__rosidl_generator_c.dir/rosidl_generator_c/custom_interfaces/action/detail/move__functions.c.o[0m
[15.254s] [ 42%] [32mBuilding C object CMakeFiles/custom_interfaces__rosidl_generator_c.dir/rosidl_generator_c/custom_interfaces/srv/detail/my_custom_service_message__functions.c.o[0m
[15.346s] [ 44%] [32m[1mLinking C shared library libcustom_interfaces__rosidl_generator_c.so[0m
[15.415s] [ 44%] Built target custom_interfaces__rosidl_generator_c
[15.432s] [ 46%] [34m[1mGenerating C type support for eProsima Fast-RTPS[0m
[16.360s] [ 48%] [32mBuilding CXX object CMakeFiles/custom_interfaces__rosidl_typesupport_fastrtps_c.dir/rosidl_typesupport_fastrtps_c/custom_interfaces/msg/detail/age__type_support_c.cpp.o[0m
[16.870s] [ 51%] [32mBuilding CXX object CMakeFiles/custom_interfaces__rosidl_typesupport_fastrtps_c.dir/rosidl_typesupport_fastrtps_c/custom_interfaces/action/detail/move__type_support_c.cpp.o[0m
[17.474s] [ 53%] [32mBuilding CXX object CMakeFiles/custom_interfaces__rosidl_typesupport_fastrtps_c.dir/rosidl_typesupport_fastrtps_c/custom_interfaces/srv/detail/my_custom_service_message__type_support_c.cpp.o[0m
[18.013s] [ 55%] [32m[1mLinking CXX shared library libcustom_interfaces__rosidl_typesupport_fastrtps_c.so[0m
[18.125s] [ 55%] Built target custom_interfaces__rosidl_typesupport_fastrtps_c
[18.149s] [ 57%] [34m[1mGenerating C type support dispatch for ROS interfaces[0m
[18.811s] [ 59%] [32mBuilding CXX object CMakeFiles/custom_interfaces__rosidl_typesupport_c.dir/rosidl_typesupport_c/custom_interfaces/msg/age__type_support.cpp.o[0m
[18.865s] [ 61%] [32mBuilding CXX object CMakeFiles/custom_interfaces__rosidl_typesupport_c.dir/rosidl_typesupport_c/custom_interfaces/action/move__type_support.cpp.o[0m
[18.948s] [ 63%] [32mBuilding CXX object CMakeFiles/custom_interfaces__rosidl_typesupport_c.dir/rosidl_typesupport_c/custom_interfaces/srv/my_custom_service_message__type_support.cpp.o[0m
[19.002s] [ 65%] [32m[1mLinking CXX shared library libcustom_interfaces__rosidl_typesupport_c.so[0m
[19.079s] [ 65%] Built target custom_interfaces__rosidl_typesupport_c
[19.098s] [ 68%] [34m[1mGenerating C introspection for ROS interfaces[0m
[19.986s] [ 70%] [32mBuilding C object CMakeFiles/custom_interfaces__rosidl_typesupport_introspection_c.dir/rosidl_typesupport_introspection_c/custom_interfaces/msg/detail/age__type_support.c.o[0m
[20.046s] [ 72%] [32mBuilding C object CMakeFiles/custom_interfaces__rosidl_typesupport_introspection_c.dir/rosidl_typesupport_introspection_c/custom_interfaces/action/detail/move__type_support.c.o[0m
[20.125s] [ 74%] [32mBuilding C object CMakeFiles/custom_interfaces__rosidl_typesupport_introspection_c.dir/rosidl_typesupport_introspection_c/custom_interfaces/srv/detail/my_custom_service_message__type_support.c.o[0m
[20.188s] [ 76%] [32m[1mLinking C shared library libcustom_interfaces__rosidl_typesupport_introspection_c.so[0m
[20.248s] [ 76%] Built target custom_interfaces__rosidl_typesupport_introspection_c
[20.282s] [ 76%] Built target custom_interfaces
[20.317s] [ 78%] [34m[1mGenerating Python code for ROS interfaces[0m
[22.368s] [ 78%] Built target custom_interfaces__py
[22.401s] [ 80%] [32mBuilding C object CMakeFiles/custom_interfaces__rosidl_generator_py.dir/rosidl_generator_py/custom_interfaces/msg/_age_s.c.o[0m
[22.580s] [ 82%] [32mBuilding C object CMakeFiles/custom_interfaces__rosidl_generator_py.dir/rosidl_generator_py/custom_interfaces/action/_move_s.c.o[0m
[22.822s] [ 85%] [32mBuilding C object CMakeFiles/custom_interfaces__rosidl_generator_py.dir/rosidl_generator_py/custom_interfaces/srv/_my_custom_service_message_s.c.o[0m
[23.018s] [ 87%] [32m[1mLinking C shared library rosidl_generator_py/custom_interfaces/libcustom_interfaces__rosidl_generator_py.so[0m
[23.088s] [ 87%] Built target custom_interfaces__rosidl_generator_py
[23.128s] [ 89%] [32mBuilding C object CMakeFiles/custom_interfaces__rosidl_typesupport_fastrtps_c__pyext.dir/rosidl_generator_py/custom_interfaces/_custom_interfaces_s.ep.rosidl_typesupport_fastrtps_c.c.o[0m
[23.363s] [ 91%] [32m[1mLinking C shared library rosidl_generator_py/custom_interfaces/custom_interfaces_s__rosidl_typesupport_fastrtps_c.cpython-310-x86_64-linux-gnu.so[0m
[23.434s] [ 91%] Built target custom_interfaces__rosidl_typesupport_fastrtps_c__pyext
[23.473s] [ 93%] [32mBuilding C object CMakeFiles/custom_interfaces__rosidl_typesupport_c__pyext.dir/rosidl_generator_py/custom_interfaces/_custom_interfaces_s.ep.rosidl_typesupport_c.c.o[0m
[23.706s] [ 95%] [32m[1mLinking C shared library rosidl_generator_py/custom_interfaces/custom_interfaces_s__rosidl_typesupport_c.cpython-310-x86_64-linux-gnu.so[0m
[23.782s] [ 95%] Built target custom_interfaces__rosidl_typesupport_c__pyext
[23.820s] [ 97%] [32mBuilding C object CMakeFiles/custom_interfaces__rosidl_typesupport_introspection_c__pyext.dir/rosidl_generator_py/custom_interfaces/_custom_interfaces_s.ep.rosidl_typesupport_introspection_c.c.o[0m
[24.064s] [100%] [32m[1mLinking C shared library rosidl_generator_py/custom_interfaces/custom_interfaces_s__rosidl_typesupport_introspection_c.cpython-310-x86_64-linux-gnu.so[0m
[24.135s] [100%] Built target custom_interfaces__rosidl_typesupport_introspection_c__pyext
[24.153s] Invoked command in '/home/user/ros2_ws/build/actions_quiz_msg' returned '0': CMAKE_PREFIX_PATH=${CMAKE_PREFIX_PATH}:/home/user/ros2_ws/install/actions_quiz:/home/simulations/ros2_sims_ws/install/turtlebot3_teleop:/home/simulations/ros2_sims_ws/install/turtlebot3_example:/home/simulations/ros2_sims_ws/install/services_pkg:/home/user/ros2_ws/install/topics_quiz:/home/user/ros2_ws/install/subscriber_pkg:/home/user/ros2_ws/install/publisher_pkg:/home/user/ros2_ws/install/my_package:/home/user/ros2_ws/install/my_action_server:/home/user/ros2_ws/install/my_action_client:/home/user/ros2_ws/install/movement_pkg:/home/user/ros2_ws/install/exercise42_pkg:/home/user/ros2_ws/install/client_pkg:/opt/ros/humble _=/usr/bin/env /usr/bin/cmake --build /home/user/ros2_ws/build/actions_quiz_msg -- -j8 -l8
[24.482s] Invoking command in '/home/user/ros2_ws/build/actions_quiz_msg': CMAKE_PREFIX_PATH=${CMAKE_PREFIX_PATH}:/home/user/ros2_ws/install/actions_quiz:/home/simulations/ros2_sims_ws/install/turtlebot3_teleop:/home/simulations/ros2_sims_ws/install/turtlebot3_example:/home/simulations/ros2_sims_ws/install/services_pkg:/home/user/ros2_ws/install/topics_quiz:/home/user/ros2_ws/install/subscriber_pkg:/home/user/ros2_ws/install/publisher_pkg:/home/user/ros2_ws/install/my_package:/home/user/ros2_ws/install/my_action_server:/home/user/ros2_ws/install/my_action_client:/home/user/ros2_ws/install/movement_pkg:/home/user/ros2_ws/install/exercise42_pkg:/home/user/ros2_ws/install/client_pkg:/opt/ros/humble _=/usr/bin/env /usr/bin/cmake --install /home/user/ros2_ws/build/actions_quiz_msg
[24.493s] -- Install configuration: ""
[24.494s] -- Installing: /home/user/ros2_ws/install/actions_quiz_msg/share/ament_index/resource_index/rosidl_interfaces/custom_interfaces
[24.494s] -- Installing: /home/user/ros2_ws/install/actions_quiz_msg/include/custom_interfaces/custom_interfaces
[24.494s] -- Installing: /home/user/ros2_ws/install/actions_quiz_msg/include/custom_interfaces/custom_interfaces/srv
[24.495s] -- Installing: /home/user/ros2_ws/install/actions_quiz_msg/include/custom_interfaces/custom_interfaces/srv/detail
[24.495s] -- Installing: /home/user/ros2_ws/install/actions_quiz_msg/include/custom_interfaces/custom_interfaces/srv/detail/my_custom_service_message__type_support.h
[24.496s] -- Installing: /home/user/ros2_ws/install/actions_quiz_msg/include/custom_interfaces/custom_interfaces/srv/detail/my_custom_service_message__functions.h
[24.496s] -- Installing: /home/user/ros2_ws/install/actions_quiz_msg/include/custom_interfaces/custom_interfaces/srv/detail/my_custom_service_message__functions.c
[24.498s] -- Installing: /home/user/ros2_ws/install/actions_quiz_msg/include/custom_interfaces/custom_interfaces/srv/detail/my_custom_service_message__struct.h
[24.498s] -- Installing: /home/user/ros2_ws/install/actions_quiz_msg/include/custom_interfaces/custom_interfaces/srv/my_custom_service_message.h
[24.499s] -- Installing: /home/user/ros2_ws/install/actions_quiz_msg/include/custom_interfaces/custom_interfaces/msg
[24.499s] -- Installing: /home/user/ros2_ws/install/actions_quiz_msg/include/custom_interfaces/custom_interfaces/msg/detail
[24.500s] -- Installing: /home/user/ros2_ws/install/actions_quiz_msg/include/custom_interfaces/custom_interfaces/msg/detail/age__functions.c
[24.500s] -- Installing: /home/user/ros2_ws/install/actions_quiz_msg/include/custom_interfaces/custom_interfaces/msg/detail/age__struct.h
[24.501s] -- Installing: /home/user/ros2_ws/install/actions_quiz_msg/include/custom_interfaces/custom_interfaces/msg/detail/age__functions.h
[24.501s] -- Installing: /home/user/ros2_ws/install/actions_quiz_msg/include/custom_interfaces/custom_interfaces/msg/detail/age__type_support.h
[24.502s] -- Installing: /home/user/ros2_ws/install/actions_quiz_msg/include/custom_interfaces/custom_interfaces/msg/rosidl_generator_c__visibility_control.h
[24.502s] -- Installing: /home/user/ros2_ws/install/actions_quiz_msg/include/custom_interfaces/custom_interfaces/msg/age.h
[24.502s] -- Installing: /home/user/ros2_ws/install/actions_quiz_msg/include/custom_interfaces/custom_interfaces/action
[24.502s] -- Installing: /home/user/ros2_ws/install/actions_quiz_msg/include/custom_interfaces/custom_interfaces/action/detail
[24.506s] -- Installing: /home/user/ros2_ws/install/actions_quiz_msg/include/custom_interfaces/custom_interfaces/action/detail/move__functions.h
[24.506s] -- Installing: /home/user/ros2_ws/install/actions_quiz_msg/include/custom_interfaces/custom_interfaces/action/detail/move__functions.c
[24.506s] -- Installing: /home/user/ros2_ws/install/actions_quiz_msg/include/custom_interfaces/custom_interfaces/action/detail/move__type_support.h
[24.506s] -- Installing: /home/user/ros2_ws/install/actions_quiz_msg/include/custom_interfaces/custom_interfaces/action/detail/move__struct.h
[24.506s] -- Installing: /home/user/ros2_ws/install/actions_quiz_msg/include/custom_interfaces/custom_interfaces/action/move.h
[24.506s] -- Installing: /home/user/ros2_ws/install/actions_quiz_msg/share/custom_interfaces/environment/library_path.sh
[24.506s] -- Installing: /home/user/ros2_ws/install/actions_quiz_msg/share/custom_interfaces/environment/library_path.dsv
[24.507s] -- Installing: /home/user/ros2_ws/install/actions_quiz_msg/lib/libcustom_interfaces__rosidl_generator_c.so
[24.507s] -- Set runtime path of "/home/user/ros2_ws/install/actions_quiz_msg/lib/libcustom_interfaces__rosidl_generator_c.so" to ""
[24.507s] -- Up-to-date: /home/user/ros2_ws/install/actions_quiz_msg/include/custom_interfaces/custom_interfaces
[24.507s] -- Up-to-date: /home/user/ros2_ws/install/actions_quiz_msg/include/custom_interfaces/custom_interfaces/srv
[24.507s] -- Up-to-date: /home/user/ros2_ws/install/actions_quiz_msg/include/custom_interfaces/custom_interfaces/srv/detail
[24.507s] -- Installing: /home/user/ros2_ws/install/actions_quiz_msg/include/custom_interfaces/custom_interfaces/srv/detail/my_custom_service_message__rosidl_typesupport_fastrtps_c.h
[24.507s] -- Up-to-date: /home/user/ros2_ws/install/actions_quiz_msg/include/custom_interfaces/custom_interfaces/msg
[24.507s] -- Up-to-date: /home/user/ros2_ws/install/actions_quiz_msg/include/custom_interfaces/custom_interfaces/msg/detail
[24.507s] -- Installing: /home/user/ros2_ws/install/actions_quiz_msg/include/custom_interfaces/custom_interfaces/msg/detail/age__rosidl_typesupport_fastrtps_c.h
[24.508s] -- Installing: /home/user/ros2_ws/install/actions_quiz_msg/include/custom_interfaces/custom_interfaces/msg/rosidl_typesupport_fastrtps_c__visibility_control.h
[24.508s] -- Up-to-date: /home/user/ros2_ws/install/actions_quiz_msg/include/custom_interfaces/custom_interfaces/action
[24.508s] -- Up-to-date: /home/user/ros2_ws/install/actions_quiz_msg/include/custom_interfaces/custom_interfaces/action/detail
[24.508s] -- Installing: /home/user/ros2_ws/install/actions_quiz_msg/include/custom_interfaces/custom_interfaces/action/detail/move__rosidl_typesupport_fastrtps_c.h
[24.508s] -- Installing: /home/user/ros2_ws/install/actions_quiz_msg/lib/libcustom_interfaces__rosidl_typesupport_fastrtps_c.so
[24.509s] -- Set runtime path of "/home/user/ros2_ws/install/actions_quiz_msg/lib/libcustom_interfaces__rosidl_typesupport_fastrtps_c.so" to ""
[24.509s] -- Up-to-date: /home/user/ros2_ws/install/actions_quiz_msg/include/custom_interfaces/custom_interfaces
[24.509s] -- Up-to-date: /home/user/ros2_ws/install/actions_quiz_msg/include/custom_interfaces/custom_interfaces/srv
[24.510s] -- Up-to-date: /home/user/ros2_ws/install/actions_quiz_msg/include/custom_interfaces/custom_interfaces/srv/detail
[24.510s] -- Installing: /home/user/ros2_ws/install/actions_quiz_msg/include/custom_interfaces/custom_interfaces/srv/detail/my_custom_service_message__traits.hpp
[24.510s] -- Installing: /home/user/ros2_ws/install/actions_quiz_msg/include/custom_interfaces/custom_interfaces/srv/detail/my_custom_service_message__builder.hpp
[24.510s] -- Installing: /home/user/ros2_ws/install/actions_quiz_msg/include/custom_interfaces/custom_interfaces/srv/detail/my_custom_service_message__struct.hpp
[24.511s] -- Installing: /home/user/ros2_ws/install/actions_quiz_msg/include/custom_interfaces/custom_interfaces/srv/my_custom_service_message.hpp
[24.511s] -- Up-to-date: /home/user/ros2_ws/install/actions_quiz_msg/include/custom_interfaces/custom_interfaces/msg
[24.511s] -- Up-to-date: /home/user/ros2_ws/install/actions_quiz_msg/include/custom_interfaces/custom_interfaces/msg/detail
[24.511s] -- Installing: /home/user/ros2_ws/install/actions_quiz_msg/include/custom_interfaces/custom_interfaces/msg/detail/age__traits.hpp
[24.511s] -- Installing: /home/user/ros2_ws/install/actions_quiz_msg/include/custom_interfaces/custom_interfaces/msg/detail/age__struct.hpp
[24.511s] -- Installing: /home/user/ros2_ws/install/actions_quiz_msg/include/custom_interfaces/custom_interfaces/msg/detail/age__builder.hpp
[24.511s] -- Installing: /home/user/ros2_ws/install/actions_quiz_msg/include/custom_interfaces/custom_interfaces/msg/age.hpp
[24.512s] -- Up-to-date: /home/user/ros2_ws/install/actions_quiz_msg/include/custom_interfaces/custom_interfaces/action
[24.512s] -- Up-to-date: /home/user/ros2_ws/install/actions_quiz_msg/include/custom_interfaces/custom_interfaces/action/detail
[24.512s] -- Installing: /home/user/ros2_ws/install/actions_quiz_msg/include/custom_interfaces/custom_interfaces/action/detail/move__traits.hpp
[24.512s] -- Installing: /home/user/ros2_ws/install/actions_quiz_msg/include/custom_interfaces/custom_interfaces/action/detail/move__struct.hpp
[24.512s] -- Installing: /home/user/ros2_ws/install/actions_quiz_msg/include/custom_interfaces/custom_interfaces/action/detail/move__builder.hpp
[24.513s] -- Installing: /home/user/ros2_ws/install/actions_quiz_msg/include/custom_interfaces/custom_interfaces/action/move.hpp
[24.513s] -- Up-to-date: /home/user/ros2_ws/install/actions_quiz_msg/include/custom_interfaces/custom_interfaces
[24.513s] -- Up-to-date: /home/user/ros2_ws/install/actions_quiz_msg/include/custom_interfaces/custom_interfaces/srv
[24.513s] -- Up-to-date: /home/user/ros2_ws/install/actions_quiz_msg/include/custom_interfaces/custom_interfaces/srv/detail
[24.513s] -- Installing: /home/user/ros2_ws/install/actions_quiz_msg/include/custom_interfaces/custom_interfaces/srv/detail/dds_fastrtps
[24.513s] -- Installing: /home/user/ros2_ws/install/actions_quiz_msg/include/custom_interfaces/custom_interfaces/srv/detail/my_custom_service_message__rosidl_typesupport_fastrtps_cpp.hpp
[24.513s] -- Up-to-date: /home/user/ros2_ws/install/actions_quiz_msg/include/custom_interfaces/custom_interfaces/msg
[24.514s] -- Up-to-date: /home/user/ros2_ws/install/actions_quiz_msg/include/custom_interfaces/custom_interfaces/msg/detail
[24.514s] -- Installing: /home/user/ros2_ws/install/actions_quiz_msg/include/custom_interfaces/custom_interfaces/msg/detail/age__rosidl_typesupport_fastrtps_cpp.hpp
[24.514s] -- Installing: /home/user/ros2_ws/install/actions_quiz_msg/include/custom_interfaces/custom_interfaces/msg/detail/dds_fastrtps
[24.514s] -- Installing: /home/user/ros2_ws/install/actions_quiz_msg/include/custom_interfaces/custom_interfaces/msg/rosidl_typesupport_fastrtps_cpp__visibility_control.h
[24.514s] -- Up-to-date: /home/user/ros2_ws/install/actions_quiz_msg/include/custom_interfaces/custom_interfaces/action
[24.514s] -- Up-to-date: /home/user/ros2_ws/install/actions_quiz_msg/include/custom_interfaces/custom_interfaces/action/detail
[24.514s] -- Installing: /home/user/ros2_ws/install/actions_quiz_msg/include/custom_interfaces/custom_interfaces/action/detail/dds_fastrtps
[24.515s] -- Installing: /home/user/ros2_ws/install/actions_quiz_msg/include/custom_interfaces/custom_interfaces/action/detail/move__rosidl_typesupport_fastrtps_cpp.hpp
[24.515s] -- Installing: /home/user/ros2_ws/install/actions_quiz_msg/lib/libcustom_interfaces__rosidl_typesupport_fastrtps_cpp.so
[24.515s] -- Set runtime path of "/home/user/ros2_ws/install/actions_quiz_msg/lib/libcustom_interfaces__rosidl_typesupport_fastrtps_cpp.so" to ""
[24.515s] -- Up-to-date: /home/user/ros2_ws/install/actions_quiz_msg/include/custom_interfaces/custom_interfaces
[24.515s] -- Up-to-date: /home/user/ros2_ws/install/actions_quiz_msg/include/custom_interfaces/custom_interfaces/srv
[24.515s] -- Up-to-date: /home/user/ros2_ws/install/actions_quiz_msg/include/custom_interfaces/custom_interfaces/srv/detail
[24.515s] -- Installing: /home/user/ros2_ws/install/actions_quiz_msg/include/custom_interfaces/custom_interfaces/srv/detail/my_custom_service_message__type_support.c
[24.516s] -- Installing: /home/user/ros2_ws/install/actions_quiz_msg/include/custom_interfaces/custom_interfaces/srv/detail/my_custom_service_message__rosidl_typesupport_introspection_c.h
[24.516s] -- Up-to-date: /home/user/ros2_ws/install/actions_quiz_msg/include/custom_interfaces/custom_interfaces/msg
[24.516s] -- Up-to-date: /home/user/ros2_ws/install/actions_quiz_msg/include/custom_interfaces/custom_interfaces/msg/detail
[24.516s] -- Installing: /home/user/ros2_ws/install/actions_quiz_msg/include/custom_interfaces/custom_interfaces/msg/detail/age__type_support.c
[24.516s] -- Installing: /home/user/ros2_ws/install/actions_quiz_msg/include/custom_interfaces/custom_interfaces/msg/detail/age__rosidl_typesupport_introspection_c.h
[24.516s] -- Installing: /home/user/ros2_ws/install/actions_quiz_msg/include/custom_interfaces/custom_interfaces/msg/rosidl_typesupport_introspection_c__visibility_control.h
[24.516s] -- Up-to-date: /home/user/ros2_ws/install/actions_quiz_msg/include/custom_interfaces/custom_interfaces/action
[24.516s] -- Up-to-date: /home/user/ros2_ws/install/actions_quiz_msg/include/custom_interfaces/custom_interfaces/action/detail
[24.517s] -- Installing: /home/user/ros2_ws/install/actions_quiz_msg/include/custom_interfaces/custom_interfaces/action/detail/move__rosidl_typesupport_introspection_c.h
[24.517s] -- Installing: /home/user/ros2_ws/install/actions_quiz_msg/include/custom_interfaces/custom_interfaces/action/detail/move__type_support.c
[24.517s] -- Installing: /home/user/ros2_ws/install/actions_quiz_msg/lib/libcustom_interfaces__rosidl_typesupport_introspection_c.so
[24.517s] -- Set runtime path of "/home/user/ros2_ws/install/actions_quiz_msg/lib/libcustom_interfaces__rosidl_typesupport_introspection_c.so" to ""
[24.517s] -- Installing: /home/user/ros2_ws/install/actions_quiz_msg/lib/libcustom_interfaces__rosidl_typesupport_c.so
[24.517s] -- Set runtime path of "/home/user/ros2_ws/install/actions_quiz_msg/lib/libcustom_interfaces__rosidl_typesupport_c.so" to ""
[24.517s] -- Up-to-date: /home/user/ros2_ws/install/actions_quiz_msg/include/custom_interfaces/custom_interfaces
[24.518s] -- Up-to-date: /home/user/ros2_ws/install/actions_quiz_msg/include/custom_interfaces/custom_interfaces/srv
[24.518s] -- Up-to-date: /home/user/ros2_ws/install/actions_quiz_msg/include/custom_interfaces/custom_interfaces/srv/detail
[24.518s] -- Installing: /home/user/ros2_ws/install/actions_quiz_msg/include/custom_interfaces/custom_interfaces/srv/detail/my_custom_service_message__type_support.cpp
[24.518s] -- Installing: /home/user/ros2_ws/install/actions_quiz_msg/include/custom_interfaces/custom_interfaces/srv/detail/my_custom_service_message__rosidl_typesupport_introspection_cpp.hpp
[24.518s] -- Up-to-date: /home/user/ros2_ws/install/actions_quiz_msg/include/custom_interfaces/custom_interfaces/msg
[24.518s] -- Up-to-date: /home/user/ros2_ws/install/actions_quiz_msg/include/custom_interfaces/custom_interfaces/msg/detail
[24.519s] -- Installing: /home/user/ros2_ws/install/actions_quiz_msg/include/custom_interfaces/custom_interfaces/msg/detail/age__rosidl_typesupport_introspection_cpp.hpp
[24.519s] -- Installing: /home/user/ros2_ws/install/actions_quiz_msg/include/custom_interfaces/custom_interfaces/msg/detail/age__type_support.cpp
[24.519s] -- Up-to-date: /home/user/ros2_ws/install/actions_quiz_msg/include/custom_interfaces/custom_interfaces/action
[24.519s] -- Up-to-date: /home/user/ros2_ws/install/actions_quiz_msg/include/custom_interfaces/custom_interfaces/action/detail
[24.519s] -- Installing: /home/user/ros2_ws/install/actions_quiz_msg/include/custom_interfaces/custom_interfaces/action/detail/move__rosidl_typesupport_introspection_cpp.hpp
[24.519s] -- Installing: /home/user/ros2_ws/install/actions_quiz_msg/include/custom_interfaces/custom_interfaces/action/detail/move__type_support.cpp
[24.519s] -- Installing: /home/user/ros2_ws/install/actions_quiz_msg/lib/libcustom_interfaces__rosidl_typesupport_introspection_cpp.so
[24.520s] -- Set runtime path of "/home/user/ros2_ws/install/actions_quiz_msg/lib/libcustom_interfaces__rosidl_typesupport_introspection_cpp.so" to ""
[24.521s] -- Installing: /home/user/ros2_ws/install/actions_quiz_msg/lib/libcustom_interfaces__rosidl_typesupport_cpp.so
[24.521s] -- Set runtime path of "/home/user/ros2_ws/install/actions_quiz_msg/lib/libcustom_interfaces__rosidl_typesupport_cpp.so" to ""
[24.521s] -- Installing: /home/user/ros2_ws/install/actions_quiz_msg/share/custom_interfaces/environment/pythonpath.sh
[24.521s] -- Installing: /home/user/ros2_ws/install/actions_quiz_msg/share/custom_interfaces/environment/pythonpath.dsv
[24.523s] -- Installing: /home/user/ros2_ws/install/actions_quiz_msg/local/lib/python3.10/dist-packages/custom_interfaces-0.0.0-py3.10.egg-info
[24.523s] -- Installing: /home/user/ros2_ws/install/actions_quiz_msg/local/lib/python3.10/dist-packages/custom_interfaces-0.0.0-py3.10.egg-info/PKG-INFO
[24.523s] -- Installing: /home/user/ros2_ws/install/actions_quiz_msg/local/lib/python3.10/dist-packages/custom_interfaces-0.0.0-py3.10.egg-info/top_level.txt
[24.523s] -- Installing: /home/user/ros2_ws/install/actions_quiz_msg/local/lib/python3.10/dist-packages/custom_interfaces-0.0.0-py3.10.egg-info/SOURCES.txt
[24.524s] -- Installing: /home/user/ros2_ws/install/actions_quiz_msg/local/lib/python3.10/dist-packages/custom_interfaces-0.0.0-py3.10.egg-info/dependency_links.txt
[24.524s] -- Installing: /home/user/ros2_ws/install/actions_quiz_msg/local/lib/python3.10/dist-packages/custom_interfaces
[24.524s] -- Installing: /home/user/ros2_ws/install/actions_quiz_msg/local/lib/python3.10/dist-packages/custom_interfaces/srv
[24.524s] -- Installing: /home/user/ros2_ws/install/actions_quiz_msg/local/lib/python3.10/dist-packages/custom_interfaces/srv/_my_custom_service_message_s.c
[24.525s] -- Installing: /home/user/ros2_ws/install/actions_quiz_msg/local/lib/python3.10/dist-packages/custom_interfaces/srv/__init__.py
[24.526s] -- Installing: /home/user/ros2_ws/install/actions_quiz_msg/local/lib/python3.10/dist-packages/custom_interfaces/srv/_my_custom_service_message.py
[24.526s] -- Installing: /home/user/ros2_ws/install/actions_quiz_msg/local/lib/python3.10/dist-packages/custom_interfaces/custom_interfaces_s__rosidl_typesupport_introspection_c.cpython-310-x86_64-linux-gnu.so
[24.527s] -- Installing: /home/user/ros2_ws/install/actions_quiz_msg/local/lib/python3.10/dist-packages/custom_interfaces/msg
[24.527s] -- Installing: /home/user/ros2_ws/install/actions_quiz_msg/local/lib/python3.10/dist-packages/custom_interfaces/msg/_age_s.c
[24.527s] -- Installing: /home/user/ros2_ws/install/actions_quiz_msg/local/lib/python3.10/dist-packages/custom_interfaces/msg/_age.py
[24.528s] -- Installing: /home/user/ros2_ws/install/actions_quiz_msg/local/lib/python3.10/dist-packages/custom_interfaces/msg/__init__.py
[24.528s] -- Installing: /home/user/ros2_ws/install/actions_quiz_msg/local/lib/python3.10/dist-packages/custom_interfaces/_custom_interfaces_s.ep.rosidl_typesupport_introspection_c.c
[24.528s] -- Installing: /home/user/ros2_ws/install/actions_quiz_msg/local/lib/python3.10/dist-packages/custom_interfaces/libcustom_interfaces__rosidl_generator_py.so
[24.528s] -- Installing: /home/user/ros2_ws/install/actions_quiz_msg/local/lib/python3.10/dist-packages/custom_interfaces/_custom_interfaces_s.ep.rosidl_typesupport_c.c
[24.529s] -- Installing: /home/user/ros2_ws/install/actions_quiz_msg/local/lib/python3.10/dist-packages/custom_interfaces/__init__.py
[24.529s] -- Installing: /home/user/ros2_ws/install/actions_quiz_msg/local/lib/python3.10/dist-packages/custom_interfaces/custom_interfaces_s__rosidl_typesupport_c.cpython-310-x86_64-linux-gnu.so
[24.529s] -- Installing: /home/user/ros2_ws/install/actions_quiz_msg/local/lib/python3.10/dist-packages/custom_interfaces/_custom_interfaces_s.ep.rosidl_typesupport_fastrtps_c.c
[24.529s] -- Installing: /home/user/ros2_ws/install/actions_quiz_msg/local/lib/python3.10/dist-packages/custom_interfaces/custom_interfaces_s__rosidl_typesupport_fastrtps_c.cpython-310-x86_64-linux-gnu.so
[24.529s] -- Installing: /home/user/ros2_ws/install/actions_quiz_msg/local/lib/python3.10/dist-packages/custom_interfaces/action
[24.529s] -- Installing: /home/user/ros2_ws/install/actions_quiz_msg/local/lib/python3.10/dist-packages/custom_interfaces/action/_move.py
[24.530s] -- Installing: /home/user/ros2_ws/install/actions_quiz_msg/local/lib/python3.10/dist-packages/custom_interfaces/action/__init__.py
[24.530s] -- Installing: /home/user/ros2_ws/install/actions_quiz_msg/local/lib/python3.10/dist-packages/custom_interfaces/action/_move_s.c
[24.612s] Listing '/home/user/ros2_ws/install/actions_quiz_msg/local/lib/python3.10/dist-packages/custom_interfaces'...
[24.612s] Compiling '/home/user/ros2_ws/install/actions_quiz_msg/local/lib/python3.10/dist-packages/custom_interfaces/__init__.py'...
[24.613s] Listing '/home/user/ros2_ws/install/actions_quiz_msg/local/lib/python3.10/dist-packages/custom_interfaces/action'...
[24.613s] Compiling '/home/user/ros2_ws/install/actions_quiz_msg/local/lib/python3.10/dist-packages/custom_interfaces/action/__init__.py'...
[24.613s] Compiling '/home/user/ros2_ws/install/actions_quiz_msg/local/lib/python3.10/dist-packages/custom_interfaces/action/_move.py'...
[24.613s] Listing '/home/user/ros2_ws/install/actions_quiz_msg/local/lib/python3.10/dist-packages/custom_interfaces/msg'...
[24.613s] Compiling '/home/user/ros2_ws/install/actions_quiz_msg/local/lib/python3.10/dist-packages/custom_interfaces/msg/__init__.py'...
[24.613s] Compiling '/home/user/ros2_ws/install/actions_quiz_msg/local/lib/python3.10/dist-packages/custom_interfaces/msg/_age.py'...
[24.613s] Listing '/home/user/ros2_ws/install/actions_quiz_msg/local/lib/python3.10/dist-packages/custom_interfaces/srv'...
[24.613s] Compiling '/home/user/ros2_ws/install/actions_quiz_msg/local/lib/python3.10/dist-packages/custom_interfaces/srv/__init__.py'...
[24.613s] Compiling '/home/user/ros2_ws/install/actions_quiz_msg/local/lib/python3.10/dist-packages/custom_interfaces/srv/_my_custom_service_message.py'...
[24.620s] -- Installing: /home/user/ros2_ws/install/actions_quiz_msg/local/lib/python3.10/dist-packages/custom_interfaces/custom_interfaces_s__rosidl_typesupport_fastrtps_c.cpython-310-x86_64-linux-gnu.so
[24.620s] -- Set runtime path of "/home/user/ros2_ws/install/actions_quiz_msg/local/lib/python3.10/dist-packages/custom_interfaces/custom_interfaces_s__rosidl_typesupport_fastrtps_c.cpython-310-x86_64-linux-gnu.so" to ""
[24.621s] -- Installing: /home/user/ros2_ws/install/actions_quiz_msg/local/lib/python3.10/dist-packages/custom_interfaces/custom_interfaces_s__rosidl_typesupport_introspection_c.cpython-310-x86_64-linux-gnu.so
[24.621s] -- Set runtime path of "/home/user/ros2_ws/install/actions_quiz_msg/local/lib/python3.10/dist-packages/custom_interfaces/custom_interfaces_s__rosidl_typesupport_introspection_c.cpython-310-x86_64-linux-gnu.so" to ""
[24.621s] -- Installing: /home/user/ros2_ws/install/actions_quiz_msg/local/lib/python3.10/dist-packages/custom_interfaces/custom_interfaces_s__rosidl_typesupport_c.cpython-310-x86_64-linux-gnu.so
[24.622s] -- Set runtime path of "/home/user/ros2_ws/install/actions_quiz_msg/local/lib/python3.10/dist-packages/custom_interfaces/custom_interfaces_s__rosidl_typesupport_c.cpython-310-x86_64-linux-gnu.so" to ""
[24.622s] -- Installing: /home/user/ros2_ws/install/actions_quiz_msg/lib/libcustom_interfaces__rosidl_generator_py.so
[24.623s] -- Set runtime path of "/home/user/ros2_ws/install/actions_quiz_msg/lib/libcustom_interfaces__rosidl_generator_py.so" to ""
[24.623s] -- Installing: /home/user/ros2_ws/install/actions_quiz_msg/share/custom_interfaces/msg/Age.idl
[24.623s] -- Installing: /home/user/ros2_ws/install/actions_quiz_msg/share/custom_interfaces/srv/MyCustomServiceMessage.idl
[24.623s] -- Installing: /home/user/ros2_ws/install/actions_quiz_msg/share/custom_interfaces/action/Move.idl
[24.624s] -- Installing: /home/user/ros2_ws/install/actions_quiz_msg/share/custom_interfaces/msg/Age.msg
[24.624s] -- Installing: /home/user/ros2_ws/install/actions_quiz_msg/share/custom_interfaces/srv/MyCustomServiceMessage.srv
[24.624s] -- Installing: /home/user/ros2_ws/install/actions_quiz_msg/share/custom_interfaces/srv/MyCustomServiceMessage_Request.msg
[24.624s] -- Installing: /home/user/ros2_ws/install/actions_quiz_msg/share/custom_interfaces/srv/MyCustomServiceMessage_Response.msg
[24.625s] -- Installing: /home/user/ros2_ws/install/actions_quiz_msg/share/custom_interfaces/action/Move.action
[24.625s] -- Installing: /home/user/ros2_ws/install/actions_quiz_msg/share/ament_index/resource_index/package_run_dependencies/custom_interfaces
[24.625s] -- Installing: /home/user/ros2_ws/install/actions_quiz_msg/share/ament_index/resource_index/parent_prefix_path/custom_interfaces
[24.625s] -- Installing: /home/user/ros2_ws/install/actions_quiz_msg/share/custom_interfaces/environment/ament_prefix_path.sh
[24.625s] -- Installing: /home/user/ros2_ws/install/actions_quiz_msg/share/custom_interfaces/environment/ament_prefix_path.dsv
[24.626s] -- Installing: /home/user/ros2_ws/install/actions_quiz_msg/share/custom_interfaces/environment/path.sh
[24.626s] -- Installing: /home/user/ros2_ws/install/actions_quiz_msg/share/custom_interfaces/environment/path.dsv
[24.626s] -- Installing: /home/user/ros2_ws/install/actions_quiz_msg/share/custom_interfaces/local_setup.bash
[24.626s] -- Installing: /home/user/ros2_ws/install/actions_quiz_msg/share/custom_interfaces/local_setup.sh
[24.627s] -- Installing: /home/user/ros2_ws/install/actions_quiz_msg/share/custom_interfaces/local_setup.zsh
[24.627s] -- Installing: /home/user/ros2_ws/install/actions_quiz_msg/share/custom_interfaces/local_setup.dsv
[24.627s] -- Installing: /home/user/ros2_ws/install/actions_quiz_msg/share/custom_interfaces/package.dsv
[24.627s] -- Installing: /home/user/ros2_ws/install/actions_quiz_msg/share/ament_index/resource_index/packages/custom_interfaces
[24.628s] -- Installing: /home/user/ros2_ws/install/actions_quiz_msg/share/custom_interfaces/cmake/export_custom_interfaces__rosidl_generator_cExport.cmake
[24.628s] -- Installing: /home/user/ros2_ws/install/actions_quiz_msg/share/custom_interfaces/cmake/export_custom_interfaces__rosidl_generator_cExport-noconfig.cmake
[24.628s] -- Installing: /home/user/ros2_ws/install/actions_quiz_msg/share/custom_interfaces/cmake/export_custom_interfaces__rosidl_typesupport_fastrtps_cExport.cmake
[24.628s] -- Installing: /home/user/ros2_ws/install/actions_quiz_msg/share/custom_interfaces/cmake/export_custom_interfaces__rosidl_typesupport_fastrtps_cExport-noconfig.cmake
[24.629s] -- Installing: /home/user/ros2_ws/install/actions_quiz_msg/share/custom_interfaces/cmake/export_custom_interfaces__rosidl_generator_cppExport.cmake
[24.633s] -- Installing: /home/user/ros2_ws/install/actions_quiz_msg/share/custom_interfaces/cmake/export_custom_interfaces__rosidl_typesupport_fastrtps_cppExport.cmake
[24.633s] -- Installing: /home/user/ros2_ws/install/actions_quiz_msg/share/custom_interfaces/cmake/export_custom_interfaces__rosidl_typesupport_fastrtps_cppExport-noconfig.cmake
[24.634s] -- Installing: /home/user/ros2_ws/install/actions_quiz_msg/share/custom_interfaces/cmake/custom_interfaces__rosidl_typesupport_introspection_cExport.cmake
[24.634s] -- Installing: /home/user/ros2_ws/install/actions_quiz_msg/share/custom_interfaces/cmake/custom_interfaces__rosidl_typesupport_introspection_cExport-noconfig.cmake
[24.634s] -- Installing: /home/user/ros2_ws/install/actions_quiz_msg/share/custom_interfaces/cmake/custom_interfaces__rosidl_typesupport_cExport.cmake
[24.634s] -- Installing: /home/user/ros2_ws/install/actions_quiz_msg/share/custom_interfaces/cmake/custom_interfaces__rosidl_typesupport_cExport-noconfig.cmake
[24.634s] -- Installing: /home/user/ros2_ws/install/actions_quiz_msg/share/custom_interfaces/cmake/custom_interfaces__rosidl_typesupport_introspection_cppExport.cmake
[24.634s] -- Installing: /home/user/ros2_ws/install/actions_quiz_msg/share/custom_interfaces/cmake/custom_interfaces__rosidl_typesupport_introspection_cppExport-noconfig.cmake
[24.635s] -- Installing: /home/user/ros2_ws/install/actions_quiz_msg/share/custom_interfaces/cmake/custom_interfaces__rosidl_typesupport_cppExport.cmake
[24.635s] -- Installing: /home/user/ros2_ws/install/actions_quiz_msg/share/custom_interfaces/cmake/custom_interfaces__rosidl_typesupport_cppExport-noconfig.cmake
[24.635s] -- Installing: /home/user/ros2_ws/install/actions_quiz_msg/share/custom_interfaces/cmake/export_custom_interfaces__rosidl_generator_pyExport.cmake
[24.635s] -- Installing: /home/user/ros2_ws/install/actions_quiz_msg/share/custom_interfaces/cmake/export_custom_interfaces__rosidl_generator_pyExport-noconfig.cmake
[24.635s] -- Installing: /home/user/ros2_ws/install/actions_quiz_msg/share/custom_interfaces/cmake/rosidl_cmake-extras.cmake
[24.635s] -- Installing: /home/user/ros2_ws/install/actions_quiz_msg/share/custom_interfaces/cmake/ament_cmake_export_dependencies-extras.cmake
[24.635s] -- Installing: /home/user/ros2_ws/install/actions_quiz_msg/share/custom_interfaces/cmake/ament_cmake_export_include_directories-extras.cmake
[24.635s] -- Installing: /home/user/ros2_ws/install/actions_quiz_msg/share/custom_interfaces/cmake/ament_cmake_export_libraries-extras.cmake
[24.636s] -- Installing: /home/user/ros2_ws/install/actions_quiz_msg/share/custom_interfaces/cmake/ament_cmake_export_targets-extras.cmake
[24.636s] -- Installing: /home/user/ros2_ws/install/actions_quiz_msg/share/custom_interfaces/cmake/rosidl_cmake_export_typesupport_targets-extras.cmake
[24.636s] -- Installing: /home/user/ros2_ws/install/actions_quiz_msg/share/custom_interfaces/cmake/rosidl_cmake_export_typesupport_libraries-extras.cmake
[24.636s] -- Installing: /home/user/ros2_ws/install/actions_quiz_msg/share/custom_interfaces/cmake/custom_interfacesConfig.cmake
[24.636s] -- Installing: /home/user/ros2_ws/install/actions_quiz_msg/share/custom_interfaces/cmake/custom_interfacesConfig-version.cmake
[24.636s] -- Installing: /home/user/ros2_ws/install/actions_quiz_msg/share/custom_interfaces/package.xml
[24.643s] Invoked command in '/home/user/ros2_ws/build/actions_quiz_msg' returned '0': CMAKE_PREFIX_PATH=${CMAKE_PREFIX_PATH}:/home/user/ros2_ws/install/actions_quiz:/home/simulations/ros2_sims_ws/install/turtlebot3_teleop:/home/simulations/ros2_sims_ws/install/turtlebot3_example:/home/simulations/ros2_sims_ws/install/services_pkg:/home/user/ros2_ws/install/topics_quiz:/home/user/ros2_ws/install/subscriber_pkg:/home/user/ros2_ws/install/publisher_pkg:/home/user/ros2_ws/install/my_package:/home/user/ros2_ws/install/my_action_server:/home/user/ros2_ws/install/my_action_client:/home/user/ros2_ws/install/movement_pkg:/home/user/ros2_ws/install/exercise42_pkg:/home/user/ros2_ws/install/client_pkg:/opt/ros/humble _=/usr/bin/env /usr/bin/cmake --install /home/user/ros2_ws/build/actions_quiz_msg
