[3.968s] Invoking command in '/home/user/ros2_ws/src/my_package': PYTHONPATH=/home/user/ros2_ws/src/build/my_package/prefix_override:/home/user/ros2_ws/src/install/my_package/lib/python3.10/site-packages:${PYTHONPATH} _=/usr/bin/env /usr/bin/python3 setup.py egg_info --egg-base ../build/my_package build --build-base /home/user/ros2_ws/src/build/my_package/build install --record /home/user/ros2_ws/src/build/my_package/install.log --single-version-externally-managed
[5.318s] running egg_info
[5.319s] creating ../build/my_package/my_package.egg-info
[5.319s] writing ../build/my_package/my_package.egg-info/PKG-INFO
[5.320s] writing dependency_links to ../build/my_package/my_package.egg-info/dependency_links.txt
[5.320s] writing entry points to ../build/my_package/my_package.egg-info/entry_points.txt
[5.320s] writing requirements to ../build/my_package/my_package.egg-info/requires.txt
[5.320s] writing top-level names to ../build/my_package/my_package.egg-info/top_level.txt
[5.321s] writing manifest file '../build/my_package/my_package.egg-info/SOURCES.txt'
[5.324s] reading manifest file '../build/my_package/my_package.egg-info/SOURCES.txt'
[5.325s] writing manifest file '../build/my_package/my_package.egg-info/SOURCES.txt'
[5.325s] running build
[5.325s] running build_py
[5.326s] creating /home/user/ros2_ws/src/build/my_package/build
[5.326s] creating /home/user/ros2_ws/src/build/my_package/build/lib
[5.326s] creating /home/user/ros2_ws/src/build/my_package/build/lib/my_package
[5.326s] copying my_package/simple.py -> /home/user/ros2_ws/src/build/my_package/build/lib/my_package
[5.327s] copying my_package/__init__.py -> /home/user/ros2_ws/src/build/my_package/build/lib/my_package
[5.327s] running install
[5.327s] running install_lib
[5.331s] creating /home/user/ros2_ws/src/install/my_package/lib/python3.10/site-packages/my_package
[5.331s] copying /home/user/ros2_ws/src/build/my_package/build/lib/my_package/simple.py -> /home/user/ros2_ws/src/install/my_package/lib/python3.10/site-packages/my_package
[5.331s] copying /home/user/ros2_ws/src/build/my_package/build/lib/my_package/__init__.py -> /home/user/ros2_ws/src/install/my_package/lib/python3.10/site-packages/my_package
[5.332s] byte-compiling /home/user/ros2_ws/src/install/my_package/lib/python3.10/site-packages/my_package/simple.py to simple.cpython-310.pyc
[5.333s] byte-compiling /home/user/ros2_ws/src/install/my_package/lib/python3.10/site-packages/my_package/__init__.py to __init__.cpython-310.pyc
[5.333s] running install_data
[5.334s] creating /home/user/ros2_ws/src/install/my_package/share/ament_index
[5.334s] creating /home/user/ros2_ws/src/install/my_package/share/ament_index/resource_index
[5.334s] creating /home/user/ros2_ws/src/install/my_package/share/ament_index/resource_index/packages
[5.335s] copying resource/my_package -> /home/user/ros2_ws/src/install/my_package/share/ament_index/resource_index/packages
[5.335s] copying package.xml -> /home/user/ros2_ws/src/install/my_package/share/my_package
[5.336s] copying launch/my_package_launch_file.launch.py -> /home/user/ros2_ws/src/install/my_package/share/my_package
[5.336s] running install_egg_info
[5.368s] Copying ../build/my_package/my_package.egg-info to /home/user/ros2_ws/src/install/my_package/lib/python3.10/site-packages/my_package-0.0.0-py3.10.egg-info
[5.368s] running install_scripts
[5.400s] Installing simple_node script to /home/user/ros2_ws/src/install/my_package/lib/my_package
[5.401s] writing list of installed files to '/home/user/ros2_ws/src/build/my_package/install.log'
[5.445s] Invoked command in '/home/user/ros2_ws/src/my_package' returned '0': PYTHONPATH=/home/user/ros2_ws/src/build/my_package/prefix_override:/home/user/ros2_ws/src/install/my_package/lib/python3.10/site-packages:${PYTHONPATH} _=/usr/bin/env /usr/bin/python3 setup.py egg_info --egg-base ../build/my_package build --build-base /home/user/ros2_ws/src/build/my_package/build install --record /home/user/ros2_ws/src/build/my_package/install.log --single-version-externally-managed
