[1.259s] Invoking command in '/home/user/ros2_ws/src/exercise42_pkg': PYTHONPATH=/home/user/ros2_ws/build/exercise42_pkg/prefix_override:/home/user/ros2_ws/install/exercise42_pkg/lib/python3.10/site-packages:${PYTHONPATH} _=/usr/bin/env /usr/bin/python3 setup.py egg_info --egg-base ../../build/exercise42_pkg build --build-base /home/user/ros2_ws/build/exercise42_pkg/build install --record /home/user/ros2_ws/build/exercise42_pkg/install.log --single-version-externally-managed
[1.771s] running egg_info
[1.772s] writing ../../build/exercise42_pkg/exercise42_pkg.egg-info/PKG-INFO
[1.772s] writing dependency_links to ../../build/exercise42_pkg/exercise42_pkg.egg-info/dependency_links.txt
[1.773s] writing entry points to ../../build/exercise42_pkg/exercise42_pkg.egg-info/entry_points.txt
[1.774s] writing requirements to ../../build/exercise42_pkg/exercise42_pkg.egg-info/requires.txt
[1.774s] writing top-level names to ../../build/exercise42_pkg/exercise42_pkg.egg-info/top_level.txt
[1.776s] reading manifest file '../../build/exercise42_pkg/exercise42_pkg.egg-info/SOURCES.txt'
[1.777s] writing manifest file '../../build/exercise42_pkg/exercise42_pkg.egg-info/SOURCES.txt'
[1.777s] running build
[1.778s] running build_py
[1.778s] running install
[1.778s] running install_lib
[1.780s] running install_data
[1.781s] running install_egg_info
[1.783s] removing '/home/user/ros2_ws/install/exercise42_pkg/lib/python3.10/site-packages/exercise42_pkg-0.0.0-py3.10.egg-info' (and everything under it)
[1.785s] Copying ../../build/exercise42_pkg/exercise42_pkg.egg-info to /home/user/ros2_ws/install/exercise42_pkg/lib/python3.10/site-packages/exercise42_pkg-0.0.0-py3.10.egg-info
[1.786s] running install_scripts
[1.822s] Installing exercise42 script to /home/user/ros2_ws/install/exercise42_pkg/lib/exercise42_pkg
[1.822s] writing list of installed files to '/home/user/ros2_ws/build/exercise42_pkg/install.log'
[1.870s] Invoked command in '/home/user/ros2_ws/src/exercise42_pkg' returned '0': PYTHONPATH=/home/user/ros2_ws/build/exercise42_pkg/prefix_override:/home/user/ros2_ws/install/exercise42_pkg/lib/python3.10/site-packages:${PYTHONPATH} _=/usr/bin/env /usr/bin/python3 setup.py egg_info --egg-base ../../build/exercise42_pkg build --build-base /home/user/ros2_ws/build/exercise42_pkg/build install --record /home/user/ros2_ws/build/exercise42_pkg/install.log --single-version-externally-managed
