[6.695s] Invoking command in '/home/user/ros2_ws/src/my_action_client': PYTHONPATH=/home/user/ros2_ws/build/my_action_client/prefix_override:/home/user/ros2_ws/install/my_action_client/lib/python3.10/site-packages:${PYTHONPATH} _=/usr/bin/env /usr/bin/python3 setup.py egg_info --egg-base ../../build/my_action_client build --build-base /home/user/ros2_ws/build/my_action_client/build install --record /home/user/ros2_ws/build/my_action_client/install.log --single-version-externally-managed
[8.595s] running egg_info
[8.596s] writing ../../build/my_action_client/my_action_client.egg-info/PKG-INFO
[8.596s] writing dependency_links to ../../build/my_action_client/my_action_client.egg-info/dependency_links.txt
[8.596s] writing entry points to ../../build/my_action_client/my_action_client.egg-info/entry_points.txt
[8.596s] writing requirements to ../../build/my_action_client/my_action_client.egg-info/requires.txt
[8.596s] writing top-level names to ../../build/my_action_client/my_action_client.egg-info/top_level.txt
[8.600s] reading manifest file '../../build/my_action_client/my_action_client.egg-info/SOURCES.txt'
[8.600s] writing manifest file '../../build/my_action_client/my_action_client.egg-info/SOURCES.txt'
[8.601s] running build
[8.601s] running build_py
[8.602s] copying my_action_client/action_client.py -> /home/user/ros2_ws/build/my_action_client/build/lib/my_action_client
[8.602s] running install
[8.607s] running install_lib
[8.609s] copying /home/user/ros2_ws/build/my_action_client/build/lib/my_action_client/action_client.py -> /home/user/ros2_ws/install/my_action_client/lib/python3.10/site-packages/my_action_client
[8.652s] byte-compiling /home/user/ros2_ws/install/my_action_client/lib/python3.10/site-packages/my_action_client/action_client.py to action_client.cpython-310.pyc
[8.652s] running install_data
[8.654s] running install_egg_info
[8.659s] removing '/home/user/ros2_ws/install/my_action_client/lib/python3.10/site-packages/my_action_client-0.0.0-py3.10.egg-info' (and everything under it)
[8.660s] Copying ../../build/my_action_client/my_action_client.egg-info to /home/user/ros2_ws/install/my_action_client/lib/python3.10/site-packages/my_action_client-0.0.0-py3.10.egg-info
[8.661s] running install_scripts
[8.702s] Installing example62 script to /home/user/ros2_ws/install/my_action_client/lib/my_action_client
[8.704s] writing list of installed files to '/home/user/ros2_ws/build/my_action_client/install.log'
[9.006s] Invoked command in '/home/user/ros2_ws/src/my_action_client' returned '0': PYTHONPATH=/home/user/ros2_ws/build/my_action_client/prefix_override:/home/user/ros2_ws/install/my_action_client/lib/python3.10/site-packages:${PYTHONPATH} _=/usr/bin/env /usr/bin/python3 setup.py egg_info --egg-base ../../build/my_action_client build --build-base /home/user/ros2_ws/build/my_action_client/build install --record /home/user/ros2_ws/build/my_action_client/install.log --single-version-externally-managed
