[6.714s] Invoking command in '/home/user/ros2_ws/src/client_pkg': PYTHONPATH=/home/user/ros2_ws/build/client_pkg/prefix_override:/home/user/ros2_ws/install/client_pkg/lib/python3.10/site-packages:${PYTHONPATH} _=/usr/bin/env /usr/bin/python3 setup.py egg_info --egg-base ../../build/client_pkg build --build-base /home/user/ros2_ws/build/client_pkg/build install --record /home/user/ros2_ws/build/client_pkg/install.log --single-version-externally-managed
[8.431s] running egg_info
[8.446s] writing ../../build/client_pkg/client_pkg.egg-info/PKG-INFO
[8.446s] writing dependency_links to ../../build/client_pkg/client_pkg.egg-info/dependency_links.txt
[8.446s] writing entry points to ../../build/client_pkg/client_pkg.egg-info/entry_points.txt
[8.447s] writing requirements to ../../build/client_pkg/client_pkg.egg-info/requires.txt
[8.447s] writing top-level names to ../../build/client_pkg/client_pkg.egg-info/top_level.txt
[8.450s] reading manifest file '../../build/client_pkg/client_pkg.egg-info/SOURCES.txt'
[8.453s] writing manifest file '../../build/client_pkg/client_pkg.egg-info/SOURCES.txt'
[8.453s] running build
[8.454s] running build_py
[8.455s] running install
[8.456s] running install_lib
[8.493s] running install_data
[8.496s] running install_egg_info
[8.509s] removing '/home/user/ros2_ws/install/client_pkg/lib/python3.10/site-packages/client_pkg-0.0.0-py3.10.egg-info' (and everything under it)
[8.513s] Copying ../../build/client_pkg/client_pkg.egg-info to /home/user/ros2_ws/install/client_pkg/lib/python3.10/site-packages/client_pkg-0.0.0-py3.10.egg-info
[8.516s] running install_scripts
[8.636s] Installing service_client script to /home/user/ros2_ws/install/client_pkg/lib/client_pkg
[8.638s] Installing stop_client script to /home/user/ros2_ws/install/client_pkg/lib/client_pkg
[8.647s] writing list of installed files to '/home/user/ros2_ws/build/client_pkg/install.log'
[8.857s] Invoked command in '/home/user/ros2_ws/src/client_pkg' returned '0': PYTHONPATH=/home/user/ros2_ws/build/client_pkg/prefix_override:/home/user/ros2_ws/install/client_pkg/lib/python3.10/site-packages:${PYTHONPATH} _=/usr/bin/env /usr/bin/python3 setup.py egg_info --egg-base ../../build/client_pkg build --build-base /home/user/ros2_ws/build/client_pkg/build install --record /home/user/ros2_ws/build/client_pkg/install.log --single-version-externally-managed
