[1.291s] Invoking command in '/home/user/ros2_ws/src/exercise31_pkg': PYTHONPATH=/home/user/ros2_ws/build/exercise31_pkg/prefix_override:/home/user/ros2_ws/install/exercise31_pkg/lib/python3.10/site-packages:${PYTHONPATH} _=/usr/bin/env /usr/bin/python3 setup.py egg_info --egg-base ../../build/exercise31_pkg build --build-base /home/user/ros2_ws/build/exercise31_pkg/build install --record /home/user/ros2_ws/build/exercise31_pkg/install.log --single-version-externally-managed
[1.791s] running egg_info
[1.792s] writing ../../build/exercise31_pkg/exercise31_pkg.egg-info/PKG-INFO
[1.792s] writing dependency_links to ../../build/exercise31_pkg/exercise31_pkg.egg-info/dependency_links.txt
[1.793s] writing entry points to ../../build/exercise31_pkg/exercise31_pkg.egg-info/entry_points.txt
[1.793s] writing requirements to ../../build/exercise31_pkg/exercise31_pkg.egg-info/requires.txt
[1.793s] writing top-level names to ../../build/exercise31_pkg/exercise31_pkg.egg-info/top_level.txt
[1.796s] reading manifest file '../../build/exercise31_pkg/exercise31_pkg.egg-info/SOURCES.txt'
[1.799s] writing manifest file '../../build/exercise31_pkg/exercise31_pkg.egg-info/SOURCES.txt'
[1.799s] running build
[1.799s] running build_py
[1.799s] running install
[1.800s] running install_lib
[1.801s] running install_data
[1.802s] copying launch/exercise31_pkg_launch_file.launch.py -> /home/user/ros2_ws/install/exercise31_pkg/share/exercise31_pkg
[1.802s] running install_egg_info
[1.805s] removing '/home/user/ros2_ws/install/exercise31_pkg/lib/python3.10/site-packages/exercise31_pkg-0.0.0-py3.10.egg-info' (and everything under it)
[1.806s] Copying ../../build/exercise31_pkg/exercise31_pkg.egg-info to /home/user/ros2_ws/install/exercise31_pkg/lib/python3.10/site-packages/exercise31_pkg-0.0.0-py3.10.egg-info
[1.808s] running install_scripts
[1.841s] Installing exercise31 script to /home/user/ros2_ws/install/exercise31_pkg/lib/exercise31_pkg
[1.842s] writing list of installed files to '/home/user/ros2_ws/build/exercise31_pkg/install.log'
[1.878s] Invoked command in '/home/user/ros2_ws/src/exercise31_pkg' returned '0': PYTHONPATH=/home/user/ros2_ws/build/exercise31_pkg/prefix_override:/home/user/ros2_ws/install/exercise31_pkg/lib/python3.10/site-packages:${PYTHONPATH} _=/usr/bin/env /usr/bin/python3 setup.py egg_info --egg-base ../../build/exercise31_pkg build --build-base /home/user/ros2_ws/build/exercise31_pkg/build install --record /home/user/ros2_ws/build/exercise31_pkg/install.log --single-version-externally-managed
