[0.741s] Invoking command in '/home/user/ros2_ws/build/actions_quiz_msg': CMAKE_PREFIX_PATH=${CMAKE_PREFIX_PATH}:/home/simulations/ros2_sims_ws/install/turtlebot3_teleop:/home/simulations/ros2_sims_ws/install/turtlebot3_example:/home/simulations/ros2_sims_ws/install/services_pkg:/home/user/ros2_ws/install/topics_quiz:/home/user/ros2_ws/install/subscriber_pkg:/home/user/ros2_ws/install/publisher_pkg:/home/user/ros2_ws/install/my_package:/home/user/ros2_ws/install/my_action_server:/home/user/ros2_ws/install/my_action_client:/home/user/ros2_ws/install/movement_pkg:/home/user/ros2_ws/install/exercise42_pkg:/home/user/ros2_ws/install/client_pkg:/home/user/ros2_ws/install/actions_quiz:/opt/ros/humble _=/usr/bin/env /usr/bin/cmake --build /home/user/ros2_ws/build/actions_quiz_msg -- -j8 -l8
[2.782s] [  2%] Built target custom_interfaces__cpp
[2.783s] [  2%] Built target ament_cmake_python_copy_custom_interfaces
[2.783s] [ 12%] Built target custom_interfaces__rosidl_typesupport_introspection_cpp
[2.783s] running egg_info
[2.783s] writing custom_interfaces.egg-info/PKG-INFO
[2.783s] writing dependency_links to custom_interfaces.egg-info/dependency_links.txt
[2.783s] writing top-level names to custom_interfaces.egg-info/top_level.txt
[2.783s] reading manifest file 'custom_interfaces.egg-info/SOURCES.txt'
[2.786s] writing manifest file 'custom_interfaces.egg-info/SOURCES.txt'
[2.786s] [ 12%] Built target ament_cmake_python_build_custom_interfaces_egg
[2.789s] [ 23%] Built target custom_interfaces__rosidl_typesupport_fastrtps_cpp
[2.793s] [ 34%] Built target custom_interfaces__rosidl_typesupport_cpp
[2.793s] [ 44%] Built target custom_interfaces__rosidl_generator_c
[2.797s] [ 55%] Built target custom_interfaces__rosidl_typesupport_fastrtps_c
[2.797s] [ 65%] Built target custom_interfaces__rosidl_typesupport_c
[2.797s] [ 76%] Built target custom_interfaces__rosidl_typesupport_introspection_c
[2.797s] [ 76%] Built target custom_interfaces
[2.798s] [ 78%] Built target custom_interfaces__py
[2.798s] [ 87%] Built target custom_interfaces__rosidl_generator_py
[2.798s] [ 91%] Built target custom_interfaces__rosidl_typesupport_fastrtps_c__pyext
[2.798s] [ 95%] Built target custom_interfaces__rosidl_typesupport_c__pyext
[2.798s] [100%] Built target custom_interfaces__rosidl_typesupport_introspection_c__pyext
[3.404s] Invoked command in '/home/user/ros2_ws/build/actions_quiz_msg' returned '0': CMAKE_PREFIX_PATH=${CMAKE_PREFIX_PATH}:/home/simulations/ros2_sims_ws/install/turtlebot3_teleop:/home/simulations/ros2_sims_ws/install/turtlebot3_example:/home/simulations/ros2_sims_ws/install/services_pkg:/home/user/ros2_ws/install/topics_quiz:/home/user/ros2_ws/install/subscriber_pkg:/home/user/ros2_ws/install/publisher_pkg:/home/user/ros2_ws/install/my_package:/home/user/ros2_ws/install/my_action_server:/home/user/ros2_ws/install/my_action_client:/home/user/ros2_ws/install/movement_pkg:/home/user/ros2_ws/install/exercise42_pkg:/home/user/ros2_ws/install/client_pkg:/home/user/ros2_ws/install/actions_quiz:/opt/ros/humble _=/usr/bin/env /usr/bin/cmake --build /home/user/ros2_ws/build/actions_quiz_msg -- -j8 -l8
[6.031s] Invoking command in '/home/user/ros2_ws/build/actions_quiz_msg': CMAKE_PREFIX_PATH=${CMAKE_PREFIX_PATH}:/home/simulations/ros2_sims_ws/install/turtlebot3_teleop:/home/simulations/ros2_sims_ws/install/turtlebot3_example:/home/simulations/ros2_sims_ws/install/services_pkg:/home/user/ros2_ws/install/topics_quiz:/home/user/ros2_ws/install/subscriber_pkg:/home/user/ros2_ws/install/publisher_pkg:/home/user/ros2_ws/install/my_package:/home/user/ros2_ws/install/my_action_server:/home/user/ros2_ws/install/my_action_client:/home/user/ros2_ws/install/movement_pkg:/home/user/ros2_ws/install/exercise42_pkg:/home/user/ros2_ws/install/client_pkg:/home/user/ros2_ws/install/actions_quiz:/opt/ros/humble _=/usr/bin/env /usr/bin/cmake --install /home/user/ros2_ws/build/actions_quiz_msg
[6.108s] -- Install configuration: ""
[6.108s] -- Up-to-date: /home/user/ros2_ws/install/actions_quiz_msg/share/ament_index/resource_index/rosidl_interfaces/custom_interfaces
[6.108s] -- Up-to-date: /home/user/ros2_ws/install/actions_quiz_msg/include/custom_interfaces/custom_interfaces
[6.110s] -- Up-to-date: /home/user/ros2_ws/install/actions_quiz_msg/include/custom_interfaces/custom_interfaces/srv
[6.115s] -- Up-to-date: /home/user/ros2_ws/install/actions_quiz_msg/include/custom_interfaces/custom_interfaces/srv/detail
[6.116s] -- Up-to-date: /home/user/ros2_ws/install/actions_quiz_msg/include/custom_interfaces/custom_interfaces/srv/detail/my_custom_service_message__type_support.h
[6.116s] -- Up-to-date: /home/user/ros2_ws/install/actions_quiz_msg/include/custom_interfaces/custom_interfaces/srv/detail/my_custom_service_message__functions.h
[6.116s] -- Up-to-date: /home/user/ros2_ws/install/actions_quiz_msg/include/custom_interfaces/custom_interfaces/srv/detail/my_custom_service_message__functions.c
[6.116s] -- Up-to-date: /home/user/ros2_ws/install/actions_quiz_msg/include/custom_interfaces/custom_interfaces/srv/detail/my_custom_service_message__struct.h
[6.116s] -- Up-to-date: /home/user/ros2_ws/install/actions_quiz_msg/include/custom_interfaces/custom_interfaces/srv/my_custom_service_message.h
[6.116s] -- Up-to-date: /home/user/ros2_ws/install/actions_quiz_msg/include/custom_interfaces/custom_interfaces/msg
[6.117s] -- Up-to-date: /home/user/ros2_ws/install/actions_quiz_msg/include/custom_interfaces/custom_interfaces/msg/detail
[6.117s] -- Up-to-date: /home/user/ros2_ws/install/actions_quiz_msg/include/custom_interfaces/custom_interfaces/msg/detail/age__functions.c
[6.117s] -- Up-to-date: /home/user/ros2_ws/install/actions_quiz_msg/include/custom_interfaces/custom_interfaces/msg/detail/age__struct.h
[6.119s] -- Up-to-date: /home/user/ros2_ws/install/actions_quiz_msg/include/custom_interfaces/custom_interfaces/msg/detail/age__functions.h
[6.119s] -- Up-to-date: /home/user/ros2_ws/install/actions_quiz_msg/include/custom_interfaces/custom_interfaces/msg/detail/age__type_support.h
[6.119s] -- Up-to-date: /home/user/ros2_ws/install/actions_quiz_msg/include/custom_interfaces/custom_interfaces/msg/rosidl_generator_c__visibility_control.h
[6.119s] -- Up-to-date: /home/user/ros2_ws/install/actions_quiz_msg/include/custom_interfaces/custom_interfaces/msg/age.h
[6.119s] -- Up-to-date: /home/user/ros2_ws/install/actions_quiz_msg/include/custom_interfaces/custom_interfaces/action
[6.121s] -- Up-to-date: /home/user/ros2_ws/install/actions_quiz_msg/include/custom_interfaces/custom_interfaces/action/detail
[6.121s] -- Up-to-date: /home/user/ros2_ws/install/actions_quiz_msg/include/custom_interfaces/custom_interfaces/action/detail/move__functions.h
[6.121s] -- Up-to-date: /home/user/ros2_ws/install/actions_quiz_msg/include/custom_interfaces/custom_interfaces/action/detail/move__functions.c
[6.122s] -- Up-to-date: /home/user/ros2_ws/install/actions_quiz_msg/include/custom_interfaces/custom_interfaces/action/detail/move__type_support.h
[6.122s] -- Up-to-date: /home/user/ros2_ws/install/actions_quiz_msg/include/custom_interfaces/custom_interfaces/action/detail/move__struct.h
[6.122s] -- Up-to-date: /home/user/ros2_ws/install/actions_quiz_msg/include/custom_interfaces/custom_interfaces/action/move.h
[6.124s] -- Up-to-date: /home/user/ros2_ws/install/actions_quiz_msg/share/custom_interfaces/environment/library_path.sh
[6.125s] -- Up-to-date: /home/user/ros2_ws/install/actions_quiz_msg/share/custom_interfaces/environment/library_path.dsv
[6.125s] -- Up-to-date: /home/user/ros2_ws/install/actions_quiz_msg/lib/libcustom_interfaces__rosidl_generator_c.so
[6.125s] -- Up-to-date: /home/user/ros2_ws/install/actions_quiz_msg/include/custom_interfaces/custom_interfaces
[6.125s] -- Up-to-date: /home/user/ros2_ws/install/actions_quiz_msg/include/custom_interfaces/custom_interfaces/srv
[6.125s] -- Up-to-date: /home/user/ros2_ws/install/actions_quiz_msg/include/custom_interfaces/custom_interfaces/srv/detail
[6.125s] -- Up-to-date: /home/user/ros2_ws/install/actions_quiz_msg/include/custom_interfaces/custom_interfaces/srv/detail/my_custom_service_message__rosidl_typesupport_fastrtps_c.h
[6.127s] -- Up-to-date: /home/user/ros2_ws/install/actions_quiz_msg/include/custom_interfaces/custom_interfaces/msg
[6.127s] -- Up-to-date: /home/user/ros2_ws/install/actions_quiz_msg/include/custom_interfaces/custom_interfaces/msg/detail
[6.127s] -- Up-to-date: /home/user/ros2_ws/install/actions_quiz_msg/include/custom_interfaces/custom_interfaces/msg/detail/age__rosidl_typesupport_fastrtps_c.h
[6.128s] -- Up-to-date: /home/user/ros2_ws/install/actions_quiz_msg/include/custom_interfaces/custom_interfaces/msg/rosidl_typesupport_fastrtps_c__visibility_control.h
[6.128s] -- Up-to-date: /home/user/ros2_ws/install/actions_quiz_msg/include/custom_interfaces/custom_interfaces/action
[6.130s] -- Up-to-date: /home/user/ros2_ws/install/actions_quiz_msg/include/custom_interfaces/custom_interfaces/action/detail
[6.130s] -- Up-to-date: /home/user/ros2_ws/install/actions_quiz_msg/include/custom_interfaces/custom_interfaces/action/detail/move__rosidl_typesupport_fastrtps_c.h
[6.130s] -- Up-to-date: /home/user/ros2_ws/install/actions_quiz_msg/lib/libcustom_interfaces__rosidl_typesupport_fastrtps_c.so
[6.130s] -- Up-to-date: /home/user/ros2_ws/install/actions_quiz_msg/include/custom_interfaces/custom_interfaces
[6.130s] -- Up-to-date: /home/user/ros2_ws/install/actions_quiz_msg/include/custom_interfaces/custom_interfaces/srv
[6.135s] -- Up-to-date: /home/user/ros2_ws/install/actions_quiz_msg/include/custom_interfaces/custom_interfaces/srv/detail
[6.144s] -- Up-to-date: /home/user/ros2_ws/install/actions_quiz_msg/include/custom_interfaces/custom_interfaces/srv/detail/my_custom_service_message__traits.hpp
[6.144s] -- Up-to-date: /home/user/ros2_ws/install/actions_quiz_msg/include/custom_interfaces/custom_interfaces/srv/detail/my_custom_service_message__builder.hpp
[6.144s] -- Up-to-date: /home/user/ros2_ws/install/actions_quiz_msg/include/custom_interfaces/custom_interfaces/srv/detail/my_custom_service_message__struct.hpp
[6.144s] -- Up-to-date: /home/user/ros2_ws/install/actions_quiz_msg/include/custom_interfaces/custom_interfaces/srv/my_custom_service_message.hpp
[6.144s] -- Up-to-date: /home/user/ros2_ws/install/actions_quiz_msg/include/custom_interfaces/custom_interfaces/msg
[6.145s] -- Up-to-date: /home/user/ros2_ws/install/actions_quiz_msg/include/custom_interfaces/custom_interfaces/msg/detail
[6.145s] -- Up-to-date: /home/user/ros2_ws/install/actions_quiz_msg/include/custom_interfaces/custom_interfaces/msg/detail/age__traits.hpp
[6.145s] -- Up-to-date: /home/user/ros2_ws/install/actions_quiz_msg/include/custom_interfaces/custom_interfaces/msg/detail/age__struct.hpp
[6.145s] -- Up-to-date: /home/user/ros2_ws/install/actions_quiz_msg/include/custom_interfaces/custom_interfaces/msg/detail/age__builder.hpp
[6.145s] -- Up-to-date: /home/user/ros2_ws/install/actions_quiz_msg/include/custom_interfaces/custom_interfaces/msg/age.hpp
[6.145s] -- Up-to-date: /home/user/ros2_ws/install/actions_quiz_msg/include/custom_interfaces/custom_interfaces/action
[6.145s] -- Up-to-date: /home/user/ros2_ws/install/actions_quiz_msg/include/custom_interfaces/custom_interfaces/action/detail
[6.145s] -- Up-to-date: /home/user/ros2_ws/install/actions_quiz_msg/include/custom_interfaces/custom_interfaces/action/detail/move__traits.hpp
[6.146s] -- Up-to-date: /home/user/ros2_ws/install/actions_quiz_msg/include/custom_interfaces/custom_interfaces/action/detail/move__struct.hpp
[6.146s] -- Up-to-date: /home/user/ros2_ws/install/actions_quiz_msg/include/custom_interfaces/custom_interfaces/action/detail/move__builder.hpp
[6.146s] -- Up-to-date: /home/user/ros2_ws/install/actions_quiz_msg/include/custom_interfaces/custom_interfaces/action/move.hpp
[6.146s] -- Up-to-date: /home/user/ros2_ws/install/actions_quiz_msg/include/custom_interfaces/custom_interfaces
[6.146s] -- Up-to-date: /home/user/ros2_ws/install/actions_quiz_msg/include/custom_interfaces/custom_interfaces/srv
[6.146s] -- Up-to-date: /home/user/ros2_ws/install/actions_quiz_msg/include/custom_interfaces/custom_interfaces/srv/detail
[6.146s] -- Up-to-date: /home/user/ros2_ws/install/actions_quiz_msg/include/custom_interfaces/custom_interfaces/srv/detail/dds_fastrtps
[6.146s] -- Up-to-date: /home/user/ros2_ws/install/actions_quiz_msg/include/custom_interfaces/custom_interfaces/srv/detail/my_custom_service_message__rosidl_typesupport_fastrtps_cpp.hpp
[6.147s] -- Up-to-date: /home/user/ros2_ws/install/actions_quiz_msg/include/custom_interfaces/custom_interfaces/msg
[6.225s] -- Up-to-date: /home/user/ros2_ws/install/actions_quiz_msg/include/custom_interfaces/custom_interfaces/msg/detail
[6.225s] -- Up-to-date: /home/user/ros2_ws/install/actions_quiz_msg/include/custom_interfaces/custom_interfaces/msg/detail/age__rosidl_typesupport_fastrtps_cpp.hpp
[6.225s] -- Up-to-date: /home/user/ros2_ws/install/actions_quiz_msg/include/custom_interfaces/custom_interfaces/msg/detail/dds_fastrtps
[6.225s] -- Up-to-date: /home/user/ros2_ws/install/actions_quiz_msg/include/custom_interfaces/custom_interfaces/msg/rosidl_typesupport_fastrtps_cpp__visibility_control.h
[6.226s] -- Up-to-date: /home/user/ros2_ws/install/actions_quiz_msg/include/custom_interfaces/custom_interfaces/action
[6.226s] -- Up-to-date: /home/user/ros2_ws/install/actions_quiz_msg/include/custom_interfaces/custom_interfaces/action/detail
[6.226s] -- Up-to-date: /home/user/ros2_ws/install/actions_quiz_msg/include/custom_interfaces/custom_interfaces/action/detail/dds_fastrtps
[6.226s] -- Up-to-date: /home/user/ros2_ws/install/actions_quiz_msg/include/custom_interfaces/custom_interfaces/action/detail/move__rosidl_typesupport_fastrtps_cpp.hpp
[6.226s] -- Up-to-date: /home/user/ros2_ws/install/actions_quiz_msg/lib/libcustom_interfaces__rosidl_typesupport_fastrtps_cpp.so
[6.226s] -- Up-to-date: /home/user/ros2_ws/install/actions_quiz_msg/include/custom_interfaces/custom_interfaces
[6.226s] -- Up-to-date: /home/user/ros2_ws/install/actions_quiz_msg/include/custom_interfaces/custom_interfaces/srv
[6.226s] -- Up-to-date: /home/user/ros2_ws/install/actions_quiz_msg/include/custom_interfaces/custom_interfaces/srv/detail
[6.227s] -- Up-to-date: /home/user/ros2_ws/install/actions_quiz_msg/include/custom_interfaces/custom_interfaces/srv/detail/my_custom_service_message__type_support.c
[6.227s] -- Up-to-date: /home/user/ros2_ws/install/actions_quiz_msg/include/custom_interfaces/custom_interfaces/srv/detail/my_custom_service_message__rosidl_typesupport_introspection_c.h
[6.227s] -- Up-to-date: /home/user/ros2_ws/install/actions_quiz_msg/include/custom_interfaces/custom_interfaces/msg
[6.227s] -- Up-to-date: /home/user/ros2_ws/install/actions_quiz_msg/include/custom_interfaces/custom_interfaces/msg/detail
[6.227s] -- Up-to-date: /home/user/ros2_ws/install/actions_quiz_msg/include/custom_interfaces/custom_interfaces/msg/detail/age__type_support.c
[6.227s] -- Up-to-date: /home/user/ros2_ws/install/actions_quiz_msg/include/custom_interfaces/custom_interfaces/msg/detail/age__rosidl_typesupport_introspection_c.h
[6.227s] -- Up-to-date: /home/user/ros2_ws/install/actions_quiz_msg/include/custom_interfaces/custom_interfaces/msg/rosidl_typesupport_introspection_c__visibility_control.h
[6.227s] -- Up-to-date: /home/user/ros2_ws/install/actions_quiz_msg/include/custom_interfaces/custom_interfaces/action
[6.228s] -- Up-to-date: /home/user/ros2_ws/install/actions_quiz_msg/include/custom_interfaces/custom_interfaces/action/detail
[6.228s] -- Up-to-date: /home/user/ros2_ws/install/actions_quiz_msg/include/custom_interfaces/custom_interfaces/action/detail/move__rosidl_typesupport_introspection_c.h
[6.228s] -- Up-to-date: /home/user/ros2_ws/install/actions_quiz_msg/include/custom_interfaces/custom_interfaces/action/detail/move__type_support.c
[6.228s] -- Up-to-date: /home/user/ros2_ws/install/actions_quiz_msg/lib/libcustom_interfaces__rosidl_typesupport_introspection_c.so
[6.228s] -- Up-to-date: /home/user/ros2_ws/install/actions_quiz_msg/lib/libcustom_interfaces__rosidl_typesupport_c.so
[6.228s] -- Up-to-date: /home/user/ros2_ws/install/actions_quiz_msg/include/custom_interfaces/custom_interfaces
[6.228s] -- Up-to-date: /home/user/ros2_ws/install/actions_quiz_msg/include/custom_interfaces/custom_interfaces/srv
[6.228s] -- Up-to-date: /home/user/ros2_ws/install/actions_quiz_msg/include/custom_interfaces/custom_interfaces/srv/detail
[6.229s] -- Up-to-date: /home/user/ros2_ws/install/actions_quiz_msg/include/custom_interfaces/custom_interfaces/srv/detail/my_custom_service_message__type_support.cpp
[6.229s] -- Up-to-date: /home/user/ros2_ws/install/actions_quiz_msg/include/custom_interfaces/custom_interfaces/srv/detail/my_custom_service_message__rosidl_typesupport_introspection_cpp.hpp
[6.229s] -- Up-to-date: /home/user/ros2_ws/install/actions_quiz_msg/include/custom_interfaces/custom_interfaces/msg
[6.229s] -- Up-to-date: /home/user/ros2_ws/install/actions_quiz_msg/include/custom_interfaces/custom_interfaces/msg/detail
[6.229s] -- Up-to-date: /home/user/ros2_ws/install/actions_quiz_msg/include/custom_interfaces/custom_interfaces/msg/detail/age__rosidl_typesupport_introspection_cpp.hpp
[6.229s] -- Up-to-date: /home/user/ros2_ws/install/actions_quiz_msg/include/custom_interfaces/custom_interfaces/msg/detail/age__type_support.cpp
[6.229s] -- Up-to-date: /home/user/ros2_ws/install/actions_quiz_msg/include/custom_interfaces/custom_interfaces/action
[6.229s] -- Up-to-date: /home/user/ros2_ws/install/actions_quiz_msg/include/custom_interfaces/custom_interfaces/action/detail
[6.230s] -- Up-to-date: /home/user/ros2_ws/install/actions_quiz_msg/include/custom_interfaces/custom_interfaces/action/detail/move__rosidl_typesupport_introspection_cpp.hpp
[6.230s] -- Up-to-date: /home/user/ros2_ws/install/actions_quiz_msg/include/custom_interfaces/custom_interfaces/action/detail/move__type_support.cpp
[6.230s] -- Up-to-date: /home/user/ros2_ws/install/actions_quiz_msg/lib/libcustom_interfaces__rosidl_typesupport_introspection_cpp.so
[6.230s] -- Up-to-date: /home/user/ros2_ws/install/actions_quiz_msg/lib/libcustom_interfaces__rosidl_typesupport_cpp.so
[6.230s] -- Up-to-date: /home/user/ros2_ws/install/actions_quiz_msg/share/custom_interfaces/environment/pythonpath.sh
[6.230s] -- Up-to-date: /home/user/ros2_ws/install/actions_quiz_msg/share/custom_interfaces/environment/pythonpath.dsv
[6.230s] -- Up-to-date: /home/user/ros2_ws/install/actions_quiz_msg/local/lib/python3.10/dist-packages/custom_interfaces-0.0.0-py3.10.egg-info
[6.230s] -- Installing: /home/user/ros2_ws/install/actions_quiz_msg/local/lib/python3.10/dist-packages/custom_interfaces-0.0.0-py3.10.egg-info/PKG-INFO
[6.230s] -- Installing: /home/user/ros2_ws/install/actions_quiz_msg/local/lib/python3.10/dist-packages/custom_interfaces-0.0.0-py3.10.egg-info/top_level.txt
[6.231s] -- Installing: /home/user/ros2_ws/install/actions_quiz_msg/local/lib/python3.10/dist-packages/custom_interfaces-0.0.0-py3.10.egg-info/SOURCES.txt
[6.231s] -- Installing: /home/user/ros2_ws/install/actions_quiz_msg/local/lib/python3.10/dist-packages/custom_interfaces-0.0.0-py3.10.egg-info/dependency_links.txt
[6.231s] -- Up-to-date: /home/user/ros2_ws/install/actions_quiz_msg/local/lib/python3.10/dist-packages/custom_interfaces
[6.231s] -- Up-to-date: /home/user/ros2_ws/install/actions_quiz_msg/local/lib/python3.10/dist-packages/custom_interfaces/srv
[6.231s] -- Up-to-date: /home/user/ros2_ws/install/actions_quiz_msg/local/lib/python3.10/dist-packages/custom_interfaces/srv/_my_custom_service_message_s.c
[6.231s] -- Up-to-date: /home/user/ros2_ws/install/actions_quiz_msg/local/lib/python3.10/dist-packages/custom_interfaces/srv/__init__.py
[6.231s] -- Up-to-date: /home/user/ros2_ws/install/actions_quiz_msg/local/lib/python3.10/dist-packages/custom_interfaces/srv/_my_custom_service_message.py
[6.232s] -- Up-to-date: /home/user/ros2_ws/install/actions_quiz_msg/local/lib/python3.10/dist-packages/custom_interfaces/custom_interfaces_s__rosidl_typesupport_introspection_c.cpython-310-x86_64-linux-gnu.so
[6.232s] -- Up-to-date: /home/user/ros2_ws/install/actions_quiz_msg/local/lib/python3.10/dist-packages/custom_interfaces/msg
[6.232s] -- Up-to-date: /home/user/ros2_ws/install/actions_quiz_msg/local/lib/python3.10/dist-packages/custom_interfaces/msg/_age_s.c
[6.232s] -- Up-to-date: /home/user/ros2_ws/install/actions_quiz_msg/local/lib/python3.10/dist-packages/custom_interfaces/msg/_age.py
[6.232s] -- Up-to-date: /home/user/ros2_ws/install/actions_quiz_msg/local/lib/python3.10/dist-packages/custom_interfaces/msg/__init__.py
[6.232s] -- Up-to-date: /home/user/ros2_ws/install/actions_quiz_msg/local/lib/python3.10/dist-packages/custom_interfaces/_custom_interfaces_s.ep.rosidl_typesupport_introspection_c.c
[6.233s] -- Up-to-date: /home/user/ros2_ws/install/actions_quiz_msg/local/lib/python3.10/dist-packages/custom_interfaces/libcustom_interfaces__rosidl_generator_py.so
[6.233s] -- Up-to-date: /home/user/ros2_ws/install/actions_quiz_msg/local/lib/python3.10/dist-packages/custom_interfaces/_custom_interfaces_s.ep.rosidl_typesupport_c.c
[6.233s] -- Up-to-date: /home/user/ros2_ws/install/actions_quiz_msg/local/lib/python3.10/dist-packages/custom_interfaces/__init__.py
[6.233s] -- Up-to-date: /home/user/ros2_ws/install/actions_quiz_msg/local/lib/python3.10/dist-packages/custom_interfaces/custom_interfaces_s__rosidl_typesupport_c.cpython-310-x86_64-linux-gnu.so
[6.233s] -- Up-to-date: /home/user/ros2_ws/install/actions_quiz_msg/local/lib/python3.10/dist-packages/custom_interfaces/_custom_interfaces_s.ep.rosidl_typesupport_fastrtps_c.c
[6.233s] -- Up-to-date: /home/user/ros2_ws/install/actions_quiz_msg/local/lib/python3.10/dist-packages/custom_interfaces/custom_interfaces_s__rosidl_typesupport_fastrtps_c.cpython-310-x86_64-linux-gnu.so
[6.292s] -- Up-to-date: /home/user/ros2_ws/install/actions_quiz_msg/local/lib/python3.10/dist-packages/custom_interfaces/action
[6.292s] -- Up-to-date: /home/user/ros2_ws/install/actions_quiz_msg/local/lib/python3.10/dist-packages/custom_interfaces/action/_move.py
[6.292s] -- Up-to-date: /home/user/ros2_ws/install/actions_quiz_msg/local/lib/python3.10/dist-packages/custom_interfaces/action/__init__.py
[6.292s] -- Up-to-date: /home/user/ros2_ws/install/actions_quiz_msg/local/lib/python3.10/dist-packages/custom_interfaces/action/_move_s.c
[6.619s] Listing '/home/user/ros2_ws/install/actions_quiz_msg/local/lib/python3.10/dist-packages/custom_interfaces'...
[6.619s] Listing '/home/user/ros2_ws/install/actions_quiz_msg/local/lib/python3.10/dist-packages/custom_interfaces/action'...
[6.619s] Listing '/home/user/ros2_ws/install/actions_quiz_msg/local/lib/python3.10/dist-packages/custom_interfaces/msg'...
[6.620s] Listing '/home/user/ros2_ws/install/actions_quiz_msg/local/lib/python3.10/dist-packages/custom_interfaces/srv'...
[6.635s] -- Up-to-date: /home/user/ros2_ws/install/actions_quiz_msg/local/lib/python3.10/dist-packages/custom_interfaces/custom_interfaces_s__rosidl_typesupport_fastrtps_c.cpython-310-x86_64-linux-gnu.so
[6.690s] -- Up-to-date: /home/user/ros2_ws/install/actions_quiz_msg/local/lib/python3.10/dist-packages/custom_interfaces/custom_interfaces_s__rosidl_typesupport_introspection_c.cpython-310-x86_64-linux-gnu.so
[6.690s] -- Up-to-date: /home/user/ros2_ws/install/actions_quiz_msg/local/lib/python3.10/dist-packages/custom_interfaces/custom_interfaces_s__rosidl_typesupport_c.cpython-310-x86_64-linux-gnu.so
[6.690s] -- Up-to-date: /home/user/ros2_ws/install/actions_quiz_msg/lib/libcustom_interfaces__rosidl_generator_py.so
[6.690s] -- Up-to-date: /home/user/ros2_ws/install/actions_quiz_msg/share/custom_interfaces/msg/Age.idl
[6.690s] -- Up-to-date: /home/user/ros2_ws/install/actions_quiz_msg/share/custom_interfaces/srv/MyCustomServiceMessage.idl
[6.690s] -- Up-to-date: /home/user/ros2_ws/install/actions_quiz_msg/share/custom_interfaces/action/Move.idl
[6.691s] -- Up-to-date: /home/user/ros2_ws/install/actions_quiz_msg/share/custom_interfaces/msg/Age.msg
[6.691s] -- Up-to-date: /home/user/ros2_ws/install/actions_quiz_msg/share/custom_interfaces/srv/MyCustomServiceMessage.srv
[6.691s] -- Up-to-date: /home/user/ros2_ws/install/actions_quiz_msg/share/custom_interfaces/srv/MyCustomServiceMessage_Request.msg
[6.691s] -- Up-to-date: /home/user/ros2_ws/install/actions_quiz_msg/share/custom_interfaces/srv/MyCustomServiceMessage_Response.msg
[6.691s] -- Up-to-date: /home/user/ros2_ws/install/actions_quiz_msg/share/custom_interfaces/action/Move.action
[6.691s] -- Up-to-date: /home/user/ros2_ws/install/actions_quiz_msg/share/ament_index/resource_index/package_run_dependencies/custom_interfaces
[6.691s] -- Up-to-date: /home/user/ros2_ws/install/actions_quiz_msg/share/ament_index/resource_index/parent_prefix_path/custom_interfaces
[6.691s] -- Up-to-date: /home/user/ros2_ws/install/actions_quiz_msg/share/custom_interfaces/environment/ament_prefix_path.sh
[6.691s] -- Up-to-date: /home/user/ros2_ws/install/actions_quiz_msg/share/custom_interfaces/environment/ament_prefix_path.dsv
[6.692s] -- Up-to-date: /home/user/ros2_ws/install/actions_quiz_msg/share/custom_interfaces/environment/path.sh
[6.692s] -- Up-to-date: /home/user/ros2_ws/install/actions_quiz_msg/share/custom_interfaces/environment/path.dsv
[6.692s] -- Up-to-date: /home/user/ros2_ws/install/actions_quiz_msg/share/custom_interfaces/local_setup.bash
[6.692s] -- Up-to-date: /home/user/ros2_ws/install/actions_quiz_msg/share/custom_interfaces/local_setup.sh
[6.692s] -- Up-to-date: /home/user/ros2_ws/install/actions_quiz_msg/share/custom_interfaces/local_setup.zsh
[6.692s] -- Up-to-date: /home/user/ros2_ws/install/actions_quiz_msg/share/custom_interfaces/local_setup.dsv
[6.692s] -- Up-to-date: /home/user/ros2_ws/install/actions_quiz_msg/share/custom_interfaces/package.dsv
[6.692s] -- Up-to-date: /home/user/ros2_ws/install/actions_quiz_msg/share/ament_index/resource_index/packages/custom_interfaces
[6.692s] -- Up-to-date: /home/user/ros2_ws/install/actions_quiz_msg/share/custom_interfaces/cmake/export_custom_interfaces__rosidl_generator_cExport.cmake
[6.693s] -- Up-to-date: /home/user/ros2_ws/install/actions_quiz_msg/share/custom_interfaces/cmake/export_custom_interfaces__rosidl_generator_cExport-noconfig.cmake
[6.693s] -- Up-to-date: /home/user/ros2_ws/install/actions_quiz_msg/share/custom_interfaces/cmake/export_custom_interfaces__rosidl_typesupport_fastrtps_cExport.cmake
[6.693s] -- Up-to-date: /home/user/ros2_ws/install/actions_quiz_msg/share/custom_interfaces/cmake/export_custom_interfaces__rosidl_typesupport_fastrtps_cExport-noconfig.cmake
[6.700s] -- Up-to-date: /home/user/ros2_ws/install/actions_quiz_msg/share/custom_interfaces/cmake/export_custom_interfaces__rosidl_generator_cppExport.cmake
[6.708s] -- Up-to-date: /home/user/ros2_ws/install/actions_quiz_msg/share/custom_interfaces/cmake/export_custom_interfaces__rosidl_typesupport_fastrtps_cppExport.cmake
[6.709s] -- Up-to-date: /home/user/ros2_ws/install/actions_quiz_msg/share/custom_interfaces/cmake/export_custom_interfaces__rosidl_typesupport_fastrtps_cppExport-noconfig.cmake
[6.709s] -- Up-to-date: /home/user/ros2_ws/install/actions_quiz_msg/share/custom_interfaces/cmake/custom_interfaces__rosidl_typesupport_introspection_cExport.cmake
[6.709s] -- Up-to-date: /home/user/ros2_ws/install/actions_quiz_msg/share/custom_interfaces/cmake/custom_interfaces__rosidl_typesupport_introspection_cExport-noconfig.cmake
[6.709s] -- Up-to-date: /home/user/ros2_ws/install/actions_quiz_msg/share/custom_interfaces/cmake/custom_interfaces__rosidl_typesupport_cExport.cmake
[6.709s] -- Up-to-date: /home/user/ros2_ws/install/actions_quiz_msg/share/custom_interfaces/cmake/custom_interfaces__rosidl_typesupport_cExport-noconfig.cmake
[6.709s] -- Up-to-date: /home/user/ros2_ws/install/actions_quiz_msg/share/custom_interfaces/cmake/custom_interfaces__rosidl_typesupport_introspection_cppExport.cmake
[6.709s] -- Up-to-date: /home/user/ros2_ws/install/actions_quiz_msg/share/custom_interfaces/cmake/custom_interfaces__rosidl_typesupport_introspection_cppExport-noconfig.cmake
[6.710s] -- Up-to-date: /home/user/ros2_ws/install/actions_quiz_msg/share/custom_interfaces/cmake/custom_interfaces__rosidl_typesupport_cppExport.cmake
[6.710s] -- Up-to-date: /home/user/ros2_ws/install/actions_quiz_msg/share/custom_interfaces/cmake/custom_interfaces__rosidl_typesupport_cppExport-noconfig.cmake
[6.710s] -- Up-to-date: /home/user/ros2_ws/install/actions_quiz_msg/share/custom_interfaces/cmake/export_custom_interfaces__rosidl_generator_pyExport.cmake
[6.710s] -- Up-to-date: /home/user/ros2_ws/install/actions_quiz_msg/share/custom_interfaces/cmake/export_custom_interfaces__rosidl_generator_pyExport-noconfig.cmake
[6.710s] -- Up-to-date: /home/user/ros2_ws/install/actions_quiz_msg/share/custom_interfaces/cmake/rosidl_cmake-extras.cmake
[6.710s] -- Up-to-date: /home/user/ros2_ws/install/actions_quiz_msg/share/custom_interfaces/cmake/ament_cmake_export_dependencies-extras.cmake
[6.710s] -- Up-to-date: /home/user/ros2_ws/install/actions_quiz_msg/share/custom_interfaces/cmake/ament_cmake_export_include_directories-extras.cmake
[6.711s] -- Up-to-date: /home/user/ros2_ws/install/actions_quiz_msg/share/custom_interfaces/cmake/ament_cmake_export_libraries-extras.cmake
[6.711s] -- Up-to-date: /home/user/ros2_ws/install/actions_quiz_msg/share/custom_interfaces/cmake/ament_cmake_export_targets-extras.cmake
[6.711s] -- Up-to-date: /home/user/ros2_ws/install/actions_quiz_msg/share/custom_interfaces/cmake/rosidl_cmake_export_typesupport_targets-extras.cmake
[6.711s] -- Up-to-date: /home/user/ros2_ws/install/actions_quiz_msg/share/custom_interfaces/cmake/rosidl_cmake_export_typesupport_libraries-extras.cmake
[6.711s] -- Up-to-date: /home/user/ros2_ws/install/actions_quiz_msg/share/custom_interfaces/cmake/custom_interfacesConfig.cmake
[6.716s] -- Up-to-date: /home/user/ros2_ws/install/actions_quiz_msg/share/custom_interfaces/cmake/custom_interfacesConfig-version.cmake
[6.716s] -- Up-to-date: /home/user/ros2_ws/install/actions_quiz_msg/share/custom_interfaces/package.xml
[6.724s] Invoked command in '/home/user/ros2_ws/build/actions_quiz_msg' returned '0': CMAKE_PREFIX_PATH=${CMAKE_PREFIX_PATH}:/home/simulations/ros2_sims_ws/install/turtlebot3_teleop:/home/simulations/ros2_sims_ws/install/turtlebot3_example:/home/simulations/ros2_sims_ws/install/services_pkg:/home/user/ros2_ws/install/topics_quiz:/home/user/ros2_ws/install/subscriber_pkg:/home/user/ros2_ws/install/publisher_pkg:/home/user/ros2_ws/install/my_package:/home/user/ros2_ws/install/my_action_server:/home/user/ros2_ws/install/my_action_client:/home/user/ros2_ws/install/movement_pkg:/home/user/ros2_ws/install/exercise42_pkg:/home/user/ros2_ws/install/client_pkg:/home/user/ros2_ws/install/actions_quiz:/opt/ros/humble _=/usr/bin/env /usr/bin/cmake --install /home/user/ros2_ws/build/actions_quiz_msg
