[5.871s] Invoking command in '/home/user/ros2_ws/src/exercise42_pkg': PYTHONPATH=/home/user/ros2_ws/build/exercise42_pkg/prefix_override:/home/user/ros2_ws/install/exercise42_pkg/lib/python3.10/site-packages:${PYTHONPATH} _=/usr/bin/env /usr/bin/python3 setup.py egg_info --egg-base ../../build/exercise42_pkg build --build-base /home/user/ros2_ws/build/exercise42_pkg/build install --record /home/user/ros2_ws/build/exercise42_pkg/install.log --single-version-externally-managed
[7.668s] running egg_info
[7.668s] creating ../../build/exercise42_pkg/exercise42_pkg.egg-info
[7.670s] writing ../../build/exercise42_pkg/exercise42_pkg.egg-info/PKG-INFO
[7.670s] writing dependency_links to ../../build/exercise42_pkg/exercise42_pkg.egg-info/dependency_links.txt
[7.671s] writing entry points to ../../build/exercise42_pkg/exercise42_pkg.egg-info/entry_points.txt
[7.671s] writing requirements to ../../build/exercise42_pkg/exercise42_pkg.egg-info/requires.txt
[7.671s] writing top-level names to ../../build/exercise42_pkg/exercise42_pkg.egg-info/top_level.txt
[7.671s] writing manifest file '../../build/exercise42_pkg/exercise42_pkg.egg-info/SOURCES.txt'
[7.677s] reading manifest file '../../build/exercise42_pkg/exercise42_pkg.egg-info/SOURCES.txt'
[7.679s] writing manifest file '../../build/exercise42_pkg/exercise42_pkg.egg-info/SOURCES.txt'
[7.679s] running build
[7.679s] running build_py
[7.679s] creating /home/user/ros2_ws/build/exercise42_pkg/build
[7.679s] creating /home/user/ros2_ws/build/exercise42_pkg/build/lib
[7.680s] creating /home/user/ros2_ws/build/exercise42_pkg/build/lib/exercise42_pkg
[7.680s] copying exercise42_pkg/__init__.py -> /home/user/ros2_ws/build/exercise42_pkg/build/lib/exercise42_pkg
[7.680s] copying exercise42_pkg/exercise42.py -> /home/user/ros2_ws/build/exercise42_pkg/build/lib/exercise42_pkg
[7.680s] running install
[7.680s] running install_lib
[7.686s] creating /home/user/ros2_ws/install/exercise42_pkg/lib/python3.10/site-packages/exercise42_pkg
[7.686s] copying /home/user/ros2_ws/build/exercise42_pkg/build/lib/exercise42_pkg/__init__.py -> /home/user/ros2_ws/install/exercise42_pkg/lib/python3.10/site-packages/exercise42_pkg
[7.686s] copying /home/user/ros2_ws/build/exercise42_pkg/build/lib/exercise42_pkg/exercise42.py -> /home/user/ros2_ws/install/exercise42_pkg/lib/python3.10/site-packages/exercise42_pkg
[7.686s] byte-compiling /home/user/ros2_ws/install/exercise42_pkg/lib/python3.10/site-packages/exercise42_pkg/__init__.py to __init__.cpython-310.pyc
[7.686s] byte-compiling /home/user/ros2_ws/install/exercise42_pkg/lib/python3.10/site-packages/exercise42_pkg/exercise42.py to exercise42.cpython-310.pyc
[7.688s] running install_data
[7.688s] creating /home/user/ros2_ws/install/exercise42_pkg/share/ament_index
[7.688s] creating /home/user/ros2_ws/install/exercise42_pkg/share/ament_index/resource_index
[7.689s] creating /home/user/ros2_ws/install/exercise42_pkg/share/ament_index/resource_index/packages
[7.689s] copying resource/exercise42_pkg -> /home/user/ros2_ws/install/exercise42_pkg/share/ament_index/resource_index/packages
[7.689s] copying package.xml -> /home/user/ros2_ws/install/exercise42_pkg/share/exercise42_pkg
[7.691s] copying launch/exercise42_launch_file.launch.py -> /home/user/ros2_ws/install/exercise42_pkg/share/exercise42_pkg
[7.691s] running install_egg_info
[7.694s] Copying ../../build/exercise42_pkg/exercise42_pkg.egg-info to /home/user/ros2_ws/install/exercise42_pkg/lib/python3.10/site-packages/exercise42_pkg-0.0.0-py3.10.egg-info
[7.695s] running install_scripts
[7.861s] Installing exercise42 script to /home/user/ros2_ws/install/exercise42_pkg/lib/exercise42_pkg
[7.861s] writing list of installed files to '/home/user/ros2_ws/build/exercise42_pkg/install.log'
[7.966s] Invoked command in '/home/user/ros2_ws/src/exercise42_pkg' returned '0': PYTHONPATH=/home/user/ros2_ws/build/exercise42_pkg/prefix_override:/home/user/ros2_ws/install/exercise42_pkg/lib/python3.10/site-packages:${PYTHONPATH} _=/usr/bin/env /usr/bin/python3 setup.py egg_info --egg-base ../../build/exercise42_pkg build --build-base /home/user/ros2_ws/build/exercise42_pkg/build install --record /home/user/ros2_ws/build/exercise42_pkg/install.log --single-version-externally-managed
