[5.968s] Invoking command in '/home/user/ros2_ws/src/my_action_client': PYTHONPATH=/home/user/ros2_ws/build/my_action_client/prefix_override:/home/user/ros2_ws/install/my_action_client/lib/python3.10/site-packages:${PYTHONPATH} _=/usr/bin/env /usr/bin/python3 setup.py egg_info --egg-base ../../build/my_action_client build --build-base /home/user/ros2_ws/build/my_action_client/build install --record /home/user/ros2_ws/build/my_action_client/install.log --single-version-externally-managed
[7.945s] running egg_info
[7.946s] writing ../../build/my_action_client/my_action_client.egg-info/PKG-INFO
[7.946s] writing dependency_links to ../../build/my_action_client/my_action_client.egg-info/dependency_links.txt
[7.946s] writing entry points to ../../build/my_action_client/my_action_client.egg-info/entry_points.txt
[7.947s] writing requirements to ../../build/my_action_client/my_action_client.egg-info/requires.txt
[7.947s] writing top-level names to ../../build/my_action_client/my_action_client.egg-info/top_level.txt
[8.005s] reading manifest file '../../build/my_action_client/my_action_client.egg-info/SOURCES.txt'
[8.005s] writing manifest file '../../build/my_action_client/my_action_client.egg-info/SOURCES.txt'
[8.005s] running build
[8.006s] running build_py
[8.006s] running install
[8.006s] running install_lib
[8.009s] running install_data
[8.016s] running install_egg_info
[8.019s] removing '/home/user/ros2_ws/install/my_action_client/lib/python3.10/site-packages/my_action_client-0.0.0-py3.10.egg-info' (and everything under it)
[8.020s] Copying ../../build/my_action_client/my_action_client.egg-info to /home/user/ros2_ws/install/my_action_client/lib/python3.10/site-packages/my_action_client-0.0.0-py3.10.egg-info
[8.022s] running install_scripts
[8.129s] Installing example62 script to /home/user/ros2_ws/install/my_action_client/lib/my_action_client
[8.130s] writing list of installed files to '/home/user/ros2_ws/build/my_action_client/install.log'
[9.026s] Invoked command in '/home/user/ros2_ws/src/my_action_client' returned '0': PYTHONPATH=/home/user/ros2_ws/build/my_action_client/prefix_override:/home/user/ros2_ws/install/my_action_client/lib/python3.10/site-packages:${PYTHONPATH} _=/usr/bin/env /usr/bin/python3 setup.py egg_info --egg-base ../../build/my_action_client build --build-base /home/user/ros2_ws/build/my_action_client/build install --record /home/user/ros2_ws/build/my_action_client/install.log --single-version-externally-managed
