[1.254s] Invoking command in '/home/user/ros2_ws/src/movement_pkg': CMAKE_PREFIX_PATH=/home/user/ros2_ws/install/custom_interfaces:/home/simulations/ros2_sims_ws/install/turtlebot3:/home/simulations/ros2_sims_ws/install/turtlebot3_simulations:/home/simulations/ros2_sims_ws/install/turtlebot3_navigation2:/home/simulations/ros2_sims_ws/install/turtlebot3_msgs:/home/simulations/ros2_sims_ws/install/turtlebot3_gazebo:/home/simulations/ros2_sims_ws/install/turtlebot3_bringup:/home/simulations/ros2_sims_ws/install/turtlebot3_description:/home/simulations/ros2_sims_ws/install/turtlebot3_cartographer:/home/simulations/ros2_sims_ws/install/turtlebot3_as:/home/simulations/ros2_sims_ws/install/t3_action_msg:/home/simulations/ros2_sims_ws/install/dynamixel_sdk LD_LIBRARY_PATH=/home/user/ros2_ws/install/custom_interfaces/lib:/usr/local/cuda-10.2/lib64:/home/user/.catkin_ws_python3/src/TensorRT-7.0.0.11/lib:/home/simulations/ros2_sims_ws/install/turtlebot3_msgs/lib:/home/simulations/ros2_sims_ws/install/t3_action_msg/lib:/home/simulations/ros2_sims_ws/install/dynamixel_sdk/lib:/opt/ros/humble/opt/rviz_ogre_vendor/lib:/opt/ros/humble/lib/x86_64-linux-gnu:/opt/ros/humble/lib:/usr/local/cuda-10.2/lib64:/home/user/.catkin_ws_python3/src/TensorRT-7.0.0.11/lib:/usr/lib/x86_64-linux-gnu/gazebo-11/plugins:/usr/lib/x86_64-linux-gnu/gazebo-11/plugins:/usr/lib/x86_64-linux-gnu/gazebo-11/plugins PYTHONPATH=/home/user/ros2_ws/build/movement_pkg/prefix_override:/home/user/ros2_ws/install/movement_pkg/lib/python3.10/site-packages:${PYTHONPATH} _=/usr/bin/env /usr/bin/python3 setup.py egg_info --egg-base ../../build/movement_pkg build --build-base /home/user/ros2_ws/build/movement_pkg/build install --record /home/user/ros2_ws/build/movement_pkg/install.log --single-version-externally-managed
[1.812s] running egg_info
[1.814s] creating ../../build/movement_pkg/movement_pkg.egg-info
[1.814s] writing ../../build/movement_pkg/movement_pkg.egg-info/PKG-INFO
[1.814s] writing dependency_links to ../../build/movement_pkg/movement_pkg.egg-info/dependency_links.txt
[1.815s] writing entry points to ../../build/movement_pkg/movement_pkg.egg-info/entry_points.txt
[1.815s] writing requirements to ../../build/movement_pkg/movement_pkg.egg-info/requires.txt
[1.815s] writing top-level names to ../../build/movement_pkg/movement_pkg.egg-info/top_level.txt
[1.815s] writing manifest file '../../build/movement_pkg/movement_pkg.egg-info/SOURCES.txt'
[1.826s] reading manifest file '../../build/movement_pkg/movement_pkg.egg-info/SOURCES.txt'
[1.826s] writing manifest file '../../build/movement_pkg/movement_pkg.egg-info/SOURCES.txt'
[1.826s] running build
[1.826s] running build_py
[1.826s] creating /home/user/ros2_ws/build/movement_pkg/build
[1.826s] creating /home/user/ros2_ws/build/movement_pkg/build/lib
[1.827s] creating /home/user/ros2_ws/build/movement_pkg/build/lib/movement_pkg
[1.827s] copying movement_pkg/movement_client.py -> /home/user/ros2_ws/build/movement_pkg/build/lib/movement_pkg
[1.827s] copying movement_pkg/movement_server.py -> /home/user/ros2_ws/build/movement_pkg/build/lib/movement_pkg
[1.827s] copying movement_pkg/__init__.py -> /home/user/ros2_ws/build/movement_pkg/build/lib/movement_pkg
[1.827s] running install
[1.827s] running install_lib
[1.827s] creating /home/user/ros2_ws/install/movement_pkg/lib/python3.10/site-packages/movement_pkg
[1.827s] copying /home/user/ros2_ws/build/movement_pkg/build/lib/movement_pkg/movement_client.py -> /home/user/ros2_ws/install/movement_pkg/lib/python3.10/site-packages/movement_pkg
[1.827s] copying /home/user/ros2_ws/build/movement_pkg/build/lib/movement_pkg/movement_server.py -> /home/user/ros2_ws/install/movement_pkg/lib/python3.10/site-packages/movement_pkg
[1.827s] copying /home/user/ros2_ws/build/movement_pkg/build/lib/movement_pkg/__init__.py -> /home/user/ros2_ws/install/movement_pkg/lib/python3.10/site-packages/movement_pkg
[1.827s] byte-compiling /home/user/ros2_ws/install/movement_pkg/lib/python3.10/site-packages/movement_pkg/movement_client.py to movement_client.cpython-310.pyc
[1.828s] byte-compiling /home/user/ros2_ws/install/movement_pkg/lib/python3.10/site-packages/movement_pkg/movement_server.py to movement_server.cpython-310.pyc
[1.828s] byte-compiling /home/user/ros2_ws/install/movement_pkg/lib/python3.10/site-packages/movement_pkg/__init__.py to __init__.cpython-310.pyc
[1.828s] running install_data
[1.828s] creating /home/user/ros2_ws/install/movement_pkg/share/ament_index
[1.828s] creating /home/user/ros2_ws/install/movement_pkg/share/ament_index/resource_index
[1.828s] creating /home/user/ros2_ws/install/movement_pkg/share/ament_index/resource_index/packages
[1.828s] copying resource/movement_pkg -> /home/user/ros2_ws/install/movement_pkg/share/ament_index/resource_index/packages
[1.828s] copying package.xml -> /home/user/ros2_ws/install/movement_pkg/share/movement_pkg
[1.828s] copying launch/movement_server_launch_file.launch.py -> /home/user/ros2_ws/install/movement_pkg/share/movement_pkg
[1.829s] running install_egg_info
[1.829s] Copying ../../build/movement_pkg/movement_pkg.egg-info to /home/user/ros2_ws/install/movement_pkg/lib/python3.10/site-packages/movement_pkg-0.0.0-py3.10.egg-info
[1.831s] running install_scripts
[1.869s] Installing movement_client script to /home/user/ros2_ws/install/movement_pkg/lib/movement_pkg
[1.869s] Installing movement_server script to /home/user/ros2_ws/install/movement_pkg/lib/movement_pkg
[1.870s] writing list of installed files to '/home/user/ros2_ws/build/movement_pkg/install.log'
[1.916s] Invoked command in '/home/user/ros2_ws/src/movement_pkg' returned '0': CMAKE_PREFIX_PATH=/home/user/ros2_ws/install/custom_interfaces:/home/simulations/ros2_sims_ws/install/turtlebot3:/home/simulations/ros2_sims_ws/install/turtlebot3_simulations:/home/simulations/ros2_sims_ws/install/turtlebot3_navigation2:/home/simulations/ros2_sims_ws/install/turtlebot3_msgs:/home/simulations/ros2_sims_ws/install/turtlebot3_gazebo:/home/simulations/ros2_sims_ws/install/turtlebot3_bringup:/home/simulations/ros2_sims_ws/install/turtlebot3_description:/home/simulations/ros2_sims_ws/install/turtlebot3_cartographer:/home/simulations/ros2_sims_ws/install/turtlebot3_as:/home/simulations/ros2_sims_ws/install/t3_action_msg:/home/simulations/ros2_sims_ws/install/dynamixel_sdk LD_LIBRARY_PATH=/home/user/ros2_ws/install/custom_interfaces/lib:/usr/local/cuda-10.2/lib64:/home/user/.catkin_ws_python3/src/TensorRT-7.0.0.11/lib:/home/simulations/ros2_sims_ws/install/turtlebot3_msgs/lib:/home/simulations/ros2_sims_ws/install/t3_action_msg/lib:/home/simulations/ros2_sims_ws/install/dynamixel_sdk/lib:/opt/ros/humble/opt/rviz_ogre_vendor/lib:/opt/ros/humble/lib/x86_64-linux-gnu:/opt/ros/humble/lib:/usr/local/cuda-10.2/lib64:/home/user/.catkin_ws_python3/src/TensorRT-7.0.0.11/lib:/usr/lib/x86_64-linux-gnu/gazebo-11/plugins:/usr/lib/x86_64-linux-gnu/gazebo-11/plugins:/usr/lib/x86_64-linux-gnu/gazebo-11/plugins PYTHONPATH=/home/user/ros2_ws/build/movement_pkg/prefix_override:/home/user/ros2_ws/install/movement_pkg/lib/python3.10/site-packages:${PYTHONPATH} _=/usr/bin/env /usr/bin/python3 setup.py egg_info --egg-base ../../build/movement_pkg build --build-base /home/user/ros2_ws/build/movement_pkg/build install --record /home/user/ros2_ws/build/movement_pkg/install.log --single-version-externally-managed
