[1.207s] Invoking command in '/home/user/ros2_ws/src/example36_pkg': LD_LIBRARY_PATH=/home/user/ros2_ws/install/custom_interfaces/lib:/usr/local/cuda-10.2/lib64:/home/user/.catkin_ws_python3/src/TensorRT-7.0.0.11/lib:/home/simulations/ros2_sims_ws/install/turtlebot3_msgs/lib:/home/simulations/ros2_sims_ws/install/t3_action_msg/lib:/home/simulations/ros2_sims_ws/install/dynamixel_sdk/lib:/opt/ros/humble/opt/rviz_ogre_vendor/lib:/opt/ros/humble/lib/x86_64-linux-gnu:/opt/ros/humble/lib:/usr/local/cuda-10.2/lib64:/home/user/.catkin_ws_python3/src/TensorRT-7.0.0.11/lib:/usr/lib/x86_64-linux-gnu/gazebo-11/plugins:/usr/lib/x86_64-linux-gnu/gazebo-11/plugins:/usr/lib/x86_64-linux-gnu/gazebo-11/plugins PYTHONPATH=/home/user/ros2_ws/build/example36_pkg/prefix_override:/home/user/ros2_ws/install/example36_pkg/lib/python3.10/site-packages:${PYTHONPATH} _=/usr/bin/env /usr/bin/python3 setup.py egg_info --egg-base ../../build/example36_pkg build --build-base /home/user/ros2_ws/build/example36_pkg/build install --record /home/user/ros2_ws/build/example36_pkg/install.log --single-version-externally-managed
[1.712s] running egg_info
[1.713s] creating ../../build/example36_pkg/example36_pkg.egg-info
[1.713s] writing ../../build/example36_pkg/example36_pkg.egg-info/PKG-INFO
[1.713s] writing dependency_links to ../../build/example36_pkg/example36_pkg.egg-info/dependency_links.txt
[1.713s] writing entry points to ../../build/example36_pkg/example36_pkg.egg-info/entry_points.txt
[1.714s] writing requirements to ../../build/example36_pkg/example36_pkg.egg-info/requires.txt
[1.714s] writing top-level names to ../../build/example36_pkg/example36_pkg.egg-info/top_level.txt
[1.714s] writing manifest file '../../build/example36_pkg/example36_pkg.egg-info/SOURCES.txt'
[1.718s] reading manifest file '../../build/example36_pkg/example36_pkg.egg-info/SOURCES.txt'
[1.718s] writing manifest file '../../build/example36_pkg/example36_pkg.egg-info/SOURCES.txt'
[1.718s] running build
[1.718s] running build_py
[1.718s] creating /home/user/ros2_ws/build/example36_pkg/build
[1.719s] creating /home/user/ros2_ws/build/example36_pkg/build/lib
[1.719s] creating /home/user/ros2_ws/build/example36_pkg/build/lib/example36_pkg
[1.719s] copying example36_pkg/example36.py -> /home/user/ros2_ws/build/example36_pkg/build/lib/example36_pkg
[1.719s] copying example36_pkg/__init__.py -> /home/user/ros2_ws/build/example36_pkg/build/lib/example36_pkg
[1.719s] running install
[1.720s] running install_lib
[1.721s] creating /home/user/ros2_ws/install/example36_pkg/lib/python3.10/site-packages/example36_pkg
[1.721s] copying /home/user/ros2_ws/build/example36_pkg/build/lib/example36_pkg/example36.py -> /home/user/ros2_ws/install/example36_pkg/lib/python3.10/site-packages/example36_pkg
[1.721s] copying /home/user/ros2_ws/build/example36_pkg/build/lib/example36_pkg/__init__.py -> /home/user/ros2_ws/install/example36_pkg/lib/python3.10/site-packages/example36_pkg
[1.722s] byte-compiling /home/user/ros2_ws/install/example36_pkg/lib/python3.10/site-packages/example36_pkg/example36.py to example36.cpython-310.pyc
[1.723s] byte-compiling /home/user/ros2_ws/install/example36_pkg/lib/python3.10/site-packages/example36_pkg/__init__.py to __init__.cpython-310.pyc
[1.723s] running install_data
[1.724s] creating /home/user/ros2_ws/install/example36_pkg/share/ament_index
[1.724s] creating /home/user/ros2_ws/install/example36_pkg/share/ament_index/resource_index
[1.724s] creating /home/user/ros2_ws/install/example36_pkg/share/ament_index/resource_index/packages
[1.724s] copying resource/example36_pkg -> /home/user/ros2_ws/install/example36_pkg/share/ament_index/resource_index/packages
[1.725s] copying package.xml -> /home/user/ros2_ws/install/example36_pkg/share/example36_pkg
[1.725s] running install_egg_info
[1.727s] Copying ../../build/example36_pkg/example36_pkg.egg-info to /home/user/ros2_ws/install/example36_pkg/lib/python3.10/site-packages/example36_pkg-0.0.0-py3.10.egg-info
[1.729s] running install_scripts
[1.766s] Installing example36 script to /home/user/ros2_ws/install/example36_pkg/lib/example36_pkg
[1.767s] writing list of installed files to '/home/user/ros2_ws/build/example36_pkg/install.log'
[1.806s] Invoked command in '/home/user/ros2_ws/src/example36_pkg' returned '0': LD_LIBRARY_PATH=/home/user/ros2_ws/install/custom_interfaces/lib:/usr/local/cuda-10.2/lib64:/home/user/.catkin_ws_python3/src/TensorRT-7.0.0.11/lib:/home/simulations/ros2_sims_ws/install/turtlebot3_msgs/lib:/home/simulations/ros2_sims_ws/install/t3_action_msg/lib:/home/simulations/ros2_sims_ws/install/dynamixel_sdk/lib:/opt/ros/humble/opt/rviz_ogre_vendor/lib:/opt/ros/humble/lib/x86_64-linux-gnu:/opt/ros/humble/lib:/usr/local/cuda-10.2/lib64:/home/user/.catkin_ws_python3/src/TensorRT-7.0.0.11/lib:/usr/lib/x86_64-linux-gnu/gazebo-11/plugins:/usr/lib/x86_64-linux-gnu/gazebo-11/plugins:/usr/lib/x86_64-linux-gnu/gazebo-11/plugins PYTHONPATH=/home/user/ros2_ws/build/example36_pkg/prefix_override:/home/user/ros2_ws/install/example36_pkg/lib/python3.10/site-packages:${PYTHONPATH} _=/usr/bin/env /usr/bin/python3 setup.py egg_info --egg-base ../../build/example36_pkg build --build-base /home/user/ros2_ws/build/example36_pkg/build install --record /home/user/ros2_ws/build/example36_pkg/install.log --single-version-externally-managed
