[1.804s] Invoking command in '/home/user/ros2_ws/src/my_package': PYTHONPATH=/home/user/ros2_ws/build/my_package/prefix_override:/home/user/ros2_ws/install/my_package/lib/python3.10/site-packages:${PYTHONPATH} _=/usr/bin/env /usr/bin/python3 setup.py egg_info --egg-base ../../build/my_package build --build-base /home/user/ros2_ws/build/my_package/build install --record /home/user/ros2_ws/build/my_package/install.log --single-version-externally-managed
[2.337s] running egg_info
[2.339s] writing ../../build/my_package/my_package.egg-info/PKG-INFO
[2.339s] writing dependency_links to ../../build/my_package/my_package.egg-info/dependency_links.txt
[2.340s] writing entry points to ../../build/my_package/my_package.egg-info/entry_points.txt
[2.341s] writing requirements to ../../build/my_package/my_package.egg-info/requires.txt
[2.341s] writing top-level names to ../../build/my_package/my_package.egg-info/top_level.txt
[2.345s] reading manifest file '../../build/my_package/my_package.egg-info/SOURCES.txt'
[2.346s] writing manifest file '../../build/my_package/my_package.egg-info/SOURCES.txt'
[2.347s] running build
[2.347s] running build_py
[2.348s] running install
[2.348s] running install_lib
[2.351s] running install_data
[2.352s] running install_egg_info
[2.356s] removing '/home/user/ros2_ws/install/my_package/lib/python3.10/site-packages/my_package-0.0.0-py3.10.egg-info' (and everything under it)
[2.357s] Copying ../../build/my_package/my_package.egg-info to /home/user/ros2_ws/install/my_package/lib/python3.10/site-packages/my_package-0.0.0-py3.10.egg-info
[2.360s] running install_scripts
[2.410s] Installing simple_node script to /home/user/ros2_ws/install/my_package/lib/my_package
[2.410s] writing list of installed files to '/home/user/ros2_ws/build/my_package/install.log'
[2.462s] Invoked command in '/home/user/ros2_ws/src/my_package' returned '0': PYTHONPATH=/home/user/ros2_ws/build/my_package/prefix_override:/home/user/ros2_ws/install/my_package/lib/python3.10/site-packages:${PYTHONPATH} _=/usr/bin/env /usr/bin/python3 setup.py egg_info --egg-base ../../build/my_package build --build-base /home/user/ros2_ws/build/my_package/build install --record /home/user/ros2_ws/build/my_package/install.log --single-version-externally-managed
