[1.170s] Invoking command in '/home/user/ros2_ws/src/my_package': PYTHONPATH=/home/user/ros2_ws/build/my_package/prefix_override:/home/user/ros2_ws/install/my_package/lib/python3.10/site-packages:${PYTHONPATH} _=/usr/bin/env /usr/bin/python3 setup.py egg_info --egg-base ../../build/my_package build --build-base /home/user/ros2_ws/build/my_package/build install --record /home/user/ros2_ws/build/my_package/install.log --single-version-externally-managed
[1.631s] running egg_info
[1.632s] writing ../../build/my_package/my_package.egg-info/PKG-INFO
[1.632s] writing dependency_links to ../../build/my_package/my_package.egg-info/dependency_links.txt
[1.633s] writing entry points to ../../build/my_package/my_package.egg-info/entry_points.txt
[1.633s] writing requirements to ../../build/my_package/my_package.egg-info/requires.txt
[1.633s] writing top-level names to ../../build/my_package/my_package.egg-info/top_level.txt
[1.635s] reading manifest file '../../build/my_package/my_package.egg-info/SOURCES.txt'
[1.637s] writing manifest file '../../build/my_package/my_package.egg-info/SOURCES.txt'
[1.637s] running build
[1.637s] running build_py
[1.637s] running install
[1.638s] running install_lib
[1.641s] running install_data
[1.641s] running install_egg_info
[1.643s] removing '/home/user/ros2_ws/install/my_package/lib/python3.10/site-packages/my_package-0.0.0-py3.10.egg-info' (and everything under it)
[1.644s] Copying ../../build/my_package/my_package.egg-info to /home/user/ros2_ws/install/my_package/lib/python3.10/site-packages/my_package-0.0.0-py3.10.egg-info
[1.645s] running install_scripts
[1.679s] writing list of installed files to '/home/user/ros2_ws/build/my_package/install.log'
[1.716s] Invoked command in '/home/user/ros2_ws/src/my_package' returned '0': PYTHONPATH=/home/user/ros2_ws/build/my_package/prefix_override:/home/user/ros2_ws/install/my_package/lib/python3.10/site-packages:${PYTHONPATH} _=/usr/bin/env /usr/bin/python3 setup.py egg_info --egg-base ../../build/my_package build --build-base /home/user/ros2_ws/build/my_package/build install --record /home/user/ros2_ws/build/my_package/install.log --single-version-externally-managed
