[2.017s] Invoking command in '/home/user/ros2_ws/src/example36_pkg': AMENT_PREFIX_PATH=/home/user/ros2_ws/install/custom_interfaces:${AMENT_PREFIX_PATH} CMAKE_PREFIX_PATH=/home/user/ros2_ws/install/custom_interfaces:${CMAKE_PREFIX_PATH} LD_LIBRARY_PATH=/home/user/ros2_ws/install/custom_interfaces/lib:/usr/local/cuda-10.2/lib64:/home/user/.catkin_ws_python3/src/TensorRT-7.0.0.11/lib:/home/simulations/ros2_sims_ws/install/turtlebot3_msgs/lib:/home/simulations/ros2_sims_ws/install/t3_action_msg/lib:/home/simulations/ros2_sims_ws/install/dynamixel_sdk/lib:/opt/ros/humble/opt/rviz_ogre_vendor/lib:/opt/ros/humble/lib/x86_64-linux-gnu:/opt/ros/humble/lib:/usr/local/cuda-10.2/lib64:/home/user/.catkin_ws_python3/src/TensorRT-7.0.0.11/lib:/usr/lib/x86_64-linux-gnu/gazebo-11/plugins:/usr/lib/x86_64-linux-gnu/gazebo-11/plugins:/usr/lib/x86_64-linux-gnu/gazebo-11/plugins PYTHONPATH=/home/user/ros2_ws/build/example36_pkg/prefix_override:/home/user/ros2_ws/install/example36_pkg/lib/python3.10/site-packages:/home/user/ros2_ws/install/custom_interfaces/local/lib/python3.10/dist-packages:${PYTHONPATH} _=/usr/bin/env /usr/bin/python3 setup.py egg_info --egg-base ../../build/example36_pkg build --build-base /home/user/ros2_ws/build/example36_pkg/build install --record /home/user/ros2_ws/build/example36_pkg/install.log --single-version-externally-managed
[2.644s] running egg_info
[2.644s] creating ../../build/example36_pkg/example36_pkg.egg-info
[2.644s] writing ../../build/example36_pkg/example36_pkg.egg-info/PKG-INFO
[2.645s] writing dependency_links to ../../build/example36_pkg/example36_pkg.egg-info/dependency_links.txt
[2.645s] writing entry points to ../../build/example36_pkg/example36_pkg.egg-info/entry_points.txt
[2.645s] writing requirements to ../../build/example36_pkg/example36_pkg.egg-info/requires.txt
[2.645s] writing top-level names to ../../build/example36_pkg/example36_pkg.egg-info/top_level.txt
[2.646s] writing manifest file '../../build/example36_pkg/example36_pkg.egg-info/SOURCES.txt'
[2.648s] reading manifest file '../../build/example36_pkg/example36_pkg.egg-info/SOURCES.txt'
[2.651s] writing manifest file '../../build/example36_pkg/example36_pkg.egg-info/SOURCES.txt'
[2.651s] running build
[2.651s] running build_py
[2.651s] creating /home/user/ros2_ws/build/example36_pkg/build
[2.651s] creating /home/user/ros2_ws/build/example36_pkg/build/lib
[2.651s] creating /home/user/ros2_ws/build/example36_pkg/build/lib/example36_pkg
[2.652s] copying example36_pkg/example36.py -> /home/user/ros2_ws/build/example36_pkg/build/lib/example36_pkg
[2.652s] copying example36_pkg/__init__.py -> /home/user/ros2_ws/build/example36_pkg/build/lib/example36_pkg
[2.652s] running install
[2.652s] running install_lib
[2.653s] creating /home/user/ros2_ws/install/example36_pkg/lib/python3.10/site-packages/example36_pkg
[2.653s] copying /home/user/ros2_ws/build/example36_pkg/build/lib/example36_pkg/example36.py -> /home/user/ros2_ws/install/example36_pkg/lib/python3.10/site-packages/example36_pkg
[2.653s] copying /home/user/ros2_ws/build/example36_pkg/build/lib/example36_pkg/__init__.py -> /home/user/ros2_ws/install/example36_pkg/lib/python3.10/site-packages/example36_pkg
[2.654s] byte-compiling /home/user/ros2_ws/install/example36_pkg/lib/python3.10/site-packages/example36_pkg/example36.py to example36.cpython-310.pyc
[2.655s] byte-compiling /home/user/ros2_ws/install/example36_pkg/lib/python3.10/site-packages/example36_pkg/__init__.py to __init__.cpython-310.pyc
[2.655s] running install_data
[2.656s] creating /home/user/ros2_ws/install/example36_pkg/share/ament_index
[2.656s] creating /home/user/ros2_ws/install/example36_pkg/share/ament_index/resource_index
[2.656s] creating /home/user/ros2_ws/install/example36_pkg/share/ament_index/resource_index/packages
[2.656s] copying resource/example36_pkg -> /home/user/ros2_ws/install/example36_pkg/share/ament_index/resource_index/packages
[2.657s] copying package.xml -> /home/user/ros2_ws/install/example36_pkg/share/example36_pkg
[2.657s] copying launch/example36.launch.py -> /home/user/ros2_ws/install/example36_pkg/share/example36_pkg
[2.657s] running install_egg_info
[2.659s] Copying ../../build/example36_pkg/example36_pkg.egg-info to /home/user/ros2_ws/install/example36_pkg/lib/python3.10/site-packages/example36_pkg-0.0.0-py3.10.egg-info
[2.660s] running install_scripts
[2.698s] Installing example36 script to /home/user/ros2_ws/install/example36_pkg/lib/example36_pkg
[2.699s] writing list of installed files to '/home/user/ros2_ws/build/example36_pkg/install.log'
