[8.617s] Invoking command in '/home/user/ros2_ws/src/exercise42_pkg': PYTHONPATH=/home/user/ros2_ws/src/install/exercise42_pkg/lib/python3.10/site-packages:${PYTHONPATH} _=/usr/bin/env /usr/bin/python3 setup.py egg_info --egg-base ../build/exercise42_pkg build --build-base /home/user/ros2_ws/src/build/exercise42_pkg/build install --prefix /home/user/ros2_ws/src/install/exercise42_pkg --record /home/user/ros2_ws/src/build/exercise42_pkg/install.log --single-version-externally-managed
[11.698s] running egg_info
[11.699s] creating ../build/exercise42_pkg/exercise42_pkg.egg-info
[11.701s] writing ../build/exercise42_pkg/exercise42_pkg.egg-info/PKG-INFO
[11.701s] writing dependency_links to ../build/exercise42_pkg/exercise42_pkg.egg-info/dependency_links.txt
[11.701s] writing entry points to ../build/exercise42_pkg/exercise42_pkg.egg-info/entry_points.txt
[11.701s] writing requirements to ../build/exercise42_pkg/exercise42_pkg.egg-info/requires.txt
[11.702s] writing top-level names to ../build/exercise42_pkg/exercise42_pkg.egg-info/top_level.txt
[11.702s] writing manifest file '../build/exercise42_pkg/exercise42_pkg.egg-info/SOURCES.txt'
[11.703s] reading manifest file '../build/exercise42_pkg/exercise42_pkg.egg-info/SOURCES.txt'
[11.704s] writing manifest file '../build/exercise42_pkg/exercise42_pkg.egg-info/SOURCES.txt'
[11.705s] running build
[11.705s] running build_py
[11.705s] creating /home/user/ros2_ws/src/build/exercise42_pkg/build
[11.705s] creating /home/user/ros2_ws/src/build/exercise42_pkg/build/lib
[11.706s] creating /home/user/ros2_ws/src/build/exercise42_pkg/build/lib/exercise42_pkg
[11.706s] copying exercise42_pkg/__init__.py -> /home/user/ros2_ws/src/build/exercise42_pkg/build/lib/exercise42_pkg
[11.706s] copying exercise42_pkg/exercise42.py -> /home/user/ros2_ws/src/build/exercise42_pkg/build/lib/exercise42_pkg
[11.707s] running install
[11.707s] running install_lib
[11.709s] creating /home/user/ros2_ws/src/install/exercise42_pkg/lib/python3.10/site-packages/exercise42_pkg
[11.709s] copying /home/user/ros2_ws/src/build/exercise42_pkg/build/lib/exercise42_pkg/__init__.py -> /home/user/ros2_ws/src/install/exercise42_pkg/lib/python3.10/site-packages/exercise42_pkg
[11.710s] copying /home/user/ros2_ws/src/build/exercise42_pkg/build/lib/exercise42_pkg/exercise42.py -> /home/user/ros2_ws/src/install/exercise42_pkg/lib/python3.10/site-packages/exercise42_pkg
[11.713s] byte-compiling /home/user/ros2_ws/src/install/exercise42_pkg/lib/python3.10/site-packages/exercise42_pkg/__init__.py to __init__.cpython-310.pyc
[11.714s] byte-compiling /home/user/ros2_ws/src/install/exercise42_pkg/lib/python3.10/site-packages/exercise42_pkg/exercise42.py to exercise42.cpython-310.pyc
[11.791s] running install_data
[11.793s] creating /home/user/ros2_ws/src/install/exercise42_pkg/share/ament_index
[11.793s] creating /home/user/ros2_ws/src/install/exercise42_pkg/share/ament_index/resource_index
[11.794s] creating /home/user/ros2_ws/src/install/exercise42_pkg/share/ament_index/resource_index/packages
[11.794s] copying resource/exercise42_pkg -> /home/user/ros2_ws/src/install/exercise42_pkg/share/ament_index/resource_index/packages
[11.795s] copying package.xml -> /home/user/ros2_ws/src/install/exercise42_pkg/share/exercise42_pkg
[11.795s] copying launch/exercise42_launch_file.launch.py -> /home/user/ros2_ws/src/install/exercise42_pkg/share/exercise42_pkg
[11.795s] running install_egg_info
[11.803s] Copying ../build/exercise42_pkg/exercise42_pkg.egg-info to /home/user/ros2_ws/src/install/exercise42_pkg/lib/python3.10/site-packages/exercise42_pkg-0.0.0-py3.10.egg-info
[11.805s] running install_scripts
[12.304s] Installing exercise42 script to /home/user/ros2_ws/src/install/exercise42_pkg/lib/exercise42_pkg
[12.304s] writing list of installed files to '/home/user/ros2_ws/src/build/exercise42_pkg/install.log'
[16.116s] Invoked command in '/home/user/ros2_ws/src/exercise42_pkg' returned '0': PYTHONPATH=/home/user/ros2_ws/src/install/exercise42_pkg/lib/python3.10/site-packages:${PYTHONPATH} _=/usr/bin/env /usr/bin/python3 setup.py egg_info --egg-base ../build/exercise42_pkg build --build-base /home/user/ros2_ws/src/build/exercise42_pkg/build install --prefix /home/user/ros2_ws/src/install/exercise42_pkg --record /home/user/ros2_ws/src/build/exercise42_pkg/install.log --single-version-externally-managed
