[1.094s] Invoking command in '/home/user/ros2_ws/src/my_package': PYTHONPATH=/home/user/ros2_ws/build/my_package/prefix_override:/home/user/ros2_ws/install/my_package/lib/python3.10/site-packages:${PYTHONPATH} _=/usr/bin/env /usr/bin/python3 setup.py egg_info --egg-base ../../build/my_package build --build-base /home/user/ros2_ws/build/my_package/build install --record /home/user/ros2_ws/build/my_package/install.log --single-version-externally-managed
[1.507s] running egg_info
[1.508s] writing ../../build/my_package/my_package.egg-info/PKG-INFO
[1.509s] writing dependency_links to ../../build/my_package/my_package.egg-info/dependency_links.txt
[1.509s] writing entry points to ../../build/my_package/my_package.egg-info/entry_points.txt
[1.509s] writing requirements to ../../build/my_package/my_package.egg-info/requires.txt
[1.510s] writing top-level names to ../../build/my_package/my_package.egg-info/top_level.txt
[1.512s] reading manifest file '../../build/my_package/my_package.egg-info/SOURCES.txt'
[1.513s] writing manifest file '../../build/my_package/my_package.egg-info/SOURCES.txt'
[1.514s] running build
[1.514s] running build_py
[1.514s] running install
[1.514s] running install_lib
[1.516s] running install_data
[1.517s] copying launch/my_package_launch_file.launch.py -> /home/user/ros2_ws/install/my_package/share/my_package
[1.517s] running install_egg_info
[1.520s] removing '/home/user/ros2_ws/install/my_package/lib/python3.10/site-packages/my_package-0.0.0-py3.10.egg-info' (and everything under it)
[1.520s] Copying ../../build/my_package/my_package.egg-info to /home/user/ros2_ws/install/my_package/lib/python3.10/site-packages/my_package-0.0.0-py3.10.egg-info
[1.521s] running install_scripts
[1.553s] Installing simple_node script to /home/user/ros2_ws/install/my_package/lib/my_package
[1.553s] writing list of installed files to '/home/user/ros2_ws/build/my_package/install.log'
[1.599s] Invoked command in '/home/user/ros2_ws/src/my_package' returned '0': PYTHONPATH=/home/user/ros2_ws/build/my_package/prefix_override:/home/user/ros2_ws/install/my_package/lib/python3.10/site-packages:${PYTHONPATH} _=/usr/bin/env /usr/bin/python3 setup.py egg_info --egg-base ../../build/my_package build --build-base /home/user/ros2_ws/build/my_package/build install --record /home/user/ros2_ws/build/my_package/install.log --single-version-externally-managed
