[0.051s] Invoking command in '/home/user/ros2_ws/build/actions_quiz_msg': CMAKE_PREFIX_PATH=${CMAKE_PREFIX_PATH}:/home/user/ros2_ws/install/my_action_server:/home/user/ros2_ws/install/my_action_client:/home/simulations/ros2_sims_ws/install/turtlebot3_teleop:/home/simulations/ros2_sims_ws/install/turtlebot3_example:/home/simulations/ros2_sims_ws/install/services_pkg:/home/user/ros2_ws/install/topics_quiz:/home/user/ros2_ws/install/subscriber_pkg:/home/user/ros2_ws/install/publisher_pkg:/home/user/ros2_ws/install/my_package:/home/user/ros2_ws/install/movement_pkg:/home/user/ros2_ws/install/exercise42_pkg:/home/user/ros2_ws/install/client_pkg:/opt/ros/humble _=/usr/bin/env /usr/bin/cmake /home/user/ros2_ws/src/actions_quiz_msg -DCMAKE_INSTALL_PREFIX=/home/user/ros2_ws/install/actions_quiz_msg
[0.181s] -- The C compiler identification is GNU 11.2.0
[0.296s] -- The CXX compiler identification is GNU 11.2.0
[0.311s] -- Detecting C compiler ABI info
[0.451s] -- Detecting C compiler ABI info - done
[0.467s] -- Check for working C compiler: /usr/bin/cc - skipped
[0.468s] -- Detecting C compile features
[0.470s] -- Detecting C compile features - done
[0.477s] -- Detecting CXX compiler ABI info
[0.620s] -- Detecting CXX compiler ABI info - done
[0.631s] -- Check for working CXX compiler: /usr/bin/c++ - skipped
[0.632s] -- Detecting CXX compile features
[0.633s] -- Detecting CXX compile features - done
[0.643s] -- Found ament_cmake: 1.3.2 (/opt/ros/humble/share/ament_cmake/cmake)
[1.006s] -- Found Python3: /usr/bin/python3.10 (found version "3.10.6") found components: Interpreter 
[1.271s] -- Found rclpy: 3.3.4 (/opt/ros/humble/share/rclpy/cmake)
[1.304s] [31mCMake Error at CMakeLists.txt:11 (find_package):
[1.304s]   By not providing "Findrclpy.actions.cmake" in CMAKE_MODULE_PATH this
[1.304s]   project has asked CMake to find a package configuration file provided by
[1.304s]   "rclpy.actions", but CMake did not find one.
[1.304s] 
[1.305s]   Could not find a package configuration file provided by "rclpy.actions"
[1.305s]   with any of the following names:
[1.305s] 
[1.305s]     rclpy.actionsConfig.cmake
[1.305s]     rclpy.actions-config.cmake
[1.305s] 
[1.305s]   Add the installation prefix of "rclpy.actions" to CMAKE_PREFIX_PATH or set
[1.305s]   "rclpy.actions_DIR" to a directory containing one of the above files.  If
[1.305s]   "rclpy.actions" provides a separate development package or SDK, be sure it
[1.305s]   has been installed.
[1.306s] 
[1.306s] [0m
[1.306s] -- Configuring incomplete, errors occurred!
[1.306s] See also "/home/user/ros2_ws/build/actions_quiz_msg/CMakeFiles/CMakeOutput.log".
[1.311s] Invoked command in '/home/user/ros2_ws/build/actions_quiz_msg' returned '1': CMAKE_PREFIX_PATH=${CMAKE_PREFIX_PATH}:/home/user/ros2_ws/install/my_action_server:/home/user/ros2_ws/install/my_action_client:/home/simulations/ros2_sims_ws/install/turtlebot3_teleop:/home/simulations/ros2_sims_ws/install/turtlebot3_example:/home/simulations/ros2_sims_ws/install/services_pkg:/home/user/ros2_ws/install/topics_quiz:/home/user/ros2_ws/install/subscriber_pkg:/home/user/ros2_ws/install/publisher_pkg:/home/user/ros2_ws/install/my_package:/home/user/ros2_ws/install/movement_pkg:/home/user/ros2_ws/install/exercise42_pkg:/home/user/ros2_ws/install/client_pkg:/opt/ros/humble _=/usr/bin/env /usr/bin/cmake /home/user/ros2_ws/src/actions_quiz_msg -DCMAKE_INSTALL_PREFIX=/home/user/ros2_ws/install/actions_quiz_msg
