[1.849s] Invoking command in '/home/user/ros2_ws/src/my_package': PYTHONPATH=/home/user/ros2_ws/build/my_package/prefix_override:/home/user/ros2_ws/install/my_package/lib/python3.10/site-packages:${PYTHONPATH} _=/usr/bin/env /usr/bin/python3 setup.py egg_info --egg-base ../../build/my_package build --build-base /home/user/ros2_ws/build/my_package/build install --record /home/user/ros2_ws/build/my_package/install.log --single-version-externally-managed
[2.348s] running egg_info
[2.350s] writing ../../build/my_package/my_package.egg-info/PKG-INFO
[2.351s] writing dependency_links to ../../build/my_package/my_package.egg-info/dependency_links.txt
[2.351s] writing entry points to ../../build/my_package/my_package.egg-info/entry_points.txt
[2.351s] writing requirements to ../../build/my_package/my_package.egg-info/requires.txt
[2.351s] writing top-level names to ../../build/my_package/my_package.egg-info/top_level.txt
[2.353s] reading manifest file '../../build/my_package/my_package.egg-info/SOURCES.txt'
[2.354s] writing manifest file '../../build/my_package/my_package.egg-info/SOURCES.txt'
[2.354s] running build
[2.355s] running build_py
[2.355s] running install
[2.355s] running install_lib
[2.357s] running install_data
[2.358s] running install_egg_info
[2.361s] removing '/home/user/ros2_ws/install/my_package/lib/python3.10/site-packages/my_package-0.0.0-py3.10.egg-info' (and everything under it)
[2.362s] Copying ../../build/my_package/my_package.egg-info to /home/user/ros2_ws/install/my_package/lib/python3.10/site-packages/my_package-0.0.0-py3.10.egg-info
[2.362s] running install_scripts
[2.411s] Installing simple_node script to /home/user/ros2_ws/install/my_package/lib/my_package
[2.412s] writing list of installed files to '/home/user/ros2_ws/build/my_package/install.log'
[2.443s] Invoked command in '/home/user/ros2_ws/src/my_package' returned '0': PYTHONPATH=/home/user/ros2_ws/build/my_package/prefix_override:/home/user/ros2_ws/install/my_package/lib/python3.10/site-packages:${PYTHONPATH} _=/usr/bin/env /usr/bin/python3 setup.py egg_info --egg-base ../../build/my_package build --build-base /home/user/ros2_ws/build/my_package/build install --record /home/user/ros2_ws/build/my_package/install.log --single-version-externally-managed
