[0.040s] Invoking command in '/home/user/ros2_ws/build/actions_quiz_msg': CMAKE_PREFIX_PATH=${CMAKE_PREFIX_PATH}:/home/user/ros2_ws/install/actions_quiz:/home/simulations/ros2_sims_ws/install/turtlebot3_teleop:/home/simulations/ros2_sims_ws/install/turtlebot3_example:/home/simulations/ros2_sims_ws/install/services_pkg:/home/user/ros2_ws/install/topics_quiz:/home/user/ros2_ws/install/subscriber_pkg:/home/user/ros2_ws/install/publisher_pkg:/home/user/ros2_ws/install/my_package:/home/user/ros2_ws/install/my_action_server:/home/user/ros2_ws/install/my_action_client:/home/user/ros2_ws/install/movement_pkg:/home/user/ros2_ws/install/exercise42_pkg:/home/user/ros2_ws/install/client_pkg:/opt/ros/humble _=/usr/bin/env /usr/bin/cmake --build /home/user/ros2_ws/build/actions_quiz_msg -- -j8 -l8
[0.167s] [  2%] Built target custom_interfaces__cpp
[0.229s] [  2%] Built target ament_cmake_python_copy_custom_interfaces
[0.253s] [35m[1mConsolidate compiler generated dependencies of target custom_interfaces__rosidl_typesupport_introspection_cpp[0m
[0.284s] [ 12%] Built target custom_interfaces__rosidl_typesupport_introspection_cpp
[0.840s] running egg_info
[0.840s] writing custom_interfaces.egg-info/PKG-INFO
[0.841s] writing dependency_links to custom_interfaces.egg-info/dependency_links.txt
[0.841s] writing top-level names to custom_interfaces.egg-info/top_level.txt
[0.845s] reading manifest file 'custom_interfaces.egg-info/SOURCES.txt'
[0.846s] writing manifest file 'custom_interfaces.egg-info/SOURCES.txt'
[0.891s] [ 12%] Built target ament_cmake_python_build_custom_interfaces_egg
[0.914s] [35m[1mConsolidate compiler generated dependencies of target custom_interfaces__rosidl_typesupport_fastrtps_cpp[0m
[0.946s] [ 23%] Built target custom_interfaces__rosidl_typesupport_fastrtps_cpp
[0.967s] [35m[1mConsolidate compiler generated dependencies of target custom_interfaces__rosidl_typesupport_cpp[0m
[0.997s] [ 34%] Built target custom_interfaces__rosidl_typesupport_cpp
[1.028s] [35m[1mConsolidate compiler generated dependencies of target custom_interfaces__rosidl_generator_c[0m
[1.051s] [ 44%] Built target custom_interfaces__rosidl_generator_c
[1.078s] [35m[1mConsolidate compiler generated dependencies of target custom_interfaces__rosidl_typesupport_fastrtps_c[0m
[1.111s] [ 55%] Built target custom_interfaces__rosidl_typesupport_fastrtps_c
[1.131s] [35m[1mConsolidate compiler generated dependencies of target custom_interfaces__rosidl_typesupport_c[0m
[1.162s] [ 65%] Built target custom_interfaces__rosidl_typesupport_c
[1.179s] [35m[1mConsolidate compiler generated dependencies of target custom_interfaces__rosidl_typesupport_introspection_c[0m
[1.206s] [ 76%] Built target custom_interfaces__rosidl_typesupport_introspection_c
[1.241s] [ 76%] Built target custom_interfaces
[1.286s] [ 78%] Built target custom_interfaces__py
[1.303s] [35m[1mConsolidate compiler generated dependencies of target custom_interfaces__rosidl_generator_py[0m
[1.334s] [ 87%] Built target custom_interfaces__rosidl_generator_py
[1.369s] [35m[1mConsolidate compiler generated dependencies of target custom_interfaces__rosidl_typesupport_fastrtps_c__pyext[0m
[1.408s] [ 91%] Built target custom_interfaces__rosidl_typesupport_fastrtps_c__pyext
[1.438s] [35m[1mConsolidate compiler generated dependencies of target custom_interfaces__rosidl_typesupport_c__pyext[0m
[1.469s] [ 95%] Built target custom_interfaces__rosidl_typesupport_c__pyext
[1.494s] [35m[1mConsolidate compiler generated dependencies of target custom_interfaces__rosidl_typesupport_introspection_c__pyext[0m
[1.523s] [100%] Built target custom_interfaces__rosidl_typesupport_introspection_c__pyext
[1.550s] Invoked command in '/home/user/ros2_ws/build/actions_quiz_msg' returned '0': CMAKE_PREFIX_PATH=${CMAKE_PREFIX_PATH}:/home/user/ros2_ws/install/actions_quiz:/home/simulations/ros2_sims_ws/install/turtlebot3_teleop:/home/simulations/ros2_sims_ws/install/turtlebot3_example:/home/simulations/ros2_sims_ws/install/services_pkg:/home/user/ros2_ws/install/topics_quiz:/home/user/ros2_ws/install/subscriber_pkg:/home/user/ros2_ws/install/publisher_pkg:/home/user/ros2_ws/install/my_package:/home/user/ros2_ws/install/my_action_server:/home/user/ros2_ws/install/my_action_client:/home/user/ros2_ws/install/movement_pkg:/home/user/ros2_ws/install/exercise42_pkg:/home/user/ros2_ws/install/client_pkg:/opt/ros/humble _=/usr/bin/env /usr/bin/cmake --build /home/user/ros2_ws/build/actions_quiz_msg -- -j8 -l8
[2.042s] Invoking command in '/home/user/ros2_ws/build/actions_quiz_msg': CMAKE_PREFIX_PATH=${CMAKE_PREFIX_PATH}:/home/user/ros2_ws/install/actions_quiz:/home/simulations/ros2_sims_ws/install/turtlebot3_teleop:/home/simulations/ros2_sims_ws/install/turtlebot3_example:/home/simulations/ros2_sims_ws/install/services_pkg:/home/user/ros2_ws/install/topics_quiz:/home/user/ros2_ws/install/subscriber_pkg:/home/user/ros2_ws/install/publisher_pkg:/home/user/ros2_ws/install/my_package:/home/user/ros2_ws/install/my_action_server:/home/user/ros2_ws/install/my_action_client:/home/user/ros2_ws/install/movement_pkg:/home/user/ros2_ws/install/exercise42_pkg:/home/user/ros2_ws/install/client_pkg:/opt/ros/humble _=/usr/bin/env /usr/bin/cmake --install /home/user/ros2_ws/build/actions_quiz_msg
[2.062s] -- Install configuration: ""
[2.063s] -- Up-to-date: /home/user/ros2_ws/install/actions_quiz_msg/share/ament_index/resource_index/rosidl_interfaces/custom_interfaces
[2.063s] -- Up-to-date: /home/user/ros2_ws/install/actions_quiz_msg/include/custom_interfaces/custom_interfaces
[2.063s] -- Up-to-date: /home/user/ros2_ws/install/actions_quiz_msg/include/custom_interfaces/custom_interfaces/srv
[2.063s] -- Up-to-date: /home/user/ros2_ws/install/actions_quiz_msg/include/custom_interfaces/custom_interfaces/srv/detail
[2.063s] -- Up-to-date: /home/user/ros2_ws/install/actions_quiz_msg/include/custom_interfaces/custom_interfaces/srv/detail/my_custom_service_message__type_support.h
[2.063s] -- Up-to-date: /home/user/ros2_ws/install/actions_quiz_msg/include/custom_interfaces/custom_interfaces/srv/detail/my_custom_service_message__functions.h
[2.064s] -- Up-to-date: /home/user/ros2_ws/install/actions_quiz_msg/include/custom_interfaces/custom_interfaces/srv/detail/my_custom_service_message__functions.c
[2.074s] -- Up-to-date: /home/user/ros2_ws/install/actions_quiz_msg/include/custom_interfaces/custom_interfaces/srv/detail/my_custom_service_message__struct.h
[2.074s] -- Up-to-date: /home/user/ros2_ws/install/actions_quiz_msg/include/custom_interfaces/custom_interfaces/srv/my_custom_service_message.h
[2.074s] -- Up-to-date: /home/user/ros2_ws/install/actions_quiz_msg/include/custom_interfaces/custom_interfaces/msg
[2.074s] -- Up-to-date: /home/user/ros2_ws/install/actions_quiz_msg/include/custom_interfaces/custom_interfaces/msg/detail
[2.074s] -- Up-to-date: /home/user/ros2_ws/install/actions_quiz_msg/include/custom_interfaces/custom_interfaces/msg/detail/age__functions.c
[2.074s] -- Up-to-date: /home/user/ros2_ws/install/actions_quiz_msg/include/custom_interfaces/custom_interfaces/msg/detail/age__struct.h
[2.075s] -- Up-to-date: /home/user/ros2_ws/install/actions_quiz_msg/include/custom_interfaces/custom_interfaces/msg/detail/age__functions.h
[2.075s] -- Up-to-date: /home/user/ros2_ws/install/actions_quiz_msg/include/custom_interfaces/custom_interfaces/msg/detail/age__type_support.h
[2.076s] -- Up-to-date: /home/user/ros2_ws/install/actions_quiz_msg/include/custom_interfaces/custom_interfaces/msg/rosidl_generator_c__visibility_control.h
[2.076s] -- Up-to-date: /home/user/ros2_ws/install/actions_quiz_msg/include/custom_interfaces/custom_interfaces/msg/age.h
[2.076s] -- Up-to-date: /home/user/ros2_ws/install/actions_quiz_msg/include/custom_interfaces/custom_interfaces/action
[2.083s] -- Up-to-date: /home/user/ros2_ws/install/actions_quiz_msg/include/custom_interfaces/custom_interfaces/action/detail
[2.084s] -- Up-to-date: /home/user/ros2_ws/install/actions_quiz_msg/include/custom_interfaces/custom_interfaces/action/detail/move__functions.h
[2.084s] -- Up-to-date: /home/user/ros2_ws/install/actions_quiz_msg/include/custom_interfaces/custom_interfaces/action/detail/move__functions.c
[2.084s] -- Up-to-date: /home/user/ros2_ws/install/actions_quiz_msg/include/custom_interfaces/custom_interfaces/action/detail/move__type_support.h
[2.084s] -- Up-to-date: /home/user/ros2_ws/install/actions_quiz_msg/include/custom_interfaces/custom_interfaces/action/detail/move__struct.h
[2.084s] -- Up-to-date: /home/user/ros2_ws/install/actions_quiz_msg/include/custom_interfaces/custom_interfaces/action/move.h
[2.084s] -- Up-to-date: /home/user/ros2_ws/install/actions_quiz_msg/share/custom_interfaces/environment/library_path.sh
[2.085s] -- Up-to-date: /home/user/ros2_ws/install/actions_quiz_msg/share/custom_interfaces/environment/library_path.dsv
[2.085s] -- Up-to-date: /home/user/ros2_ws/install/actions_quiz_msg/lib/libcustom_interfaces__rosidl_generator_c.so
[2.085s] -- Up-to-date: /home/user/ros2_ws/install/actions_quiz_msg/include/custom_interfaces/custom_interfaces
[2.085s] -- Up-to-date: /home/user/ros2_ws/install/actions_quiz_msg/include/custom_interfaces/custom_interfaces/srv
[2.086s] -- Up-to-date: /home/user/ros2_ws/install/actions_quiz_msg/include/custom_interfaces/custom_interfaces/srv/detail
[2.086s] -- Up-to-date: /home/user/ros2_ws/install/actions_quiz_msg/include/custom_interfaces/custom_interfaces/srv/detail/my_custom_service_message__rosidl_typesupport_fastrtps_c.h
[2.086s] -- Up-to-date: /home/user/ros2_ws/install/actions_quiz_msg/include/custom_interfaces/custom_interfaces/msg
[2.086s] -- Up-to-date: /home/user/ros2_ws/install/actions_quiz_msg/include/custom_interfaces/custom_interfaces/msg/detail
[2.086s] -- Up-to-date: /home/user/ros2_ws/install/actions_quiz_msg/include/custom_interfaces/custom_interfaces/msg/detail/age__rosidl_typesupport_fastrtps_c.h
[2.086s] -- Up-to-date: /home/user/ros2_ws/install/actions_quiz_msg/include/custom_interfaces/custom_interfaces/msg/rosidl_typesupport_fastrtps_c__visibility_control.h
[2.086s] -- Up-to-date: /home/user/ros2_ws/install/actions_quiz_msg/include/custom_interfaces/custom_interfaces/action
[2.086s] -- Up-to-date: /home/user/ros2_ws/install/actions_quiz_msg/include/custom_interfaces/custom_interfaces/action/detail
[2.087s] -- Up-to-date: /home/user/ros2_ws/install/actions_quiz_msg/include/custom_interfaces/custom_interfaces/action/detail/move__rosidl_typesupport_fastrtps_c.h
[2.087s] -- Up-to-date: /home/user/ros2_ws/install/actions_quiz_msg/lib/libcustom_interfaces__rosidl_typesupport_fastrtps_c.so
[2.087s] -- Up-to-date: /home/user/ros2_ws/install/actions_quiz_msg/include/custom_interfaces/custom_interfaces
[2.087s] -- Up-to-date: /home/user/ros2_ws/install/actions_quiz_msg/include/custom_interfaces/custom_interfaces/srv
[2.087s] -- Up-to-date: /home/user/ros2_ws/install/actions_quiz_msg/include/custom_interfaces/custom_interfaces/srv/detail
[2.087s] -- Up-to-date: /home/user/ros2_ws/install/actions_quiz_msg/include/custom_interfaces/custom_interfaces/srv/detail/my_custom_service_message__traits.hpp
[2.088s] -- Up-to-date: /home/user/ros2_ws/install/actions_quiz_msg/include/custom_interfaces/custom_interfaces/srv/detail/my_custom_service_message__builder.hpp
[2.088s] -- Up-to-date: /home/user/ros2_ws/install/actions_quiz_msg/include/custom_interfaces/custom_interfaces/srv/detail/my_custom_service_message__struct.hpp
[2.088s] -- Up-to-date: /home/user/ros2_ws/install/actions_quiz_msg/include/custom_interfaces/custom_interfaces/srv/my_custom_service_message.hpp
[2.088s] -- Up-to-date: /home/user/ros2_ws/install/actions_quiz_msg/include/custom_interfaces/custom_interfaces/msg
[2.088s] -- Up-to-date: /home/user/ros2_ws/install/actions_quiz_msg/include/custom_interfaces/custom_interfaces/msg/detail
[2.088s] -- Up-to-date: /home/user/ros2_ws/install/actions_quiz_msg/include/custom_interfaces/custom_interfaces/msg/detail/age__traits.hpp
[2.089s] -- Up-to-date: /home/user/ros2_ws/install/actions_quiz_msg/include/custom_interfaces/custom_interfaces/msg/detail/age__struct.hpp
[2.089s] -- Up-to-date: /home/user/ros2_ws/install/actions_quiz_msg/include/custom_interfaces/custom_interfaces/msg/detail/age__builder.hpp
[2.089s] -- Up-to-date: /home/user/ros2_ws/install/actions_quiz_msg/include/custom_interfaces/custom_interfaces/msg/age.hpp
[2.089s] -- Up-to-date: /home/user/ros2_ws/install/actions_quiz_msg/include/custom_interfaces/custom_interfaces/action
[2.089s] -- Up-to-date: /home/user/ros2_ws/install/actions_quiz_msg/include/custom_interfaces/custom_interfaces/action/detail
[2.089s] -- Up-to-date: /home/user/ros2_ws/install/actions_quiz_msg/include/custom_interfaces/custom_interfaces/action/detail/move__traits.hpp
[2.089s] -- Up-to-date: /home/user/ros2_ws/install/actions_quiz_msg/include/custom_interfaces/custom_interfaces/action/detail/move__struct.hpp
[2.090s] -- Up-to-date: /home/user/ros2_ws/install/actions_quiz_msg/include/custom_interfaces/custom_interfaces/action/detail/move__builder.hpp
[2.090s] -- Up-to-date: /home/user/ros2_ws/install/actions_quiz_msg/include/custom_interfaces/custom_interfaces/action/move.hpp
[2.090s] -- Up-to-date: /home/user/ros2_ws/install/actions_quiz_msg/include/custom_interfaces/custom_interfaces
[2.090s] -- Up-to-date: /home/user/ros2_ws/install/actions_quiz_msg/include/custom_interfaces/custom_interfaces/srv
[2.090s] -- Up-to-date: /home/user/ros2_ws/install/actions_quiz_msg/include/custom_interfaces/custom_interfaces/srv/detail
[2.090s] -- Up-to-date: /home/user/ros2_ws/install/actions_quiz_msg/include/custom_interfaces/custom_interfaces/srv/detail/dds_fastrtps
[2.090s] -- Up-to-date: /home/user/ros2_ws/install/actions_quiz_msg/include/custom_interfaces/custom_interfaces/srv/detail/my_custom_service_message__rosidl_typesupport_fastrtps_cpp.hpp
[2.090s] -- Up-to-date: /home/user/ros2_ws/install/actions_quiz_msg/include/custom_interfaces/custom_interfaces/msg
[2.090s] -- Up-to-date: /home/user/ros2_ws/install/actions_quiz_msg/include/custom_interfaces/custom_interfaces/msg/detail
[2.091s] -- Up-to-date: /home/user/ros2_ws/install/actions_quiz_msg/include/custom_interfaces/custom_interfaces/msg/detail/age__rosidl_typesupport_fastrtps_cpp.hpp
[2.091s] -- Up-to-date: /home/user/ros2_ws/install/actions_quiz_msg/include/custom_interfaces/custom_interfaces/msg/detail/dds_fastrtps
[2.091s] -- Up-to-date: /home/user/ros2_ws/install/actions_quiz_msg/include/custom_interfaces/custom_interfaces/msg/rosidl_typesupport_fastrtps_cpp__visibility_control.h
[2.091s] -- Up-to-date: /home/user/ros2_ws/install/actions_quiz_msg/include/custom_interfaces/custom_interfaces/action
[2.091s] -- Up-to-date: /home/user/ros2_ws/install/actions_quiz_msg/include/custom_interfaces/custom_interfaces/action/detail
[2.092s] -- Up-to-date: /home/user/ros2_ws/install/actions_quiz_msg/include/custom_interfaces/custom_interfaces/action/detail/dds_fastrtps
[2.092s] -- Up-to-date: /home/user/ros2_ws/install/actions_quiz_msg/include/custom_interfaces/custom_interfaces/action/detail/move__rosidl_typesupport_fastrtps_cpp.hpp
[2.092s] -- Up-to-date: /home/user/ros2_ws/install/actions_quiz_msg/lib/libcustom_interfaces__rosidl_typesupport_fastrtps_cpp.so
[2.092s] -- Up-to-date: /home/user/ros2_ws/install/actions_quiz_msg/include/custom_interfaces/custom_interfaces
[2.092s] -- Up-to-date: /home/user/ros2_ws/install/actions_quiz_msg/include/custom_interfaces/custom_interfaces/srv
[2.092s] -- Up-to-date: /home/user/ros2_ws/install/actions_quiz_msg/include/custom_interfaces/custom_interfaces/srv/detail
[2.093s] -- Up-to-date: /home/user/ros2_ws/install/actions_quiz_msg/include/custom_interfaces/custom_interfaces/srv/detail/my_custom_service_message__type_support.c
[2.093s] -- Up-to-date: /home/user/ros2_ws/install/actions_quiz_msg/include/custom_interfaces/custom_interfaces/srv/detail/my_custom_service_message__rosidl_typesupport_introspection_c.h
[2.093s] -- Up-to-date: /home/user/ros2_ws/install/actions_quiz_msg/include/custom_interfaces/custom_interfaces/msg
[2.093s] -- Up-to-date: /home/user/ros2_ws/install/actions_quiz_msg/include/custom_interfaces/custom_interfaces/msg/detail
[2.093s] -- Up-to-date: /home/user/ros2_ws/install/actions_quiz_msg/include/custom_interfaces/custom_interfaces/msg/detail/age__type_support.c
[2.093s] -- Up-to-date: /home/user/ros2_ws/install/actions_quiz_msg/include/custom_interfaces/custom_interfaces/msg/detail/age__rosidl_typesupport_introspection_c.h
[2.094s] -- Up-to-date: /home/user/ros2_ws/install/actions_quiz_msg/include/custom_interfaces/custom_interfaces/msg/rosidl_typesupport_introspection_c__visibility_control.h
[2.094s] -- Up-to-date: /home/user/ros2_ws/install/actions_quiz_msg/include/custom_interfaces/custom_interfaces/action
[2.094s] -- Up-to-date: /home/user/ros2_ws/install/actions_quiz_msg/include/custom_interfaces/custom_interfaces/action/detail
[2.094s] -- Up-to-date: /home/user/ros2_ws/install/actions_quiz_msg/include/custom_interfaces/custom_interfaces/action/detail/move__rosidl_typesupport_introspection_c.h
[2.094s] -- Up-to-date: /home/user/ros2_ws/install/actions_quiz_msg/include/custom_interfaces/custom_interfaces/action/detail/move__type_support.c
[2.094s] -- Up-to-date: /home/user/ros2_ws/install/actions_quiz_msg/lib/libcustom_interfaces__rosidl_typesupport_introspection_c.so
[2.094s] -- Up-to-date: /home/user/ros2_ws/install/actions_quiz_msg/lib/libcustom_interfaces__rosidl_typesupport_c.so
[2.094s] -- Up-to-date: /home/user/ros2_ws/install/actions_quiz_msg/include/custom_interfaces/custom_interfaces
[2.095s] -- Up-to-date: /home/user/ros2_ws/install/actions_quiz_msg/include/custom_interfaces/custom_interfaces/srv
[2.095s] -- Up-to-date: /home/user/ros2_ws/install/actions_quiz_msg/include/custom_interfaces/custom_interfaces/srv/detail
[2.095s] -- Up-to-date: /home/user/ros2_ws/install/actions_quiz_msg/include/custom_interfaces/custom_interfaces/srv/detail/my_custom_service_message__type_support.cpp
[2.095s] -- Up-to-date: /home/user/ros2_ws/install/actions_quiz_msg/include/custom_interfaces/custom_interfaces/srv/detail/my_custom_service_message__rosidl_typesupport_introspection_cpp.hpp
[2.095s] -- Up-to-date: /home/user/ros2_ws/install/actions_quiz_msg/include/custom_interfaces/custom_interfaces/msg
[2.095s] -- Up-to-date: /home/user/ros2_ws/install/actions_quiz_msg/include/custom_interfaces/custom_interfaces/msg/detail
[2.095s] -- Up-to-date: /home/user/ros2_ws/install/actions_quiz_msg/include/custom_interfaces/custom_interfaces/msg/detail/age__rosidl_typesupport_introspection_cpp.hpp
[2.096s] -- Up-to-date: /home/user/ros2_ws/install/actions_quiz_msg/include/custom_interfaces/custom_interfaces/msg/detail/age__type_support.cpp
[2.096s] -- Up-to-date: /home/user/ros2_ws/install/actions_quiz_msg/include/custom_interfaces/custom_interfaces/action
[2.096s] -- Up-to-date: /home/user/ros2_ws/install/actions_quiz_msg/include/custom_interfaces/custom_interfaces/action/detail
[2.096s] -- Up-to-date: /home/user/ros2_ws/install/actions_quiz_msg/include/custom_interfaces/custom_interfaces/action/detail/move__rosidl_typesupport_introspection_cpp.hpp
[2.096s] -- Up-to-date: /home/user/ros2_ws/install/actions_quiz_msg/include/custom_interfaces/custom_interfaces/action/detail/move__type_support.cpp
[2.096s] -- Up-to-date: /home/user/ros2_ws/install/actions_quiz_msg/lib/libcustom_interfaces__rosidl_typesupport_introspection_cpp.so
[2.096s] -- Up-to-date: /home/user/ros2_ws/install/actions_quiz_msg/lib/libcustom_interfaces__rosidl_typesupport_cpp.so
[2.096s] -- Up-to-date: /home/user/ros2_ws/install/actions_quiz_msg/share/custom_interfaces/environment/pythonpath.sh
[2.097s] -- Up-to-date: /home/user/ros2_ws/install/actions_quiz_msg/share/custom_interfaces/environment/pythonpath.dsv
[2.097s] -- Up-to-date: /home/user/ros2_ws/install/actions_quiz_msg/local/lib/python3.10/dist-packages/custom_interfaces-0.0.0-py3.10.egg-info
[2.097s] -- Installing: /home/user/ros2_ws/install/actions_quiz_msg/local/lib/python3.10/dist-packages/custom_interfaces-0.0.0-py3.10.egg-info/PKG-INFO
[2.099s] -- Installing: /home/user/ros2_ws/install/actions_quiz_msg/local/lib/python3.10/dist-packages/custom_interfaces-0.0.0-py3.10.egg-info/top_level.txt
[2.099s] -- Installing: /home/user/ros2_ws/install/actions_quiz_msg/local/lib/python3.10/dist-packages/custom_interfaces-0.0.0-py3.10.egg-info/SOURCES.txt
[2.099s] -- Installing: /home/user/ros2_ws/install/actions_quiz_msg/local/lib/python3.10/dist-packages/custom_interfaces-0.0.0-py3.10.egg-info/dependency_links.txt
[2.107s] -- Up-to-date: /home/user/ros2_ws/install/actions_quiz_msg/local/lib/python3.10/dist-packages/custom_interfaces
[2.108s] -- Up-to-date: /home/user/ros2_ws/install/actions_quiz_msg/local/lib/python3.10/dist-packages/custom_interfaces/srv
[2.108s] -- Up-to-date: /home/user/ros2_ws/install/actions_quiz_msg/local/lib/python3.10/dist-packages/custom_interfaces/srv/_my_custom_service_message_s.c
[2.108s] -- Up-to-date: /home/user/ros2_ws/install/actions_quiz_msg/local/lib/python3.10/dist-packages/custom_interfaces/srv/__init__.py
[2.108s] -- Up-to-date: /home/user/ros2_ws/install/actions_quiz_msg/local/lib/python3.10/dist-packages/custom_interfaces/srv/_my_custom_service_message.py
[2.108s] -- Up-to-date: /home/user/ros2_ws/install/actions_quiz_msg/local/lib/python3.10/dist-packages/custom_interfaces/custom_interfaces_s__rosidl_typesupport_introspection_c.cpython-310-x86_64-linux-gnu.so
[2.108s] -- Up-to-date: /home/user/ros2_ws/install/actions_quiz_msg/local/lib/python3.10/dist-packages/custom_interfaces/msg
[2.108s] -- Up-to-date: /home/user/ros2_ws/install/actions_quiz_msg/local/lib/python3.10/dist-packages/custom_interfaces/msg/_age_s.c
[2.108s] -- Up-to-date: /home/user/ros2_ws/install/actions_quiz_msg/local/lib/python3.10/dist-packages/custom_interfaces/msg/_age.py
[2.108s] -- Up-to-date: /home/user/ros2_ws/install/actions_quiz_msg/local/lib/python3.10/dist-packages/custom_interfaces/msg/__init__.py
[2.108s] -- Up-to-date: /home/user/ros2_ws/install/actions_quiz_msg/local/lib/python3.10/dist-packages/custom_interfaces/_custom_interfaces_s.ep.rosidl_typesupport_introspection_c.c
[2.108s] -- Up-to-date: /home/user/ros2_ws/install/actions_quiz_msg/local/lib/python3.10/dist-packages/custom_interfaces/libcustom_interfaces__rosidl_generator_py.so
[2.109s] -- Up-to-date: /home/user/ros2_ws/install/actions_quiz_msg/local/lib/python3.10/dist-packages/custom_interfaces/_custom_interfaces_s.ep.rosidl_typesupport_c.c
[2.109s] -- Up-to-date: /home/user/ros2_ws/install/actions_quiz_msg/local/lib/python3.10/dist-packages/custom_interfaces/__init__.py
[2.109s] -- Up-to-date: /home/user/ros2_ws/install/actions_quiz_msg/local/lib/python3.10/dist-packages/custom_interfaces/custom_interfaces_s__rosidl_typesupport_c.cpython-310-x86_64-linux-gnu.so
[2.109s] -- Up-to-date: /home/user/ros2_ws/install/actions_quiz_msg/local/lib/python3.10/dist-packages/custom_interfaces/_custom_interfaces_s.ep.rosidl_typesupport_fastrtps_c.c
[2.109s] -- Up-to-date: /home/user/ros2_ws/install/actions_quiz_msg/local/lib/python3.10/dist-packages/custom_interfaces/custom_interfaces_s__rosidl_typesupport_fastrtps_c.cpython-310-x86_64-linux-gnu.so
[2.109s] -- Up-to-date: /home/user/ros2_ws/install/actions_quiz_msg/local/lib/python3.10/dist-packages/custom_interfaces/action
[2.109s] -- Up-to-date: /home/user/ros2_ws/install/actions_quiz_msg/local/lib/python3.10/dist-packages/custom_interfaces/action/_move.py
[2.109s] -- Up-to-date: /home/user/ros2_ws/install/actions_quiz_msg/local/lib/python3.10/dist-packages/custom_interfaces/action/__init__.py
[2.109s] -- Up-to-date: /home/user/ros2_ws/install/actions_quiz_msg/local/lib/python3.10/dist-packages/custom_interfaces/action/_move_s.c
[2.159s] Listing '/home/user/ros2_ws/install/actions_quiz_msg/local/lib/python3.10/dist-packages/custom_interfaces'...
[2.160s] Listing '/home/user/ros2_ws/install/actions_quiz_msg/local/lib/python3.10/dist-packages/custom_interfaces/action'...
[2.160s] Listing '/home/user/ros2_ws/install/actions_quiz_msg/local/lib/python3.10/dist-packages/custom_interfaces/msg'...
[2.160s] Listing '/home/user/ros2_ws/install/actions_quiz_msg/local/lib/python3.10/dist-packages/custom_interfaces/srv'...
[2.165s] -- Up-to-date: /home/user/ros2_ws/install/actions_quiz_msg/local/lib/python3.10/dist-packages/custom_interfaces/custom_interfaces_s__rosidl_typesupport_fastrtps_c.cpython-310-x86_64-linux-gnu.so
[2.166s] -- Up-to-date: /home/user/ros2_ws/install/actions_quiz_msg/local/lib/python3.10/dist-packages/custom_interfaces/custom_interfaces_s__rosidl_typesupport_introspection_c.cpython-310-x86_64-linux-gnu.so
[2.166s] -- Up-to-date: /home/user/ros2_ws/install/actions_quiz_msg/local/lib/python3.10/dist-packages/custom_interfaces/custom_interfaces_s__rosidl_typesupport_c.cpython-310-x86_64-linux-gnu.so
[2.167s] -- Up-to-date: /home/user/ros2_ws/install/actions_quiz_msg/lib/libcustom_interfaces__rosidl_generator_py.so
[2.168s] -- Up-to-date: /home/user/ros2_ws/install/actions_quiz_msg/share/custom_interfaces/msg/Age.idl
[2.168s] -- Up-to-date: /home/user/ros2_ws/install/actions_quiz_msg/share/custom_interfaces/srv/MyCustomServiceMessage.idl
[2.168s] -- Up-to-date: /home/user/ros2_ws/install/actions_quiz_msg/share/custom_interfaces/action/Move.idl
[2.168s] -- Up-to-date: /home/user/ros2_ws/install/actions_quiz_msg/share/custom_interfaces/msg/Age.msg
[2.169s] -- Up-to-date: /home/user/ros2_ws/install/actions_quiz_msg/share/custom_interfaces/srv/MyCustomServiceMessage.srv
[2.169s] -- Up-to-date: /home/user/ros2_ws/install/actions_quiz_msg/share/custom_interfaces/srv/MyCustomServiceMessage_Request.msg
[2.169s] -- Up-to-date: /home/user/ros2_ws/install/actions_quiz_msg/share/custom_interfaces/srv/MyCustomServiceMessage_Response.msg
[2.170s] -- Up-to-date: /home/user/ros2_ws/install/actions_quiz_msg/share/custom_interfaces/action/Move.action
[2.170s] -- Up-to-date: /home/user/ros2_ws/install/actions_quiz_msg/share/ament_index/resource_index/package_run_dependencies/custom_interfaces
[2.170s] -- Up-to-date: /home/user/ros2_ws/install/actions_quiz_msg/share/ament_index/resource_index/parent_prefix_path/custom_interfaces
[2.170s] -- Up-to-date: /home/user/ros2_ws/install/actions_quiz_msg/share/custom_interfaces/environment/ament_prefix_path.sh
[2.170s] -- Up-to-date: /home/user/ros2_ws/install/actions_quiz_msg/share/custom_interfaces/environment/ament_prefix_path.dsv
[2.171s] -- Up-to-date: /home/user/ros2_ws/install/actions_quiz_msg/share/custom_interfaces/environment/path.sh
[2.171s] -- Up-to-date: /home/user/ros2_ws/install/actions_quiz_msg/share/custom_interfaces/environment/path.dsv
[2.171s] -- Up-to-date: /home/user/ros2_ws/install/actions_quiz_msg/share/custom_interfaces/local_setup.bash
[2.172s] -- Up-to-date: /home/user/ros2_ws/install/actions_quiz_msg/share/custom_interfaces/local_setup.sh
[2.172s] -- Up-to-date: /home/user/ros2_ws/install/actions_quiz_msg/share/custom_interfaces/local_setup.zsh
[2.172s] -- Up-to-date: /home/user/ros2_ws/install/actions_quiz_msg/share/custom_interfaces/local_setup.dsv
[2.172s] -- Up-to-date: /home/user/ros2_ws/install/actions_quiz_msg/share/custom_interfaces/package.dsv
[2.173s] -- Up-to-date: /home/user/ros2_ws/install/actions_quiz_msg/share/ament_index/resource_index/packages/custom_interfaces
[2.173s] -- Up-to-date: /home/user/ros2_ws/install/actions_quiz_msg/share/custom_interfaces/cmake/export_custom_interfaces__rosidl_generator_cExport.cmake
[2.173s] -- Up-to-date: /home/user/ros2_ws/install/actions_quiz_msg/share/custom_interfaces/cmake/export_custom_interfaces__rosidl_generator_cExport-noconfig.cmake
[2.173s] -- Up-to-date: /home/user/ros2_ws/install/actions_quiz_msg/share/custom_interfaces/cmake/export_custom_interfaces__rosidl_typesupport_fastrtps_cExport.cmake
[2.173s] -- Up-to-date: /home/user/ros2_ws/install/actions_quiz_msg/share/custom_interfaces/cmake/export_custom_interfaces__rosidl_typesupport_fastrtps_cExport-noconfig.cmake
[2.173s] -- Up-to-date: /home/user/ros2_ws/install/actions_quiz_msg/share/custom_interfaces/cmake/export_custom_interfaces__rosidl_generator_cppExport.cmake
[2.173s] -- Up-to-date: /home/user/ros2_ws/install/actions_quiz_msg/share/custom_interfaces/cmake/export_custom_interfaces__rosidl_typesupport_fastrtps_cppExport.cmake
[2.173s] -- Up-to-date: /home/user/ros2_ws/install/actions_quiz_msg/share/custom_interfaces/cmake/export_custom_interfaces__rosidl_typesupport_fastrtps_cppExport-noconfig.cmake
[2.173s] -- Up-to-date: /home/user/ros2_ws/install/actions_quiz_msg/share/custom_interfaces/cmake/custom_interfaces__rosidl_typesupport_introspection_cExport.cmake
[2.173s] -- Up-to-date: /home/user/ros2_ws/install/actions_quiz_msg/share/custom_interfaces/cmake/custom_interfaces__rosidl_typesupport_introspection_cExport-noconfig.cmake
[2.174s] -- Up-to-date: /home/user/ros2_ws/install/actions_quiz_msg/share/custom_interfaces/cmake/custom_interfaces__rosidl_typesupport_cExport.cmake
[2.174s] -- Up-to-date: /home/user/ros2_ws/install/actions_quiz_msg/share/custom_interfaces/cmake/custom_interfaces__rosidl_typesupport_cExport-noconfig.cmake
[2.174s] -- Up-to-date: /home/user/ros2_ws/install/actions_quiz_msg/share/custom_interfaces/cmake/custom_interfaces__rosidl_typesupport_introspection_cppExport.cmake
[2.174s] -- Up-to-date: /home/user/ros2_ws/install/actions_quiz_msg/share/custom_interfaces/cmake/custom_interfaces__rosidl_typesupport_introspection_cppExport-noconfig.cmake
[2.174s] -- Up-to-date: /home/user/ros2_ws/install/actions_quiz_msg/share/custom_interfaces/cmake/custom_interfaces__rosidl_typesupport_cppExport.cmake
[2.174s] -- Up-to-date: /home/user/ros2_ws/install/actions_quiz_msg/share/custom_interfaces/cmake/custom_interfaces__rosidl_typesupport_cppExport-noconfig.cmake
[2.174s] -- Up-to-date: /home/user/ros2_ws/install/actions_quiz_msg/share/custom_interfaces/cmake/export_custom_interfaces__rosidl_generator_pyExport.cmake
[2.174s] -- Up-to-date: /home/user/ros2_ws/install/actions_quiz_msg/share/custom_interfaces/cmake/export_custom_interfaces__rosidl_generator_pyExport-noconfig.cmake
[2.174s] -- Up-to-date: /home/user/ros2_ws/install/actions_quiz_msg/share/custom_interfaces/cmake/rosidl_cmake-extras.cmake
[2.174s] -- Up-to-date: /home/user/ros2_ws/install/actions_quiz_msg/share/custom_interfaces/cmake/ament_cmake_export_dependencies-extras.cmake
[2.175s] -- Up-to-date: /home/user/ros2_ws/install/actions_quiz_msg/share/custom_interfaces/cmake/ament_cmake_export_include_directories-extras.cmake
[2.175s] -- Up-to-date: /home/user/ros2_ws/install/actions_quiz_msg/share/custom_interfaces/cmake/ament_cmake_export_libraries-extras.cmake
[2.175s] -- Up-to-date: /home/user/ros2_ws/install/actions_quiz_msg/share/custom_interfaces/cmake/ament_cmake_export_targets-extras.cmake
[2.175s] -- Up-to-date: /home/user/ros2_ws/install/actions_quiz_msg/share/custom_interfaces/cmake/rosidl_cmake_export_typesupport_targets-extras.cmake
[2.175s] -- Up-to-date: /home/user/ros2_ws/install/actions_quiz_msg/share/custom_interfaces/cmake/rosidl_cmake_export_typesupport_libraries-extras.cmake
[2.175s] -- Up-to-date: /home/user/ros2_ws/install/actions_quiz_msg/share/custom_interfaces/cmake/custom_interfacesConfig.cmake
[2.175s] -- Up-to-date: /home/user/ros2_ws/install/actions_quiz_msg/share/custom_interfaces/cmake/custom_interfacesConfig-version.cmake
[2.175s] -- Up-to-date: /home/user/ros2_ws/install/actions_quiz_msg/share/custom_interfaces/package.xml
[2.177s] Invoked command in '/home/user/ros2_ws/build/actions_quiz_msg' returned '0': CMAKE_PREFIX_PATH=${CMAKE_PREFIX_PATH}:/home/user/ros2_ws/install/actions_quiz:/home/simulations/ros2_sims_ws/install/turtlebot3_teleop:/home/simulations/ros2_sims_ws/install/turtlebot3_example:/home/simulations/ros2_sims_ws/install/services_pkg:/home/user/ros2_ws/install/topics_quiz:/home/user/ros2_ws/install/subscriber_pkg:/home/user/ros2_ws/install/publisher_pkg:/home/user/ros2_ws/install/my_package:/home/user/ros2_ws/install/my_action_server:/home/user/ros2_ws/install/my_action_client:/home/user/ros2_ws/install/movement_pkg:/home/user/ros2_ws/install/exercise42_pkg:/home/user/ros2_ws/install/client_pkg:/opt/ros/humble _=/usr/bin/env /usr/bin/cmake --install /home/user/ros2_ws/build/actions_quiz_msg
