[2.856s] Invoking command in '/home/user/ros2_ws/src/publisher_pkg': PYTHONPATH=/home/user/ros2_ws/build/publisher_pkg/prefix_override:/home/user/ros2_ws/install/publisher_pkg/lib/python3.10/site-packages:${PYTHONPATH} _=/usr/bin/env /usr/bin/python3 setup.py egg_info --egg-base ../../build/publisher_pkg build --build-base /home/user/ros2_ws/build/publisher_pkg/build install --record /home/user/ros2_ws/build/publisher_pkg/install.log --single-version-externally-managed
[3.611s] running egg_info
[3.612s] writing ../../build/publisher_pkg/publisher_pkg.egg-info/PKG-INFO
[3.616s] writing dependency_links to ../../build/publisher_pkg/publisher_pkg.egg-info/dependency_links.txt
[3.617s] writing entry points to ../../build/publisher_pkg/publisher_pkg.egg-info/entry_points.txt
[3.617s] writing requirements to ../../build/publisher_pkg/publisher_pkg.egg-info/requires.txt
[3.617s] writing top-level names to ../../build/publisher_pkg/publisher_pkg.egg-info/top_level.txt
[3.626s] reading manifest file '../../build/publisher_pkg/publisher_pkg.egg-info/SOURCES.txt'
[3.628s] writing manifest file '../../build/publisher_pkg/publisher_pkg.egg-info/SOURCES.txt'
[3.632s] running build
[3.632s] running build_py
[3.633s] running install
[3.633s] running install_lib
[3.633s] running install_data
[3.633s] running install_egg_info
[3.636s] removing '/home/user/ros2_ws/install/publisher_pkg/lib/python3.10/site-packages/publisher_pkg-0.0.0-py3.10.egg-info' (and everything under it)
[3.637s] Copying ../../build/publisher_pkg/publisher_pkg.egg-info to /home/user/ros2_ws/install/publisher_pkg/lib/python3.10/site-packages/publisher_pkg-0.0.0-py3.10.egg-info
[3.638s] running install_scripts
[3.685s] Installing simple_publisher script to /home/user/ros2_ws/install/publisher_pkg/lib/publisher_pkg
[3.686s] writing list of installed files to '/home/user/ros2_ws/build/publisher_pkg/install.log'
[3.747s] Invoked command in '/home/user/ros2_ws/src/publisher_pkg' returned '0': PYTHONPATH=/home/user/ros2_ws/build/publisher_pkg/prefix_override:/home/user/ros2_ws/install/publisher_pkg/lib/python3.10/site-packages:${PYTHONPATH} _=/usr/bin/env /usr/bin/python3 setup.py egg_info --egg-base ../../build/publisher_pkg build --build-base /home/user/ros2_ws/build/publisher_pkg/build install --record /home/user/ros2_ws/build/publisher_pkg/install.log --single-version-externally-managed
