[0.034s] Invoking command in '/home/user/ros2_ws/build/custom_interfaces': CMAKE_PREFIX_PATH=${CMAKE_PREFIX_PATH}:/home/simulations/ros2_sims_ws/install/turtlebot3_teleop:/home/simulations/ros2_sims_ws/install/turtlebot3_example:/home/simulations/ros2_sims_ws/install/services_pkg:/home/user/ros2_ws/install/topics_quiz:/home/user/ros2_ws/install/client_pkg:/opt/ros/humble _=/usr/bin/env /usr/bin/cmake --build /home/user/ros2_ws/build/custom_interfaces -- -j8 -l8
[0.077s] -- Found ament_cmake: 1.3.2 (/opt/ros/humble/share/ament_cmake/cmake)
[0.332s] -- Found rclcpp: 16.0.1 (/opt/ros/humble/share/rclcpp/cmake)
[0.391s] -- Found rosidl_generator_c: 3.1.3 (/opt/ros/humble/share/rosidl_generator_c/cmake)
[0.396s] -- Found rosidl_adapter: 3.1.3 (/opt/ros/humble/share/rosidl_adapter/cmake)
[0.408s] -- Found rosidl_generator_cpp: 3.1.3 (/opt/ros/humble/share/rosidl_generator_cpp/cmake)
[0.430s] -- Using all available rosidl_typesupport_c: rosidl_typesupport_fastrtps_c;rosidl_typesupport_introspection_c
[0.459s] -- Using all available rosidl_typesupport_cpp: rosidl_typesupport_fastrtps_cpp;rosidl_typesupport_introspection_cpp
[0.580s] -- Found rmw_implementation_cmake: 6.1.0 (/opt/ros/humble/share/rmw_implementation_cmake/cmake)
[0.584s] -- Found rmw_fastrtps_cpp: 6.2.1 (/opt/ros/humble/share/rmw_fastrtps_cpp/cmake)
[0.871s] -- Using RMW implementation 'rmw_fastrtps_cpp' as default
[1.163s] -- Found rosidl_default_generators: 1.2.0 (/opt/ros/humble/share/rosidl_default_generators/cmake)
[1.180s] -- Found ament_lint_auto: 0.12.4 (/opt/ros/humble/share/ament_lint_auto/cmake)
[1.292s] [31mCMake Error at /opt/ros/humble/share/rosidl_cmake/cmake/rosidl_generate_interfaces.cmake:93 (message):
[1.292s]   rosidl_generate_interfaces() the passed file
[1.292s]   'srv/MyCustomServiceMessage.srv' doesn't exist relative to the
[1.292s]   CMAKE_CURRENT_SOURCE_DIR '/home/user/ros2_ws/src/custom_interfaces'
[1.293s] Call Stack (most recent call first):
[1.293s]   CMakeLists.txt:35 (rosidl_generate_interfaces)
[1.293s] 
[1.293s] [0m
[1.293s] -- Configuring incomplete, errors occurred!
[1.293s] See also "/home/user/ros2_ws/build/custom_interfaces/CMakeFiles/CMakeOutput.log".
[1.304s] gmake: *** [Makefile:747: cmake_check_build_system] Error 1
[1.310s] Invoked command in '/home/user/ros2_ws/build/custom_interfaces' returned '2': CMAKE_PREFIX_PATH=${CMAKE_PREFIX_PATH}:/home/simulations/ros2_sims_ws/install/turtlebot3_teleop:/home/simulations/ros2_sims_ws/install/turtlebot3_example:/home/simulations/ros2_sims_ws/install/services_pkg:/home/user/ros2_ws/install/topics_quiz:/home/user/ros2_ws/install/client_pkg:/opt/ros/humble _=/usr/bin/env /usr/bin/cmake --build /home/user/ros2_ws/build/custom_interfaces -- -j8 -l8
