[0.929s] DEBUG:colcon:Command line arguments: ['/usr/bin/colcon', 'build', '--packages-select', 'actions_quiz', 'actions_quiz_msg']
[0.930s] DEBUG:colcon:Parsed command line arguments: Namespace(log_base=None, log_level=None, verb_name='build', build_base='build', install_base='install', merge_install=False, symlink_install=False, test_result_base=None, continue_on_error=False, executor='parallel', parallel_workers=8, event_handlers=None, ignore_user_meta=False, metas=['./colcon.meta'], base_paths=['.'], packages_ignore=None, packages_ignore_regex=None, paths=None, packages_up_to=None, packages_up_to_regex=None, packages_above=None, packages_above_and_dependencies=None, packages_above_depth=None, packages_select_by_dep=None, packages_skip_by_dep=None, packages_skip_up_to=None, packages_select_build_failed=False, packages_skip_build_finished=False, packages_select_test_failures=False, packages_skip_test_passed=False, packages_select=['actions_quiz', 'actions_quiz_msg'], packages_skip=None, packages_select_regex=None, packages_skip_regex=None, packages_start=None, packages_end=None, allow_overriding=[], cmake_args=None, cmake_target=None, cmake_target_skip_unavailable=False, cmake_clean_cache=False, cmake_clean_first=False, cmake_force_configure=False, meson_args=[], ament_cmake_args=None, catkin_cmake_args=None, catkin_skip_building_tests=False, mixin_files=None, mixin=None, verb_parser=<colcon_alias.argument_parser.alias.AliasArgumentDecorator object at 0x7f830b777f10>, verb_extension=<colcon_core.verb.build.BuildVerb object at 0x7f830b774d30>, main=<bound method BuildVerb.main of <colcon_core.verb.build.BuildVerb object at 0x7f830b774d30>>, mixin_verb=('build',))
[0.971s] Level 1:colcon.colcon_core.package_discovery:discover_packages(colcon_meta) check parameters
[0.971s] Level 1:colcon.colcon_core.package_discovery:discover_packages(recursive) check parameters
[0.971s] Level 1:colcon.colcon_core.package_discovery:discover_packages(ignore) check parameters
[0.971s] Level 1:colcon.colcon_core.package_discovery:discover_packages(path) check parameters
[0.971s] Level 1:colcon.colcon_core.package_discovery:discover_packages(colcon_meta) discover
[0.971s] Level 1:colcon.colcon_core.package_discovery:discover_packages(recursive) discover
[0.971s] INFO:colcon.colcon_core.package_discovery:Crawling recursively for packages in '/home/user/ros2_ws'
[0.971s] Level 1:colcon.colcon_core.package_identification:_identify(.) by extensions ['ignore', 'ignore_ament_install']
[0.971s] Level 1:colcon.colcon_core.package_identification:_identify(.) by extension 'ignore'
[0.971s] Level 1:colcon.colcon_core.package_identification:_identify(.) by extension 'ignore_ament_install'
[0.971s] Level 1:colcon.colcon_core.package_identification:_identify(.) by extensions ['colcon_pkg']
[0.971s] Level 1:colcon.colcon_core.package_identification:_identify(.) by extension 'colcon_pkg'
[0.972s] Level 1:colcon.colcon_core.package_identification:_identify(.) by extensions ['colcon_meta']
[0.972s] Level 1:colcon.colcon_core.package_identification:_identify(.) by extension 'colcon_meta'
[0.972s] Level 1:colcon.colcon_core.package_identification:_identify(.) by extensions ['ros']
[0.972s] Level 1:colcon.colcon_core.package_identification:_identify(.) by extension 'ros'
[0.990s] Level 1:colcon.colcon_core.package_identification:_identify(.) by extensions ['cmake', 'meson', 'python']
[0.990s] Level 1:colcon.colcon_core.package_identification:_identify(.) by extension 'cmake'
[0.990s] Level 1:colcon.colcon_core.package_identification:_identify(.) by extension 'meson'
[0.990s] Level 1:colcon.colcon_core.package_identification:_identify(.) by extension 'python'
[0.991s] Level 1:colcon.colcon_core.package_identification:_identify(.) by extensions ['python_setup_py']
[0.991s] Level 1:colcon.colcon_core.package_identification:_identify(.) by extension 'python_setup_py'
[0.991s] Level 1:colcon.colcon_core.package_identification:_identify(build) by extensions ['ignore', 'ignore_ament_install']
[0.991s] Level 1:colcon.colcon_core.package_identification:_identify(build) by extension 'ignore'
[0.991s] Level 1:colcon.colcon_core.package_identification:_identify(build) ignored
[0.991s] Level 1:colcon.colcon_core.package_identification:_identify(install) by extensions ['ignore', 'ignore_ament_install']
[0.991s] Level 1:colcon.colcon_core.package_identification:_identify(install) by extension 'ignore'
[0.992s] Level 1:colcon.colcon_core.package_identification:_identify(install) ignored
[0.992s] Level 1:colcon.colcon_core.package_identification:_identify(log) by extensions ['ignore', 'ignore_ament_install']
[0.992s] Level 1:colcon.colcon_core.package_identification:_identify(log) by extension 'ignore'
[0.992s] Level 1:colcon.colcon_core.package_identification:_identify(log) ignored
[0.992s] Level 1:colcon.colcon_core.package_identification:_identify(src) by extensions ['ignore', 'ignore_ament_install']
[0.992s] Level 1:colcon.colcon_core.package_identification:_identify(src) by extension 'ignore'
[0.992s] Level 1:colcon.colcon_core.package_identification:_identify(src) by extension 'ignore_ament_install'
[0.992s] Level 1:colcon.colcon_core.package_identification:_identify(src) by extensions ['colcon_pkg']
[0.993s] Level 1:colcon.colcon_core.package_identification:_identify(src) by extension 'colcon_pkg'
[0.993s] Level 1:colcon.colcon_core.package_identification:_identify(src) by extensions ['colcon_meta']
[0.993s] Level 1:colcon.colcon_core.package_identification:_identify(src) by extension 'colcon_meta'
[0.993s] Level 1:colcon.colcon_core.package_identification:_identify(src) by extensions ['ros']
[0.993s] Level 1:colcon.colcon_core.package_identification:_identify(src) by extension 'ros'
[0.993s] Level 1:colcon.colcon_core.package_identification:_identify(src) by extensions ['cmake', 'meson', 'python']
[0.993s] Level 1:colcon.colcon_core.package_identification:_identify(src) by extension 'cmake'
[0.993s] Level 1:colcon.colcon_core.package_identification:_identify(src) by extension 'meson'
[0.993s] Level 1:colcon.colcon_core.package_identification:_identify(src) by extension 'python'
[0.993s] Level 1:colcon.colcon_core.package_identification:_identify(src) by extensions ['python_setup_py']
[0.993s] Level 1:colcon.colcon_core.package_identification:_identify(src) by extension 'python_setup_py'
[0.993s] Level 1:colcon.colcon_core.package_identification:_identify(src/actions_quiz) by extensions ['ignore', 'ignore_ament_install']
[0.994s] Level 1:colcon.colcon_core.package_identification:_identify(src/actions_quiz) by extension 'ignore'
[0.994s] Level 1:colcon.colcon_core.package_identification:_identify(src/actions_quiz) by extension 'ignore_ament_install'
[0.994s] Level 1:colcon.colcon_core.package_identification:_identify(src/actions_quiz) by extensions ['colcon_pkg']
[0.994s] Level 1:colcon.colcon_core.package_identification:_identify(src/actions_quiz) by extension 'colcon_pkg'
[0.994s] Level 1:colcon.colcon_core.package_identification:_identify(src/actions_quiz) by extensions ['colcon_meta']
[0.994s] Level 1:colcon.colcon_core.package_identification:_identify(src/actions_quiz) by extension 'colcon_meta'
[0.994s] Level 1:colcon.colcon_core.package_identification:_identify(src/actions_quiz) by extensions ['ros']
[0.994s] Level 1:colcon.colcon_core.package_identification:_identify(src/actions_quiz) by extension 'ros'
[0.998s] DEBUG:colcon.colcon_core.package_identification:Package 'src/actions_quiz' with type 'ros.ament_python' and name 'actions_quiz'
[0.998s] Level 1:colcon.colcon_core.package_identification:_identify(src/actions_quiz_msg) by extensions ['ignore', 'ignore_ament_install']
[0.999s] Level 1:colcon.colcon_core.package_identification:_identify(src/actions_quiz_msg) by extension 'ignore'
[0.999s] Level 1:colcon.colcon_core.package_identification:_identify(src/actions_quiz_msg) by extension 'ignore_ament_install'
[0.999s] Level 1:colcon.colcon_core.package_identification:_identify(src/actions_quiz_msg) by extensions ['colcon_pkg']
[0.999s] Level 1:colcon.colcon_core.package_identification:_identify(src/actions_quiz_msg) by extension 'colcon_pkg'
[0.999s] Level 1:colcon.colcon_core.package_identification:_identify(src/actions_quiz_msg) by extensions ['colcon_meta']
[0.999s] Level 1:colcon.colcon_core.package_identification:_identify(src/actions_quiz_msg) by extension 'colcon_meta'
[0.999s] Level 1:colcon.colcon_core.package_identification:_identify(src/actions_quiz_msg) by extensions ['ros']
[0.999s] Level 1:colcon.colcon_core.package_identification:_identify(src/actions_quiz_msg) by extension 'ros'
[1.000s] DEBUG:colcon.colcon_core.package_identification:Package 'src/actions_quiz_msg' with type 'ros.ament_cmake' and name 'actions_quiz_msg'
[1.001s] Level 1:colcon.colcon_core.package_identification:_identify(src/basics_ros2_multithreading) by extensions ['ignore', 'ignore_ament_install']
[1.001s] Level 1:colcon.colcon_core.package_identification:_identify(src/basics_ros2_multithreading) by extension 'ignore'
[1.001s] Level 1:colcon.colcon_core.package_identification:_identify(src/basics_ros2_multithreading) by extension 'ignore_ament_install'
[1.001s] Level 1:colcon.colcon_core.package_identification:_identify(src/basics_ros2_multithreading) by extensions ['colcon_pkg']
[1.001s] Level 1:colcon.colcon_core.package_identification:_identify(src/basics_ros2_multithreading) by extension 'colcon_pkg'
[1.001s] Level 1:colcon.colcon_core.package_identification:_identify(src/basics_ros2_multithreading) by extensions ['colcon_meta']
[1.001s] Level 1:colcon.colcon_core.package_identification:_identify(src/basics_ros2_multithreading) by extension 'colcon_meta'
[1.001s] Level 1:colcon.colcon_core.package_identification:_identify(src/basics_ros2_multithreading) by extensions ['ros']
[1.001s] Level 1:colcon.colcon_core.package_identification:_identify(src/basics_ros2_multithreading) by extension 'ros'
[1.002s] DEBUG:colcon.colcon_core.package_identification:Package 'src/basics_ros2_multithreading' with type 'ros.ament_cmake' and name 'basics_ros2_multithreading'
[1.002s] Level 1:colcon.colcon_core.package_identification:_identify(src/build) by extensions ['ignore', 'ignore_ament_install']
[1.003s] Level 1:colcon.colcon_core.package_identification:_identify(src/build) by extension 'ignore'
[1.003s] Level 1:colcon.colcon_core.package_identification:_identify(src/build) ignored
[1.003s] Level 1:colcon.colcon_core.package_identification:_identify(src/client_pkg) by extensions ['ignore', 'ignore_ament_install']
[1.003s] Level 1:colcon.colcon_core.package_identification:_identify(src/client_pkg) by extension 'ignore'
[1.003s] Level 1:colcon.colcon_core.package_identification:_identify(src/client_pkg) by extension 'ignore_ament_install'
[1.003s] Level 1:colcon.colcon_core.package_identification:_identify(src/client_pkg) by extensions ['colcon_pkg']
[1.003s] Level 1:colcon.colcon_core.package_identification:_identify(src/client_pkg) by extension 'colcon_pkg'
[1.003s] Level 1:colcon.colcon_core.package_identification:_identify(src/client_pkg) by extensions ['colcon_meta']
[1.003s] Level 1:colcon.colcon_core.package_identification:_identify(src/client_pkg) by extension 'colcon_meta'
[1.003s] Level 1:colcon.colcon_core.package_identification:_identify(src/client_pkg) by extensions ['ros']
[1.003s] Level 1:colcon.colcon_core.package_identification:_identify(src/client_pkg) by extension 'ros'
[1.004s] DEBUG:colcon.colcon_core.package_identification:Package 'src/client_pkg' with type 'ros.ament_python' and name 'client_pkg'
[1.005s] Level 1:colcon.colcon_core.package_identification:_identify(src/custom_interfaces) by extensions ['ignore', 'ignore_ament_install']
[1.005s] Level 1:colcon.colcon_core.package_identification:_identify(src/custom_interfaces) by extension 'ignore'
[1.005s] Level 1:colcon.colcon_core.package_identification:_identify(src/custom_interfaces) by extension 'ignore_ament_install'
[1.005s] Level 1:colcon.colcon_core.package_identification:_identify(src/custom_interfaces) by extensions ['colcon_pkg']
[1.005s] Level 1:colcon.colcon_core.package_identification:_identify(src/custom_interfaces) by extension 'colcon_pkg'
[1.005s] Level 1:colcon.colcon_core.package_identification:_identify(src/custom_interfaces) by extensions ['colcon_meta']
[1.005s] Level 1:colcon.colcon_core.package_identification:_identify(src/custom_interfaces) by extension 'colcon_meta'
[1.005s] Level 1:colcon.colcon_core.package_identification:_identify(src/custom_interfaces) by extensions ['ros']
[1.005s] Level 1:colcon.colcon_core.package_identification:_identify(src/custom_interfaces) by extension 'ros'
[1.007s] DEBUG:colcon.colcon_core.package_identification:Package 'src/custom_interfaces' with type 'ros.ament_cmake' and name 'custom_interfaces'
[1.007s] Level 1:colcon.colcon_core.package_identification:_identify(src/example36_pkg) by extensions ['ignore', 'ignore_ament_install']
[1.007s] Level 1:colcon.colcon_core.package_identification:_identify(src/example36_pkg) by extension 'ignore'
[1.007s] Level 1:colcon.colcon_core.package_identification:_identify(src/example36_pkg) by extension 'ignore_ament_install'
[1.007s] Level 1:colcon.colcon_core.package_identification:_identify(src/example36_pkg) by extensions ['colcon_pkg']
[1.007s] Level 1:colcon.colcon_core.package_identification:_identify(src/example36_pkg) by extension 'colcon_pkg'
[1.007s] Level 1:colcon.colcon_core.package_identification:_identify(src/example36_pkg) by extensions ['colcon_meta']
[1.007s] Level 1:colcon.colcon_core.package_identification:_identify(src/example36_pkg) by extension 'colcon_meta'
[1.008s] Level 1:colcon.colcon_core.package_identification:_identify(src/example36_pkg) by extensions ['ros']
[1.008s] Level 1:colcon.colcon_core.package_identification:_identify(src/example36_pkg) by extension 'ros'
[1.009s] DEBUG:colcon.colcon_core.package_identification:Package 'src/example36_pkg' with type 'ros.ament_python' and name 'example36_pkg'
[1.009s] Level 1:colcon.colcon_core.package_identification:_identify(src/exercise31_pkg) by extensions ['ignore', 'ignore_ament_install']
[1.009s] Level 1:colcon.colcon_core.package_identification:_identify(src/exercise31_pkg) by extension 'ignore'
[1.009s] Level 1:colcon.colcon_core.package_identification:_identify(src/exercise31_pkg) by extension 'ignore_ament_install'
[1.009s] Level 1:colcon.colcon_core.package_identification:_identify(src/exercise31_pkg) by extensions ['colcon_pkg']
[1.010s] Level 1:colcon.colcon_core.package_identification:_identify(src/exercise31_pkg) by extension 'colcon_pkg'
[1.010s] Level 1:colcon.colcon_core.package_identification:_identify(src/exercise31_pkg) by extensions ['colcon_meta']
[1.010s] Level 1:colcon.colcon_core.package_identification:_identify(src/exercise31_pkg) by extension 'colcon_meta'
[1.010s] Level 1:colcon.colcon_core.package_identification:_identify(src/exercise31_pkg) by extensions ['ros']
[1.010s] Level 1:colcon.colcon_core.package_identification:_identify(src/exercise31_pkg) by extension 'ros'
[1.011s] DEBUG:colcon.colcon_core.package_identification:Package 'src/exercise31_pkg' with type 'ros.ament_python' and name 'exercise31_pkg'
[1.011s] Level 1:colcon.colcon_core.package_identification:_identify(src/exercise42_pkg) by extensions ['ignore', 'ignore_ament_install']
[1.012s] Level 1:colcon.colcon_core.package_identification:_identify(src/exercise42_pkg) by extension 'ignore'
[1.012s] Level 1:colcon.colcon_core.package_identification:_identify(src/exercise42_pkg) by extension 'ignore_ament_install'
[1.012s] Level 1:colcon.colcon_core.package_identification:_identify(src/exercise42_pkg) by extensions ['colcon_pkg']
[1.012s] Level 1:colcon.colcon_core.package_identification:_identify(src/exercise42_pkg) by extension 'colcon_pkg'
[1.012s] Level 1:colcon.colcon_core.package_identification:_identify(src/exercise42_pkg) by extensions ['colcon_meta']
[1.012s] Level 1:colcon.colcon_core.package_identification:_identify(src/exercise42_pkg) by extension 'colcon_meta'
[1.012s] Level 1:colcon.colcon_core.package_identification:_identify(src/exercise42_pkg) by extensions ['ros']
[1.012s] Level 1:colcon.colcon_core.package_identification:_identify(src/exercise42_pkg) by extension 'ros'
[1.013s] DEBUG:colcon.colcon_core.package_identification:Package 'src/exercise42_pkg' with type 'ros.ament_python' and name 'exercise42_pkg'
[1.014s] Level 1:colcon.colcon_core.package_identification:_identify(src/install) by extensions ['ignore', 'ignore_ament_install']
[1.014s] Level 1:colcon.colcon_core.package_identification:_identify(src/install) by extension 'ignore'
[1.014s] Level 1:colcon.colcon_core.package_identification:_identify(src/install) ignored
[1.014s] Level 1:colcon.colcon_core.package_identification:_identify(src/log) by extensions ['ignore', 'ignore_ament_install']
[1.014s] Level 1:colcon.colcon_core.package_identification:_identify(src/log) by extension 'ignore'
[1.014s] Level 1:colcon.colcon_core.package_identification:_identify(src/log) ignored
[1.014s] Level 1:colcon.colcon_core.package_identification:_identify(src/movement_pkg) by extensions ['ignore', 'ignore_ament_install']
[1.015s] Level 1:colcon.colcon_core.package_identification:_identify(src/movement_pkg) by extension 'ignore'
[1.015s] Level 1:colcon.colcon_core.package_identification:_identify(src/movement_pkg) by extension 'ignore_ament_install'
[1.015s] Level 1:colcon.colcon_core.package_identification:_identify(src/movement_pkg) by extensions ['colcon_pkg']
[1.015s] Level 1:colcon.colcon_core.package_identification:_identify(src/movement_pkg) by extension 'colcon_pkg'
[1.015s] Level 1:colcon.colcon_core.package_identification:_identify(src/movement_pkg) by extensions ['colcon_meta']
[1.015s] Level 1:colcon.colcon_core.package_identification:_identify(src/movement_pkg) by extension 'colcon_meta'
[1.015s] Level 1:colcon.colcon_core.package_identification:_identify(src/movement_pkg) by extensions ['ros']
[1.015s] Level 1:colcon.colcon_core.package_identification:_identify(src/movement_pkg) by extension 'ros'
[1.017s] DEBUG:colcon.colcon_core.package_identification:Package 'src/movement_pkg' with type 'ros.ament_python' and name 'movement_pkg'
[1.017s] Level 1:colcon.colcon_core.package_identification:_identify(src/my_action_client) by extensions ['ignore', 'ignore_ament_install']
[1.017s] Level 1:colcon.colcon_core.package_identification:_identify(src/my_action_client) by extension 'ignore'
[1.017s] Level 1:colcon.colcon_core.package_identification:_identify(src/my_action_client) by extension 'ignore_ament_install'
[1.017s] Level 1:colcon.colcon_core.package_identification:_identify(src/my_action_client) by extensions ['colcon_pkg']
[1.017s] Level 1:colcon.colcon_core.package_identification:_identify(src/my_action_client) by extension 'colcon_pkg'
[1.017s] Level 1:colcon.colcon_core.package_identification:_identify(src/my_action_client) by extensions ['colcon_meta']
[1.017s] Level 1:colcon.colcon_core.package_identification:_identify(src/my_action_client) by extension 'colcon_meta'
[1.017s] Level 1:colcon.colcon_core.package_identification:_identify(src/my_action_client) by extensions ['ros']
[1.018s] Level 1:colcon.colcon_core.package_identification:_identify(src/my_action_client) by extension 'ros'
[1.019s] DEBUG:colcon.colcon_core.package_identification:Package 'src/my_action_client' with type 'ros.ament_python' and name 'my_action_client'
[1.019s] Level 1:colcon.colcon_core.package_identification:_identify(src/my_action_server) by extensions ['ignore', 'ignore_ament_install']
[1.019s] Level 1:colcon.colcon_core.package_identification:_identify(src/my_action_server) by extension 'ignore'
[1.019s] Level 1:colcon.colcon_core.package_identification:_identify(src/my_action_server) by extension 'ignore_ament_install'
[1.019s] Level 1:colcon.colcon_core.package_identification:_identify(src/my_action_server) by extensions ['colcon_pkg']
[1.019s] Level 1:colcon.colcon_core.package_identification:_identify(src/my_action_server) by extension 'colcon_pkg'
[1.019s] Level 1:colcon.colcon_core.package_identification:_identify(src/my_action_server) by extensions ['colcon_meta']
[1.019s] Level 1:colcon.colcon_core.package_identification:_identify(src/my_action_server) by extension 'colcon_meta'
[1.020s] Level 1:colcon.colcon_core.package_identification:_identify(src/my_action_server) by extensions ['ros']
[1.020s] Level 1:colcon.colcon_core.package_identification:_identify(src/my_action_server) by extension 'ros'
[1.021s] DEBUG:colcon.colcon_core.package_identification:Package 'src/my_action_server' with type 'ros.ament_python' and name 'my_action_server'
[1.021s] Level 1:colcon.colcon_core.package_identification:_identify(src/my_package) by extensions ['ignore', 'ignore_ament_install']
[1.021s] Level 1:colcon.colcon_core.package_identification:_identify(src/my_package) by extension 'ignore'
[1.021s] Level 1:colcon.colcon_core.package_identification:_identify(src/my_package) by extension 'ignore_ament_install'
[1.021s] Level 1:colcon.colcon_core.package_identification:_identify(src/my_package) by extensions ['colcon_pkg']
[1.021s] Level 1:colcon.colcon_core.package_identification:_identify(src/my_package) by extension 'colcon_pkg'
[1.021s] Level 1:colcon.colcon_core.package_identification:_identify(src/my_package) by extensions ['colcon_meta']
[1.021s] Level 1:colcon.colcon_core.package_identification:_identify(src/my_package) by extension 'colcon_meta'
[1.022s] Level 1:colcon.colcon_core.package_identification:_identify(src/my_package) by extensions ['ros']
[1.022s] Level 1:colcon.colcon_core.package_identification:_identify(src/my_package) by extension 'ros'
[1.022s] DEBUG:colcon.colcon_core.package_identification:Package 'src/my_package' with type 'ros.ament_python' and name 'my_package'
[1.023s] Level 1:colcon.colcon_core.package_identification:_identify(src/publisher_pkg) by extensions ['ignore', 'ignore_ament_install']
[1.023s] Level 1:colcon.colcon_core.package_identification:_identify(src/publisher_pkg) by extension 'ignore'
[1.023s] Level 1:colcon.colcon_core.package_identification:_identify(src/publisher_pkg) by extension 'ignore_ament_install'
[1.023s] Level 1:colcon.colcon_core.package_identification:_identify(src/publisher_pkg) by extensions ['colcon_pkg']
[1.023s] Level 1:colcon.colcon_core.package_identification:_identify(src/publisher_pkg) by extension 'colcon_pkg'
[1.023s] Level 1:colcon.colcon_core.package_identification:_identify(src/publisher_pkg) by extensions ['colcon_meta']
[1.023s] Level 1:colcon.colcon_core.package_identification:_identify(src/publisher_pkg) by extension 'colcon_meta'
[1.023s] Level 1:colcon.colcon_core.package_identification:_identify(src/publisher_pkg) by extensions ['ros']
[1.023s] Level 1:colcon.colcon_core.package_identification:_identify(src/publisher_pkg) by extension 'ros'
[1.025s] DEBUG:colcon.colcon_core.package_identification:Package 'src/publisher_pkg' with type 'ros.ament_python' and name 'publisher_pkg'
[1.025s] Level 1:colcon.colcon_core.package_identification:_identify(src/src) by extensions ['ignore', 'ignore_ament_install']
[1.025s] Level 1:colcon.colcon_core.package_identification:_identify(src/src) by extension 'ignore'
[1.025s] Level 1:colcon.colcon_core.package_identification:_identify(src/src) by extension 'ignore_ament_install'
[1.025s] Level 1:colcon.colcon_core.package_identification:_identify(src/src) by extensions ['colcon_pkg']
[1.025s] Level 1:colcon.colcon_core.package_identification:_identify(src/src) by extension 'colcon_pkg'
[1.025s] Level 1:colcon.colcon_core.package_identification:_identify(src/src) by extensions ['colcon_meta']
[1.025s] Level 1:colcon.colcon_core.package_identification:_identify(src/src) by extension 'colcon_meta'
[1.025s] Level 1:colcon.colcon_core.package_identification:_identify(src/src) by extensions ['ros']
[1.025s] Level 1:colcon.colcon_core.package_identification:_identify(src/src) by extension 'ros'
[1.026s] Level 1:colcon.colcon_core.package_identification:_identify(src/src) by extensions ['cmake', 'meson', 'python']
[1.026s] Level 1:colcon.colcon_core.package_identification:_identify(src/src) by extension 'cmake'
[1.026s] Level 1:colcon.colcon_core.package_identification:_identify(src/src) by extension 'meson'
[1.026s] Level 1:colcon.colcon_core.package_identification:_identify(src/src) by extension 'python'
[1.026s] Level 1:colcon.colcon_core.package_identification:_identify(src/src) by extensions ['python_setup_py']
[1.026s] Level 1:colcon.colcon_core.package_identification:_identify(src/src) by extension 'python_setup_py'
[1.027s] Level 1:colcon.colcon_core.package_identification:_identify(src/src/bin) by extensions ['ignore', 'ignore_ament_install']
[1.028s] Level 1:colcon.colcon_core.package_identification:_identify(src/src/bin) by extension 'ignore'
[1.028s] Level 1:colcon.colcon_core.package_identification:_identify(src/src/bin) by extension 'ignore_ament_install'
[1.028s] Level 1:colcon.colcon_core.package_identification:_identify(src/src/bin) by extensions ['colcon_pkg']
[1.028s] Level 1:colcon.colcon_core.package_identification:_identify(src/src/bin) by extension 'colcon_pkg'
[1.028s] Level 1:colcon.colcon_core.package_identification:_identify(src/src/bin) by extensions ['colcon_meta']
[1.028s] Level 1:colcon.colcon_core.package_identification:_identify(src/src/bin) by extension 'colcon_meta'
[1.028s] Level 1:colcon.colcon_core.package_identification:_identify(src/src/bin) by extensions ['ros']
[1.029s] Level 1:colcon.colcon_core.package_identification:_identify(src/src/bin) by extension 'ros'
[1.029s] Level 1:colcon.colcon_core.package_identification:_identify(src/src/bin) by extensions ['cmake', 'meson', 'python']
[1.029s] Level 1:colcon.colcon_core.package_identification:_identify(src/src/bin) by extension 'cmake'
[1.029s] Level 1:colcon.colcon_core.package_identification:_identify(src/src/bin) by extension 'meson'
[1.029s] Level 1:colcon.colcon_core.package_identification:_identify(src/src/bin) by extension 'python'
[1.029s] Level 1:colcon.colcon_core.package_identification:_identify(src/src/bin) by extensions ['python_setup_py']
[1.029s] Level 1:colcon.colcon_core.package_identification:_identify(src/src/bin) by extension 'python_setup_py'
[1.029s] Level 1:colcon.colcon_core.package_identification:_identify(src/src/boot) by extensions ['ignore', 'ignore_ament_install']
[1.029s] Level 1:colcon.colcon_core.package_identification:_identify(src/src/boot) by extension 'ignore'
[1.029s] Level 1:colcon.colcon_core.package_identification:_identify(src/src/boot) by extension 'ignore_ament_install'
[1.029s] Level 1:colcon.colcon_core.package_identification:_identify(src/src/boot) by extensions ['colcon_pkg']
[1.029s] Level 1:colcon.colcon_core.package_identification:_identify(src/src/boot) by extension 'colcon_pkg'
[1.030s] Level 1:colcon.colcon_core.package_identification:_identify(src/src/boot) by extensions ['colcon_meta']
[1.030s] Level 1:colcon.colcon_core.package_identification:_identify(src/src/boot) by extension 'colcon_meta'
[1.030s] Level 1:colcon.colcon_core.package_identification:_identify(src/src/boot) by extensions ['ros']
[1.030s] Level 1:colcon.colcon_core.package_identification:_identify(src/src/boot) by extension 'ros'
[1.030s] Level 1:colcon.colcon_core.package_identification:_identify(src/src/boot) by extensions ['cmake', 'meson', 'python']
[1.030s] Level 1:colcon.colcon_core.package_identification:_identify(src/src/boot) by extension 'cmake'
[1.030s] Level 1:colcon.colcon_core.package_identification:_identify(src/src/boot) by extension 'meson'
[1.030s] Level 1:colcon.colcon_core.package_identification:_identify(src/src/boot) by extension 'python'
[1.030s] Level 1:colcon.colcon_core.package_identification:_identify(src/src/boot) by extensions ['python_setup_py']
[1.030s] Level 1:colcon.colcon_core.package_identification:_identify(src/src/boot) by extension 'python_setup_py'
[1.030s] Level 1:colcon.colcon_core.package_identification:_identify(src/src/dev) by extensions ['ignore', 'ignore_ament_install']
[1.030s] Level 1:colcon.colcon_core.package_identification:_identify(src/src/dev) by extension 'ignore'
[1.031s] Level 1:colcon.colcon_core.package_identification:_identify(src/src/dev) by extension 'ignore_ament_install'
[1.031s] Level 1:colcon.colcon_core.package_identification:_identify(src/src/dev) by extensions ['colcon_pkg']
[1.031s] Level 1:colcon.colcon_core.package_identification:_identify(src/src/dev) by extension 'colcon_pkg'
[1.031s] Level 1:colcon.colcon_core.package_identification:_identify(src/src/dev) by extensions ['colcon_meta']
[1.031s] Level 1:colcon.colcon_core.package_identification:_identify(src/src/dev) by extension 'colcon_meta'
[1.031s] Level 1:colcon.colcon_core.package_identification:_identify(src/src/dev) by extensions ['ros']
[1.031s] Level 1:colcon.colcon_core.package_identification:_identify(src/src/dev) by extension 'ros'
[1.031s] Level 1:colcon.colcon_core.package_identification:_identify(src/src/dev) by extensions ['cmake', 'meson', 'python']
[1.031s] Level 1:colcon.colcon_core.package_identification:_identify(src/src/dev) by extension 'cmake'
[1.031s] Level 1:colcon.colcon_core.package_identification:_identify(src/src/dev) by extension 'meson'
[1.031s] Level 1:colcon.colcon_core.package_identification:_identify(src/src/dev) by extension 'python'
[1.031s] Level 1:colcon.colcon_core.package_identification:_identify(src/src/dev) by extensions ['python_setup_py']
[1.031s] Level 1:colcon.colcon_core.package_identification:_identify(src/src/dev) by extension 'python_setup_py'
[1.032s] Level 1:colcon.colcon_core.package_identification:_identify(src/src copy) by extensions ['ignore', 'ignore_ament_install']
[1.032s] Level 1:colcon.colcon_core.package_identification:_identify(src/src copy) by extension 'ignore'
[1.032s] Level 1:colcon.colcon_core.package_identification:_identify(src/src copy) by extension 'ignore_ament_install'
[1.032s] Level 1:colcon.colcon_core.package_identification:_identify(src/src copy) by extensions ['colcon_pkg']
[1.032s] Level 1:colcon.colcon_core.package_identification:_identify(src/src copy) by extension 'colcon_pkg'
[1.032s] Level 1:colcon.colcon_core.package_identification:_identify(src/src copy) by extensions ['colcon_meta']
[1.032s] Level 1:colcon.colcon_core.package_identification:_identify(src/src copy) by extension 'colcon_meta'
[1.032s] Level 1:colcon.colcon_core.package_identification:_identify(src/src copy) by extensions ['ros']
[1.032s] Level 1:colcon.colcon_core.package_identification:_identify(src/src copy) by extension 'ros'
[1.032s] Level 1:colcon.colcon_core.package_identification:_identify(src/src copy) by extensions ['cmake', 'meson', 'python']
[1.032s] Level 1:colcon.colcon_core.package_identification:_identify(src/src copy) by extension 'cmake'
[1.032s] Level 1:colcon.colcon_core.package_identification:_identify(src/src copy) by extension 'meson'
[1.033s] Level 1:colcon.colcon_core.package_identification:_identify(src/src copy) by extension 'python'
[1.033s] Level 1:colcon.colcon_core.package_identification:_identify(src/src copy) by extensions ['python_setup_py']
[1.033s] Level 1:colcon.colcon_core.package_identification:_identify(src/src copy) by extension 'python_setup_py'
[1.033s] Level 1:colcon.colcon_core.package_identification:_identify(src/src copy/bin) by extensions ['ignore', 'ignore_ament_install']
[1.034s] Level 1:colcon.colcon_core.package_identification:_identify(src/src copy/bin) by extension 'ignore'
[1.034s] Level 1:colcon.colcon_core.package_identification:_identify(src/src copy/bin) by extension 'ignore_ament_install'
[1.034s] Level 1:colcon.colcon_core.package_identification:_identify(src/src copy/bin) by extensions ['colcon_pkg']
[1.034s] Level 1:colcon.colcon_core.package_identification:_identify(src/src copy/bin) by extension 'colcon_pkg'
[1.034s] Level 1:colcon.colcon_core.package_identification:_identify(src/src copy/bin) by extensions ['colcon_meta']
[1.034s] Level 1:colcon.colcon_core.package_identification:_identify(src/src copy/bin) by extension 'colcon_meta'
[1.034s] Level 1:colcon.colcon_core.package_identification:_identify(src/src copy/bin) by extensions ['ros']
[1.034s] Level 1:colcon.colcon_core.package_identification:_identify(src/src copy/bin) by extension 'ros'
[1.034s] Level 1:colcon.colcon_core.package_identification:_identify(src/src copy/bin) by extensions ['cmake', 'meson', 'python']
[1.034s] Level 1:colcon.colcon_core.package_identification:_identify(src/src copy/bin) by extension 'cmake'
[1.034s] Level 1:colcon.colcon_core.package_identification:_identify(src/src copy/bin) by extension 'meson'
[1.034s] Level 1:colcon.colcon_core.package_identification:_identify(src/src copy/bin) by extension 'python'
[1.034s] Level 1:colcon.colcon_core.package_identification:_identify(src/src copy/bin) by extensions ['python_setup_py']
[1.035s] Level 1:colcon.colcon_core.package_identification:_identify(src/src copy/bin) by extension 'python_setup_py'
[1.035s] Level 1:colcon.colcon_core.package_identification:_identify(src/src copy/boot) by extensions ['ignore', 'ignore_ament_install']
[1.035s] Level 1:colcon.colcon_core.package_identification:_identify(src/src copy/boot) by extension 'ignore'
[1.035s] Level 1:colcon.colcon_core.package_identification:_identify(src/src copy/boot) by extension 'ignore_ament_install'
[1.035s] Level 1:colcon.colcon_core.package_identification:_identify(src/src copy/boot) by extensions ['colcon_pkg']
[1.035s] Level 1:colcon.colcon_core.package_identification:_identify(src/src copy/boot) by extension 'colcon_pkg'
[1.035s] Level 1:colcon.colcon_core.package_identification:_identify(src/src copy/boot) by extensions ['colcon_meta']
[1.035s] Level 1:colcon.colcon_core.package_identification:_identify(src/src copy/boot) by extension 'colcon_meta'
[1.035s] Level 1:colcon.colcon_core.package_identification:_identify(src/src copy/boot) by extensions ['ros']
[1.035s] Level 1:colcon.colcon_core.package_identification:_identify(src/src copy/boot) by extension 'ros'
[1.035s] Level 1:colcon.colcon_core.package_identification:_identify(src/src copy/boot) by extensions ['cmake', 'meson', 'python']
[1.035s] Level 1:colcon.colcon_core.package_identification:_identify(src/src copy/boot) by extension 'cmake'
[1.036s] Level 1:colcon.colcon_core.package_identification:_identify(src/src copy/boot) by extension 'meson'
[1.036s] Level 1:colcon.colcon_core.package_identification:_identify(src/src copy/boot) by extension 'python'
[1.036s] Level 1:colcon.colcon_core.package_identification:_identify(src/src copy/boot) by extensions ['python_setup_py']
[1.036s] Level 1:colcon.colcon_core.package_identification:_identify(src/src copy/boot) by extension 'python_setup_py'
[1.036s] Level 1:colcon.colcon_core.package_identification:_identify(src/src copy/dev) by extensions ['ignore', 'ignore_ament_install']
[1.036s] Level 1:colcon.colcon_core.package_identification:_identify(src/src copy/dev) by extension 'ignore'
[1.036s] Level 1:colcon.colcon_core.package_identification:_identify(src/src copy/dev) by extension 'ignore_ament_install'
[1.036s] Level 1:colcon.colcon_core.package_identification:_identify(src/src copy/dev) by extensions ['colcon_pkg']
[1.036s] Level 1:colcon.colcon_core.package_identification:_identify(src/src copy/dev) by extension 'colcon_pkg'
[1.036s] Level 1:colcon.colcon_core.package_identification:_identify(src/src copy/dev) by extensions ['colcon_meta']
[1.036s] Level 1:colcon.colcon_core.package_identification:_identify(src/src copy/dev) by extension 'colcon_meta'
[1.037s] Level 1:colcon.colcon_core.package_identification:_identify(src/src copy/dev) by extensions ['ros']
[1.037s] Level 1:colcon.colcon_core.package_identification:_identify(src/src copy/dev) by extension 'ros'
[1.037s] Level 1:colcon.colcon_core.package_identification:_identify(src/src copy/dev) by extensions ['cmake', 'meson', 'python']
[1.037s] Level 1:colcon.colcon_core.package_identification:_identify(src/src copy/dev) by extension 'cmake'
[1.037s] Level 1:colcon.colcon_core.package_identification:_identify(src/src copy/dev) by extension 'meson'
[1.037s] Level 1:colcon.colcon_core.package_identification:_identify(src/src copy/dev) by extension 'python'
[1.037s] Level 1:colcon.colcon_core.package_identification:_identify(src/src copy/dev) by extensions ['python_setup_py']
[1.037s] Level 1:colcon.colcon_core.package_identification:_identify(src/src copy/dev) by extension 'python_setup_py'
[1.037s] Level 1:colcon.colcon_core.package_identification:_identify(src/subscriber_pkg) by extensions ['ignore', 'ignore_ament_install']
[1.037s] Level 1:colcon.colcon_core.package_identification:_identify(src/subscriber_pkg) by extension 'ignore'
[1.037s] Level 1:colcon.colcon_core.package_identification:_identify(src/subscriber_pkg) by extension 'ignore_ament_install'
[1.037s] Level 1:colcon.colcon_core.package_identification:_identify(src/subscriber_pkg) by extensions ['colcon_pkg']
[1.038s] Level 1:colcon.colcon_core.package_identification:_identify(src/subscriber_pkg) by extension 'colcon_pkg'
[1.038s] Level 1:colcon.colcon_core.package_identification:_identify(src/subscriber_pkg) by extensions ['colcon_meta']
[1.038s] Level 1:colcon.colcon_core.package_identification:_identify(src/subscriber_pkg) by extension 'colcon_meta'
[1.038s] Level 1:colcon.colcon_core.package_identification:_identify(src/subscriber_pkg) by extensions ['ros']
[1.038s] Level 1:colcon.colcon_core.package_identification:_identify(src/subscriber_pkg) by extension 'ros'
[1.039s] DEBUG:colcon.colcon_core.package_identification:Package 'src/subscriber_pkg' with type 'ros.ament_python' and name 'subscriber_pkg'
[1.039s] Level 1:colcon.colcon_core.package_identification:_identify(src/topics_quiz) by extensions ['ignore', 'ignore_ament_install']
[1.039s] Level 1:colcon.colcon_core.package_identification:_identify(src/topics_quiz) by extension 'ignore'
[1.039s] Level 1:colcon.colcon_core.package_identification:_identify(src/topics_quiz) by extension 'ignore_ament_install'
[1.039s] Level 1:colcon.colcon_core.package_identification:_identify(src/topics_quiz) by extensions ['colcon_pkg']
[1.040s] Level 1:colcon.colcon_core.package_identification:_identify(src/topics_quiz) by extension 'colcon_pkg'
[1.040s] Level 1:colcon.colcon_core.package_identification:_identify(src/topics_quiz) by extensions ['colcon_meta']
[1.040s] Level 1:colcon.colcon_core.package_identification:_identify(src/topics_quiz) by extension 'colcon_meta'
[1.040s] Level 1:colcon.colcon_core.package_identification:_identify(src/topics_quiz) by extensions ['ros']
[1.040s] Level 1:colcon.colcon_core.package_identification:_identify(src/topics_quiz) by extension 'ros'
[1.041s] DEBUG:colcon.colcon_core.package_identification:Package 'src/topics_quiz' with type 'ros.ament_python' and name 'topics_quiz'
[1.041s] Level 1:colcon.colcon_core.package_discovery:discover_packages(recursive) using defaults
[1.041s] Level 1:colcon.colcon_core.package_discovery:discover_packages(ignore) discover
[1.041s] Level 1:colcon.colcon_core.package_discovery:discover_packages(ignore) using defaults
[1.041s] Level 1:colcon.colcon_core.package_discovery:discover_packages(path) discover
[1.041s] Level 1:colcon.colcon_core.package_discovery:discover_packages(path) using defaults
[1.078s] INFO:colcon.colcon_core.package_selection:Skipping not selected package 'basics_ros2_multithreading' in 'src/basics_ros2_multithreading'
[1.078s] INFO:colcon.colcon_core.package_selection:Skipping not selected package 'client_pkg' in 'src/client_pkg'
[1.078s] INFO:colcon.colcon_core.package_selection:Skipping not selected package 'custom_interfaces' in 'src/custom_interfaces'
[1.078s] INFO:colcon.colcon_core.package_selection:Skipping not selected package 'exercise42_pkg' in 'src/exercise42_pkg'
[1.079s] INFO:colcon.colcon_core.package_selection:Skipping not selected package 'my_action_client' in 'src/my_action_client'
[1.079s] INFO:colcon.colcon_core.package_selection:Skipping not selected package 'my_action_server' in 'src/my_action_server'
[1.079s] INFO:colcon.colcon_core.package_selection:Skipping not selected package 'my_package' in 'src/my_package'
[1.079s] INFO:colcon.colcon_core.package_selection:Skipping not selected package 'publisher_pkg' in 'src/publisher_pkg'
[1.079s] INFO:colcon.colcon_core.package_selection:Skipping not selected package 'subscriber_pkg' in 'src/subscriber_pkg'
[1.079s] INFO:colcon.colcon_core.package_selection:Skipping not selected package 'topics_quiz' in 'src/topics_quiz'
[1.079s] INFO:colcon.colcon_core.package_selection:Skipping not selected package 'example36_pkg' in 'src/example36_pkg'
[1.079s] INFO:colcon.colcon_core.package_selection:Skipping not selected package 'exercise31_pkg' in 'src/exercise31_pkg'
[1.079s] INFO:colcon.colcon_core.package_selection:Skipping not selected package 'movement_pkg' in 'src/movement_pkg'
[1.080s] Level 1:colcon.colcon_core.package_discovery:discover_packages(prefix_path) check parameters
[1.080s] Level 1:colcon.colcon_core.package_discovery:discover_packages(prefix_path) discover
[1.082s] WARNING:colcon.colcon_ros.prefix_path.ament:The path '/home/user/quiz_ws/Quizes/ros2_ws/install/ros2_quizzes' in the environment variable AMENT_PREFIX_PATH doesn't exist
[1.086s] DEBUG:colcon.colcon_installed_package_information.package_discovery:Found 13 installed packages in /home/user/ros2_ws/install
[1.088s] DEBUG:colcon.colcon_installed_package_information.package_discovery:Found 14 installed packages in /home/simulations/ros2_sims_ws/install
[1.092s] DEBUG:colcon.colcon_installed_package_information.package_discovery:Found 417 installed packages in /opt/ros/humble
[1.096s] Level 1:colcon.colcon_core.package_discovery:discover_packages(prefix_path) using defaults
[1.271s] Level 5:colcon.colcon_core.verb:set package 'actions_quiz' build argument 'cmake_args' from command line to 'None'
[1.271s] Level 5:colcon.colcon_core.verb:set package 'actions_quiz' build argument 'cmake_target' from command line to 'None'
[1.271s] Level 5:colcon.colcon_core.verb:set package 'actions_quiz' build argument 'cmake_target_skip_unavailable' from command line to 'False'
[1.271s] Level 5:colcon.colcon_core.verb:set package 'actions_quiz' build argument 'cmake_clean_cache' from command line to 'False'
[1.271s] Level 5:colcon.colcon_core.verb:set package 'actions_quiz' build argument 'cmake_clean_first' from command line to 'False'
[1.271s] Level 5:colcon.colcon_core.verb:set package 'actions_quiz' build argument 'cmake_force_configure' from command line to 'False'
[1.271s] Level 5:colcon.colcon_core.verb:set package 'actions_quiz' build argument 'meson_args' from command line to '[]'
[1.271s] Level 5:colcon.colcon_core.verb:set package 'actions_quiz' build argument 'ament_cmake_args' from command line to 'None'
[1.271s] Level 5:colcon.colcon_core.verb:set package 'actions_quiz' build argument 'catkin_cmake_args' from command line to 'None'
[1.271s] Level 5:colcon.colcon_core.verb:set package 'actions_quiz' build argument 'catkin_skip_building_tests' from command line to 'False'
[1.271s] DEBUG:colcon.colcon_core.verb:Building package 'actions_quiz' with the following arguments: {'ament_cmake_args': None, 'build_base': '/home/user/ros2_ws/build/actions_quiz', 'catkin_cmake_args': None, 'catkin_skip_building_tests': False, 'cmake_args': None, 'cmake_clean_cache': False, 'cmake_clean_first': False, 'cmake_force_configure': False, 'cmake_target': None, 'cmake_target_skip_unavailable': False, 'install_base': '/home/user/ros2_ws/install/actions_quiz', 'merge_install': False, 'meson_args': [], 'path': '/home/user/ros2_ws/src/actions_quiz', 'symlink_install': False, 'test_result_base': None}
[1.285s] Level 5:colcon.colcon_core.verb:set package 'actions_quiz_msg' build argument 'cmake_args' from command line to 'None'
[1.285s] Level 5:colcon.colcon_core.verb:set package 'actions_quiz_msg' build argument 'cmake_target' from command line to 'None'
[1.285s] Level 5:colcon.colcon_core.verb:set package 'actions_quiz_msg' build argument 'cmake_target_skip_unavailable' from command line to 'False'
[1.285s] Level 5:colcon.colcon_core.verb:set package 'actions_quiz_msg' build argument 'cmake_clean_cache' from command line to 'False'
[1.285s] Level 5:colcon.colcon_core.verb:set package 'actions_quiz_msg' build argument 'cmake_clean_first' from command line to 'False'
[1.285s] Level 5:colcon.colcon_core.verb:set package 'actions_quiz_msg' build argument 'cmake_force_configure' from command line to 'False'
[1.285s] Level 5:colcon.colcon_core.verb:set package 'actions_quiz_msg' build argument 'meson_args' from command line to '[]'
[1.285s] Level 5:colcon.colcon_core.verb:set package 'actions_quiz_msg' build argument 'ament_cmake_args' from command line to 'None'
[1.285s] Level 5:colcon.colcon_core.verb:set package 'actions_quiz_msg' build argument 'catkin_cmake_args' from command line to 'None'
[1.286s] Level 5:colcon.colcon_core.verb:set package 'actions_quiz_msg' build argument 'catkin_skip_building_tests' from command line to 'False'
[1.286s] DEBUG:colcon.colcon_core.verb:Building package 'actions_quiz_msg' with the following arguments: {'ament_cmake_args': None, 'build_base': '/home/user/ros2_ws/build/actions_quiz_msg', 'catkin_cmake_args': None, 'catkin_skip_building_tests': False, 'cmake_args': None, 'cmake_clean_cache': False, 'cmake_clean_first': False, 'cmake_force_configure': False, 'cmake_target': None, 'cmake_target_skip_unavailable': False, 'install_base': '/home/user/ros2_ws/install/actions_quiz_msg', 'merge_install': False, 'meson_args': [], 'path': '/home/user/ros2_ws/src/actions_quiz_msg', 'symlink_install': False, 'test_result_base': None}
[1.287s] INFO:colcon.colcon_core.executor:Executing jobs using 'parallel' executor
[1.293s] DEBUG:colcon.colcon_parallel_executor.executor.parallel:run_until_complete
[1.294s] INFO:colcon.colcon_ros.task.ament_python.build:Building ROS package in '/home/user/ros2_ws/src/actions_quiz' with build type 'ament_python'
[1.294s] Level 1:colcon.colcon_core.shell:create_environment_hook('actions_quiz', 'ament_prefix_path')
[1.304s] INFO:colcon.colcon_core.plugin_system:Skipping extension 'colcon_core.shell.bat': Not used on non-Windows systems
[1.304s] INFO:colcon.colcon_core.shell:Creating environment hook '/home/user/ros2_ws/install/actions_quiz/share/actions_quiz/hook/ament_prefix_path.ps1'
[1.305s] INFO:colcon.colcon_core.shell:Creating environment descriptor '/home/user/ros2_ws/install/actions_quiz/share/actions_quiz/hook/ament_prefix_path.dsv'
[1.306s] INFO:colcon.colcon_core.shell:Creating environment hook '/home/user/ros2_ws/install/actions_quiz/share/actions_quiz/hook/ament_prefix_path.sh'
[1.309s] INFO:colcon.colcon_core.shell:Skip shell extension 'powershell' for command environment: Not usable outside of PowerShell
[1.309s] DEBUG:colcon.colcon_core.shell:Skip shell extension 'dsv' for command environment
[1.320s] INFO:colcon.colcon_ros.task.ament_cmake.build:Building ROS package in '/home/user/ros2_ws/src/actions_quiz_msg' with build type 'ament_cmake'
[1.320s] INFO:colcon.colcon_cmake.task.cmake.build:Building CMake package in '/home/user/ros2_ws/src/actions_quiz_msg'
[1.322s] INFO:colcon.colcon_core.shell:Skip shell extension 'powershell' for command environment: Not usable outside of PowerShell
[1.322s] DEBUG:colcon.colcon_core.shell:Skip shell extension 'dsv' for command environment
[1.849s] INFO:colcon.colcon_core.task.python.build:Building Python package in '/home/user/ros2_ws/src/actions_quiz'
[1.851s] INFO:colcon.colcon_core.shell:Skip shell extension 'powershell' for command environment: Not usable outside of PowerShell
[1.852s] DEBUG:colcon.colcon_core.shell:Skip shell extension 'dsv' for command environment
[1.871s] DEBUG:colcon.colcon_core.event_handler.log_command:Invoking command in '/home/user/ros2_ws/build/actions_quiz_msg': CMAKE_PREFIX_PATH=${CMAKE_PREFIX_PATH}:/home/user/quiz_ws/Quizes/ros2_ws/install/ros2_quizzes:/home/simulations/ros2_sims_ws/install/turtlebot3_teleop:/home/simulations/ros2_sims_ws/install/turtlebot3_example:/home/simulations/ros2_sims_ws/install/services_pkg:/home/user/ros2_ws/install/topics_quiz:/home/user/ros2_ws/install/subscriber_pkg:/home/user/ros2_ws/install/publisher_pkg:/home/user/ros2_ws/install/my_package:/home/user/ros2_ws/install/my_action_server:/home/user/ros2_ws/install/my_action_client:/home/user/ros2_ws/install/movement_pkg:/home/user/ros2_ws/install/exercise42_pkg:/home/user/ros2_ws/install/client_pkg:/home/user/ros2_ws/install/actions_quiz:/opt/ros/humble _=/usr/bin/env /usr/bin/cmake /home/user/ros2_ws/src/actions_quiz_msg -DCMAKE_INSTALL_PREFIX=/home/user/ros2_ws/install/actions_quiz_msg
[1.890s] DEBUG:colcon.colcon_core.event_handler.log_command:Invoked command in '/home/user/ros2_ws/build/actions_quiz_msg' returned '1': CMAKE_PREFIX_PATH=${CMAKE_PREFIX_PATH}:/home/user/quiz_ws/Quizes/ros2_ws/install/ros2_quizzes:/home/simulations/ros2_sims_ws/install/turtlebot3_teleop:/home/simulations/ros2_sims_ws/install/turtlebot3_example:/home/simulations/ros2_sims_ws/install/services_pkg:/home/user/ros2_ws/install/topics_quiz:/home/user/ros2_ws/install/subscriber_pkg:/home/user/ros2_ws/install/publisher_pkg:/home/user/ros2_ws/install/my_package:/home/user/ros2_ws/install/my_action_server:/home/user/ros2_ws/install/my_action_client:/home/user/ros2_ws/install/movement_pkg:/home/user/ros2_ws/install/exercise42_pkg:/home/user/ros2_ws/install/client_pkg:/home/user/ros2_ws/install/actions_quiz:/opt/ros/humble _=/usr/bin/env /usr/bin/cmake /home/user/ros2_ws/src/actions_quiz_msg -DCMAKE_INSTALL_PREFIX=/home/user/ros2_ws/install/actions_quiz_msg
[1.914s] Level 1:colcon.colcon_core.environment:create_environment_scripts_only(actions_quiz_msg)
[1.922s] Level 1:colcon.colcon_core.environment:checking '/home/user/ros2_ws/install/actions_quiz_msg' for CMake module files
[1.923s] Level 1:colcon.colcon_core.environment:checking '/home/user/ros2_ws/install/actions_quiz_msg' for CMake config files
[1.925s] Level 1:colcon.colcon_core.shell:create_environment_hook('actions_quiz_msg', 'cmake_prefix_path')
[1.928s] INFO:colcon.colcon_core.shell:Creating environment hook '/home/user/ros2_ws/install/actions_quiz_msg/share/actions_quiz_msg/hook/cmake_prefix_path.ps1'
[1.929s] INFO:colcon.colcon_core.shell:Creating environment descriptor '/home/user/ros2_ws/install/actions_quiz_msg/share/actions_quiz_msg/hook/cmake_prefix_path.dsv'
[1.930s] INFO:colcon.colcon_core.shell:Creating environment hook '/home/user/ros2_ws/install/actions_quiz_msg/share/actions_quiz_msg/hook/cmake_prefix_path.sh'
[1.931s] Level 1:colcon.colcon_core.environment:checking '/home/user/ros2_ws/install/actions_quiz_msg/lib'
[1.931s] Level 1:colcon.colcon_core.shell:create_environment_hook('actions_quiz_msg', 'ld_library_path_lib')
[1.934s] INFO:colcon.colcon_core.shell:Creating environment hook '/home/user/ros2_ws/install/actions_quiz_msg/share/actions_quiz_msg/hook/ld_library_path_lib.ps1'
[1.935s] INFO:colcon.colcon_core.shell:Creating environment descriptor '/home/user/ros2_ws/install/actions_quiz_msg/share/actions_quiz_msg/hook/ld_library_path_lib.dsv'
[1.935s] INFO:colcon.colcon_core.shell:Creating environment hook '/home/user/ros2_ws/install/actions_quiz_msg/share/actions_quiz_msg/hook/ld_library_path_lib.sh'
[1.936s] Level 1:colcon.colcon_core.environment:checking '/home/user/ros2_ws/install/actions_quiz_msg/bin'
[1.936s] Level 1:colcon.colcon_core.environment:checking '/home/user/ros2_ws/install/actions_quiz_msg/lib/pkgconfig/actions_quiz_msg.pc'
[1.937s] Level 1:colcon.colcon_core.environment:checking '/home/user/ros2_ws/install/actions_quiz_msg/lib/python3.10/site-packages'
[1.937s] Level 1:colcon.colcon_core.environment:checking '/home/user/ros2_ws/install/actions_quiz_msg/bin'
[1.939s] INFO:colcon.colcon_core.shell:Creating package script '/home/user/ros2_ws/install/actions_quiz_msg/share/actions_quiz_msg/package.ps1'
[1.941s] INFO:colcon.colcon_core.shell:Creating package descriptor '/home/user/ros2_ws/install/actions_quiz_msg/share/actions_quiz_msg/package.dsv'
[1.942s] INFO:colcon.colcon_core.shell:Creating package script '/home/user/ros2_ws/install/actions_quiz_msg/share/actions_quiz_msg/package.sh'
[1.943s] INFO:colcon.colcon_core.shell:Creating package script '/home/user/ros2_ws/install/actions_quiz_msg/share/actions_quiz_msg/package.bash'
[1.945s] INFO:colcon.colcon_core.shell:Creating package script '/home/user/ros2_ws/install/actions_quiz_msg/share/actions_quiz_msg/package.zsh'
[1.946s] Level 1:colcon.colcon_core.environment:create_file_with_runtime_dependencies(/home/user/ros2_ws/install/actions_quiz_msg/share/colcon-core/packages/actions_quiz_msg)
[2.543s] DEBUG:colcon.colcon_parallel_executor.executor.parallel:closing loop
[2.543s] DEBUG:colcon.colcon_parallel_executor.executor.parallel:loop closed
[2.543s] DEBUG:colcon.colcon_parallel_executor.executor.parallel:run_until_complete finished with '1'
[2.543s] DEBUG:colcon.colcon_core.event_reactor:joining thread
[2.555s] INFO:colcon.colcon_core.plugin_system:Skipping extension 'colcon_notification.desktop_notification.notify_send': Could not find 'notify-send'
[2.555s] INFO:colcon.colcon_core.plugin_system:Skipping extension 'colcon_notification.desktop_notification.terminal_notifier': Not used on non-Darwin systems
[2.555s] INFO:colcon.colcon_core.plugin_system:Skipping extension 'colcon_notification.desktop_notification.win32': Not used on non-Windows systems
[2.555s] INFO:colcon.colcon_notification.desktop_notification:Sending desktop notification using 'notify2'
[2.559s] DEBUG:colcon.colcon_notification.desktop_notification.notify2:Failed to initialize notify2: org.freedesktop.DBus.Error.Spawn.ExecFailed: /usr/bin/dbus-launch terminated abnormally without any error message
[2.559s] DEBUG:colcon.colcon_core.event_reactor:joined thread
[2.562s] INFO:colcon.colcon_core.shell:Creating prefix script '/home/user/ros2_ws/install/local_setup.ps1'
[2.564s] INFO:colcon.colcon_core.shell:Creating prefix util module '/home/user/ros2_ws/install/_local_setup_util_ps1.py'
[2.567s] INFO:colcon.colcon_core.shell:Creating prefix chain script '/home/user/ros2_ws/install/setup.ps1'
[2.571s] INFO:colcon.colcon_core.shell:Creating prefix script '/home/user/ros2_ws/install/local_setup.sh'
[2.572s] INFO:colcon.colcon_core.shell:Creating prefix util module '/home/user/ros2_ws/install/_local_setup_util_sh.py'
[2.573s] INFO:colcon.colcon_core.shell:Creating prefix chain script '/home/user/ros2_ws/install/setup.sh'
[2.577s] INFO:colcon.colcon_core.shell:Creating prefix script '/home/user/ros2_ws/install/local_setup.bash'
[2.578s] INFO:colcon.colcon_core.shell:Creating prefix chain script '/home/user/ros2_ws/install/setup.bash'
[2.582s] INFO:colcon.colcon_core.shell:Creating prefix script '/home/user/ros2_ws/install/local_setup.zsh'
[2.583s] INFO:colcon.colcon_core.shell:Creating prefix chain script '/home/user/ros2_ws/install/setup.zsh'
