[10.308s] Invoking command in '/home/user/ros2_ws/src/my_action_server': PYTHONPATH=/home/user/ros2_ws/src/install/my_action_server/lib/python3.10/site-packages:${PYTHONPATH} _=/usr/bin/env /usr/bin/python3 setup.py egg_info --egg-base ../build/my_action_server build --build-base /home/user/ros2_ws/src/build/my_action_server/build install --prefix /home/user/ros2_ws/src/install/my_action_server --record /home/user/ros2_ws/src/build/my_action_server/install.log --single-version-externally-managed
[16.995s] running egg_info
[16.995s] creating ../build/my_action_server/my_action_server.egg-info
[17.005s] writing ../build/my_action_server/my_action_server.egg-info/PKG-INFO
[17.006s] writing dependency_links to ../build/my_action_server/my_action_server.egg-info/dependency_links.txt
[17.006s] writing entry points to ../build/my_action_server/my_action_server.egg-info/entry_points.txt
[17.006s] writing requirements to ../build/my_action_server/my_action_server.egg-info/requires.txt
[17.007s] writing top-level names to ../build/my_action_server/my_action_server.egg-info/top_level.txt
[17.007s] writing manifest file '../build/my_action_server/my_action_server.egg-info/SOURCES.txt'
[17.015s] reading manifest file '../build/my_action_server/my_action_server.egg-info/SOURCES.txt'
[17.093s] writing manifest file '../build/my_action_server/my_action_server.egg-info/SOURCES.txt'
[17.094s] running build
[17.094s] running build_py
[17.094s] creating /home/user/ros2_ws/src/build/my_action_server/build
[17.094s] creating /home/user/ros2_ws/src/build/my_action_server/build/lib
[17.095s] creating /home/user/ros2_ws/src/build/my_action_server/build/lib/my_action_server
[17.095s] copying my_action_server/__init__.py -> /home/user/ros2_ws/src/build/my_action_server/build/lib/my_action_server
[17.095s] copying my_action_server/action_server.py -> /home/user/ros2_ws/src/build/my_action_server/build/lib/my_action_server
[17.095s] running install
[17.095s] running install_lib
[17.095s] creating /home/user/ros2_ws/src/install/my_action_server/lib/python3.10/site-packages/my_action_server
[17.095s] copying /home/user/ros2_ws/src/build/my_action_server/build/lib/my_action_server/__init__.py -> /home/user/ros2_ws/src/install/my_action_server/lib/python3.10/site-packages/my_action_server
[17.096s] copying /home/user/ros2_ws/src/build/my_action_server/build/lib/my_action_server/action_server.py -> /home/user/ros2_ws/src/install/my_action_server/lib/python3.10/site-packages/my_action_server
[17.096s] byte-compiling /home/user/ros2_ws/src/install/my_action_server/lib/python3.10/site-packages/my_action_server/__init__.py to __init__.cpython-310.pyc
[17.096s] byte-compiling /home/user/ros2_ws/src/install/my_action_server/lib/python3.10/site-packages/my_action_server/action_server.py to action_server.cpython-310.pyc
[17.096s] running install_data
[17.096s] creating /home/user/ros2_ws/src/install/my_action_server/share/ament_index
[17.097s] creating /home/user/ros2_ws/src/install/my_action_server/share/ament_index/resource_index
[17.097s] creating /home/user/ros2_ws/src/install/my_action_server/share/ament_index/resource_index/packages
[17.097s] copying resource/my_action_server -> /home/user/ros2_ws/src/install/my_action_server/share/ament_index/resource_index/packages
[17.097s] copying package.xml -> /home/user/ros2_ws/src/install/my_action_server/share/my_action_server
[17.098s] copying launch/example63_launch_file.launch.py -> /home/user/ros2_ws/src/install/my_action_server/share/my_action_server
[17.098s] running install_egg_info
[17.102s] Copying ../build/my_action_server/my_action_server.egg-info to /home/user/ros2_ws/src/install/my_action_server/lib/python3.10/site-packages/my_action_server-0.0.0-py3.10.egg-info
[17.104s] running install_scripts
[17.301s] Installing example63 script to /home/user/ros2_ws/src/install/my_action_server/lib/my_action_server
[17.302s] writing list of installed files to '/home/user/ros2_ws/src/build/my_action_server/install.log'
[22.108s] Invoked command in '/home/user/ros2_ws/src/my_action_server' returned '0': PYTHONPATH=/home/user/ros2_ws/src/install/my_action_server/lib/python3.10/site-packages:${PYTHONPATH} _=/usr/bin/env /usr/bin/python3 setup.py egg_info --egg-base ../build/my_action_server build --build-base /home/user/ros2_ws/src/build/my_action_server/build install --prefix /home/user/ros2_ws/src/install/my_action_server --record /home/user/ros2_ws/src/build/my_action_server/install.log --single-version-externally-managed
