[4.805s] Invoking command in '/home/user/ros2_ws/src/my_package': PYTHONPATH=/home/user/ros2_ws/build/my_package/prefix_override:/home/user/ros2_ws/install/my_package/lib/python3.10/site-packages:${PYTHONPATH} _=/usr/bin/env /usr/bin/python3 setup.py egg_info --egg-base ../../build/my_package build --build-base /home/user/ros2_ws/build/my_package/build install --record /home/user/ros2_ws/build/my_package/install.log --single-version-externally-managed
[5.737s] running egg_info
[5.738s] writing ../../build/my_package/my_package.egg-info/PKG-INFO
[5.738s] writing dependency_links to ../../build/my_package/my_package.egg-info/dependency_links.txt
[5.738s] writing entry points to ../../build/my_package/my_package.egg-info/entry_points.txt
[5.739s] writing requirements to ../../build/my_package/my_package.egg-info/requires.txt
[5.739s] writing top-level names to ../../build/my_package/my_package.egg-info/top_level.txt
[5.740s] reading manifest file '../../build/my_package/my_package.egg-info/SOURCES.txt'
[5.740s] writing manifest file '../../build/my_package/my_package.egg-info/SOURCES.txt'
[5.744s] running build
[5.744s] running build_py
[5.744s] running install
[5.744s] running install_lib
[5.744s] running install_data
[5.745s] running install_egg_info
[5.745s] removing '/home/user/ros2_ws/install/my_package/lib/python3.10/site-packages/my_package-0.0.0-py3.10.egg-info' (and everything under it)
[5.745s] Copying ../../build/my_package/my_package.egg-info to /home/user/ros2_ws/install/my_package/lib/python3.10/site-packages/my_package-0.0.0-py3.10.egg-info
[5.745s] running install_scripts
[5.745s] Installing simple_node script to /home/user/ros2_ws/install/my_package/lib/my_package
[5.745s] writing list of installed files to '/home/user/ros2_ws/build/my_package/install.log'
[6.295s] Invoked command in '/home/user/ros2_ws/src/my_package' returned '0': PYTHONPATH=/home/user/ros2_ws/build/my_package/prefix_override:/home/user/ros2_ws/install/my_package/lib/python3.10/site-packages:${PYTHONPATH} _=/usr/bin/env /usr/bin/python3 setup.py egg_info --egg-base ../../build/my_package build --build-base /home/user/ros2_ws/build/my_package/build install --record /home/user/ros2_ws/build/my_package/install.log --single-version-externally-managed
