[1.246s] Invoking command in '/home/user/ros2_ws/src/actions_quiz': PYTHONPATH=/home/user/ros2_ws/build/actions_quiz/prefix_override:/home/user/ros2_ws/install/actions_quiz/lib/python3.10/site-packages:${PYTHONPATH} _=/usr/bin/env /usr/bin/python3 setup.py egg_info --egg-base ../../build/actions_quiz build --build-base /home/user/ros2_ws/build/actions_quiz/build install --record /home/user/ros2_ws/build/actions_quiz/install.log --single-version-externally-managed
[1.744s] running egg_info
[1.745s] writing ../../build/actions_quiz/actions_quiz.egg-info/PKG-INFO
[1.746s] writing dependency_links to ../../build/actions_quiz/actions_quiz.egg-info/dependency_links.txt
[1.746s] writing entry points to ../../build/actions_quiz/actions_quiz.egg-info/entry_points.txt
[1.746s] writing requirements to ../../build/actions_quiz/actions_quiz.egg-info/requires.txt
[1.746s] writing top-level names to ../../build/actions_quiz/actions_quiz.egg-info/top_level.txt
[1.750s] reading manifest file '../../build/actions_quiz/actions_quiz.egg-info/SOURCES.txt'
[1.751s] writing manifest file '../../build/actions_quiz/actions_quiz.egg-info/SOURCES.txt'
[1.751s] running build
[1.751s] running build_py
[1.752s] running install
[1.752s] running install_lib
[1.754s] running install_data
[1.755s] running install_egg_info
[1.758s] removing '/home/user/ros2_ws/install/actions_quiz/lib/python3.10/site-packages/actions_quiz-0.0.0-py3.10.egg-info' (and everything under it)
[1.758s] Copying ../../build/actions_quiz/actions_quiz.egg-info to /home/user/ros2_ws/install/actions_quiz/lib/python3.10/site-packages/actions_quiz-0.0.0-py3.10.egg-info
[1.760s] running install_scripts
[1.794s] writing list of installed files to '/home/user/ros2_ws/build/actions_quiz/install.log'
[1.836s] Invoked command in '/home/user/ros2_ws/src/actions_quiz' returned '0': PYTHONPATH=/home/user/ros2_ws/build/actions_quiz/prefix_override:/home/user/ros2_ws/install/actions_quiz/lib/python3.10/site-packages:${PYTHONPATH} _=/usr/bin/env /usr/bin/python3 setup.py egg_info --egg-base ../../build/actions_quiz build --build-base /home/user/ros2_ws/build/actions_quiz/build install --record /home/user/ros2_ws/build/actions_quiz/install.log --single-version-externally-managed
