[1.396s] Invoking command in '/home/user/ros2_ws/src/my_action_client': PYTHONPATH=/home/user/ros2_ws/build/my_action_client/prefix_override:/home/user/ros2_ws/install/my_action_client/lib/python3.10/site-packages:${PYTHONPATH} _=/usr/bin/env /usr/bin/python3 setup.py egg_info --egg-base ../../build/my_action_client build --build-base /home/user/ros2_ws/build/my_action_client/build install --record /home/user/ros2_ws/build/my_action_client/install.log --single-version-externally-managed
[1.924s] running egg_info
[1.924s] creating ../../build/my_action_client/my_action_client.egg-info
[1.929s] writing ../../build/my_action_client/my_action_client.egg-info/PKG-INFO
[1.929s] writing dependency_links to ../../build/my_action_client/my_action_client.egg-info/dependency_links.txt
[1.929s] writing entry points to ../../build/my_action_client/my_action_client.egg-info/entry_points.txt
[1.929s] writing requirements to ../../build/my_action_client/my_action_client.egg-info/requires.txt
[1.929s] writing top-level names to ../../build/my_action_client/my_action_client.egg-info/top_level.txt
[1.929s] writing manifest file '../../build/my_action_client/my_action_client.egg-info/SOURCES.txt'
[1.929s] reading manifest file '../../build/my_action_client/my_action_client.egg-info/SOURCES.txt'
[1.930s] writing manifest file '../../build/my_action_client/my_action_client.egg-info/SOURCES.txt'
[1.930s] running build
[1.930s] running build_py
[1.931s] creating /home/user/ros2_ws/build/my_action_client/build
[1.931s] creating /home/user/ros2_ws/build/my_action_client/build/lib
[1.931s] creating /home/user/ros2_ws/build/my_action_client/build/lib/my_action_client
[1.931s] copying my_action_client/action_client.py -> /home/user/ros2_ws/build/my_action_client/build/lib/my_action_client
[1.933s] copying my_action_client/__init__.py -> /home/user/ros2_ws/build/my_action_client/build/lib/my_action_client
[1.933s] running install
[1.933s] running install_lib
[1.934s] creating /home/user/ros2_ws/install/my_action_client/lib/python3.10/site-packages/my_action_client
[1.934s] copying /home/user/ros2_ws/build/my_action_client/build/lib/my_action_client/action_client.py -> /home/user/ros2_ws/install/my_action_client/lib/python3.10/site-packages/my_action_client
[1.934s] copying /home/user/ros2_ws/build/my_action_client/build/lib/my_action_client/__init__.py -> /home/user/ros2_ws/install/my_action_client/lib/python3.10/site-packages/my_action_client
[1.934s] byte-compiling /home/user/ros2_ws/install/my_action_client/lib/python3.10/site-packages/my_action_client/action_client.py to action_client.cpython-310.pyc
[1.935s] byte-compiling /home/user/ros2_ws/install/my_action_client/lib/python3.10/site-packages/my_action_client/__init__.py to __init__.cpython-310.pyc
[1.935s] running install_data
[1.936s] creating /home/user/ros2_ws/install/my_action_client/share/ament_index
[1.936s] creating /home/user/ros2_ws/install/my_action_client/share/ament_index/resource_index
[1.937s] creating /home/user/ros2_ws/install/my_action_client/share/ament_index/resource_index/packages
[1.937s] copying resource/my_action_client -> /home/user/ros2_ws/install/my_action_client/share/ament_index/resource_index/packages
[1.937s] copying package.xml -> /home/user/ros2_ws/install/my_action_client/share/my_action_client
[1.937s] copying launch/example62_launch_file.launch.py -> /home/user/ros2_ws/install/my_action_client/share/my_action_client
[1.938s] running install_egg_info
[1.940s] Copying ../../build/my_action_client/my_action_client.egg-info to /home/user/ros2_ws/install/my_action_client/lib/python3.10/site-packages/my_action_client-0.0.0-py3.10.egg-info
[1.941s] running install_scripts
[1.977s] Installing example62 script to /home/user/ros2_ws/install/my_action_client/lib/my_action_client
[1.978s] writing list of installed files to '/home/user/ros2_ws/build/my_action_client/install.log'
[2.023s] Invoked command in '/home/user/ros2_ws/src/my_action_client' returned '0': PYTHONPATH=/home/user/ros2_ws/build/my_action_client/prefix_override:/home/user/ros2_ws/install/my_action_client/lib/python3.10/site-packages:${PYTHONPATH} _=/usr/bin/env /usr/bin/python3 setup.py egg_info --egg-base ../../build/my_action_client build --build-base /home/user/ros2_ws/build/my_action_client/build install --record /home/user/ros2_ws/build/my_action_client/install.log --single-version-externally-managed
