[1.243s] Invoking command in '/home/user/ros2_ws/src/my_action_server': PYTHONPATH=/home/user/ros2_ws/build/my_action_server/prefix_override:/home/user/ros2_ws/install/my_action_server/lib/python3.10/site-packages:${PYTHONPATH} _=/usr/bin/env /usr/bin/python3 setup.py egg_info --egg-base ../../build/my_action_server build --build-base /home/user/ros2_ws/build/my_action_server/build install --record /home/user/ros2_ws/build/my_action_server/install.log --single-version-externally-managed
[1.754s] running egg_info
[1.755s] creating ../../build/my_action_server/my_action_server.egg-info
[1.755s] writing ../../build/my_action_server/my_action_server.egg-info/PKG-INFO
[1.755s] writing dependency_links to ../../build/my_action_server/my_action_server.egg-info/dependency_links.txt
[1.755s] writing entry points to ../../build/my_action_server/my_action_server.egg-info/entry_points.txt
[1.756s] writing requirements to ../../build/my_action_server/my_action_server.egg-info/requires.txt
[1.756s] writing top-level names to ../../build/my_action_server/my_action_server.egg-info/top_level.txt
[1.756s] writing manifest file '../../build/my_action_server/my_action_server.egg-info/SOURCES.txt'
[1.758s] reading manifest file '../../build/my_action_server/my_action_server.egg-info/SOURCES.txt'
[1.760s] writing manifest file '../../build/my_action_server/my_action_server.egg-info/SOURCES.txt'
[1.760s] running build
[1.760s] running build_py
[1.760s] creating /home/user/ros2_ws/build/my_action_server/build
[1.761s] creating /home/user/ros2_ws/build/my_action_server/build/lib
[1.761s] creating /home/user/ros2_ws/build/my_action_server/build/lib/my_action_server
[1.761s] copying my_action_server/__init__.py -> /home/user/ros2_ws/build/my_action_server/build/lib/my_action_server
[1.761s] copying my_action_server/action_server.py -> /home/user/ros2_ws/build/my_action_server/build/lib/my_action_server
[1.762s] running install
[1.762s] running install_lib
[1.762s] creating /home/user/ros2_ws/install/my_action_server/lib/python3.10/site-packages/my_action_server
[1.763s] copying /home/user/ros2_ws/build/my_action_server/build/lib/my_action_server/__init__.py -> /home/user/ros2_ws/install/my_action_server/lib/python3.10/site-packages/my_action_server
[1.763s] copying /home/user/ros2_ws/build/my_action_server/build/lib/my_action_server/action_server.py -> /home/user/ros2_ws/install/my_action_server/lib/python3.10/site-packages/my_action_server
[1.764s] byte-compiling /home/user/ros2_ws/install/my_action_server/lib/python3.10/site-packages/my_action_server/__init__.py to __init__.cpython-310.pyc
[1.764s] byte-compiling /home/user/ros2_ws/install/my_action_server/lib/python3.10/site-packages/my_action_server/action_server.py to action_server.cpython-310.pyc
[1.765s] running install_data
[1.766s] creating /home/user/ros2_ws/install/my_action_server/share/ament_index
[1.766s] creating /home/user/ros2_ws/install/my_action_server/share/ament_index/resource_index
[1.766s] creating /home/user/ros2_ws/install/my_action_server/share/ament_index/resource_index/packages
[1.766s] copying resource/my_action_server -> /home/user/ros2_ws/install/my_action_server/share/ament_index/resource_index/packages
[1.767s] copying package.xml -> /home/user/ros2_ws/install/my_action_server/share/my_action_server
[1.767s] copying launch/example63_launch_file.launch.py -> /home/user/ros2_ws/install/my_action_server/share/my_action_server
[1.767s] running install_egg_info
[1.769s] Copying ../../build/my_action_server/my_action_server.egg-info to /home/user/ros2_ws/install/my_action_server/lib/python3.10/site-packages/my_action_server-0.0.0-py3.10.egg-info
[1.771s] running install_scripts
[1.808s] Installing example63 script to /home/user/ros2_ws/install/my_action_server/lib/my_action_server
[1.808s] writing list of installed files to '/home/user/ros2_ws/build/my_action_server/install.log'
[1.853s] Invoked command in '/home/user/ros2_ws/src/my_action_server' returned '0': PYTHONPATH=/home/user/ros2_ws/build/my_action_server/prefix_override:/home/user/ros2_ws/install/my_action_server/lib/python3.10/site-packages:${PYTHONPATH} _=/usr/bin/env /usr/bin/python3 setup.py egg_info --egg-base ../../build/my_action_server build --build-base /home/user/ros2_ws/build/my_action_server/build install --record /home/user/ros2_ws/build/my_action_server/install.log --single-version-externally-managed
