[1.194s] Invoking command in '/home/user/ros2_ws/src/topics_quiz': PYTHONPATH=/home/user/ros2_ws/build/topics_quiz/prefix_override:/home/user/ros2_ws/install/topics_quiz/lib/python3.10/site-packages:${PYTHONPATH} _=/usr/bin/env /usr/bin/python3 setup.py egg_info --egg-base ../../build/topics_quiz build --build-base /home/user/ros2_ws/build/topics_quiz/build install --record /home/user/ros2_ws/build/topics_quiz/install.log --install-scripts $base/lib/topics_quiz --single-version-externally-managed
[1.605s] /usr/local/lib/python3.10/dist-packages/setuptools/dist.py:717: UserWarning: Usage of dash-separated 'script-dir' will not be supported in future versions. Please use the underscore name 'script_dir' instead
[1.606s]   warnings.warn(
[1.656s] running egg_info
[1.657s] creating ../../build/topics_quiz/topics_quiz.egg-info
[1.657s] writing ../../build/topics_quiz/topics_quiz.egg-info/PKG-INFO
[1.658s] writing dependency_links to ../../build/topics_quiz/topics_quiz.egg-info/dependency_links.txt
[1.658s] writing entry points to ../../build/topics_quiz/topics_quiz.egg-info/entry_points.txt
[1.658s] writing requirements to ../../build/topics_quiz/topics_quiz.egg-info/requires.txt
[1.658s] writing top-level names to ../../build/topics_quiz/topics_quiz.egg-info/top_level.txt
[1.659s] writing manifest file '../../build/topics_quiz/topics_quiz.egg-info/SOURCES.txt'
[1.660s] reading manifest file '../../build/topics_quiz/topics_quiz.egg-info/SOURCES.txt'
[1.662s] writing manifest file '../../build/topics_quiz/topics_quiz.egg-info/SOURCES.txt'
[1.662s] running build
[1.662s] running build_py
[1.663s] creating /home/user/ros2_ws/build/topics_quiz/build
[1.663s] creating /home/user/ros2_ws/build/topics_quiz/build/lib
[1.663s] creating /home/user/ros2_ws/build/topics_quiz/build/lib/topics_quiz
[1.663s] copying topics_quiz/topics_quiz_node.py -> /home/user/ros2_ws/build/topics_quiz/build/lib/topics_quiz
[1.663s] copying topics_quiz/__init__.py -> /home/user/ros2_ws/build/topics_quiz/build/lib/topics_quiz
[1.663s] running install
[1.663s] running install_lib
[1.664s] creating /home/user/ros2_ws/install/topics_quiz/lib/python3.10/site-packages/topics_quiz
[1.665s] copying /home/user/ros2_ws/build/topics_quiz/build/lib/topics_quiz/topics_quiz_node.py -> /home/user/ros2_ws/install/topics_quiz/lib/python3.10/site-packages/topics_quiz
[1.665s] copying /home/user/ros2_ws/build/topics_quiz/build/lib/topics_quiz/__init__.py -> /home/user/ros2_ws/install/topics_quiz/lib/python3.10/site-packages/topics_quiz
[1.665s] byte-compiling /home/user/ros2_ws/install/topics_quiz/lib/python3.10/site-packages/topics_quiz/topics_quiz_node.py to topics_quiz_node.cpython-310.pyc
[1.667s] byte-compiling /home/user/ros2_ws/install/topics_quiz/lib/python3.10/site-packages/topics_quiz/__init__.py to __init__.cpython-310.pyc
[1.667s] running install_data
[1.668s] creating /home/user/ros2_ws/install/topics_quiz/share/ament_index
[1.668s] creating /home/user/ros2_ws/install/topics_quiz/share/ament_index/resource_index
[1.668s] creating /home/user/ros2_ws/install/topics_quiz/share/ament_index/resource_index/packages
[1.668s] copying resource/topics_quiz -> /home/user/ros2_ws/install/topics_quiz/share/ament_index/resource_index/packages
[1.669s] copying package.xml -> /home/user/ros2_ws/install/topics_quiz/share/topics_quiz
[1.669s] creating /home/user/ros2_ws/install/topics_quiz/share/topics_quiz/launch
[1.669s] copying launch/topics_quiz.launch.py -> /home/user/ros2_ws/install/topics_quiz/share/topics_quiz/launch
[1.669s] running install_egg_info
[1.672s] Copying ../../build/topics_quiz/topics_quiz.egg-info to /home/user/ros2_ws/install/topics_quiz/lib/python3.10/site-packages/topics_quiz-0.0.0-py3.10.egg-info
[1.673s] running install_scripts
[1.707s] Installing topics_quiz_node script to /home/user/ros2_ws/install/topics_quiz/lib/topics_quiz
[1.708s] writing list of installed files to '/home/user/ros2_ws/build/topics_quiz/install.log'
[1.747s] Invoked command in '/home/user/ros2_ws/src/topics_quiz' returned '0': PYTHONPATH=/home/user/ros2_ws/build/topics_quiz/prefix_override:/home/user/ros2_ws/install/topics_quiz/lib/python3.10/site-packages:${PYTHONPATH} _=/usr/bin/env /usr/bin/python3 setup.py egg_info --egg-base ../../build/topics_quiz build --build-base /home/user/ros2_ws/build/topics_quiz/build install --record /home/user/ros2_ws/build/topics_quiz/install.log --install-scripts $base/lib/topics_quiz --single-version-externally-managed
