[3.982s] Invoking command in '/home/user/ros2_ws/src/example36_pkg': CMAKE_PREFIX_PATH=/home/user/ros2_ws/install/custom_interfaces:/home/simulations/ros2_sims_ws/install/turtlebot3:/home/simulations/ros2_sims_ws/install/turtlebot3_simulations:/home/simulations/ros2_sims_ws/install/turtlebot3_navigation2:/home/simulations/ros2_sims_ws/install/turtlebot3_msgs:/home/simulations/ros2_sims_ws/install/turtlebot3_gazebo:/home/simulations/ros2_sims_ws/install/turtlebot3_bringup:/home/simulations/ros2_sims_ws/install/turtlebot3_description:/home/simulations/ros2_sims_ws/install/turtlebot3_cartographer:/home/simulations/ros2_sims_ws/install/turtlebot3_as:/home/simulations/ros2_sims_ws/install/t3_action_msg:/home/simulations/ros2_sims_ws/install/dynamixel_sdk:/home/user/ros2_ws/install/basics_ros2_multithreading LD_LIBRARY_PATH=/home/user/ros2_ws/install/custom_interfaces/lib:/usr/local/cuda-10.2/lib64:/home/user/.catkin_ws_python3/src/TensorRT-7.0.0.11/lib:/home/simulations/ros2_sims_ws/install/turtlebot3_msgs/lib:/home/simulations/ros2_sims_ws/install/t3_action_msg/lib:/home/simulations/ros2_sims_ws/install/dynamixel_sdk/lib:/opt/ros/humble/opt/rviz_ogre_vendor/lib:/opt/ros/humble/lib/x86_64-linux-gnu:/opt/ros/humble/lib:/usr/local/cuda-10.2/lib64:/home/user/.catkin_ws_python3/src/TensorRT-7.0.0.11/lib:/usr/lib/x86_64-linux-gnu/gazebo-11/plugins:/usr/lib/x86_64-linux-gnu/gazebo-11/plugins:/usr/lib/x86_64-linux-gnu/gazebo-11/plugins PYTHONPATH=/home/user/ros2_ws/build/example36_pkg/prefix_override:/home/user/ros2_ws/install/example36_pkg/lib/python3.10/site-packages:${PYTHONPATH} _=/usr/bin/env /usr/bin/python3 setup.py egg_info --egg-base ../../build/example36_pkg build --build-base /home/user/ros2_ws/build/example36_pkg/build install --record /home/user/ros2_ws/build/example36_pkg/install.log --single-version-externally-managed
[5.010s] running egg_info
[5.011s] writing ../../build/example36_pkg/example36_pkg.egg-info/PKG-INFO
[5.012s] writing dependency_links to ../../build/example36_pkg/example36_pkg.egg-info/dependency_links.txt
[5.012s] writing entry points to ../../build/example36_pkg/example36_pkg.egg-info/entry_points.txt
[5.012s] writing requirements to ../../build/example36_pkg/example36_pkg.egg-info/requires.txt
[5.012s] writing top-level names to ../../build/example36_pkg/example36_pkg.egg-info/top_level.txt
[5.015s] reading manifest file '../../build/example36_pkg/example36_pkg.egg-info/SOURCES.txt'
[5.017s] writing manifest file '../../build/example36_pkg/example36_pkg.egg-info/SOURCES.txt'
[5.017s] running build
[5.017s] running build_py
[5.018s] running install
[5.018s] running install_lib
[5.021s] running install_data
[5.022s] running install_egg_info
[5.061s] removing '/home/user/ros2_ws/install/example36_pkg/lib/python3.10/site-packages/example36_pkg-0.0.0-py3.10.egg-info' (and everything under it)
[5.061s] Copying ../../build/example36_pkg/example36_pkg.egg-info to /home/user/ros2_ws/install/example36_pkg/lib/python3.10/site-packages/example36_pkg-0.0.0-py3.10.egg-info
[5.063s] running install_scripts
[5.127s] Installing example36 script to /home/user/ros2_ws/install/example36_pkg/lib/example36_pkg
[5.128s] writing list of installed files to '/home/user/ros2_ws/build/example36_pkg/install.log'
