[1.372s] Invoking command in '/home/user/ros2_ws/src/movement_pkg': CMAKE_PREFIX_PATH=/home/user/ros2_ws/install/custom_interfaces:/home/user/ros2_ws/src/install/custom_interfaces:/home/simulations/ros2_sims_ws/install/turtlebot3:/home/simulations/ros2_sims_ws/install/turtlebot3_simulations:/home/simulations/ros2_sims_ws/install/turtlebot3_navigation2:/home/simulations/ros2_sims_ws/install/turtlebot3_msgs:/home/simulations/ros2_sims_ws/install/turtlebot3_gazebo:/home/simulations/ros2_sims_ws/install/turtlebot3_bringup:/home/simulations/ros2_sims_ws/install/turtlebot3_description:/home/simulations/ros2_sims_ws/install/turtlebot3_cartographer:/home/simulations/ros2_sims_ws/install/turtlebot3_as:/home/simulations/ros2_sims_ws/install/t3_action_msg:/home/simulations/ros2_sims_ws/install/dynamixel_sdk LD_LIBRARY_PATH=/home/user/ros2_ws/install/custom_interfaces/lib:/home/user/ros2_ws/src/install/custom_interfaces/lib:/usr/local/cuda-10.2/lib64:/home/user/.catkin_ws_python3/src/TensorRT-7.0.0.11/lib:/home/simulations/ros2_sims_ws/install/turtlebot3_msgs/lib:/home/simulations/ros2_sims_ws/install/t3_action_msg/lib:/home/simulations/ros2_sims_ws/install/dynamixel_sdk/lib:/opt/ros/humble/opt/rviz_ogre_vendor/lib:/opt/ros/humble/lib/x86_64-linux-gnu:/opt/ros/humble/lib:/usr/local/cuda-10.2/lib64:/home/user/.catkin_ws_python3/src/TensorRT-7.0.0.11/lib:/usr/lib/x86_64-linux-gnu/gazebo-11/plugins:/usr/lib/x86_64-linux-gnu/gazebo-11/plugins:/usr/lib/x86_64-linux-gnu/gazebo-11/plugins PYTHONPATH=/home/user/ros2_ws/build/movement_pkg/prefix_override:/home/user/ros2_ws/install/movement_pkg/lib/python3.10/site-packages:${PYTHONPATH} _=/usr/bin/env /usr/bin/python3 setup.py egg_info --egg-base ../../build/movement_pkg build --build-base /home/user/ros2_ws/build/movement_pkg/build install --record /home/user/ros2_ws/build/movement_pkg/install.log --single-version-externally-managed
[1.898s] running egg_info
[1.898s] writing ../../build/movement_pkg/movement_pkg.egg-info/PKG-INFO
[1.899s] writing dependency_links to ../../build/movement_pkg/movement_pkg.egg-info/dependency_links.txt
[1.899s] writing entry points to ../../build/movement_pkg/movement_pkg.egg-info/entry_points.txt
[1.899s] writing requirements to ../../build/movement_pkg/movement_pkg.egg-info/requires.txt
[1.900s] writing top-level names to ../../build/movement_pkg/movement_pkg.egg-info/top_level.txt
[1.902s] reading manifest file '../../build/movement_pkg/movement_pkg.egg-info/SOURCES.txt'
[1.904s] writing manifest file '../../build/movement_pkg/movement_pkg.egg-info/SOURCES.txt'
[1.904s] running build
[1.904s] running build_py
[1.904s] running install
[1.905s] running install_lib
[1.907s] running install_data
[1.908s] running install_egg_info
[1.911s] removing '/home/user/ros2_ws/install/movement_pkg/lib/python3.10/site-packages/movement_pkg-0.0.0-py3.10.egg-info' (and everything under it)
[1.911s] Copying ../../build/movement_pkg/movement_pkg.egg-info to /home/user/ros2_ws/install/movement_pkg/lib/python3.10/site-packages/movement_pkg-0.0.0-py3.10.egg-info
[1.912s] running install_scripts
[1.947s] Installing movement_client script to /home/user/ros2_ws/install/movement_pkg/lib/movement_pkg
[1.948s] Installing movement_server script to /home/user/ros2_ws/install/movement_pkg/lib/movement_pkg
[1.949s] writing list of installed files to '/home/user/ros2_ws/build/movement_pkg/install.log'
[1.996s] Invoked command in '/home/user/ros2_ws/src/movement_pkg' returned '0': CMAKE_PREFIX_PATH=/home/user/ros2_ws/install/custom_interfaces:/home/user/ros2_ws/src/install/custom_interfaces:/home/simulations/ros2_sims_ws/install/turtlebot3:/home/simulations/ros2_sims_ws/install/turtlebot3_simulations:/home/simulations/ros2_sims_ws/install/turtlebot3_navigation2:/home/simulations/ros2_sims_ws/install/turtlebot3_msgs:/home/simulations/ros2_sims_ws/install/turtlebot3_gazebo:/home/simulations/ros2_sims_ws/install/turtlebot3_bringup:/home/simulations/ros2_sims_ws/install/turtlebot3_description:/home/simulations/ros2_sims_ws/install/turtlebot3_cartographer:/home/simulations/ros2_sims_ws/install/turtlebot3_as:/home/simulations/ros2_sims_ws/install/t3_action_msg:/home/simulations/ros2_sims_ws/install/dynamixel_sdk LD_LIBRARY_PATH=/home/user/ros2_ws/install/custom_interfaces/lib:/home/user/ros2_ws/src/install/custom_interfaces/lib:/usr/local/cuda-10.2/lib64:/home/user/.catkin_ws_python3/src/TensorRT-7.0.0.11/lib:/home/simulations/ros2_sims_ws/install/turtlebot3_msgs/lib:/home/simulations/ros2_sims_ws/install/t3_action_msg/lib:/home/simulations/ros2_sims_ws/install/dynamixel_sdk/lib:/opt/ros/humble/opt/rviz_ogre_vendor/lib:/opt/ros/humble/lib/x86_64-linux-gnu:/opt/ros/humble/lib:/usr/local/cuda-10.2/lib64:/home/user/.catkin_ws_python3/src/TensorRT-7.0.0.11/lib:/usr/lib/x86_64-linux-gnu/gazebo-11/plugins:/usr/lib/x86_64-linux-gnu/gazebo-11/plugins:/usr/lib/x86_64-linux-gnu/gazebo-11/plugins PYTHONPATH=/home/user/ros2_ws/build/movement_pkg/prefix_override:/home/user/ros2_ws/install/movement_pkg/lib/python3.10/site-packages:${PYTHONPATH} _=/usr/bin/env /usr/bin/python3 setup.py egg_info --egg-base ../../build/movement_pkg build --build-base /home/user/ros2_ws/build/movement_pkg/build install --record /home/user/ros2_ws/build/movement_pkg/install.log --single-version-externally-managed
