[1.714s] Invoking command in '/home/user/ros2_ws/src/example36_pkg': AMENT_PREFIX_PATH=/home/user/ros2_ws/src/install/custom_interfaces:${AMENT_PREFIX_PATH} CMAKE_PREFIX_PATH=/home/user/ros2_ws/src/install/custom_interfaces:${CMAKE_PREFIX_PATH} LD_LIBRARY_PATH=/home/user/ros2_ws/src/install/custom_interfaces/lib:/usr/local/cuda-10.2/lib64:/home/user/.catkin_ws_python3/src/TensorRT-7.0.0.11/lib:/home/simulations/ros2_sims_ws/install/turtlebot3_msgs/lib:/home/simulations/ros2_sims_ws/install/t3_action_msg/lib:/home/simulations/ros2_sims_ws/install/dynamixel_sdk/lib:/opt/ros/humble/opt/rviz_ogre_vendor/lib:/opt/ros/humble/lib/x86_64-linux-gnu:/opt/ros/humble/lib:/usr/local/cuda-10.2/lib64:/home/user/.catkin_ws_python3/src/TensorRT-7.0.0.11/lib:/usr/lib/x86_64-linux-gnu/gazebo-11/plugins:/usr/lib/x86_64-linux-gnu/gazebo-11/plugins:/usr/lib/x86_64-linux-gnu/gazebo-11/plugins PYTHONPATH=/home/user/ros2_ws/src/build/example36_pkg/prefix_override:/home/user/ros2_ws/src/install/example36_pkg/lib/python3.10/site-packages:/home/user/ros2_ws/src/install/custom_interfaces/local/lib/python3.10/dist-packages:${PYTHONPATH} _=/usr/bin/env /usr/bin/python3 setup.py egg_info --egg-base ../build/example36_pkg build --build-base /home/user/ros2_ws/src/build/example36_pkg/build install --record /home/user/ros2_ws/src/build/example36_pkg/install.log --single-version-externally-managed
[2.180s] running egg_info
[2.181s] creating ../build/example36_pkg/example36_pkg.egg-info
[2.181s] writing ../build/example36_pkg/example36_pkg.egg-info/PKG-INFO
[2.181s] writing dependency_links to ../build/example36_pkg/example36_pkg.egg-info/dependency_links.txt
[2.181s] writing entry points to ../build/example36_pkg/example36_pkg.egg-info/entry_points.txt
[2.181s] writing requirements to ../build/example36_pkg/example36_pkg.egg-info/requires.txt
[2.182s] writing top-level names to ../build/example36_pkg/example36_pkg.egg-info/top_level.txt
[2.182s] writing manifest file '../build/example36_pkg/example36_pkg.egg-info/SOURCES.txt'
[2.184s] reading manifest file '../build/example36_pkg/example36_pkg.egg-info/SOURCES.txt'
[2.185s] writing manifest file '../build/example36_pkg/example36_pkg.egg-info/SOURCES.txt'
[2.186s] running build
[2.186s] running build_py
[2.186s] creating /home/user/ros2_ws/src/build/example36_pkg/build
[2.186s] creating /home/user/ros2_ws/src/build/example36_pkg/build/lib
[2.186s] creating /home/user/ros2_ws/src/build/example36_pkg/build/lib/example36_pkg
[2.186s] copying example36_pkg/example36.py -> /home/user/ros2_ws/src/build/example36_pkg/build/lib/example36_pkg
[2.187s] copying example36_pkg/__init__.py -> /home/user/ros2_ws/src/build/example36_pkg/build/lib/example36_pkg
[2.187s] running install
[2.187s] running install_lib
[2.188s] creating /home/user/ros2_ws/src/install/example36_pkg/lib/python3.10/site-packages/example36_pkg
[2.188s] copying /home/user/ros2_ws/src/build/example36_pkg/build/lib/example36_pkg/example36.py -> /home/user/ros2_ws/src/install/example36_pkg/lib/python3.10/site-packages/example36_pkg
[2.189s] copying /home/user/ros2_ws/src/build/example36_pkg/build/lib/example36_pkg/__init__.py -> /home/user/ros2_ws/src/install/example36_pkg/lib/python3.10/site-packages/example36_pkg
[2.189s] byte-compiling /home/user/ros2_ws/src/install/example36_pkg/lib/python3.10/site-packages/example36_pkg/example36.py to example36.cpython-310.pyc
[2.190s] byte-compiling /home/user/ros2_ws/src/install/example36_pkg/lib/python3.10/site-packages/example36_pkg/__init__.py to __init__.cpython-310.pyc
[2.190s] running install_data
[2.191s] creating /home/user/ros2_ws/src/install/example36_pkg/share/ament_index
[2.191s] creating /home/user/ros2_ws/src/install/example36_pkg/share/ament_index/resource_index
[2.192s] creating /home/user/ros2_ws/src/install/example36_pkg/share/ament_index/resource_index/packages
[2.192s] copying resource/example36_pkg -> /home/user/ros2_ws/src/install/example36_pkg/share/ament_index/resource_index/packages
[2.192s] copying package.xml -> /home/user/ros2_ws/src/install/example36_pkg/share/example36_pkg
[2.192s] copying launch/example36.launch.py -> /home/user/ros2_ws/src/install/example36_pkg/share/example36_pkg
[2.192s] running install_egg_info
[2.194s] Copying ../build/example36_pkg/example36_pkg.egg-info to /home/user/ros2_ws/src/install/example36_pkg/lib/python3.10/site-packages/example36_pkg-0.0.0-py3.10.egg-info
[2.196s] running install_scripts
[2.230s] Installing example36 script to /home/user/ros2_ws/src/install/example36_pkg/lib/example36_pkg
[2.232s] writing list of installed files to '/home/user/ros2_ws/src/build/example36_pkg/install.log'
