[1.418s] DEBUG:colcon:Command line arguments: ['/usr/bin/colcon', 'build']
[1.418s] DEBUG:colcon:Parsed command line arguments: Namespace(log_base=None, log_level=None, verb_name='build', build_base='build', install_base='install', merge_install=False, symlink_install=False, test_result_base=None, continue_on_error=False, executor='parallel', parallel_workers=8, event_handlers=None, ignore_user_meta=False, metas=['./colcon.meta'], base_paths=['.'], packages_ignore=None, packages_ignore_regex=None, paths=None, packages_up_to=None, packages_up_to_regex=None, packages_above=None, packages_above_and_dependencies=None, packages_above_depth=None, packages_select_by_dep=None, packages_skip_by_dep=None, packages_skip_up_to=None, packages_select_build_failed=False, packages_skip_build_finished=False, packages_select_test_failures=False, packages_skip_test_passed=False, packages_select=None, packages_skip=None, packages_select_regex=None, packages_skip_regex=None, packages_start=None, packages_end=None, allow_overriding=[], cmake_args=None, cmake_target=None, cmake_target_skip_unavailable=False, cmake_clean_cache=False, cmake_clean_first=False, cmake_force_configure=False, meson_args=[], ament_cmake_args=None, catkin_cmake_args=None, catkin_skip_building_tests=False, mixin_files=None, mixin=None, verb_parser=<colcon_alias.argument_parser.alias.AliasArgumentDecorator object at 0x7fbba4759c60>, verb_extension=<colcon_core.verb.build.BuildVerb object at 0x7fbba4758f40>, main=<bound method BuildVerb.main of <colcon_core.verb.build.BuildVerb object at 0x7fbba4758f40>>, mixin_verb=('build',))
[1.503s] Level 1:colcon.colcon_core.package_discovery:discover_packages(colcon_meta) check parameters
[1.503s] Level 1:colcon.colcon_core.package_discovery:discover_packages(recursive) check parameters
[1.503s] Level 1:colcon.colcon_core.package_discovery:discover_packages(ignore) check parameters
[1.503s] Level 1:colcon.colcon_core.package_discovery:discover_packages(path) check parameters
[1.503s] Level 1:colcon.colcon_core.package_discovery:discover_packages(colcon_meta) discover
[1.503s] Level 1:colcon.colcon_core.package_discovery:discover_packages(recursive) discover
[1.503s] INFO:colcon.colcon_core.package_discovery:Crawling recursively for packages in '/home/user/ros2_ws/src'
[1.503s] Level 1:colcon.colcon_core.package_identification:_identify(.) by extensions ['ignore', 'ignore_ament_install']
[1.504s] Level 1:colcon.colcon_core.package_identification:_identify(.) by extension 'ignore'
[1.504s] Level 1:colcon.colcon_core.package_identification:_identify(.) by extension 'ignore_ament_install'
[1.504s] Level 1:colcon.colcon_core.package_identification:_identify(.) by extensions ['colcon_pkg']
[1.504s] Level 1:colcon.colcon_core.package_identification:_identify(.) by extension 'colcon_pkg'
[1.504s] Level 1:colcon.colcon_core.package_identification:_identify(.) by extensions ['colcon_meta']
[1.504s] Level 1:colcon.colcon_core.package_identification:_identify(.) by extension 'colcon_meta'
[1.504s] Level 1:colcon.colcon_core.package_identification:_identify(.) by extensions ['ros']
[1.504s] Level 1:colcon.colcon_core.package_identification:_identify(.) by extension 'ros'
[1.534s] Level 1:colcon.colcon_core.package_identification:_identify(.) by extensions ['cmake', 'meson', 'python']
[1.535s] Level 1:colcon.colcon_core.package_identification:_identify(.) by extension 'cmake'
[1.535s] Level 1:colcon.colcon_core.package_identification:_identify(.) by extension 'meson'
[1.535s] Level 1:colcon.colcon_core.package_identification:_identify(.) by extension 'python'
[1.535s] Level 1:colcon.colcon_core.package_identification:_identify(.) by extensions ['python_setup_py']
[1.535s] Level 1:colcon.colcon_core.package_identification:_identify(.) by extension 'python_setup_py'
[1.535s] Level 1:colcon.colcon_core.package_identification:_identify(build) by extensions ['ignore', 'ignore_ament_install']
[1.535s] Level 1:colcon.colcon_core.package_identification:_identify(build) by extension 'ignore'
[1.536s] Level 1:colcon.colcon_core.package_identification:_identify(build) ignored
[1.536s] Level 1:colcon.colcon_core.package_identification:_identify(custom_interfaces) by extensions ['ignore', 'ignore_ament_install']
[1.536s] Level 1:colcon.colcon_core.package_identification:_identify(custom_interfaces) by extension 'ignore'
[1.536s] Level 1:colcon.colcon_core.package_identification:_identify(custom_interfaces) by extension 'ignore_ament_install'
[1.536s] Level 1:colcon.colcon_core.package_identification:_identify(custom_interfaces) by extensions ['colcon_pkg']
[1.536s] Level 1:colcon.colcon_core.package_identification:_identify(custom_interfaces) by extension 'colcon_pkg'
[1.536s] Level 1:colcon.colcon_core.package_identification:_identify(custom_interfaces) by extensions ['colcon_meta']
[1.536s] Level 1:colcon.colcon_core.package_identification:_identify(custom_interfaces) by extension 'colcon_meta'
[1.536s] Level 1:colcon.colcon_core.package_identification:_identify(custom_interfaces) by extensions ['ros']
[1.536s] Level 1:colcon.colcon_core.package_identification:_identify(custom_interfaces) by extension 'ros'
[1.542s] DEBUG:colcon.colcon_core.package_identification:Package 'custom_interfaces' with type 'ros.ament_cmake' and name 'custom_interfaces'
[1.543s] Level 1:colcon.colcon_core.package_identification:_identify(example36_pkg) by extensions ['ignore', 'ignore_ament_install']
[1.543s] Level 1:colcon.colcon_core.package_identification:_identify(example36_pkg) by extension 'ignore'
[1.543s] Level 1:colcon.colcon_core.package_identification:_identify(example36_pkg) by extension 'ignore_ament_install'
[1.543s] Level 1:colcon.colcon_core.package_identification:_identify(example36_pkg) by extensions ['colcon_pkg']
[1.543s] Level 1:colcon.colcon_core.package_identification:_identify(example36_pkg) by extension 'colcon_pkg'
[1.543s] Level 1:colcon.colcon_core.package_identification:_identify(example36_pkg) by extensions ['colcon_meta']
[1.543s] Level 1:colcon.colcon_core.package_identification:_identify(example36_pkg) by extension 'colcon_meta'
[1.543s] Level 1:colcon.colcon_core.package_identification:_identify(example36_pkg) by extensions ['ros']
[1.543s] Level 1:colcon.colcon_core.package_identification:_identify(example36_pkg) by extension 'ros'
[1.545s] DEBUG:colcon.colcon_core.package_identification:Package 'example36_pkg' with type 'ros.ament_python' and name 'example36_pkg'
[1.545s] Level 1:colcon.colcon_core.package_identification:_identify(exercise31_pkg) by extensions ['ignore', 'ignore_ament_install']
[1.545s] Level 1:colcon.colcon_core.package_identification:_identify(exercise31_pkg) by extension 'ignore'
[1.545s] Level 1:colcon.colcon_core.package_identification:_identify(exercise31_pkg) by extension 'ignore_ament_install'
[1.545s] Level 1:colcon.colcon_core.package_identification:_identify(exercise31_pkg) by extensions ['colcon_pkg']
[1.545s] Level 1:colcon.colcon_core.package_identification:_identify(exercise31_pkg) by extension 'colcon_pkg'
[1.546s] Level 1:colcon.colcon_core.package_identification:_identify(exercise31_pkg) by extensions ['colcon_meta']
[1.546s] Level 1:colcon.colcon_core.package_identification:_identify(exercise31_pkg) by extension 'colcon_meta'
[1.546s] Level 1:colcon.colcon_core.package_identification:_identify(exercise31_pkg) by extensions ['ros']
[1.546s] Level 1:colcon.colcon_core.package_identification:_identify(exercise31_pkg) by extension 'ros'
[1.547s] DEBUG:colcon.colcon_core.package_identification:Package 'exercise31_pkg' with type 'ros.ament_python' and name 'exercise31_pkg'
[1.548s] Level 1:colcon.colcon_core.package_identification:_identify(install) by extensions ['ignore', 'ignore_ament_install']
[1.548s] Level 1:colcon.colcon_core.package_identification:_identify(install) by extension 'ignore'
[1.548s] Level 1:colcon.colcon_core.package_identification:_identify(install) ignored
[1.548s] Level 1:colcon.colcon_core.package_identification:_identify(log) by extensions ['ignore', 'ignore_ament_install']
[1.548s] Level 1:colcon.colcon_core.package_identification:_identify(log) by extension 'ignore'
[1.548s] Level 1:colcon.colcon_core.package_identification:_identify(log) ignored
[1.548s] Level 1:colcon.colcon_core.package_identification:_identify(my_package) by extensions ['ignore', 'ignore_ament_install']
[1.549s] Level 1:colcon.colcon_core.package_identification:_identify(my_package) by extension 'ignore'
[1.549s] Level 1:colcon.colcon_core.package_identification:_identify(my_package) by extension 'ignore_ament_install'
[1.549s] Level 1:colcon.colcon_core.package_identification:_identify(my_package) by extensions ['colcon_pkg']
[1.549s] Level 1:colcon.colcon_core.package_identification:_identify(my_package) by extension 'colcon_pkg'
[1.549s] Level 1:colcon.colcon_core.package_identification:_identify(my_package) by extensions ['colcon_meta']
[1.549s] Level 1:colcon.colcon_core.package_identification:_identify(my_package) by extension 'colcon_meta'
[1.549s] Level 1:colcon.colcon_core.package_identification:_identify(my_package) by extensions ['ros']
[1.549s] Level 1:colcon.colcon_core.package_identification:_identify(my_package) by extension 'ros'
[1.550s] DEBUG:colcon.colcon_core.package_identification:Package 'my_package' with type 'ros.ament_python' and name 'my_package'
[1.550s] Level 1:colcon.colcon_core.package_identification:_identify(publisher_pkg) by extensions ['ignore', 'ignore_ament_install']
[1.550s] Level 1:colcon.colcon_core.package_identification:_identify(publisher_pkg) by extension 'ignore'
[1.551s] Level 1:colcon.colcon_core.package_identification:_identify(publisher_pkg) by extension 'ignore_ament_install'
[1.551s] Level 1:colcon.colcon_core.package_identification:_identify(publisher_pkg) by extensions ['colcon_pkg']
[1.551s] Level 1:colcon.colcon_core.package_identification:_identify(publisher_pkg) by extension 'colcon_pkg'
[1.551s] Level 1:colcon.colcon_core.package_identification:_identify(publisher_pkg) by extensions ['colcon_meta']
[1.551s] Level 1:colcon.colcon_core.package_identification:_identify(publisher_pkg) by extension 'colcon_meta'
[1.551s] Level 1:colcon.colcon_core.package_identification:_identify(publisher_pkg) by extensions ['ros']
[1.551s] Level 1:colcon.colcon_core.package_identification:_identify(publisher_pkg) by extension 'ros'
[1.552s] DEBUG:colcon.colcon_core.package_identification:Package 'publisher_pkg' with type 'ros.ament_python' and name 'publisher_pkg'
[1.552s] Level 1:colcon.colcon_core.package_identification:_identify(subscriber_pkg) by extensions ['ignore', 'ignore_ament_install']
[1.552s] Level 1:colcon.colcon_core.package_identification:_identify(subscriber_pkg) by extension 'ignore'
[1.552s] Level 1:colcon.colcon_core.package_identification:_identify(subscriber_pkg) by extension 'ignore_ament_install'
[1.552s] Level 1:colcon.colcon_core.package_identification:_identify(subscriber_pkg) by extensions ['colcon_pkg']
[1.552s] Level 1:colcon.colcon_core.package_identification:_identify(subscriber_pkg) by extension 'colcon_pkg'
[1.552s] Level 1:colcon.colcon_core.package_identification:_identify(subscriber_pkg) by extensions ['colcon_meta']
[1.552s] Level 1:colcon.colcon_core.package_identification:_identify(subscriber_pkg) by extension 'colcon_meta'
[1.552s] Level 1:colcon.colcon_core.package_identification:_identify(subscriber_pkg) by extensions ['ros']
[1.552s] Level 1:colcon.colcon_core.package_identification:_identify(subscriber_pkg) by extension 'ros'
[1.553s] DEBUG:colcon.colcon_core.package_identification:Package 'subscriber_pkg' with type 'ros.ament_python' and name 'subscriber_pkg'
[1.554s] Level 1:colcon.colcon_core.package_identification:_identify(topics_quiz) by extensions ['ignore', 'ignore_ament_install']
[1.554s] Level 1:colcon.colcon_core.package_identification:_identify(topics_quiz) by extension 'ignore'
[1.554s] Level 1:colcon.colcon_core.package_identification:_identify(topics_quiz) by extension 'ignore_ament_install'
[1.554s] Level 1:colcon.colcon_core.package_identification:_identify(topics_quiz) by extensions ['colcon_pkg']
[1.554s] Level 1:colcon.colcon_core.package_identification:_identify(topics_quiz) by extension 'colcon_pkg'
[1.554s] Level 1:colcon.colcon_core.package_identification:_identify(topics_quiz) by extensions ['colcon_meta']
[1.554s] Level 1:colcon.colcon_core.package_identification:_identify(topics_quiz) by extension 'colcon_meta'
[1.554s] Level 1:colcon.colcon_core.package_identification:_identify(topics_quiz) by extensions ['ros']
[1.554s] Level 1:colcon.colcon_core.package_identification:_identify(topics_quiz) by extension 'ros'
[1.556s] DEBUG:colcon.colcon_core.package_identification:Package 'topics_quiz' with type 'ros.ament_python' and name 'topics_quiz'
[1.556s] Level 1:colcon.colcon_core.package_discovery:discover_packages(recursive) using defaults
[1.556s] Level 1:colcon.colcon_core.package_discovery:discover_packages(ignore) discover
[1.556s] Level 1:colcon.colcon_core.package_discovery:discover_packages(ignore) using defaults
[1.556s] Level 1:colcon.colcon_core.package_discovery:discover_packages(path) discover
[1.556s] Level 1:colcon.colcon_core.package_discovery:discover_packages(path) using defaults
[1.617s] Level 1:colcon.colcon_core.package_discovery:discover_packages(prefix_path) check parameters
[1.617s] Level 1:colcon.colcon_core.package_discovery:discover_packages(prefix_path) discover
[1.623s] WARNING:colcon.colcon_ros.prefix_path.ament:The path '/home/user/ros2_ws/install/topics_quiz' in the environment variable AMENT_PREFIX_PATH doesn't exist
[1.627s] DEBUG:colcon.colcon_installed_package_information.package_discovery:Found 14 installed packages in /home/simulations/ros2_sims_ws/install
[1.629s] DEBUG:colcon.colcon_installed_package_information.package_discovery:Found 6 installed packages in /home/user/ros2_ws/install
[1.634s] DEBUG:colcon.colcon_installed_package_information.package_discovery:Found 417 installed packages in /opt/ros/humble
[1.637s] Level 1:colcon.colcon_core.package_discovery:discover_packages(prefix_path) using defaults
[1.836s] Level 5:colcon.colcon_core.verb:set package 'custom_interfaces' build argument 'cmake_args' from command line to 'None'
[1.836s] Level 5:colcon.colcon_core.verb:set package 'custom_interfaces' build argument 'cmake_target' from command line to 'None'
[1.836s] Level 5:colcon.colcon_core.verb:set package 'custom_interfaces' build argument 'cmake_target_skip_unavailable' from command line to 'False'
[1.836s] Level 5:colcon.colcon_core.verb:set package 'custom_interfaces' build argument 'cmake_clean_cache' from command line to 'False'
[1.836s] Level 5:colcon.colcon_core.verb:set package 'custom_interfaces' build argument 'cmake_clean_first' from command line to 'False'
[1.836s] Level 5:colcon.colcon_core.verb:set package 'custom_interfaces' build argument 'cmake_force_configure' from command line to 'False'
[1.836s] Level 5:colcon.colcon_core.verb:set package 'custom_interfaces' build argument 'meson_args' from command line to '[]'
[1.836s] Level 5:colcon.colcon_core.verb:set package 'custom_interfaces' build argument 'ament_cmake_args' from command line to 'None'
[1.836s] Level 5:colcon.colcon_core.verb:set package 'custom_interfaces' build argument 'catkin_cmake_args' from command line to 'None'
[1.837s] Level 5:colcon.colcon_core.verb:set package 'custom_interfaces' build argument 'catkin_skip_building_tests' from command line to 'False'
[1.837s] DEBUG:colcon.colcon_core.verb:Building package 'custom_interfaces' with the following arguments: {'ament_cmake_args': None, 'build_base': '/home/user/ros2_ws/src/build/custom_interfaces', 'catkin_cmake_args': None, 'catkin_skip_building_tests': False, 'cmake_args': None, 'cmake_clean_cache': False, 'cmake_clean_first': False, 'cmake_force_configure': False, 'cmake_target': None, 'cmake_target_skip_unavailable': False, 'install_base': '/home/user/ros2_ws/src/install/custom_interfaces', 'merge_install': False, 'meson_args': [], 'path': '/home/user/ros2_ws/src/custom_interfaces', 'symlink_install': False, 'test_result_base': None}
[1.847s] Level 5:colcon.colcon_core.verb:set package 'my_package' build argument 'cmake_args' from command line to 'None'
[1.847s] Level 5:colcon.colcon_core.verb:set package 'my_package' build argument 'cmake_target' from command line to 'None'
[1.847s] Level 5:colcon.colcon_core.verb:set package 'my_package' build argument 'cmake_target_skip_unavailable' from command line to 'False'
[1.847s] Level 5:colcon.colcon_core.verb:set package 'my_package' build argument 'cmake_clean_cache' from command line to 'False'
[1.847s] Level 5:colcon.colcon_core.verb:set package 'my_package' build argument 'cmake_clean_first' from command line to 'False'
[1.847s] Level 5:colcon.colcon_core.verb:set package 'my_package' build argument 'cmake_force_configure' from command line to 'False'
[1.847s] Level 5:colcon.colcon_core.verb:set package 'my_package' build argument 'meson_args' from command line to '[]'
[1.847s] Level 5:colcon.colcon_core.verb:set package 'my_package' build argument 'ament_cmake_args' from command line to 'None'
[1.847s] Level 5:colcon.colcon_core.verb:set package 'my_package' build argument 'catkin_cmake_args' from command line to 'None'
[1.848s] Level 5:colcon.colcon_core.verb:set package 'my_package' build argument 'catkin_skip_building_tests' from command line to 'False'
[1.848s] DEBUG:colcon.colcon_core.verb:Building package 'my_package' with the following arguments: {'ament_cmake_args': None, 'build_base': '/home/user/ros2_ws/src/build/my_package', 'catkin_cmake_args': None, 'catkin_skip_building_tests': False, 'cmake_args': None, 'cmake_clean_cache': False, 'cmake_clean_first': False, 'cmake_force_configure': False, 'cmake_target': None, 'cmake_target_skip_unavailable': False, 'install_base': '/home/user/ros2_ws/src/install/my_package', 'merge_install': False, 'meson_args': [], 'path': '/home/user/ros2_ws/src/my_package', 'symlink_install': False, 'test_result_base': None}
[1.861s] Level 5:colcon.colcon_core.verb:set package 'publisher_pkg' build argument 'cmake_args' from command line to 'None'
[1.861s] Level 5:colcon.colcon_core.verb:set package 'publisher_pkg' build argument 'cmake_target' from command line to 'None'
[1.861s] Level 5:colcon.colcon_core.verb:set package 'publisher_pkg' build argument 'cmake_target_skip_unavailable' from command line to 'False'
[1.861s] Level 5:colcon.colcon_core.verb:set package 'publisher_pkg' build argument 'cmake_clean_cache' from command line to 'False'
[1.861s] Level 5:colcon.colcon_core.verb:set package 'publisher_pkg' build argument 'cmake_clean_first' from command line to 'False'
[1.861s] Level 5:colcon.colcon_core.verb:set package 'publisher_pkg' build argument 'cmake_force_configure' from command line to 'False'
[1.861s] Level 5:colcon.colcon_core.verb:set package 'publisher_pkg' build argument 'meson_args' from command line to '[]'
[1.861s] Level 5:colcon.colcon_core.verb:set package 'publisher_pkg' build argument 'ament_cmake_args' from command line to 'None'
[1.861s] Level 5:colcon.colcon_core.verb:set package 'publisher_pkg' build argument 'catkin_cmake_args' from command line to 'None'
[1.861s] Level 5:colcon.colcon_core.verb:set package 'publisher_pkg' build argument 'catkin_skip_building_tests' from command line to 'False'
[1.861s] DEBUG:colcon.colcon_core.verb:Building package 'publisher_pkg' with the following arguments: {'ament_cmake_args': None, 'build_base': '/home/user/ros2_ws/src/build/publisher_pkg', 'catkin_cmake_args': None, 'catkin_skip_building_tests': False, 'cmake_args': None, 'cmake_clean_cache': False, 'cmake_clean_first': False, 'cmake_force_configure': False, 'cmake_target': None, 'cmake_target_skip_unavailable': False, 'install_base': '/home/user/ros2_ws/src/install/publisher_pkg', 'merge_install': False, 'meson_args': [], 'path': '/home/user/ros2_ws/src/publisher_pkg', 'symlink_install': False, 'test_result_base': None}
[1.875s] Level 5:colcon.colcon_core.verb:set package 'subscriber_pkg' build argument 'cmake_args' from command line to 'None'
[1.875s] Level 5:colcon.colcon_core.verb:set package 'subscriber_pkg' build argument 'cmake_target' from command line to 'None'
[1.875s] Level 5:colcon.colcon_core.verb:set package 'subscriber_pkg' build argument 'cmake_target_skip_unavailable' from command line to 'False'
[1.875s] Level 5:colcon.colcon_core.verb:set package 'subscriber_pkg' build argument 'cmake_clean_cache' from command line to 'False'
[1.876s] Level 5:colcon.colcon_core.verb:set package 'subscriber_pkg' build argument 'cmake_clean_first' from command line to 'False'
[1.876s] Level 5:colcon.colcon_core.verb:set package 'subscriber_pkg' build argument 'cmake_force_configure' from command line to 'False'
[1.876s] Level 5:colcon.colcon_core.verb:set package 'subscriber_pkg' build argument 'meson_args' from command line to '[]'
[1.876s] Level 5:colcon.colcon_core.verb:set package 'subscriber_pkg' build argument 'ament_cmake_args' from command line to 'None'
[1.876s] Level 5:colcon.colcon_core.verb:set package 'subscriber_pkg' build argument 'catkin_cmake_args' from command line to 'None'
[1.876s] Level 5:colcon.colcon_core.verb:set package 'subscriber_pkg' build argument 'catkin_skip_building_tests' from command line to 'False'
[1.876s] DEBUG:colcon.colcon_core.verb:Building package 'subscriber_pkg' with the following arguments: {'ament_cmake_args': None, 'build_base': '/home/user/ros2_ws/src/build/subscriber_pkg', 'catkin_cmake_args': None, 'catkin_skip_building_tests': False, 'cmake_args': None, 'cmake_clean_cache': False, 'cmake_clean_first': False, 'cmake_force_configure': False, 'cmake_target': None, 'cmake_target_skip_unavailable': False, 'install_base': '/home/user/ros2_ws/src/install/subscriber_pkg', 'merge_install': False, 'meson_args': [], 'path': '/home/user/ros2_ws/src/subscriber_pkg', 'symlink_install': False, 'test_result_base': None}
[1.889s] Level 5:colcon.colcon_core.verb:set package 'topics_quiz' build argument 'cmake_args' from command line to 'None'
[1.889s] Level 5:colcon.colcon_core.verb:set package 'topics_quiz' build argument 'cmake_target' from command line to 'None'
[1.889s] Level 5:colcon.colcon_core.verb:set package 'topics_quiz' build argument 'cmake_target_skip_unavailable' from command line to 'False'
[1.889s] Level 5:colcon.colcon_core.verb:set package 'topics_quiz' build argument 'cmake_clean_cache' from command line to 'False'
[1.889s] Level 5:colcon.colcon_core.verb:set package 'topics_quiz' build argument 'cmake_clean_first' from command line to 'False'
[1.889s] Level 5:colcon.colcon_core.verb:set package 'topics_quiz' build argument 'cmake_force_configure' from command line to 'False'
[1.889s] Level 5:colcon.colcon_core.verb:set package 'topics_quiz' build argument 'meson_args' from command line to '[]'
[1.889s] Level 5:colcon.colcon_core.verb:set package 'topics_quiz' build argument 'ament_cmake_args' from command line to 'None'
[1.889s] Level 5:colcon.colcon_core.verb:set package 'topics_quiz' build argument 'catkin_cmake_args' from command line to 'None'
[1.889s] Level 5:colcon.colcon_core.verb:set package 'topics_quiz' build argument 'catkin_skip_building_tests' from command line to 'False'
[1.889s] DEBUG:colcon.colcon_core.verb:Building package 'topics_quiz' with the following arguments: {'ament_cmake_args': None, 'build_base': '/home/user/ros2_ws/src/build/topics_quiz', 'catkin_cmake_args': None, 'catkin_skip_building_tests': False, 'cmake_args': None, 'cmake_clean_cache': False, 'cmake_clean_first': False, 'cmake_force_configure': False, 'cmake_target': None, 'cmake_target_skip_unavailable': False, 'install_base': '/home/user/ros2_ws/src/install/topics_quiz', 'merge_install': False, 'meson_args': [], 'path': '/home/user/ros2_ws/src/topics_quiz', 'symlink_install': False, 'test_result_base': None}
[1.902s] Level 5:colcon.colcon_core.verb:set package 'example36_pkg' build argument 'cmake_args' from command line to 'None'
[1.902s] Level 5:colcon.colcon_core.verb:set package 'example36_pkg' build argument 'cmake_target' from command line to 'None'
[1.902s] Level 5:colcon.colcon_core.verb:set package 'example36_pkg' build argument 'cmake_target_skip_unavailable' from command line to 'False'
[1.902s] Level 5:colcon.colcon_core.verb:set package 'example36_pkg' build argument 'cmake_clean_cache' from command line to 'False'
[1.902s] Level 5:colcon.colcon_core.verb:set package 'example36_pkg' build argument 'cmake_clean_first' from command line to 'False'
[1.902s] Level 5:colcon.colcon_core.verb:set package 'example36_pkg' build argument 'cmake_force_configure' from command line to 'False'
[1.902s] Level 5:colcon.colcon_core.verb:set package 'example36_pkg' build argument 'meson_args' from command line to '[]'
[1.902s] Level 5:colcon.colcon_core.verb:set package 'example36_pkg' build argument 'ament_cmake_args' from command line to 'None'
[1.902s] Level 5:colcon.colcon_core.verb:set package 'example36_pkg' build argument 'catkin_cmake_args' from command line to 'None'
[1.902s] Level 5:colcon.colcon_core.verb:set package 'example36_pkg' build argument 'catkin_skip_building_tests' from command line to 'False'
[1.902s] DEBUG:colcon.colcon_core.verb:Building package 'example36_pkg' with the following arguments: {'ament_cmake_args': None, 'build_base': '/home/user/ros2_ws/src/build/example36_pkg', 'catkin_cmake_args': None, 'catkin_skip_building_tests': False, 'cmake_args': None, 'cmake_clean_cache': False, 'cmake_clean_first': False, 'cmake_force_configure': False, 'cmake_target': None, 'cmake_target_skip_unavailable': False, 'install_base': '/home/user/ros2_ws/src/install/example36_pkg', 'merge_install': False, 'meson_args': [], 'path': '/home/user/ros2_ws/src/example36_pkg', 'symlink_install': False, 'test_result_base': None}
[1.917s] Level 5:colcon.colcon_core.verb:set package 'exercise31_pkg' build argument 'cmake_args' from command line to 'None'
[1.917s] Level 5:colcon.colcon_core.verb:set package 'exercise31_pkg' build argument 'cmake_target' from command line to 'None'
[1.917s] Level 5:colcon.colcon_core.verb:set package 'exercise31_pkg' build argument 'cmake_target_skip_unavailable' from command line to 'False'
[1.917s] Level 5:colcon.colcon_core.verb:set package 'exercise31_pkg' build argument 'cmake_clean_cache' from command line to 'False'
[1.917s] Level 5:colcon.colcon_core.verb:set package 'exercise31_pkg' build argument 'cmake_clean_first' from command line to 'False'
[1.917s] Level 5:colcon.colcon_core.verb:set package 'exercise31_pkg' build argument 'cmake_force_configure' from command line to 'False'
[1.917s] Level 5:colcon.colcon_core.verb:set package 'exercise31_pkg' build argument 'meson_args' from command line to '[]'
[1.917s] Level 5:colcon.colcon_core.verb:set package 'exercise31_pkg' build argument 'ament_cmake_args' from command line to 'None'
[1.917s] Level 5:colcon.colcon_core.verb:set package 'exercise31_pkg' build argument 'catkin_cmake_args' from command line to 'None'
[1.918s] Level 5:colcon.colcon_core.verb:set package 'exercise31_pkg' build argument 'catkin_skip_building_tests' from command line to 'False'
[1.918s] DEBUG:colcon.colcon_core.verb:Building package 'exercise31_pkg' with the following arguments: {'ament_cmake_args': None, 'build_base': '/home/user/ros2_ws/src/build/exercise31_pkg', 'catkin_cmake_args': None, 'catkin_skip_building_tests': False, 'cmake_args': None, 'cmake_clean_cache': False, 'cmake_clean_first': False, 'cmake_force_configure': False, 'cmake_target': None, 'cmake_target_skip_unavailable': False, 'install_base': '/home/user/ros2_ws/src/install/exercise31_pkg', 'merge_install': False, 'meson_args': [], 'path': '/home/user/ros2_ws/src/exercise31_pkg', 'symlink_install': False, 'test_result_base': None}
[1.919s] INFO:colcon.colcon_core.executor:Executing jobs using 'parallel' executor
[1.925s] DEBUG:colcon.colcon_parallel_executor.executor.parallel:run_until_complete
[1.925s] INFO:colcon.colcon_ros.task.ament_cmake.build:Building ROS package in '/home/user/ros2_ws/src/custom_interfaces' with build type 'ament_cmake'
[1.926s] INFO:colcon.colcon_cmake.task.cmake.build:Building CMake package in '/home/user/ros2_ws/src/custom_interfaces'
[1.941s] INFO:colcon.colcon_core.plugin_system:Skipping extension 'colcon_core.shell.bat': Not used on non-Windows systems
[1.942s] INFO:colcon.colcon_core.shell:Skip shell extension 'powershell' for command environment: Not usable outside of PowerShell
[1.942s] DEBUG:colcon.colcon_core.shell:Skip shell extension 'dsv' for command environment
[1.958s] INFO:colcon.colcon_ros.task.ament_python.build:Building ROS package in '/home/user/ros2_ws/src/my_package' with build type 'ament_python'
[1.958s] Level 1:colcon.colcon_core.shell:create_environment_hook('my_package', 'ament_prefix_path')
[1.960s] INFO:colcon.colcon_core.shell:Creating environment hook '/home/user/ros2_ws/src/install/my_package/share/my_package/hook/ament_prefix_path.ps1'
[1.963s] INFO:colcon.colcon_core.shell:Creating environment descriptor '/home/user/ros2_ws/src/install/my_package/share/my_package/hook/ament_prefix_path.dsv'
[1.964s] INFO:colcon.colcon_core.shell:Creating environment hook '/home/user/ros2_ws/src/install/my_package/share/my_package/hook/ament_prefix_path.sh'
[1.967s] INFO:colcon.colcon_core.shell:Skip shell extension 'powershell' for command environment: Not usable outside of PowerShell
[1.967s] DEBUG:colcon.colcon_core.shell:Skip shell extension 'dsv' for command environment
[1.976s] INFO:colcon.colcon_ros.task.ament_python.build:Building ROS package in '/home/user/ros2_ws/src/publisher_pkg' with build type 'ament_python'
[1.977s] Level 1:colcon.colcon_core.shell:create_environment_hook('publisher_pkg', 'ament_prefix_path')
[1.979s] INFO:colcon.colcon_core.shell:Creating environment hook '/home/user/ros2_ws/src/install/publisher_pkg/share/publisher_pkg/hook/ament_prefix_path.ps1'
[1.980s] INFO:colcon.colcon_core.shell:Creating environment descriptor '/home/user/ros2_ws/src/install/publisher_pkg/share/publisher_pkg/hook/ament_prefix_path.dsv'
[1.980s] INFO:colcon.colcon_core.shell:Creating environment hook '/home/user/ros2_ws/src/install/publisher_pkg/share/publisher_pkg/hook/ament_prefix_path.sh'
[1.983s] INFO:colcon.colcon_core.shell:Skip shell extension 'powershell' for command environment: Not usable outside of PowerShell
[1.983s] DEBUG:colcon.colcon_core.shell:Skip shell extension 'dsv' for command environment
[1.998s] INFO:colcon.colcon_ros.task.ament_python.build:Building ROS package in '/home/user/ros2_ws/src/subscriber_pkg' with build type 'ament_python'
[1.998s] Level 1:colcon.colcon_core.shell:create_environment_hook('subscriber_pkg', 'ament_prefix_path')
[2.000s] INFO:colcon.colcon_core.shell:Creating environment hook '/home/user/ros2_ws/src/install/subscriber_pkg/share/subscriber_pkg/hook/ament_prefix_path.ps1'
[2.001s] INFO:colcon.colcon_core.shell:Creating environment descriptor '/home/user/ros2_ws/src/install/subscriber_pkg/share/subscriber_pkg/hook/ament_prefix_path.dsv'
[2.002s] INFO:colcon.colcon_core.shell:Creating environment hook '/home/user/ros2_ws/src/install/subscriber_pkg/share/subscriber_pkg/hook/ament_prefix_path.sh'
[2.005s] INFO:colcon.colcon_core.shell:Skip shell extension 'powershell' for command environment: Not usable outside of PowerShell
[2.005s] DEBUG:colcon.colcon_core.shell:Skip shell extension 'dsv' for command environment
[2.022s] INFO:colcon.colcon_ros.task.ament_python.build:Building ROS package in '/home/user/ros2_ws/src/topics_quiz' with build type 'ament_python'
[2.023s] Level 1:colcon.colcon_core.shell:create_environment_hook('topics_quiz', 'ament_prefix_path')
[2.025s] INFO:colcon.colcon_core.shell:Creating environment hook '/home/user/ros2_ws/src/install/topics_quiz/share/topics_quiz/hook/ament_prefix_path.ps1'
[2.027s] INFO:colcon.colcon_core.shell:Creating environment descriptor '/home/user/ros2_ws/src/install/topics_quiz/share/topics_quiz/hook/ament_prefix_path.dsv'
[2.028s] INFO:colcon.colcon_core.shell:Creating environment hook '/home/user/ros2_ws/src/install/topics_quiz/share/topics_quiz/hook/ament_prefix_path.sh'
[2.030s] INFO:colcon.colcon_core.shell:Skip shell extension 'powershell' for command environment: Not usable outside of PowerShell
[2.030s] DEBUG:colcon.colcon_core.shell:Skip shell extension 'dsv' for command environment
[2.045s] DEBUG:colcon.colcon_core.event_handler.log_command:Invoking command in '/home/user/ros2_ws/src/build/custom_interfaces': CMAKE_PREFIX_PATH=${CMAKE_PREFIX_PATH}:/home/simulations/ros2_sims_ws/install/turtlebot3_teleop:/home/simulations/ros2_sims_ws/install/turtlebot3_example:/home/simulations/ros2_sims_ws/install/services_pkg:/home/user/ros2_ws/install/topics_quiz:/opt/ros/humble _=/usr/bin/env /usr/bin/cmake /home/user/ros2_ws/src/custom_interfaces -DCMAKE_INSTALL_PREFIX=/home/user/ros2_ws/src/install/custom_interfaces
[2.553s] INFO:colcon.colcon_core.task.python.build:Building Python package in '/home/user/ros2_ws/src/my_package'
[2.556s] INFO:colcon.colcon_core.shell:Skip shell extension 'powershell' for command environment: Not usable outside of PowerShell
[2.557s] DEBUG:colcon.colcon_core.shell:Skip shell extension 'dsv' for command environment
[3.084s] INFO:colcon.colcon_core.task.python.build:Building Python package in '/home/user/ros2_ws/src/publisher_pkg'
[3.086s] INFO:colcon.colcon_core.shell:Skip shell extension 'powershell' for command environment: Not usable outside of PowerShell
[3.087s] DEBUG:colcon.colcon_core.shell:Skip shell extension 'dsv' for command environment
[3.615s] INFO:colcon.colcon_core.task.python.build:Building Python package in '/home/user/ros2_ws/src/subscriber_pkg'
[3.617s] INFO:colcon.colcon_core.shell:Skip shell extension 'powershell' for command environment: Not usable outside of PowerShell
[3.617s] DEBUG:colcon.colcon_core.shell:Skip shell extension 'dsv' for command environment
[4.139s] INFO:colcon.colcon_core.task.python.build:Building Python package in '/home/user/ros2_ws/src/topics_quiz'
[4.141s] INFO:colcon.colcon_core.shell:Skip shell extension 'powershell' for command environment: Not usable outside of PowerShell
[4.142s] DEBUG:colcon.colcon_core.shell:Skip shell extension 'dsv' for command environment
[5.839s] DEBUG:colcon.colcon_core.event_handler.log_command:Invoking command in '/home/user/ros2_ws/src/subscriber_pkg': PYTHONPATH=/home/user/ros2_ws/src/build/subscriber_pkg/prefix_override:/home/user/ros2_ws/src/install/subscriber_pkg/lib/python3.10/site-packages:${PYTHONPATH} _=/usr/bin/env /usr/bin/python3 setup.py egg_info --egg-base ../build/subscriber_pkg build --build-base /home/user/ros2_ws/src/build/subscriber_pkg/build install --record /home/user/ros2_ws/src/build/subscriber_pkg/install.log --single-version-externally-managed
[5.845s] DEBUG:colcon.colcon_core.event_handler.log_command:Invoking command in '/home/user/ros2_ws/src/publisher_pkg': PYTHONPATH=/home/user/ros2_ws/src/build/publisher_pkg/prefix_override:/home/user/ros2_ws/src/install/publisher_pkg/lib/python3.10/site-packages:${PYTHONPATH} _=/usr/bin/env /usr/bin/python3 setup.py egg_info --egg-base ../build/publisher_pkg build --build-base /home/user/ros2_ws/src/build/publisher_pkg/build install --record /home/user/ros2_ws/src/build/publisher_pkg/install.log --single-version-externally-managed
[5.855s] DEBUG:colcon.colcon_core.event_handler.log_command:Invoking command in '/home/user/ros2_ws/src/topics_quiz': PYTHONPATH=/home/user/ros2_ws/src/build/topics_quiz/prefix_override:/home/user/ros2_ws/src/install/topics_quiz/lib/python3.10/site-packages:${PYTHONPATH} _=/usr/bin/env /usr/bin/python3 setup.py egg_info --egg-base ../build/topics_quiz build --build-base /home/user/ros2_ws/src/build/topics_quiz/build install --record /home/user/ros2_ws/src/build/topics_quiz/install.log --install-scripts $base/lib/topics_quiz --single-version-externally-managed
[5.928s] DEBUG:colcon.colcon_core.event_handler.log_command:Invoking command in '/home/user/ros2_ws/src/my_package': PYTHONPATH=/home/user/ros2_ws/src/build/my_package/prefix_override:/home/user/ros2_ws/src/install/my_package/lib/python3.10/site-packages:${PYTHONPATH} _=/usr/bin/env /usr/bin/python3 setup.py egg_info --egg-base ../build/my_package build --build-base /home/user/ros2_ws/src/build/my_package/build install --record /home/user/ros2_ws/src/build/my_package/install.log --single-version-externally-managed
[7.149s] DEBUG:colcon.colcon_core.event_handler.log_command:Invoked command in '/home/user/ros2_ws/src/publisher_pkg' returned '0': PYTHONPATH=/home/user/ros2_ws/src/build/publisher_pkg/prefix_override:/home/user/ros2_ws/src/install/publisher_pkg/lib/python3.10/site-packages:${PYTHONPATH} _=/usr/bin/env /usr/bin/python3 setup.py egg_info --egg-base ../build/publisher_pkg build --build-base /home/user/ros2_ws/src/build/publisher_pkg/build install --record /home/user/ros2_ws/src/build/publisher_pkg/install.log --single-version-externally-managed
[7.164s] Level 1:colcon.colcon_core.environment:checking '/home/user/ros2_ws/src/install/publisher_pkg' for CMake module files
[7.166s] Level 1:colcon.colcon_core.environment:checking '/home/user/ros2_ws/src/install/publisher_pkg' for CMake config files
[7.167s] Level 1:colcon.colcon_core.environment:checking '/home/user/ros2_ws/src/install/publisher_pkg/lib'
[7.167s] Level 1:colcon.colcon_core.environment:checking '/home/user/ros2_ws/src/install/publisher_pkg/bin'
[7.167s] Level 1:colcon.colcon_core.environment:checking '/home/user/ros2_ws/src/install/publisher_pkg/lib/pkgconfig/publisher_pkg.pc'
[7.168s] Level 1:colcon.colcon_core.environment:checking '/home/user/ros2_ws/src/install/publisher_pkg/lib/python3.10/site-packages'
[7.168s] Level 1:colcon.colcon_core.shell:create_environment_hook('publisher_pkg', 'pythonpath')
[7.171s] INFO:colcon.colcon_core.shell:Creating environment hook '/home/user/ros2_ws/src/install/publisher_pkg/share/publisher_pkg/hook/pythonpath.ps1'
[7.172s] INFO:colcon.colcon_core.shell:Creating environment descriptor '/home/user/ros2_ws/src/install/publisher_pkg/share/publisher_pkg/hook/pythonpath.dsv'
[7.173s] INFO:colcon.colcon_core.shell:Creating environment hook '/home/user/ros2_ws/src/install/publisher_pkg/share/publisher_pkg/hook/pythonpath.sh'
[7.174s] Level 1:colcon.colcon_core.environment:checking '/home/user/ros2_ws/src/install/publisher_pkg/bin'
[7.174s] Level 1:colcon.colcon_core.environment:create_environment_scripts_only(publisher_pkg)
[7.178s] INFO:colcon.colcon_core.shell:Creating package script '/home/user/ros2_ws/src/install/publisher_pkg/share/publisher_pkg/package.ps1'
[7.180s] INFO:colcon.colcon_core.shell:Creating package descriptor '/home/user/ros2_ws/src/install/publisher_pkg/share/publisher_pkg/package.dsv'
[7.228s] INFO:colcon.colcon_core.shell:Creating package script '/home/user/ros2_ws/src/install/publisher_pkg/share/publisher_pkg/package.sh'
[7.232s] INFO:colcon.colcon_core.shell:Creating package script '/home/user/ros2_ws/src/install/publisher_pkg/share/publisher_pkg/package.bash'
[7.237s] INFO:colcon.colcon_core.shell:Creating package script '/home/user/ros2_ws/src/install/publisher_pkg/share/publisher_pkg/package.zsh'
[7.241s] Level 1:colcon.colcon_core.environment:create_file_with_runtime_dependencies(/home/user/ros2_ws/src/install/publisher_pkg/share/colcon-core/packages/publisher_pkg)
[7.250s] Level 1:colcon.colcon_core.environment:checking '/home/user/ros2_ws/src/install/topics_quiz' for CMake module files
[7.251s] Level 1:colcon.colcon_core.environment:checking '/home/user/ros2_ws/src/install/topics_quiz' for CMake config files
[7.252s] DEBUG:colcon.colcon_core.event_handler.log_command:Invoked command in '/home/user/ros2_ws/src/topics_quiz' returned '0': PYTHONPATH=/home/user/ros2_ws/src/build/topics_quiz/prefix_override:/home/user/ros2_ws/src/install/topics_quiz/lib/python3.10/site-packages:${PYTHONPATH} _=/usr/bin/env /usr/bin/python3 setup.py egg_info --egg-base ../build/topics_quiz build --build-base /home/user/ros2_ws/src/build/topics_quiz/build install --record /home/user/ros2_ws/src/build/topics_quiz/install.log --install-scripts $base/lib/topics_quiz --single-version-externally-managed
[7.253s] Level 1:colcon.colcon_core.environment:checking '/home/user/ros2_ws/src/install/topics_quiz/lib'
[7.253s] Level 1:colcon.colcon_core.environment:checking '/home/user/ros2_ws/src/install/topics_quiz/bin'
[7.253s] Level 1:colcon.colcon_core.environment:checking '/home/user/ros2_ws/src/install/topics_quiz/lib/pkgconfig/topics_quiz.pc'
[7.254s] Level 1:colcon.colcon_core.environment:checking '/home/user/ros2_ws/src/install/topics_quiz/lib/python3.10/site-packages'
[7.254s] Level 1:colcon.colcon_core.shell:create_environment_hook('topics_quiz', 'pythonpath')
[7.256s] INFO:colcon.colcon_core.shell:Creating environment hook '/home/user/ros2_ws/src/install/topics_quiz/share/topics_quiz/hook/pythonpath.ps1'
[7.257s] INFO:colcon.colcon_core.shell:Creating environment descriptor '/home/user/ros2_ws/src/install/topics_quiz/share/topics_quiz/hook/pythonpath.dsv'
[7.257s] INFO:colcon.colcon_core.shell:Creating environment hook '/home/user/ros2_ws/src/install/topics_quiz/share/topics_quiz/hook/pythonpath.sh'
[7.265s] Level 1:colcon.colcon_core.environment:checking '/home/user/ros2_ws/src/install/topics_quiz/bin'
[7.265s] Level 1:colcon.colcon_core.environment:create_environment_scripts_only(topics_quiz)
[7.268s] INFO:colcon.colcon_core.shell:Creating package script '/home/user/ros2_ws/src/install/topics_quiz/share/topics_quiz/package.ps1'
[7.268s] INFO:colcon.colcon_core.shell:Creating package descriptor '/home/user/ros2_ws/src/install/topics_quiz/share/topics_quiz/package.dsv'
[7.269s] INFO:colcon.colcon_core.shell:Creating package script '/home/user/ros2_ws/src/install/topics_quiz/share/topics_quiz/package.sh'
[7.270s] INFO:colcon.colcon_core.shell:Creating package script '/home/user/ros2_ws/src/install/topics_quiz/share/topics_quiz/package.bash'
[7.270s] INFO:colcon.colcon_core.shell:Creating package script '/home/user/ros2_ws/src/install/topics_quiz/share/topics_quiz/package.zsh'
[7.271s] Level 1:colcon.colcon_core.environment:create_file_with_runtime_dependencies(/home/user/ros2_ws/src/install/topics_quiz/share/colcon-core/packages/topics_quiz)
[7.277s] Level 1:colcon.colcon_core.environment:checking '/home/user/ros2_ws/src/install/subscriber_pkg' for CMake module files
[7.278s] DEBUG:colcon.colcon_core.event_handler.log_command:Invoked command in '/home/user/ros2_ws/src/subscriber_pkg' returned '0': PYTHONPATH=/home/user/ros2_ws/src/build/subscriber_pkg/prefix_override:/home/user/ros2_ws/src/install/subscriber_pkg/lib/python3.10/site-packages:${PYTHONPATH} _=/usr/bin/env /usr/bin/python3 setup.py egg_info --egg-base ../build/subscriber_pkg build --build-base /home/user/ros2_ws/src/build/subscriber_pkg/build install --record /home/user/ros2_ws/src/build/subscriber_pkg/install.log --single-version-externally-managed
[7.279s] Level 1:colcon.colcon_core.environment:checking '/home/user/ros2_ws/src/install/subscriber_pkg' for CMake config files
[7.280s] Level 1:colcon.colcon_core.environment:checking '/home/user/ros2_ws/src/install/subscriber_pkg/lib'
[7.281s] Level 1:colcon.colcon_core.environment:checking '/home/user/ros2_ws/src/install/subscriber_pkg/bin'
[7.281s] Level 1:colcon.colcon_core.environment:checking '/home/user/ros2_ws/src/install/subscriber_pkg/lib/pkgconfig/subscriber_pkg.pc'
[7.282s] Level 1:colcon.colcon_core.environment:checking '/home/user/ros2_ws/src/install/subscriber_pkg/lib/python3.10/site-packages'
[7.282s] Level 1:colcon.colcon_core.shell:create_environment_hook('subscriber_pkg', 'pythonpath')
[7.285s] INFO:colcon.colcon_core.shell:Creating environment hook '/home/user/ros2_ws/src/install/subscriber_pkg/share/subscriber_pkg/hook/pythonpath.ps1'
[7.286s] INFO:colcon.colcon_core.shell:Creating environment descriptor '/home/user/ros2_ws/src/install/subscriber_pkg/share/subscriber_pkg/hook/pythonpath.dsv'
[7.288s] INFO:colcon.colcon_core.shell:Creating environment hook '/home/user/ros2_ws/src/install/subscriber_pkg/share/subscriber_pkg/hook/pythonpath.sh'
[7.289s] Level 1:colcon.colcon_core.environment:checking '/home/user/ros2_ws/src/install/subscriber_pkg/bin'
[7.289s] Level 1:colcon.colcon_core.environment:create_environment_scripts_only(subscriber_pkg)
[7.292s] INFO:colcon.colcon_core.shell:Creating package script '/home/user/ros2_ws/src/install/subscriber_pkg/share/subscriber_pkg/package.ps1'
[7.293s] INFO:colcon.colcon_core.shell:Creating package descriptor '/home/user/ros2_ws/src/install/subscriber_pkg/share/subscriber_pkg/package.dsv'
[7.294s] INFO:colcon.colcon_core.shell:Creating package script '/home/user/ros2_ws/src/install/subscriber_pkg/share/subscriber_pkg/package.sh'
[7.297s] INFO:colcon.colcon_core.shell:Creating package script '/home/user/ros2_ws/src/install/subscriber_pkg/share/subscriber_pkg/package.bash'
[7.298s] INFO:colcon.colcon_core.shell:Creating package script '/home/user/ros2_ws/src/install/subscriber_pkg/share/subscriber_pkg/package.zsh'
[7.298s] Level 1:colcon.colcon_core.environment:create_file_with_runtime_dependencies(/home/user/ros2_ws/src/install/subscriber_pkg/share/colcon-core/packages/subscriber_pkg)
[7.405s] Level 1:colcon.colcon_core.environment:checking '/home/user/ros2_ws/src/install/my_package' for CMake module files
[7.406s] DEBUG:colcon.colcon_core.event_handler.log_command:Invoked command in '/home/user/ros2_ws/src/my_package' returned '0': PYTHONPATH=/home/user/ros2_ws/src/build/my_package/prefix_override:/home/user/ros2_ws/src/install/my_package/lib/python3.10/site-packages:${PYTHONPATH} _=/usr/bin/env /usr/bin/python3 setup.py egg_info --egg-base ../build/my_package build --build-base /home/user/ros2_ws/src/build/my_package/build install --record /home/user/ros2_ws/src/build/my_package/install.log --single-version-externally-managed
[7.407s] Level 1:colcon.colcon_core.environment:checking '/home/user/ros2_ws/src/install/my_package' for CMake config files
[7.407s] Level 1:colcon.colcon_core.environment:checking '/home/user/ros2_ws/src/install/my_package/lib'
[7.408s] Level 1:colcon.colcon_core.environment:checking '/home/user/ros2_ws/src/install/my_package/bin'
[7.408s] Level 1:colcon.colcon_core.environment:checking '/home/user/ros2_ws/src/install/my_package/lib/pkgconfig/my_package.pc'
[7.408s] Level 1:colcon.colcon_core.environment:checking '/home/user/ros2_ws/src/install/my_package/lib/python3.10/site-packages'
[7.408s] Level 1:colcon.colcon_core.shell:create_environment_hook('my_package', 'pythonpath')
[7.411s] INFO:colcon.colcon_core.shell:Creating environment hook '/home/user/ros2_ws/src/install/my_package/share/my_package/hook/pythonpath.ps1'
[7.412s] INFO:colcon.colcon_core.shell:Creating environment descriptor '/home/user/ros2_ws/src/install/my_package/share/my_package/hook/pythonpath.dsv'
[7.412s] INFO:colcon.colcon_core.shell:Creating environment hook '/home/user/ros2_ws/src/install/my_package/share/my_package/hook/pythonpath.sh'
[7.413s] Level 1:colcon.colcon_core.environment:checking '/home/user/ros2_ws/src/install/my_package/bin'
[7.413s] Level 1:colcon.colcon_core.environment:create_environment_scripts_only(my_package)
[7.416s] INFO:colcon.colcon_core.shell:Creating package script '/home/user/ros2_ws/src/install/my_package/share/my_package/package.ps1'
[7.417s] INFO:colcon.colcon_core.shell:Creating package descriptor '/home/user/ros2_ws/src/install/my_package/share/my_package/package.dsv'
[7.417s] INFO:colcon.colcon_core.shell:Creating package script '/home/user/ros2_ws/src/install/my_package/share/my_package/package.sh'
[7.418s] INFO:colcon.colcon_core.shell:Creating package script '/home/user/ros2_ws/src/install/my_package/share/my_package/package.bash'
[7.419s] INFO:colcon.colcon_core.shell:Creating package script '/home/user/ros2_ws/src/install/my_package/share/my_package/package.zsh'
[7.419s] Level 1:colcon.colcon_core.environment:create_file_with_runtime_dependencies(/home/user/ros2_ws/src/install/my_package/share/colcon-core/packages/my_package)
[8.991s] DEBUG:colcon.colcon_core.event_handler.log_command:Invoked command in '/home/user/ros2_ws/src/build/custom_interfaces' returned '0': CMAKE_PREFIX_PATH=${CMAKE_PREFIX_PATH}:/home/simulations/ros2_sims_ws/install/turtlebot3_teleop:/home/simulations/ros2_sims_ws/install/turtlebot3_example:/home/simulations/ros2_sims_ws/install/services_pkg:/home/user/ros2_ws/install/topics_quiz:/opt/ros/humble _=/usr/bin/env /usr/bin/cmake /home/user/ros2_ws/src/custom_interfaces -DCMAKE_INSTALL_PREFIX=/home/user/ros2_ws/src/install/custom_interfaces
[8.994s] DEBUG:colcon.colcon_core.event_handler.log_command:Invoking command in '/home/user/ros2_ws/src/build/custom_interfaces': CMAKE_PREFIX_PATH=${CMAKE_PREFIX_PATH}:/home/simulations/ros2_sims_ws/install/turtlebot3_teleop:/home/simulations/ros2_sims_ws/install/turtlebot3_example:/home/simulations/ros2_sims_ws/install/services_pkg:/home/user/ros2_ws/install/topics_quiz:/opt/ros/humble _=/usr/bin/env /usr/bin/cmake --build /home/user/ros2_ws/src/build/custom_interfaces -- -j8 -l8
[18.193s] DEBUG:colcon.colcon_core.event_handler.log_command:Invoked command in '/home/user/ros2_ws/src/build/custom_interfaces' returned '0': CMAKE_PREFIX_PATH=${CMAKE_PREFIX_PATH}:/home/simulations/ros2_sims_ws/install/turtlebot3_teleop:/home/simulations/ros2_sims_ws/install/turtlebot3_example:/home/simulations/ros2_sims_ws/install/services_pkg:/home/user/ros2_ws/install/topics_quiz:/opt/ros/humble _=/usr/bin/env /usr/bin/cmake --build /home/user/ros2_ws/src/build/custom_interfaces -- -j8 -l8
[18.380s] DEBUG:colcon.colcon_core.event_handler.log_command:Invoking command in '/home/user/ros2_ws/src/build/custom_interfaces': CMAKE_PREFIX_PATH=${CMAKE_PREFIX_PATH}:/home/simulations/ros2_sims_ws/install/turtlebot3_teleop:/home/simulations/ros2_sims_ws/install/turtlebot3_example:/home/simulations/ros2_sims_ws/install/services_pkg:/home/user/ros2_ws/install/topics_quiz:/opt/ros/humble _=/usr/bin/env /usr/bin/cmake --install /home/user/ros2_ws/src/build/custom_interfaces
[18.495s] Level 1:colcon.colcon_core.environment:create_environment_scripts_only(custom_interfaces)
[18.499s] Level 1:colcon.colcon_core.environment:checking '/home/user/ros2_ws/src/install/custom_interfaces' for CMake module files
[18.500s] Level 1:colcon.colcon_core.environment:checking '/home/user/ros2_ws/src/install/custom_interfaces' for CMake config files
[18.501s] DEBUG:colcon.colcon_core.event_handler.log_command:Invoked command in '/home/user/ros2_ws/src/build/custom_interfaces' returned '0': CMAKE_PREFIX_PATH=${CMAKE_PREFIX_PATH}:/home/simulations/ros2_sims_ws/install/turtlebot3_teleop:/home/simulations/ros2_sims_ws/install/turtlebot3_example:/home/simulations/ros2_sims_ws/install/services_pkg:/home/user/ros2_ws/install/topics_quiz:/opt/ros/humble _=/usr/bin/env /usr/bin/cmake --install /home/user/ros2_ws/src/build/custom_interfaces
[18.502s] Level 1:colcon.colcon_core.shell:create_environment_hook('custom_interfaces', 'cmake_prefix_path')
[18.504s] INFO:colcon.colcon_core.shell:Creating environment hook '/home/user/ros2_ws/src/install/custom_interfaces/share/custom_interfaces/hook/cmake_prefix_path.ps1'
[18.505s] INFO:colcon.colcon_core.shell:Creating environment descriptor '/home/user/ros2_ws/src/install/custom_interfaces/share/custom_interfaces/hook/cmake_prefix_path.dsv'
[18.505s] INFO:colcon.colcon_core.shell:Creating environment hook '/home/user/ros2_ws/src/install/custom_interfaces/share/custom_interfaces/hook/cmake_prefix_path.sh'
[18.506s] Level 1:colcon.colcon_core.environment:checking '/home/user/ros2_ws/src/install/custom_interfaces/lib'
[18.506s] Level 1:colcon.colcon_core.shell:create_environment_hook('custom_interfaces', 'ld_library_path_lib')
[18.509s] INFO:colcon.colcon_core.shell:Creating environment hook '/home/user/ros2_ws/src/install/custom_interfaces/share/custom_interfaces/hook/ld_library_path_lib.ps1'
[18.509s] INFO:colcon.colcon_core.shell:Creating environment descriptor '/home/user/ros2_ws/src/install/custom_interfaces/share/custom_interfaces/hook/ld_library_path_lib.dsv'
[18.511s] INFO:colcon.colcon_core.shell:Creating environment hook '/home/user/ros2_ws/src/install/custom_interfaces/share/custom_interfaces/hook/ld_library_path_lib.sh'
[18.512s] Level 1:colcon.colcon_core.environment:checking '/home/user/ros2_ws/src/install/custom_interfaces/bin'
[18.512s] Level 1:colcon.colcon_core.environment:checking '/home/user/ros2_ws/src/install/custom_interfaces/lib/pkgconfig/custom_interfaces.pc'
[18.512s] Level 1:colcon.colcon_core.environment:checking '/home/user/ros2_ws/src/install/custom_interfaces/lib/python3.10/site-packages'
[18.513s] Level 1:colcon.colcon_core.environment:checking '/home/user/ros2_ws/src/install/custom_interfaces/bin'
[18.515s] INFO:colcon.colcon_core.shell:Creating package script '/home/user/ros2_ws/src/install/custom_interfaces/share/custom_interfaces/package.ps1'
[18.516s] INFO:colcon.colcon_core.shell:Creating package descriptor '/home/user/ros2_ws/src/install/custom_interfaces/share/custom_interfaces/package.dsv'
[18.517s] INFO:colcon.colcon_core.shell:Creating package script '/home/user/ros2_ws/src/install/custom_interfaces/share/custom_interfaces/package.sh'
[18.517s] INFO:colcon.colcon_core.shell:Creating package script '/home/user/ros2_ws/src/install/custom_interfaces/share/custom_interfaces/package.bash'
[18.518s] INFO:colcon.colcon_core.shell:Creating package script '/home/user/ros2_ws/src/install/custom_interfaces/share/custom_interfaces/package.zsh'
[18.519s] Level 1:colcon.colcon_core.environment:create_file_with_runtime_dependencies(/home/user/ros2_ws/src/install/custom_interfaces/share/colcon-core/packages/custom_interfaces)
[18.727s] Level 1:colcon.colcon_core.environment:create_environment_scripts_only(custom_interfaces)
[18.730s] Level 1:colcon.colcon_core.environment:checking '/home/user/ros2_ws/src/install/custom_interfaces' for CMake module files
[18.731s] Level 1:colcon.colcon_core.environment:checking '/home/user/ros2_ws/src/install/custom_interfaces' for CMake config files
[18.732s] Level 1:colcon.colcon_core.shell:create_environment_hook('custom_interfaces', 'cmake_prefix_path')
[18.734s] INFO:colcon.colcon_core.shell:Creating environment hook '/home/user/ros2_ws/src/install/custom_interfaces/share/custom_interfaces/hook/cmake_prefix_path.ps1'
[18.735s] INFO:colcon.colcon_core.shell:Creating environment descriptor '/home/user/ros2_ws/src/install/custom_interfaces/share/custom_interfaces/hook/cmake_prefix_path.dsv'
[18.735s] INFO:colcon.colcon_core.shell:Creating environment hook '/home/user/ros2_ws/src/install/custom_interfaces/share/custom_interfaces/hook/cmake_prefix_path.sh'
[18.736s] Level 1:colcon.colcon_core.environment:checking '/home/user/ros2_ws/src/install/custom_interfaces/lib'
[18.736s] Level 1:colcon.colcon_core.shell:create_environment_hook('custom_interfaces', 'ld_library_path_lib')
[18.739s] INFO:colcon.colcon_core.shell:Creating environment hook '/home/user/ros2_ws/src/install/custom_interfaces/share/custom_interfaces/hook/ld_library_path_lib.ps1'
[18.739s] INFO:colcon.colcon_core.shell:Creating environment descriptor '/home/user/ros2_ws/src/install/custom_interfaces/share/custom_interfaces/hook/ld_library_path_lib.dsv'
[18.740s] INFO:colcon.colcon_core.shell:Creating environment hook '/home/user/ros2_ws/src/install/custom_interfaces/share/custom_interfaces/hook/ld_library_path_lib.sh'
[18.740s] Level 1:colcon.colcon_core.environment:checking '/home/user/ros2_ws/src/install/custom_interfaces/bin'
[18.740s] Level 1:colcon.colcon_core.environment:checking '/home/user/ros2_ws/src/install/custom_interfaces/lib/pkgconfig/custom_interfaces.pc'
[18.741s] Level 1:colcon.colcon_core.environment:checking '/home/user/ros2_ws/src/install/custom_interfaces/lib/python3.10/site-packages'
[18.741s] Level 1:colcon.colcon_core.environment:checking '/home/user/ros2_ws/src/install/custom_interfaces/bin'
[18.744s] INFO:colcon.colcon_core.shell:Creating package script '/home/user/ros2_ws/src/install/custom_interfaces/share/custom_interfaces/package.ps1'
[18.744s] INFO:colcon.colcon_core.shell:Creating package descriptor '/home/user/ros2_ws/src/install/custom_interfaces/share/custom_interfaces/package.dsv'
[18.745s] INFO:colcon.colcon_core.shell:Creating package script '/home/user/ros2_ws/src/install/custom_interfaces/share/custom_interfaces/package.sh'
[18.746s] INFO:colcon.colcon_core.shell:Creating package script '/home/user/ros2_ws/src/install/custom_interfaces/share/custom_interfaces/package.bash'
[18.747s] INFO:colcon.colcon_core.shell:Creating package script '/home/user/ros2_ws/src/install/custom_interfaces/share/custom_interfaces/package.zsh'
[18.747s] Level 1:colcon.colcon_core.environment:create_file_with_runtime_dependencies(/home/user/ros2_ws/src/install/custom_interfaces/share/colcon-core/packages/custom_interfaces)
[18.748s] INFO:colcon.colcon_ros.task.ament_python.build:Building ROS package in '/home/user/ros2_ws/src/example36_pkg' with build type 'ament_python'
[18.748s] Level 1:colcon.colcon_core.shell:create_environment_hook('example36_pkg', 'ament_prefix_path')
[18.750s] INFO:colcon.colcon_core.shell:Creating environment hook '/home/user/ros2_ws/src/install/example36_pkg/share/example36_pkg/hook/ament_prefix_path.ps1'
[18.751s] INFO:colcon.colcon_core.shell:Creating environment descriptor '/home/user/ros2_ws/src/install/example36_pkg/share/example36_pkg/hook/ament_prefix_path.dsv'
[18.752s] INFO:colcon.colcon_core.shell:Creating environment hook '/home/user/ros2_ws/src/install/example36_pkg/share/example36_pkg/hook/ament_prefix_path.sh'
[18.754s] INFO:colcon.colcon_core.shell:Skip shell extension 'powershell' for command environment: Not usable outside of PowerShell
[18.754s] DEBUG:colcon.colcon_core.shell:Skip shell extension 'dsv' for command environment
[18.768s] INFO:colcon.colcon_ros.task.ament_python.build:Building ROS package in '/home/user/ros2_ws/src/exercise31_pkg' with build type 'ament_python'
[18.768s] Level 1:colcon.colcon_core.shell:create_environment_hook('exercise31_pkg', 'ament_prefix_path')
[18.771s] INFO:colcon.colcon_core.shell:Creating environment hook '/home/user/ros2_ws/src/install/exercise31_pkg/share/exercise31_pkg/hook/ament_prefix_path.ps1'
[18.771s] INFO:colcon.colcon_core.shell:Creating environment descriptor '/home/user/ros2_ws/src/install/exercise31_pkg/share/exercise31_pkg/hook/ament_prefix_path.dsv'
[18.772s] INFO:colcon.colcon_core.shell:Creating environment hook '/home/user/ros2_ws/src/install/exercise31_pkg/share/exercise31_pkg/hook/ament_prefix_path.sh'
[18.775s] INFO:colcon.colcon_core.shell:Skip shell extension 'powershell' for command environment: Not usable outside of PowerShell
[18.775s] DEBUG:colcon.colcon_core.shell:Skip shell extension 'dsv' for command environment
[19.317s] INFO:colcon.colcon_core.task.python.build:Building Python package in '/home/user/ros2_ws/src/example36_pkg'
[19.320s] INFO:colcon.colcon_core.shell:Skip shell extension 'powershell' for command environment: Not usable outside of PowerShell
[19.320s] DEBUG:colcon.colcon_core.shell:Skip shell extension 'dsv' for command environment
[19.804s] WARNING:colcon.colcon_ros.task.ament_python.build:Package 'exercise31_pkg' doesn't explicitly install a marker in the package index (colcon-ros currently does it implicitly but that fallback will be removed in the future)
[19.805s] WARNING:colcon.colcon_ros.task.ament_python.build:Package 'exercise31_pkg' doesn't explicitly install the 'package.xml' file (colcon-ros currently does it implicitly but that fallback will be removed in the future)
[19.805s] INFO:colcon.colcon_core.task.python.build:Building Python package in '/home/user/ros2_ws/src/exercise31_pkg'
[19.807s] INFO:colcon.colcon_core.shell:Skip shell extension 'powershell' for command environment: Not usable outside of PowerShell
[19.807s] DEBUG:colcon.colcon_core.shell:Skip shell extension 'dsv' for command environment
[20.465s] DEBUG:colcon.colcon_core.event_handler.log_command:Invoking command in '/home/user/ros2_ws/src/example36_pkg': AMENT_PREFIX_PATH=/home/user/ros2_ws/src/install/custom_interfaces:${AMENT_PREFIX_PATH} CMAKE_PREFIX_PATH=/home/user/ros2_ws/src/install/custom_interfaces:${CMAKE_PREFIX_PATH} LD_LIBRARY_PATH=/home/user/ros2_ws/src/install/custom_interfaces/lib:/usr/local/cuda-10.2/lib64:/home/user/.catkin_ws_python3/src/TensorRT-7.0.0.11/lib:/home/simulations/ros2_sims_ws/install/turtlebot3_msgs/lib:/home/simulations/ros2_sims_ws/install/t3_action_msg/lib:/home/simulations/ros2_sims_ws/install/dynamixel_sdk/lib:/opt/ros/humble/opt/rviz_ogre_vendor/lib:/opt/ros/humble/lib/x86_64-linux-gnu:/opt/ros/humble/lib:/usr/local/cuda-10.2/lib64:/home/user/.catkin_ws_python3/src/TensorRT-7.0.0.11/lib:/usr/lib/x86_64-linux-gnu/gazebo-11/plugins:/usr/lib/x86_64-linux-gnu/gazebo-11/plugins:/usr/lib/x86_64-linux-gnu/gazebo-11/plugins PYTHONPATH=/home/user/ros2_ws/src/build/example36_pkg/prefix_override:/home/user/ros2_ws/src/install/example36_pkg/lib/python3.10/site-packages:/home/user/ros2_ws/src/install/custom_interfaces/local/lib/python3.10/dist-packages:${PYTHONPATH} _=/usr/bin/env /usr/bin/python3 setup.py egg_info --egg-base ../build/example36_pkg build --build-base /home/user/ros2_ws/src/build/example36_pkg/build install --record /home/user/ros2_ws/src/build/example36_pkg/install.log --single-version-externally-managed
[20.500s] DEBUG:colcon.colcon_core.event_handler.log_command:Invoking command in '/home/user/ros2_ws/src/exercise31_pkg': AMENT_PREFIX_PATH=/home/user/ros2_ws/src/install/custom_interfaces:${AMENT_PREFIX_PATH} CMAKE_PREFIX_PATH=/home/user/ros2_ws/src/install/custom_interfaces:${CMAKE_PREFIX_PATH} LD_LIBRARY_PATH=/home/user/ros2_ws/src/install/custom_interfaces/lib:/usr/local/cuda-10.2/lib64:/home/user/.catkin_ws_python3/src/TensorRT-7.0.0.11/lib:/home/simulations/ros2_sims_ws/install/turtlebot3_msgs/lib:/home/simulations/ros2_sims_ws/install/t3_action_msg/lib:/home/simulations/ros2_sims_ws/install/dynamixel_sdk/lib:/opt/ros/humble/opt/rviz_ogre_vendor/lib:/opt/ros/humble/lib/x86_64-linux-gnu:/opt/ros/humble/lib:/usr/local/cuda-10.2/lib64:/home/user/.catkin_ws_python3/src/TensorRT-7.0.0.11/lib:/usr/lib/x86_64-linux-gnu/gazebo-11/plugins:/usr/lib/x86_64-linux-gnu/gazebo-11/plugins:/usr/lib/x86_64-linux-gnu/gazebo-11/plugins PYTHONPATH=/home/user/ros2_ws/src/build/exercise31_pkg/prefix_override:/home/user/ros2_ws/src/install/exercise31_pkg/lib/python3.10/site-packages:/home/user/ros2_ws/src/install/custom_interfaces/local/lib/python3.10/dist-packages:${PYTHONPATH} _=/usr/bin/env /usr/bin/python3 setup.py egg_info --egg-base ../build/exercise31_pkg build --build-base /home/user/ros2_ws/src/build/exercise31_pkg/build install --record /home/user/ros2_ws/src/build/exercise31_pkg/install.log --single-version-externally-managed
[20.999s] DEBUG:colcon.colcon_core.event_handler.log_command:Invoked command in '/home/user/ros2_ws/src/exercise31_pkg' returned '1': AMENT_PREFIX_PATH=/home/user/ros2_ws/src/install/custom_interfaces:${AMENT_PREFIX_PATH} CMAKE_PREFIX_PATH=/home/user/ros2_ws/src/install/custom_interfaces:${CMAKE_PREFIX_PATH} LD_LIBRARY_PATH=/home/user/ros2_ws/src/install/custom_interfaces/lib:/usr/local/cuda-10.2/lib64:/home/user/.catkin_ws_python3/src/TensorRT-7.0.0.11/lib:/home/simulations/ros2_sims_ws/install/turtlebot3_msgs/lib:/home/simulations/ros2_sims_ws/install/t3_action_msg/lib:/home/simulations/ros2_sims_ws/install/dynamixel_sdk/lib:/opt/ros/humble/opt/rviz_ogre_vendor/lib:/opt/ros/humble/lib/x86_64-linux-gnu:/opt/ros/humble/lib:/usr/local/cuda-10.2/lib64:/home/user/.catkin_ws_python3/src/TensorRT-7.0.0.11/lib:/usr/lib/x86_64-linux-gnu/gazebo-11/plugins:/usr/lib/x86_64-linux-gnu/gazebo-11/plugins:/usr/lib/x86_64-linux-gnu/gazebo-11/plugins PYTHONPATH=/home/user/ros2_ws/src/build/exercise31_pkg/prefix_override:/home/user/ros2_ws/src/install/exercise31_pkg/lib/python3.10/site-packages:/home/user/ros2_ws/src/install/custom_interfaces/local/lib/python3.10/dist-packages:${PYTHONPATH} _=/usr/bin/env /usr/bin/python3 setup.py egg_info --egg-base ../build/exercise31_pkg build --build-base /home/user/ros2_ws/src/build/exercise31_pkg/build install --record /home/user/ros2_ws/src/build/exercise31_pkg/install.log --single-version-externally-managed
[21.017s] DEBUG:colcon.colcon_parallel_executor.executor.parallel:closing loop
[21.017s] DEBUG:colcon.colcon_parallel_executor.executor.parallel:loop closed
[21.017s] DEBUG:colcon.colcon_parallel_executor.executor.parallel:run_until_complete finished with '1'
[21.018s] DEBUG:colcon.colcon_core.event_reactor:joining thread
[21.044s] INFO:colcon.colcon_core.plugin_system:Skipping extension 'colcon_notification.desktop_notification.notify_send': Could not find 'notify-send'
[21.045s] INFO:colcon.colcon_core.plugin_system:Skipping extension 'colcon_notification.desktop_notification.terminal_notifier': Not used on non-Darwin systems
[21.045s] INFO:colcon.colcon_core.plugin_system:Skipping extension 'colcon_notification.desktop_notification.win32': Not used on non-Windows systems
[21.045s] INFO:colcon.colcon_notification.desktop_notification:Sending desktop notification using 'notify2'
[21.050s] DEBUG:colcon.colcon_notification.desktop_notification.notify2:Failed to initialize notify2: org.freedesktop.DBus.Error.Spawn.ExecFailed: /usr/bin/dbus-launch terminated abnormally without any error message
[21.051s] DEBUG:colcon.colcon_core.event_reactor:joined thread
[21.054s] INFO:colcon.colcon_core.shell:Creating prefix script '/home/user/ros2_ws/src/install/local_setup.ps1'
[21.057s] INFO:colcon.colcon_core.shell:Creating prefix util module '/home/user/ros2_ws/src/install/_local_setup_util_ps1.py'
[21.060s] INFO:colcon.colcon_core.shell:Creating prefix chain script '/home/user/ros2_ws/src/install/setup.ps1'
[21.064s] INFO:colcon.colcon_core.shell:Creating prefix script '/home/user/ros2_ws/src/install/local_setup.sh'
[21.066s] INFO:colcon.colcon_core.shell:Creating prefix util module '/home/user/ros2_ws/src/install/_local_setup_util_sh.py'
[21.067s] INFO:colcon.colcon_core.shell:Creating prefix chain script '/home/user/ros2_ws/src/install/setup.sh'
[21.071s] INFO:colcon.colcon_core.shell:Creating prefix script '/home/user/ros2_ws/src/install/local_setup.bash'
[21.073s] INFO:colcon.colcon_core.shell:Creating prefix chain script '/home/user/ros2_ws/src/install/setup.bash'
[21.079s] INFO:colcon.colcon_core.shell:Creating prefix script '/home/user/ros2_ws/src/install/local_setup.zsh'
[21.081s] INFO:colcon.colcon_core.shell:Creating prefix chain script '/home/user/ros2_ws/src/install/setup.zsh'
